<?xml version="1.0" encoding="UTF-8"?>
<coverage generated="1765560745450" clover="3.2.0">
  <project timestamp="1765560745450" name="All files">
    <metrics statements="744" coveredstatements="695" conditionals="1385" coveredconditionals="854" methods="234" coveredmethods="196" elements="2363" coveredelements="1745" complexity="0" loc="744" ncloc="744" packages="3" files="10" classes="10"/>
    <package name="components.common.kanban">
      <metrics statements="323" coveredstatements="319" conditionals="498" coveredconditionals="320" methods="107" coveredmethods="98"/>
      <file name="Column.jsx" path="D:\myProject\Team Project\FE-Teammy\src\components\common\kanban\Column.jsx">
        <metrics statements="33" coveredstatements="33" conditionals="32" coveredconditionals="21" methods="14" coveredmethods="14"/>
        <line num="12" count="1" type="stmt"/>
        <line num="22" count="20" type="stmt"/>
        <line num="23" count="20" type="stmt"/>
        <line num="24" count="20" type="stmt"/>
        <line num="25" count="20" type="stmt"/>
        <line num="26" count="20" type="stmt"/>
        <line num="27" count="20" type="stmt"/>
        <line num="28" count="20" type="cond" truecount="1" falsecount="1"/>
        <line num="29" count="20" type="cond" truecount="2" falsecount="0"/>
        <line num="33" count="20" type="stmt"/>
        <line num="34" count="5" type="stmt"/>
        <line num="35" count="1" type="cond" truecount="3" falsecount="1"/>
        <line num="36" count="1" type="stmt"/>
        <line num="39" count="5" type="stmt"/>
        <line num="40" count="5" type="stmt"/>
        <line num="41" count="5" type="stmt"/>
        <line num="45" count="20" type="stmt"/>
        <line num="64" count="6" type="stmt"/>
        <line num="75" count="3" type="stmt"/>
        <line num="76" count="3" type="stmt"/>
        <line num="86" count="1" type="stmt"/>
        <line num="87" count="1" type="cond" truecount="1" falsecount="1"/>
        <line num="96" count="1" type="stmt"/>
        <line num="97" count="1" type="cond" truecount="1" falsecount="1"/>
        <line num="111" count="28" type="stmt"/>
        <line num="115" count="28" type="stmt"/>
        <line num="131" count="1" type="stmt"/>
        <line num="139" count="1" type="cond" truecount="1" falsecount="1"/>
        <line num="140" count="1" type="stmt"/>
        <line num="144" count="1" type="stmt"/>
        <line num="145" count="1" type="stmt"/>
        <line num="153" count="1" type="stmt"/>
        <line num="154" count="1" type="stmt"/>
      </file>
      <file name="TaskCard.jsx" path="D:\myProject\Team Project\FE-Teammy\src\components\common\kanban\TaskCard.jsx">
        <metrics statements="40" coveredstatements="39" conditionals="61" coveredconditionals="34" methods="11" coveredmethods="11"/>
        <line num="11" count="1" type="stmt"/>
        <line num="12" count="10" type="cond" truecount="1" falsecount="1"/>
        <line num="13" count="10" type="cond" truecount="1" falsecount="1"/>
        <line num="14" count="10" type="cond" truecount="1" falsecount="3"/>
        <line num="17" count="1" type="stmt"/>
        <line num="18" count="10" type="cond" truecount="1" falsecount="1"/>
        <line num="19" count="10" type="cond" truecount="1" falsecount="1"/>
        <line num="20" count="10" type="stmt"/>
        <line num="30" count="1" type="stmt"/>
        <line num="31" count="8" type="cond" truecount="1" falsecount="1"/>
        <line num="32" count="8" type="stmt"/>
        <line num="34" count="8" type="stmt"/>
        <line num="38" count="1" type="cond" truecount="0" falsecount="1"/>
        <line num="46" count="8" type="stmt"/>
        <line num="48" count="8" type="stmt"/>
        <line num="54" count="8" type="cond" truecount="1" falsecount="1"/>
        <line num="57" count="8" type="stmt"/>
        <line num="58" count="8" type="stmt"/>
        <line num="61" count="8" type="cond" truecount="2" falsecount="0"/>
        <line num="62" count="1" type="stmt"/>
        <line num="66" count="17" type="cond" truecount="2" falsecount="2"/>
        <line num="67" count="7" type="cond" truecount="1" falsecount="1"/>
        <line num="68" count="7" type="stmt"/>
        <line num="70" count="7" type="cond" truecount="4" falsecount="0"/>
        <line num="71" count="5" type="stmt"/>
        <line num="75" count="8" type="stmt"/>
        <line num="76" count="5" type="stmt"/>
        <line num="78" count="2" type="cond" truecount="1" falsecount="1"/>
        <line num="79" count="0" type="stmt"/>
        <line num="80" count="2" type="cond" truecount="2" falsecount="0"/>
        <line num="81" count="1" type="stmt"/>
        <line num="83" count="1" type="stmt"/>
        <line num="86" count="8" type="stmt"/>
        <line num="88" count="8" type="cond" truecount="2" falsecount="0"/>
        <line num="91" count="8" type="cond" truecount="2" falsecount="0"/>
        <line num="93" count="8" type="stmt"/>
        <line num="100" count="1" type="stmt"/>
        <line num="129" count="10" type="cond" truecount="1" falsecount="1"/>
        <line num="130" count="10" type="cond" truecount="1" falsecount="1"/>
        <line num="131" count="10" type="stmt"/>
      </file>
      <file name="TaskModal.jsx" path="D:\myProject\Team Project\FE-Teammy\src\components\common\kanban\TaskModal.jsx">
        <metrics statements="250" coveredstatements="247" conditionals="405" coveredconditionals="265" methods="82" coveredmethods="73"/>
        <line num="9" count="1" type="stmt"/>
        <line num="10" count="123" type="cond" truecount="2" falsecount="0"/>
        <line num="11" count="26" type="cond" truecount="1" falsecount="1"/>
        <line num="12" count="26" type="stmt"/>
        <line num="21" count="1" type="stmt"/>
        <line num="22" count="117" type="cond" truecount="2" falsecount="0"/>
        <line num="23" count="20" type="cond" truecount="1" falsecount="1"/>
        <line num="24" count="20" type="stmt"/>
        <line num="34" count="1" type="stmt"/>
        <line num="35" count="210" type="cond" truecount="1" falsecount="1"/>
        <line num="36" count="210" type="stmt"/>
        <line num="38" count="315" type="stmt"/>
        <line num="42" count="1" type="cond" truecount="0" falsecount="1"/>
        <line num="43" count="52" type="stmt"/>
        <line num="45" count="1" type="stmt"/>
        <line num="61" count="106" type="stmt"/>
        <line num="62" count="106" type="stmt"/>
        <line num="63" count="106" type="stmt"/>
        <line num="64" count="106" type="stmt"/>
        <line num="71" count="106" type="stmt"/>
        <line num="72" count="106" type="stmt"/>
        <line num="73" count="106" type="stmt"/>
        <line num="74" count="106" type="stmt"/>
        <line num="75" count="106" type="stmt"/>
        <line num="76" count="106" type="stmt"/>
        <line num="77" count="106" type="stmt"/>
        <line num="78" count="106" type="stmt"/>
        <line num="79" count="106" type="stmt"/>
        <line num="80" count="106" type="stmt"/>
        <line num="81" count="106" type="stmt"/>
        <line num="82" count="26" type="stmt"/>
        <line num="83" count="26" type="cond" truecount="1" falsecount="1"/>
        <line num="84" count="26" type="cond" truecount="1" falsecount="1"/>
        <line num="85" count="26" type="stmt"/>
        <line num="87" count="26" type="cond" truecount="1" falsecount="1"/>
        <line num="90" count="106" type="stmt"/>
        <line num="91" count="27" type="cond" truecount="2" falsecount="0"/>
        <line num="92" count="26" type="stmt"/>
        <line num="93" count="26" type="cond" truecount="2" falsecount="0"/>
        <line num="94" count="1" type="stmt"/>
        <line num="95" count="1" type="cond" truecount="1" falsecount="1"/>
        <line num="98" count="26" type="cond" truecount="3" falsecount="1"/>
        <line num="99" count="26" type="cond" truecount="2" falsecount="2"/>
        <line num="101" count="26" type="stmt"/>
        <line num="108" count="26" type="cond" truecount="1" falsecount="1"/>
        <line num="109" count="26" type="stmt"/>
        <line num="110" count="26" type="stmt"/>
        <line num="111" count="26" type="stmt"/>
        <line num="115" count="106" type="stmt"/>
        <line num="116" count="27" type="stmt"/>
        <line num="119" count="106" type="stmt"/>
        <line num="120" count="27" type="cond" truecount="4" falsecount="0"/>
        <line num="121" count="25" type="stmt"/>
        <line num="125" count="106" type="stmt"/>
        <line num="126" count="27" type="cond" truecount="4" falsecount="0"/>
        <line num="127" count="26" type="stmt"/>
        <line num="128" count="26" type="stmt"/>
        <line num="129" count="26" type="stmt"/>
        <line num="130" count="26" type="stmt"/>
        <line num="131" count="26" type="stmt"/>
        <line num="133" count="26" type="cond" truecount="1" falsecount="1"/>
        <line num="134" count="26" type="stmt"/>
        <line num="138" count="26" type="stmt"/>
        <line num="139" count="26" type="stmt"/>
        <line num="140" count="26" type="stmt"/>
        <line num="144" count="106" type="stmt"/>
        <line num="145" count="27" type="stmt"/>
        <line num="146" count="1" type="cond" truecount="1" falsecount="1"/>
        <line num="147" count="1" type="cond" truecount="1" falsecount="1"/>
        <line num="148" count="1" type="stmt"/>
        <line num="151" count="27" type="stmt"/>
        <line num="152" count="27" type="stmt"/>
        <line num="153" count="27" type="stmt"/>
        <line num="157" count="106" type="stmt"/>
        <line num="158" count="27" type="stmt"/>
        <line num="160" count="27" type="cond" truecount="2" falsecount="0"/>
        <line num="161" count="1" type="cond" truecount="1" falsecount="1"/>
        <line num="162" count="1" type="stmt"/>
        <line num="172" count="1" type="cond" truecount="1" falsecount="1"/>
        <line num="173" count="1" type="stmt"/>
        <line num="184" count="27" type="stmt"/>
        <line num="187" count="106" type="cond" truecount="2" falsecount="0"/>
        <line num="189" count="105" type="cond" truecount="1" falsecount="1"/>
        <line num="190" count="105" type="cond" truecount="2" falsecount="0"/>
        <line num="191" count="105" type="cond" truecount="1" falsecount="1"/>
        <line num="192" count="105" type="stmt"/>
        <line num="193" count="2" type="cond" truecount="1" falsecount="1"/>
        <line num="194" count="2" type="cond" truecount="2" falsecount="0"/>
        <line num="195" count="1" type="cond" truecount="1" falsecount="1"/>
        <line num="197" count="105" type="cond" truecount="2" falsecount="0"/>
        <line num="198" count="105" type="stmt"/>
        <line num="199" count="105" type="cond" truecount="2" falsecount="1"/>
        <line num="200" count="105" type="cond" truecount="1" falsecount="1"/>
        <line num="202" count="105" type="cond" truecount="2" falsecount="0"/>
        <line num="204" count="105" type="stmt"/>
        <line num="205" count="1" type="stmt"/>
        <line num="206" count="1" type="cond" truecount="1" falsecount="1"/>
        <line num="207" count="1" type="stmt"/>
        <line num="208" count="1" type="stmt"/>
        <line num="210" count="105" type="stmt"/>
        <line num="211" count="3" type="stmt"/>
        <line num="212" count="3" type="cond" truecount="1" falsecount="1"/>
        <line num="214" count="105" type="stmt"/>
        <line num="215" count="1" type="stmt"/>
        <line num="216" count="1" type="stmt"/>
        <line num="218" count="105" type="stmt"/>
        <line num="219" count="2" type="stmt"/>
        <line num="220" count="2" type="cond" truecount="3" falsecount="1"/>
        <line num="221" count="2" type="stmt"/>
        <line num="222" count="2" type="stmt"/>
        <line num="223" count="2" type="stmt"/>
        <line num="225" count="105" type="stmt"/>
        <line num="226" count="4" type="cond" truecount="1" falsecount="1"/>
        <line num="227" count="4" type="cond" truecount="3" falsecount="1"/>
        <line num="228" count="3" type="stmt"/>
        <line num="229" count="3" type="cond" truecount="2" falsecount="0"/>
        <line num="230" count="1" type="stmt"/>
        <line num="234" count="105" type="stmt"/>
        <line num="235" count="26" type="cond" truecount="3" falsecount="1"/>
        <line num="236" count="26" type="stmt"/>
        <line num="237" count="26" type="stmt"/>
        <line num="238" count="26" type="stmt"/>
        <line num="239" count="25" type="cond" truecount="1" falsecount="1"/>
        <line num="242" count="25" type="stmt"/>
        <line num="251" count="25" type="stmt"/>
        <line num="254" count="1" type="stmt"/>
        <line num="256" count="26" type="stmt"/>
        <line num="259" count="105" type="stmt"/>
        <line num="260" count="1" type="cond" truecount="1" falsecount="1"/>
        <line num="261" count="1" type="stmt"/>
        <line num="264" count="105" type="stmt"/>
        <line num="265" count="2" type="cond" truecount="1" falsecount="1"/>
        <line num="266" count="2" type="cond" truecount="4" falsecount="1"/>
        <line num="268" count="2" type="stmt"/>
        <line num="269" count="2" type="stmt"/>
        <line num="272" count="2" type="stmt"/>
        <line num="273" count="2" type="stmt"/>
        <line num="274" count="2" type="stmt"/>
        <line num="275" count="2" type="stmt"/>
        <line num="277" count="2" type="stmt"/>
        <line num="279" count="1" type="cond" truecount="1" falsecount="1"/>
        <line num="280" count="1" type="stmt"/>
        <line num="292" count="2" type="stmt"/>
        <line num="294" count="1" type="stmt"/>
        <line num="300" count="1" type="stmt"/>
        <line num="303" count="1" type="stmt"/>
        <line num="309" count="2" type="stmt"/>
        <line num="310" count="2" type="cond" truecount="1" falsecount="1"/>
        <line num="311" count="2" type="stmt"/>
        <line num="316" count="105" type="stmt"/>
        <line num="317" count="3" type="cond" truecount="2" falsecount="2"/>
        <line num="319" count="3" type="stmt"/>
        <line num="320" count="3" type="stmt"/>
        <line num="322" count="3" type="cond" truecount="5" falsecount="1"/>
        <line num="323" count="3" type="stmt"/>
        <line num="324" count="2" type="stmt"/>
        <line num="330" count="2" type="stmt"/>
        <line num="333" count="1" type="stmt"/>
        <line num="338" count="1" type="stmt"/>
        <line num="342" count="105" type="stmt"/>
        <line num="343" count="13" type="cond" truecount="1" falsecount="1"/>
        <line num="344" count="13" type="cond" truecount="1" falsecount="1"/>
        <line num="345" count="13" type="stmt"/>
        <line num="347" count="13" type="cond" truecount="2" falsecount="0"/>
        <line num="348" count="2" type="stmt"/>
        <line num="349" count="11" type="cond" truecount="2" falsecount="0"/>
        <line num="350" count="2" type="stmt"/>
        <line num="351" count="9" type="cond" truecount="2" falsecount="0"/>
        <line num="352" count="5" type="stmt"/>
        <line num="353" count="4" type="cond" truecount="2" falsecount="0"/>
        <line num="354" count="2" type="stmt"/>
        <line num="356" count="2" type="stmt"/>
        <line num="359" count="105" type="stmt"/>
        <line num="360" count="13" type="cond" truecount="3" falsecount="1"/>
        <line num="361" count="13" type="stmt"/>
        <line num="362" count="13" type="stmt"/>
        <line num="363" count="13" type="stmt"/>
        <line num="364" count="13" type="stmt"/>
        <line num="366" count="105" type="stmt"/>
        <line num="367" count="4" type="cond" truecount="1" falsecount="1"/>
        <line num="368" count="4" type="stmt"/>
        <line num="369" count="4" type="cond" truecount="2" falsecount="0"/>
        <line num="370" count="2" type="stmt"/>
        <line num="372" count="105" type="cond" truecount="1" falsecount="0"/>
        <line num="374" count="117" type="cond" truecount="1" falsecount="4"/>
        <line num="379" count="117" type="cond" truecount="2" falsecount="0"/>
        <line num="380" count="3" type="stmt"/>
        <line num="388" count="114" type="stmt"/>
        <line num="396" count="105" type="stmt"/>
        <line num="397" count="20" type="cond" truecount="4" falsecount="0"/>
        <line num="400" count="20" type="stmt"/>
        <line num="401" count="6" type="cond" truecount="3" falsecount="0"/>
        <line num="406" count="20" type="cond" truecount="4" falsecount="0"/>
        <line num="407" count="20" type="cond" truecount="3" falsecount="2"/>
        <line num="409" count="20" type="cond" truecount="2" falsecount="0"/>
        <line num="410" count="4" type="stmt"/>
        <line num="418" count="16" type="stmt"/>
        <line num="425" count="105" type="stmt"/>
        <line num="447" count="1" type="cond" truecount="2" falsecount="2"/>
        <line num="448" count="1" type="stmt"/>
        <line num="449" count="1" type="stmt"/>
        <line num="473" count="1" type="stmt"/>
        <line num="475" count="2" type="stmt"/>
        <line num="488" count="0" type="stmt"/>
        <line num="514" count="13" type="stmt"/>
        <line num="536" count="3" type="stmt"/>
        <line num="559" count="11" type="cond" truecount="1" falsecount="2"/>
        <line num="560" count="11" type="cond" truecount="1" falsecount="1"/>
        <line num="561" count="11" type="stmt"/>
        <line num="566" count="1" type="stmt"/>
        <line num="567" count="1" type="stmt"/>
        <line num="589" count="20" type="stmt"/>
        <line num="597" count="0" type="stmt"/>
        <line num="612" count="0" type="stmt"/>
        <line num="621" count="20" type="cond" truecount="4" falsecount="0"/>
        <line num="622" count="20" type="stmt"/>
        <line num="623" count="6" type="cond" truecount="3" falsecount="0"/>
        <line num="627" count="20" type="cond" truecount="3" falsecount="2"/>
        <line num="637" count="3" type="stmt"/>
        <line num="644" count="4" type="stmt"/>
        <line num="654" count="2" type="stmt"/>
        <line num="693" count="1" type="stmt"/>
        <line num="719" count="3" type="stmt"/>
        <line num="737" count="1" type="stmt"/>
        <line num="738" count="1" type="stmt"/>
        <line num="739" count="1" type="stmt"/>
        <line num="749" count="1" type="stmt"/>
        <line num="750" count="1" type="cond" truecount="1" falsecount="1"/>
        <line num="751" count="1" type="stmt"/>
        <line num="756" count="1" type="cond" truecount="1" falsecount="1"/>
        <line num="757" count="1" type="stmt"/>
        <line num="761" count="1" type="cond" truecount="1" falsecount="1"/>
        <line num="762" count="1" type="stmt"/>
        <line num="783" count="2" type="stmt"/>
        <line num="784" count="2" type="stmt"/>
        <line num="787" count="2" type="stmt"/>
        <line num="788" count="2" type="cond" truecount="1" falsecount="1"/>
        <line num="789" count="2" type="cond" truecount="5" falsecount="1"/>
        <line num="790" count="2" type="stmt"/>
        <line num="804" count="1" type="stmt"/>
        <line num="805" count="1" type="stmt"/>
        <line num="806" count="1" type="cond" truecount="1" falsecount="1"/>
        <line num="807" count="1" type="stmt"/>
        <line num="809" count="1" type="stmt"/>
        <line num="816" count="210" type="stmt"/>
        <line num="828" count="1" type="stmt"/>
        <line num="829" count="1" type="stmt"/>
        <line num="830" count="1" type="cond" truecount="1" falsecount="1"/>
        <line num="831" count="1" type="stmt"/>
        <line num="833" count="1" type="stmt"/>
      </file>
    </package>
    <package name="components.common.workspace">
      <metrics statements="337" coveredstatements="298" conditionals="693" coveredconditionals="389" methods="107" coveredmethods="78"/>
      <file name="BacklogTab.jsx" path="D:\myProject\Team Project\FE-Teammy\src\components\common\workspace\BacklogTab.jsx">
        <metrics statements="159" coveredstatements="135" conditionals="303" coveredconditionals="153" methods="53" coveredmethods="36"/>
        <line num="16" count="1" type="stmt"/>
        <line num="27" count="1" type="stmt"/>
        <line num="33" count="1" type="stmt"/>
        <line num="39" count="1" type="stmt"/>
        <line num="45" count="1" type="cond" truecount="0" falsecount="1"/>
        <line num="46" count="34" type="stmt"/>
        <line num="48" count="1" type="stmt"/>
        <line num="49" count="21" type="cond" truecount="1" falsecount="1"/>
        <line num="50" count="21" type="stmt"/>
        <line num="51" count="21" type="cond" truecount="1" falsecount="1"/>
        <line num="54" count="1" type="stmt"/>
        <line num="55" count="24" type="cond" truecount="1" falsecount="4"/>
        <line num="64" count="47" type="stmt"/>
        <line num="65" count="47" type="stmt"/>
        <line num="66" count="47" type="stmt"/>
        <line num="67" count="47" type="stmt"/>
        <line num="68" count="47" type="stmt"/>
        <line num="69" count="47" type="stmt"/>
        <line num="70" count="47" type="stmt"/>
        <line num="72" count="47" type="stmt"/>
        <line num="73" count="12" type="stmt"/>
        <line num="74" count="12" type="cond" truecount="1" falsecount="1"/>
        <line num="76" count="10" type="cond" truecount="1" falsecount="5"/>
        <line num="77" count="10" type="cond" truecount="1" falsecount="1"/>
        <line num="79" count="12" type="stmt"/>
        <line num="82" count="47" type="stmt"/>
        <line num="84" count="24" type="cond" truecount="1" falsecount="1"/>
        <line num="91" count="47" type="stmt"/>
        <line num="92" count="12" type="cond" truecount="1" falsecount="1"/>
        <line num="93" count="12" type="stmt"/>
        <line num="94" count="12" type="cond" truecount="1" falsecount="1"/>
        <line num="95" count="12" type="cond" truecount="2" falsecount="0"/>
        <line num="97" count="12" type="cond" truecount="1" falsecount="1"/>
        <line num="100" count="47" type="stmt"/>
        <line num="101" count="12" type="cond" truecount="3" falsecount="1"/>
        <line num="102" count="12" type="stmt"/>
        <line num="103" count="12" type="stmt"/>
        <line num="106" count="47" type="stmt"/>
        <line num="107" count="16" type="cond" truecount="1" falsecount="1"/>
        <line num="108" count="16" type="stmt"/>
        <line num="109" count="16" type="stmt"/>
        <line num="110" count="16" type="stmt"/>
        <line num="111" count="15" type="cond" truecount="2" falsecount="0"/>
        <line num="112" count="15" type="stmt"/>
        <line num="113" count="15" type="cond" truecount="2" falsecount="0"/>
        <line num="114" count="1" type="cond" truecount="1" falsecount="1"/>
        <line num="115" count="1" type="cond" truecount="1" falsecount="1"/>
        <line num="116" count="0" type="cond" truecount="0" falsecount="2"/>
        <line num="117" count="15" type="stmt"/>
        <line num="120" count="1" type="stmt"/>
        <line num="126" count="16" type="stmt"/>
        <line num="130" count="47" type="stmt"/>
        <line num="131" count="5" type="stmt"/>
        <line num="132" count="5" type="stmt"/>
        <line num="135" count="47" type="stmt"/>
        <line num="136" count="3" type="cond" truecount="1" falsecount="1"/>
        <line num="137" count="3" type="stmt"/>
        <line num="138" count="3" type="stmt"/>
        <line num="141" count="47" type="stmt"/>
        <line num="142" count="1" type="cond" truecount="1" falsecount="1"/>
        <line num="143" count="1" type="stmt"/>
        <line num="144" count="1" type="stmt"/>
        <line num="154" count="1" type="stmt"/>
        <line num="157" count="47" type="stmt"/>
        <line num="158" count="0" type="cond" truecount="0" falsecount="2"/>
        <line num="159" count="0" type="stmt"/>
        <line num="160" count="0" type="stmt"/>
        <line num="169" count="47" type="stmt"/>
        <line num="170" count="4" type="cond" truecount="1" falsecount="1"/>
        <line num="171" count="4" type="cond" truecount="2" falsecount="0"/>
        <line num="172" count="4" type="cond" truecount="2" falsecount="0"/>
        <line num="173" count="1" type="stmt"/>
        <line num="177" count="1" type="stmt"/>
        <line num="180" count="3" type="stmt"/>
        <line num="190" count="3" type="cond" truecount="3" falsecount="1"/>
        <line num="192" count="3" type="stmt"/>
        <line num="193" count="3" type="cond" truecount="2" falsecount="0"/>
        <line num="194" count="1" type="stmt"/>
        <line num="195" count="1" type="stmt"/>
        <line num="199" count="2" type="stmt"/>
        <line num="200" count="1" type="stmt"/>
        <line num="204" count="2" type="stmt"/>
        <line num="205" count="2" type="stmt"/>
        <line num="206" count="2" type="stmt"/>
        <line num="209" count="1" type="stmt"/>
        <line num="217" count="47" type="stmt"/>
        <line num="218" count="1" type="cond" truecount="1" falsecount="1"/>
        <line num="219" count="1" type="stmt"/>
        <line num="220" count="1" type="cond" truecount="1" falsecount="1"/>
        <line num="221" count="1" type="stmt"/>
        <line num="226" count="1" type="stmt"/>
        <line num="230" count="47" type="stmt"/>
        <line num="231" count="1" type="cond" truecount="3" falsecount="1"/>
        <line num="232" count="1" type="stmt"/>
        <line num="233" count="1" type="stmt"/>
        <line num="234" count="1" type="stmt"/>
        <line num="237" count="1" type="stmt"/>
        <line num="240" count="0" type="stmt"/>
        <line num="248" count="47" type="stmt"/>
        <line num="249" count="1" type="cond" truecount="1" falsecount="1"/>
        <line num="250" count="1" type="cond" truecount="3" falsecount="1"/>
        <line num="251" count="1" type="stmt"/>
        <line num="252" count="1" type="cond" truecount="1" falsecount="1"/>
        <line num="253" count="1" type="stmt"/>
        <line num="258" count="1" type="stmt"/>
        <line num="259" count="1" type="stmt"/>
        <line num="260" count="1" type="stmt"/>
        <line num="265" count="1" type="stmt"/>
        <line num="266" count="1" type="cond" truecount="1" falsecount="1"/>
        <line num="267" count="1" type="stmt"/>
        <line num="271" count="0" type="stmt"/>
        <line num="279" count="47" type="stmt"/>
        <line num="280" count="21" type="stmt"/>
        <line num="281" count="21" type="cond" truecount="1" falsecount="1"/>
        <line num="282" count="0" type="cond" truecount="0" falsecount="2"/>
        <line num="283" count="0" type="stmt"/>
        <line num="286" count="47" type="stmt"/>
        <line num="288" count="21" type="stmt"/>
        <line num="289" count="21" type="cond" truecount="2" falsecount="0"/>
        <line num="292" count="21" type="cond" truecount="2" falsecount="0"/>
        <line num="293" count="1" type="stmt"/>
        <line num="297" count="20" type="cond" truecount="2" falsecount="2"/>
        <line num="298" count="0" type="cond" truecount="0" falsecount="4"/>
        <line num="299" count="0" type="stmt"/>
        <line num="300" count="0" type="stmt"/>
        <line num="302" count="0" type="cond" truecount="0" falsecount="2"/>
        <line num="303" count="0" type="stmt"/>
        <line num="304" count="0" type="cond" truecount="0" falsecount="2"/>
        <line num="305" count="0" type="stmt"/>
        <line num="307" count="0" type="stmt"/>
        <line num="312" count="20" type="stmt"/>
        <line num="315" count="47" type="stmt"/>
        <line num="317" count="22" type="cond" truecount="1" falsecount="1"/>
        <line num="318" count="9" type="cond" truecount="1" falsecount="1"/>
        <line num="325" count="47" type="cond" truecount="1" falsecount="1"/>
        <line num="327" count="47" type="stmt"/>
        <line num="328" count="21" type="stmt"/>
        <line num="329" count="21" type="cond" truecount="1" falsecount="1"/>
        <line num="331" count="21" type="cond" truecount="1" falsecount="4"/>
        <line num="332" count="21" type="stmt"/>
        <line num="335" count="21" type="stmt"/>
        <line num="339" count="21" type="stmt"/>
        <line num="349" count="47" type="stmt"/>
        <line num="380" count="21" type="cond" truecount="1" falsecount="1"/>
        <line num="381" count="21" type="stmt"/>
        <line num="404" count="1" type="stmt"/>
        <line num="410" count="1" type="stmt"/>
        <line num="461" count="1" type="stmt"/>
        <line num="492" count="0" type="stmt"/>
        <line num="493" count="0" type="stmt"/>
        <line num="507" count="3" type="stmt"/>
        <line num="517" count="1" type="stmt"/>
        <line num="528" count="0" type="stmt"/>
        <line num="542" count="0" type="cond" truecount="0" falsecount="2"/>
        <line num="553" count="0" type="stmt"/>
        <line num="564" count="0" type="stmt"/>
        <line num="565" count="42" type="cond" truecount="1" falsecount="1"/>
        <line num="585" count="0" type="stmt"/>
        <line num="599" count="0" type="stmt"/>
      </file>
      <file name="KanbanTab.jsx" path="D:\myProject\Team Project\FE-Teammy\src\components\common\workspace\KanbanTab.jsx">
        <metrics statements="14" coveredstatements="13" conditionals="52" coveredconditionals="42" methods="7" coveredmethods="6"/>
        <line num="31" count="5" type="stmt"/>
        <line num="37" count="5" type="cond" truecount="2" falsecount="0"/>
        <line num="38" count="1" type="stmt"/>
        <line num="45" count="4" type="cond" truecount="2" falsecount="0"/>
        <line num="46" count="1" type="stmt"/>
        <line num="53" count="3" type="stmt"/>
        <line num="64" count="2" type="cond" truecount="2" falsecount="2"/>
        <line num="66" count="4" type="stmt"/>
        <line num="70" count="4" type="cond" truecount="1" falsecount="1"/>
        <line num="72" count="4" type="stmt"/>
        <line num="83" count="1" type="stmt"/>
        <line num="96" count="1" type="stmt"/>
        <line num="102" count="1" type="stmt"/>
        <line num="109" count="0" type="stmt"/>
      </file>
      <file name="ListView.jsx" path="D:\myProject\Team Project\FE-Teammy\src\components\common\workspace\ListView.jsx">
        <metrics statements="23" coveredstatements="22" conditionals="64" coveredconditionals="40" methods="8" coveredmethods="8"/>
        <line num="3" count="1" type="cond" truecount="0" falsecount="1"/>
        <line num="4" count="2" type="stmt"/>
        <line num="6" count="4" type="stmt"/>
        <line num="9" count="1" type="stmt"/>
        <line num="11" count="1" type="stmt"/>
        <line num="17" count="1" type="stmt"/>
        <line num="18" count="4" type="cond" truecount="2" falsecount="0"/>
        <line num="19" count="2" type="stmt"/>
        <line num="20" count="2" type="cond" truecount="1" falsecount="1"/>
        <line num="21" count="2" type="stmt"/>
        <line num="24" count="1" type="cond" truecount="0" falsecount="1"/>
        <line num="25" count="2" type="stmt"/>
        <line num="26" count="2" type="cond" truecount="1" falsecount="1"/>
        <line num="27" count="2" type="cond" truecount="1" falsecount="1"/>
        <line num="28" count="0" type="stmt"/>
        <line num="38" count="3" type="cond" truecount="2" falsecount="0"/>
        <line num="40" count="3" type="stmt"/>
        <line num="75" count="4" type="cond" truecount="2" falsecount="0"/>
        <line num="77" count="4" type="cond" truecount="2" falsecount="1"/>
        <line num="80" count="4" type="cond" truecount="2" falsecount="0"/>
        <line num="82" count="4" type="stmt"/>
        <line num="85" count="1" type="cond" truecount="2" falsecount="0"/>
        <line num="118" count="2" type="stmt"/>
      </file>
      <file name="MilestonesTab.jsx" path="D:\myProject\Team Project\FE-Teammy\src\components\common\workspace\MilestonesTab.jsx">
        <metrics statements="141" coveredstatements="128" conditionals="274" coveredconditionals="154" methods="39" coveredmethods="28"/>
        <line num="29" count="1" type="stmt"/>
        <line num="36" count="1" type="stmt"/>
        <line num="37" count="26" type="cond" truecount="1" falsecount="1"/>
        <line num="38" count="26" type="stmt"/>
        <line num="39" count="26" type="cond" truecount="1" falsecount="1"/>
        <line num="43" count="48" type="stmt"/>
        <line num="44" count="48" type="stmt"/>
        <line num="45" count="48" type="stmt"/>
        <line num="46" count="48" type="stmt"/>
        <line num="47" count="48" type="stmt"/>
        <line num="48" count="48" type="stmt"/>
        <line num="49" count="48" type="stmt"/>
        <line num="50" count="48" type="stmt"/>
        <line num="57" count="48" type="stmt"/>
        <line num="58" count="48" type="stmt"/>
        <line num="59" count="48" type="stmt"/>
        <line num="61" count="48" type="stmt"/>
        <line num="62" count="16" type="cond" truecount="1" falsecount="1"/>
        <line num="63" count="16" type="stmt"/>
        <line num="64" count="16" type="stmt"/>
        <line num="65" count="16" type="stmt"/>
        <line num="66" count="16" type="cond" truecount="1" falsecount="1"/>
        <line num="67" count="16" type="cond" truecount="1" falsecount="1"/>
        <line num="72" count="16" type="stmt"/>
        <line num="75" count="0" type="stmt"/>
        <line num="80" count="16" type="stmt"/>
        <line num="84" count="48" type="stmt"/>
        <line num="85" count="12" type="cond" truecount="1" falsecount="1"/>
        <line num="86" count="12" type="stmt"/>
        <line num="87" count="12" type="stmt"/>
        <line num="88" count="12" type="cond" truecount="1" falsecount="1"/>
        <line num="89" count="12" type="cond" truecount="1" falsecount="1"/>
        <line num="94" count="12" type="stmt"/>
        <line num="95" count="12" type="cond" truecount="1" falsecount="1"/>
        <line num="96" count="12" type="stmt"/>
        <line num="100" count="12" type="stmt"/>
        <line num="106" count="48" type="stmt"/>
        <line num="107" count="11" type="cond" truecount="3" falsecount="1"/>
        <line num="108" count="11" type="stmt"/>
        <line num="109" count="11" type="stmt"/>
        <line num="110" count="11" type="stmt"/>
        <line num="113" count="48" type="stmt"/>
        <line num="114" count="5" type="stmt"/>
        <line num="121" count="5" type="stmt"/>
        <line num="124" count="48" type="stmt"/>
        <line num="125" count="3" type="cond" truecount="1" falsecount="1"/>
        <line num="126" count="3" type="stmt"/>
        <line num="127" count="3" type="stmt"/>
        <line num="130" count="48" type="stmt"/>
        <line num="131" count="1" type="cond" truecount="1" falsecount="1"/>
        <line num="132" count="1" type="stmt"/>
        <line num="133" count="1" type="stmt"/>
        <line num="140" count="1" type="stmt"/>
        <line num="143" count="48" type="stmt"/>
        <line num="144" count="4" type="cond" truecount="3" falsecount="1"/>
        <line num="145" count="4" type="cond" truecount="2" falsecount="0"/>
        <line num="146" count="1" type="stmt"/>
        <line num="150" count="1" type="stmt"/>
        <line num="152" count="3" type="stmt"/>
        <line num="157" count="3" type="cond" truecount="2" falsecount="0"/>
        <line num="158" count="1" type="cond" truecount="1" falsecount="1"/>
        <line num="159" count="1" type="cond" truecount="1" falsecount="1"/>
        <line num="161" count="3" type="stmt"/>
        <line num="162" count="3" type="cond" truecount="2" falsecount="0"/>
        <line num="163" count="1" type="cond" truecount="2" falsecount="0"/>
        <line num="164" count="1" type="stmt"/>
        <line num="165" count="1" type="cond" truecount="1" falsecount="1"/>
        <line num="167" count="2" type="stmt"/>
        <line num="168" count="1" type="cond" truecount="1" falsecount="1"/>
        <line num="170" count="2" type="stmt"/>
        <line num="171" count="2" type="stmt"/>
        <line num="172" count="2" type="stmt"/>
        <line num="175" count="1" type="stmt"/>
        <line num="182" count="48" type="stmt"/>
        <line num="183" count="2" type="cond" truecount="1" falsecount="1"/>
        <line num="184" count="2" type="cond" truecount="2" falsecount="0"/>
        <line num="185" count="2" type="cond" truecount="1" falsecount="1"/>
        <line num="186" count="2" type="stmt"/>
        <line num="192" count="2" type="stmt"/>
        <line num="193" count="2" type="stmt"/>
        <line num="194" count="1" type="cond" truecount="1" falsecount="1"/>
        <line num="195" count="1" type="stmt"/>
        <line num="198" count="1" type="stmt"/>
        <line num="207" count="48" type="stmt"/>
        <line num="208" count="2" type="cond" truecount="1" falsecount="1"/>
        <line num="209" count="2" type="cond" truecount="2" falsecount="0"/>
        <line num="210" count="2" type="stmt"/>
        <line num="211" count="2" type="stmt"/>
        <line num="214" count="48" type="stmt"/>
        <line num="215" count="2" type="cond" truecount="6" falsecount="0"/>
        <line num="216" count="1" type="stmt"/>
        <line num="220" count="1" type="stmt"/>
        <line num="222" count="1" type="stmt"/>
        <line num="223" count="1" type="stmt"/>
        <line num="224" count="1" type="cond" truecount="1" falsecount="1"/>
        <line num="225" count="1" type="stmt"/>
        <line num="226" count="1" type="stmt"/>
        <line num="227" count="1" type="stmt"/>
        <line num="230" count="0" type="stmt"/>
        <line num="237" count="48" type="stmt"/>
        <line num="238" count="1" type="cond" truecount="1" falsecount="1"/>
        <line num="239" count="1" type="cond" truecount="4" falsecount="1"/>
        <line num="240" count="1" type="stmt"/>
        <line num="246" count="1" type="stmt"/>
        <line num="247" count="1" type="stmt"/>
        <line num="248" count="1" type="cond" truecount="1" falsecount="1"/>
        <line num="249" count="1" type="stmt"/>
        <line num="250" count="1" type="stmt"/>
        <line num="253" count="0" type="stmt"/>
        <line num="262" count="48" type="stmt"/>
        <line num="263" count="0" type="cond" truecount="0" falsecount="2"/>
        <line num="264" count="0" type="cond" truecount="0" falsecount="2"/>
        <line num="265" count="0" type="cond" truecount="0" falsecount="2"/>
        <line num="268" count="48" type="cond" truecount="1" falsecount="1"/>
        <line num="270" count="48" type="stmt"/>
        <line num="271" count="26" type="cond" truecount="1" falsecount="1"/>
        <line num="272" count="26" type="cond" truecount="1" falsecount="1"/>
        <line num="275" count="48" type="stmt"/>
        <line num="276" count="26" type="cond" truecount="1" falsecount="1"/>
        <line num="278" count="26" type="cond" truecount="3" falsecount="1"/>
        <line num="283" count="26" type="stmt"/>
        <line num="290" count="48" type="stmt"/>
        <line num="316" count="26" type="cond" truecount="2" falsecount="0"/>
        <line num="317" count="26" type="cond" truecount="1" falsecount="1"/>
        <line num="318" count="26" type="stmt"/>
        <line num="323" count="26" type="stmt"/>
        <line num="360" count="26" type="stmt"/>
        <line num="361" count="26" type="cond" truecount="2" falsecount="1"/>
        <line num="362" count="26" type="stmt"/>
        <line num="379" count="1" type="stmt"/>
        <line num="402" count="2" type="stmt"/>
        <line num="411" count="1" type="stmt"/>
        <line num="421" count="2" type="stmt"/>
        <line num="452" count="0" type="stmt"/>
        <line num="453" count="0" type="stmt"/>
        <line num="466" count="3" type="stmt"/>
        <line num="477" count="0" type="stmt"/>
        <line num="488" count="0" type="stmt"/>
        <line num="499" count="0" type="stmt"/>
        <line num="515" count="0" type="stmt"/>
        <line num="529" count="0" type="stmt"/>
      </file>
    </package>
    <package name="utils">
      <metrics statements="84" coveredstatements="78" conditionals="194" coveredconditionals="145" methods="20" coveredmethods="20"/>
      <file name="group.utils.js" path="D:\myProject\Team Project\FE-Teammy\src\utils\group.utils.js">
        <metrics statements="47" coveredstatements="41" conditionals="149" coveredconditionals="112" methods="8" coveredmethods="8"/>
        <line num="2" count="1" type="cond" truecount="0" falsecount="1"/>
        <line num="3" count="4" type="cond" truecount="2" falsecount="0"/>
        <line num="8" count="4" type="cond" truecount="2" falsecount="0"/>
        <line num="11" count="4" type="stmt"/>
        <line num="14" count="1" type="cond" truecount="0" falsecount="1"/>
        <line num="15" count="2" type="cond" truecount="2" falsecount="0"/>
        <line num="16" count="2" type="cond" truecount="1" falsecount="1"/>
        <line num="19" count="2" type="cond" truecount="4" falsecount="5"/>
        <line num="25" count="2" type="stmt"/>
        <line num="27" count="1" type="cond" truecount="2" falsecount="4"/>
        <line num="33" count="1" type="stmt"/>
        <line num="56" count="2" type="stmt"/>
        <line num="57" count="2" type="stmt"/>
        <line num="66" count="2" type="stmt"/>
        <line num="67" count="8" type="cond" truecount="4" falsecount="0"/>
        <line num="68" count="1" type="stmt"/>
        <line num="69" count="1" type="cond" truecount="3" falsecount="1"/>
        <line num="71" count="1" type="cond" truecount="1" falsecount="1"/>
        <line num="72" count="0" type="stmt"/>
        <line num="75" count="2" type="stmt"/>
        <line num="77" count="2" type="stmt"/>
        <line num="114" count="3" type="stmt"/>
        <line num="120" count="1" type="cond" truecount="0" falsecount="1"/>
        <line num="121" count="1" type="cond" truecount="2" falsecount="1"/>
        <line num="122" count="1" type="stmt"/>
        <line num="140" count="1" type="stmt"/>
        <line num="141" count="2" type="cond" truecount="4" falsecount="0"/>
        <line num="142" count="1" type="stmt"/>
        <line num="145" count="1" type="stmt"/>
        <line num="146" count="1" type="stmt"/>
        <line num="149" count="1" type="cond" truecount="1" falsecount="1"/>
        <line num="153" count="1" type="stmt"/>
        <line num="155" count="2" type="stmt"/>
        <line num="156" count="2" type="cond" truecount="1" falsecount="1"/>
        <line num="157" count="2" type="stmt"/>
        <line num="158" count="0" type="cond" truecount="0" falsecount="4"/>
        <line num="159" count="0" type="stmt"/>
        <line num="160" count="0" type="cond" truecount="0" falsecount="2"/>
        <line num="161" count="0" type="stmt"/>
        <line num="164" count="2" type="stmt"/>
        <line num="165" count="2" type="stmt"/>
        <line num="167" count="2" type="cond" truecount="2" falsecount="0"/>
        <line num="168" count="1" type="stmt"/>
        <line num="172" count="1" type="cond" truecount="1" falsecount="1"/>
        <line num="173" count="0" type="stmt"/>
        <line num="176" count="1" type="stmt"/>
        <line num="177" count="1" type="stmt"/>
      </file>
      <file name="kanbanHelpers.js" path="D:\myProject\Team Project\FE-Teammy\src\utils\kanbanHelpers.js">
        <metrics statements="6" coveredstatements="6" conditionals="9" coveredconditionals="7" methods="2" coveredmethods="2"/>
        <line num="3" count="3" type="stmt"/>
        <line num="10" count="3" type="stmt"/>
        <line num="19" count="3" type="stmt"/>
        <line num="29" count="145" type="cond" truecount="2" falsecount="0"/>
        <line num="37" count="145" type="stmt"/>
        <line num="41" count="145" type="stmt"/>
      </file>
      <file name="kanbanUtils.js" path="D:\myProject\Team Project\FE-Teammy\src\utils\kanbanUtils.js">
        <metrics statements="31" coveredstatements="31" conditionals="36" coveredconditionals="26" methods="10" coveredmethods="10"/>
        <line num="3" count="1" type="stmt"/>
        <line num="9" count="14" type="stmt"/>
        <line num="16" count="1" type="stmt"/>
        <line num="17" count="1" type="stmt"/>
        <line num="18" count="1" type="stmt"/>
        <line num="31" count="8" type="cond" truecount="0" falsecount="1"/>
        <line num="33" count="2" type="cond" truecount="3" falsecount="1"/>
        <line num="36" count="2" type="stmt"/>
        <line num="38" count="8" type="cond" truecount="3" falsecount="0"/>
        <line num="42" count="8" type="cond" truecount="3" falsecount="0"/>
        <line num="46" count="8" type="cond" truecount="3" falsecount="0"/>
        <line num="49" count="8" type="cond" truecount="3" falsecount="0"/>
        <line num="52" count="2" type="stmt"/>
        <line num="53" count="2" type="stmt"/>
        <line num="54" count="6" type="cond" truecount="1" falsecount="1"/>
        <line num="55" count="6" type="stmt"/>
        <line num="57" count="2" type="stmt"/>
        <line num="69" count="4" type="stmt"/>
        <line num="71" count="4" type="cond" truecount="2" falsecount="0"/>
        <line num="74" count="4" type="cond" truecount="5" falsecount="0"/>
        <line num="76" count="1" type="stmt"/>
        <line num="77" count="1" type="stmt"/>
        <line num="79" count="1" type="stmt"/>
        <line num="80" count="1" type="stmt"/>
        <line num="81" count="1" type="cond" truecount="1" falsecount="1"/>
        <line num="84" count="1" type="stmt"/>
        <line num="87" count="1" type="stmt"/>
        <line num="88" count="1" type="cond" truecount="1" falsecount="1"/>
        <line num="89" count="1" type="stmt"/>
        <line num="92" count="1" type="stmt"/>
        <line num="94" count="1" type="stmt"/>
      </file>
    </package>
  </project>
</coverage>
