<?xml version="1.0" encoding="UTF-8"?>
<coverage generated="1765721139147" clover="3.2.0">
  <project timestamp="1765721139147" name="All files">
    <metrics statements="3890" coveredstatements="2769" conditionals="5598" coveredconditionals="2936" methods="1176" coveredmethods="696" elements="10664" coveredelements="6401" complexity="0" loc="3890" ncloc="3890" packages="16" files="74" classes="74"/>
    <package name="app">
      <metrics statements="117" coveredstatements="32" conditionals="77" coveredconditionals="14" methods="38" coveredmethods="5"/>
      <file name="chatSlice.js" path="D:\myProject\Team Project\FE-Teammy\src\app\chatSlice.js">
        <metrics statements="40" coveredstatements="3" conditionals="18" coveredconditionals="0" methods="14" coveredmethods="0"/>
        <line num="3" count="15" type="stmt"/>
        <line num="12" count="15" type="stmt"/>
        <line num="18" count="0" type="stmt"/>
        <line num="19" count="0" type="stmt"/>
        <line num="22" count="0" type="stmt"/>
        <line num="23" count="0" type="cond" truecount="0" falsecount="2"/>
        <line num="24" count="0" type="stmt"/>
        <line num="27" count="0" type="stmt"/>
        <line num="28" count="0" type="cond" truecount="0" falsecount="2"/>
        <line num="29" count="0" type="stmt"/>
        <line num="31" count="0" type="stmt"/>
        <line num="37" count="0" type="stmt"/>
        <line num="38" count="0" type="cond" truecount="0" falsecount="2"/>
        <line num="39" count="0" type="stmt"/>
        <line num="42" count="0" type="stmt"/>
        <line num="43" count="0" type="cond" truecount="0" falsecount="2"/>
        <line num="44" count="0" type="stmt"/>
        <line num="48" count="0" type="stmt"/>
        <line num="49" count="0" type="cond" truecount="0" falsecount="2"/>
        <line num="50" count="0" type="stmt"/>
        <line num="52" count="0" type="stmt"/>
        <line num="58" count="0" type="stmt"/>
        <line num="59" count="0" type="stmt"/>
        <line num="62" count="0" type="stmt"/>
        <line num="63" count="0" type="cond" truecount="0" falsecount="2"/>
        <line num="64" count="0" type="stmt"/>
        <line num="67" count="0" type="stmt"/>
        <line num="68" count="0" type="cond" truecount="0" falsecount="2"/>
        <line num="69" count="0" type="stmt"/>
        <line num="75" count="0" type="stmt"/>
        <line num="76" count="0" type="stmt"/>
        <line num="79" count="0" type="stmt"/>
        <line num="80" count="0" type="cond" truecount="0" falsecount="2"/>
        <line num="81" count="0" type="stmt"/>
        <line num="84" count="0" type="stmt"/>
        <line num="85" count="0" type="cond" truecount="0" falsecount="2"/>
        <line num="86" count="0" type="stmt"/>
        <line num="92" count="0" type="stmt"/>
        <line num="95" count="0" type="stmt"/>
        <line num="115" count="15" type="stmt"/>
      </file>
      <file name="invitationSlice.js" path="D:\myProject\Team Project\FE-Teammy\src\app\invitationSlice.js">
        <metrics statements="73" coveredstatements="26" conditionals="59" coveredconditionals="14" methods="23" coveredmethods="5"/>
        <line num="3" count="19" type="stmt"/>
        <line num="10" count="19" type="cond" truecount="0" falsecount="1"/>
        <line num="11" count="4" type="cond" truecount="4" falsecount="0"/>
        <line num="12" count="2" type="cond" truecount="2" falsecount="2"/>
        <line num="13" count="2" type="cond" truecount="2" falsecount="2"/>
        <line num="16" count="19" type="stmt"/>
        <line num="22" count="4" type="stmt"/>
        <line num="23" count="4" type="stmt"/>
        <line num="24" count="4" type="stmt"/>
        <line num="25" count="0" type="stmt"/>
        <line num="26" count="0" type="cond" truecount="0" falsecount="2"/>
        <line num="28" count="4" type="cond" truecount="1" falsecount="1"/>
        <line num="29" count="4" type="stmt"/>
        <line num="30" count="4" type="stmt"/>
        <line num="36" count="1" type="stmt"/>
        <line num="37" count="1" type="stmt"/>
        <line num="38" count="1" type="cond" truecount="1" falsecount="1"/>
        <line num="40" count="1" type="cond" truecount="1" falsecount="1"/>
        <line num="41" count="1" type="stmt"/>
        <line num="42" count="1" type="cond" truecount="1" falsecount="1"/>
        <line num="43" count="1" type="stmt"/>
        <line num="50" count="0" type="stmt"/>
        <line num="51" count="0" type="stmt"/>
        <line num="52" count="0" type="stmt"/>
        <line num="53" count="0" type="cond" truecount="0" falsecount="2"/>
        <line num="54" count="0" type="cond" truecount="0" falsecount="2"/>
        <line num="55" count="0" type="stmt"/>
        <line num="58" count="0" type="stmt"/>
        <line num="59" count="0" type="stmt"/>
        <line num="60" count="0" type="stmt"/>
        <line num="66" count="0" type="stmt"/>
        <line num="71" count="0" type="stmt"/>
        <line num="72" count="0" type="stmt"/>
        <line num="73" count="0" type="cond" truecount="0" falsecount="2"/>
        <line num="80" count="1" type="stmt"/>
        <line num="81" count="1" type="stmt"/>
        <line num="82" count="0" type="stmt"/>
        <line num="84" count="1" type="cond" truecount="1" falsecount="1"/>
        <line num="85" count="1" type="stmt"/>
        <line num="86" count="1" type="cond" truecount="1" falsecount="1"/>
        <line num="87" count="1" type="stmt"/>
        <line num="94" count="0" type="stmt"/>
        <line num="95" count="0" type="stmt"/>
        <line num="96" count="0" type="stmt"/>
        <line num="98" count="0" type="cond" truecount="0" falsecount="2"/>
        <line num="99" count="0" type="stmt"/>
        <line num="100" count="0" type="stmt"/>
        <line num="101" count="0" type="cond" truecount="0" falsecount="4"/>
        <line num="102" count="0" type="stmt"/>
        <line num="109" count="0" type="stmt"/>
        <line num="110" count="0" type="stmt"/>
        <line num="111" count="0" type="stmt"/>
        <line num="117" count="0" type="stmt"/>
        <line num="119" count="0" type="cond" truecount="0" falsecount="4"/>
        <line num="122" count="0" type="stmt"/>
        <line num="123" count="0" type="stmt"/>
        <line num="124" count="0" type="stmt"/>
        <line num="127" count="0" type="stmt"/>
        <line num="140" count="0" type="cond" truecount="0" falsecount="2"/>
        <line num="142" count="0" type="stmt"/>
        <line num="143" count="0" type="stmt"/>
        <line num="146" count="0" type="cond" truecount="0" falsecount="4"/>
        <line num="147" count="0" type="stmt"/>
        <line num="148" count="0" type="cond" truecount="0" falsecount="4"/>
        <line num="149" count="0" type="stmt"/>
        <line num="153" count="0" type="stmt"/>
        <line num="154" count="0" type="cond" truecount="0" falsecount="2"/>
        <line num="155" count="0" type="stmt"/>
        <line num="163" count="0" type="stmt"/>
        <line num="164" count="0" type="stmt"/>
        <line num="165" count="0" type="stmt"/>
        <line num="171" count="0" type="stmt"/>
        <line num="188" count="19" type="stmt"/>
      </file>
      <file name="loadingSlice.js" path="D:\myProject\Team Project\FE-Teammy\src\app\loadingSlice.js">
        <metrics statements="3" coveredstatements="2" conditionals="0" coveredconditionals="0" methods="1" coveredmethods="0"/>
        <line num="3" count="15" type="stmt"/>
        <line num="7" count="0" type="stmt"/>
        <line num="12" count="15" type="stmt"/>
      </file>
      <file name="store.js" path="D:\myProject\Team Project\FE-Teammy\src\app\store.js">
        <metrics statements="1" coveredstatements="1" conditionals="0" coveredconditionals="0" methods="0" coveredmethods="0"/>
        <line num="6" count="15" type="stmt"/>
      </file>
    </package>
    <package name="app.toastException">
      <metrics statements="3" coveredstatements="0" conditionals="0" coveredconditionals="0" methods="1" coveredmethods="0"/>
      <file name="http.exception.js" path="D:\myProject\Team Project\FE-Teammy\src\app\toastException\http.exception.js">
        <metrics statements="3" coveredstatements="0" conditionals="0" coveredconditionals="0" methods="1" coveredmethods="0"/>
        <line num="8" count="0" type="stmt"/>
        <line num="9" count="0" type="stmt"/>
        <line num="10" count="0" type="stmt"/>
      </file>
    </package>
    <package name="components.common">
      <metrics statements="178" coveredstatements="130" conditionals="278" coveredconditionals="121" methods="60" coveredmethods="39"/>
      <file name="FeaturesSection.jsx" path="D:\myProject\Team Project\FE-Teammy\src\components\common\FeaturesSection.jsx">
        <metrics statements="11" coveredstatements="11" conditionals="24" coveredconditionals="12" methods="5" coveredmethods="5"/>
        <line num="14" count="1" type="stmt"/>
        <line num="15" count="2" type="stmt"/>
        <line num="16" count="2" type="stmt"/>
        <line num="22" count="2" type="stmt"/>
        <line num="55" count="2" type="stmt"/>
        <line num="60" count="6" type="stmt"/>
        <line num="92" count="12" type="stmt"/>
        <line num="93" count="12" type="stmt"/>
        <line num="156" count="8" type="stmt"/>
        <line num="157" count="8" type="stmt"/>
        <line num="198" count="8" type="stmt"/>
      </file>
      <file name="Footer.jsx" path="D:\myProject\Team Project\FE-Teammy\src\components\common\Footer.jsx">
        <metrics statements="3" coveredstatements="3" conditionals="0" coveredconditionals="0" methods="1" coveredmethods="1"/>
        <line num="4" count="1" type="stmt"/>
        <line num="5" count="2" type="stmt"/>
        <line num="7" count="2" type="stmt"/>
      </file>
      <file name="HeroSection.jsx" path="D:\myProject\Team Project\FE-Teammy\src\components\common\HeroSection.jsx">
        <metrics statements="4" coveredstatements="4" conditionals="14" coveredconditionals="7" methods="1" coveredmethods="1"/>
        <line num="7" count="1" type="stmt"/>
        <line num="8" count="2" type="stmt"/>
        <line num="10" count="2" type="stmt"/>
        <line num="19" count="2" type="stmt"/>
      </file>
      <file name="LoadingState.jsx" path="D:\myProject\Team Project\FE-Teammy\src\components\common\LoadingState.jsx">
        <metrics statements="6" coveredstatements="6" conditionals="4" coveredconditionals="4" methods="4" coveredmethods="4"/>
        <line num="1" count="1" type="cond" truecount="2" falsecount="0"/>
        <line num="2" count="2" type="stmt"/>
        <line num="4" count="2" type="stmt"/>
        <line num="28" count="8" type="stmt"/>
        <line num="52" count="8" type="stmt"/>
        <line num="78" count="5" type="stmt"/>
      </file>
      <file name="Navbar.jsx" path="D:\myProject\Team Project\FE-Teammy\src\components\common\Navbar.jsx">
        <metrics statements="154" coveredstatements="106" conditionals="236" coveredconditionals="98" methods="49" coveredmethods="28"/>
        <line num="24" count="1" type="stmt"/>
        <line num="25" count="17" type="stmt"/>
        <line num="26" count="17" type="stmt"/>
        <line num="27" count="17" type="stmt"/>
        <line num="28" count="17" type="stmt"/>
        <line num="29" count="17" type="stmt"/>
        <line num="30" count="17" type="stmt"/>
        <line num="31" count="17" type="stmt"/>
        <line num="32" count="17" type="stmt"/>
        <line num="33" count="17" type="stmt"/>
        <line num="34" count="17" type="stmt"/>
        <line num="35" count="17" type="stmt"/>
        <line num="37" count="17" type="stmt"/>
        <line num="38" count="17" type="stmt"/>
        <line num="39" count="17" type="stmt"/>
        <line num="42" count="17" type="stmt"/>
        <line num="43" count="17" type="cond" truecount="1" falsecount="1"/>
        <line num="45" count="17" type="stmt"/>
        <line num="46" count="17" type="cond" truecount="1" falsecount="1"/>
        <line num="48" count="17" type="stmt"/>
        <line num="49" count="17" type="cond" truecount="2" falsecount="0"/>
        <line num="52" count="17" type="cond" truecount="0" falsecount="1"/>
        <line num="53" count="4" type="cond" truecount="2" falsecount="2"/>
        <line num="54" count="0" type="stmt"/>
        <line num="55" count="4" type="cond" truecount="2" falsecount="2"/>
        <line num="56" count="0" type="stmt"/>
        <line num="57" count="4" type="cond" truecount="2" falsecount="2"/>
        <line num="61" count="17" type="cond" truecount="2" falsecount="0"/>
        <line num="65" count="17" type="stmt"/>
        <line num="66" count="5" type="cond" truecount="2" falsecount="0"/>
        <line num="70" count="17" type="stmt"/>
        <line num="71" count="5" type="stmt"/>
        <line num="72" count="5" type="stmt"/>
        <line num="75" count="17" type="stmt"/>
        <line num="76" count="5" type="stmt"/>
        <line num="77" count="1" type="cond" truecount="1" falsecount="1"/>
        <line num="78" count="0" type="stmt"/>
        <line num="79" count="0" type="stmt"/>
        <line num="80" count="0" type="cond" truecount="0" falsecount="2"/>
        <line num="81" count="0" type="cond" truecount="0" falsecount="2"/>
        <line num="82" count="0" type="cond" truecount="0" falsecount="2"/>
        <line num="83" count="0" type="stmt"/>
        <line num="86" count="5" type="cond" truecount="1" falsecount="1"/>
        <line num="87" count="1" type="cond" truecount="2" falsecount="0"/>
        <line num="90" count="5" type="stmt"/>
        <line num="92" count="1" type="cond" truecount="2" falsecount="0"/>
        <line num="93" count="1" type="stmt"/>
        <line num="96" count="1" type="cond" truecount="1" falsecount="6"/>
        <line num="104" count="1" type="cond" truecount="3" falsecount="0"/>
        <line num="106" count="1" type="stmt"/>
        <line num="124" count="5" type="stmt"/>
        <line num="125" count="5" type="stmt"/>
        <line num="127" count="5" type="stmt"/>
        <line num="128" count="1" type="cond" truecount="1" falsecount="1"/>
        <line num="129" count="1" type="cond" truecount="1" falsecount="1"/>
        <line num="130" count="1" type="stmt"/>
        <line num="133" count="5" type="stmt"/>
        <line num="134" count="0" type="cond" truecount="0" falsecount="2"/>
        <line num="135" count="0" type="stmt"/>
        <line num="139" count="5" type="stmt"/>
        <line num="143" count="17" type="stmt"/>
        <line num="144" count="5" type="stmt"/>
        <line num="145" count="1" type="cond" truecount="1" falsecount="1"/>
        <line num="146" count="0" type="stmt"/>
        <line num="147" count="0" type="stmt"/>
        <line num="148" count="0" type="cond" truecount="0" falsecount="2"/>
        <line num="149" count="0" type="cond" truecount="0" falsecount="2"/>
        <line num="150" count="0" type="cond" truecount="0" falsecount="2"/>
        <line num="151" count="0" type="cond" truecount="0" falsecount="2"/>
        <line num="152" count="0" type="cond" truecount="0" falsecount="2"/>
        <line num="153" count="0" type="cond" truecount="0" falsecount="2"/>
        <line num="154" count="0" type="cond" truecount="0" falsecount="2"/>
        <line num="157" count="5" type="stmt"/>
        <line num="158" count="3" type="stmt"/>
        <line num="159" count="3" type="stmt"/>
        <line num="167" count="3" type="cond" truecount="1" falsecount="1"/>
        <line num="168" count="3" type="cond" truecount="1" falsecount="1"/>
        <line num="171" count="3" type="stmt"/>
        <line num="187" count="3" type="stmt"/>
        <line num="201" count="3" type="stmt"/>
        <line num="203" count="1" type="cond" truecount="2" falsecount="0"/>
        <line num="204" count="1" type="stmt"/>
        <line num="206" count="1" type="stmt"/>
        <line num="232" count="3" type="stmt"/>
        <line num="233" count="0" type="stmt"/>
        <line num="234" count="0" type="stmt"/>
        <line num="247" count="3" type="stmt"/>
        <line num="254" count="3" type="stmt"/>
        <line num="255" count="3" type="stmt"/>
        <line num="256" count="1" type="cond" truecount="1" falsecount="1"/>
        <line num="257" count="1" type="cond" truecount="1" falsecount="1"/>
        <line num="258" count="1" type="cond" truecount="1" falsecount="1"/>
        <line num="259" count="1" type="stmt"/>
        <line num="263" count="3" type="stmt"/>
        <line num="265" count="0" type="stmt"/>
        <line num="267" count="0" type="cond" truecount="0" falsecount="2"/>
        <line num="268" count="0" type="stmt"/>
        <line num="270" count="0" type="stmt"/>
        <line num="295" count="0" type="stmt"/>
        <line num="299" count="5" type="cond" truecount="2" falsecount="0"/>
        <line num="300" count="3" type="cond" truecount="1" falsecount="1"/>
        <line num="301" count="3" type="stmt"/>
        <line num="302" count="3" type="stmt"/>
        <line num="305" count="2" type="stmt"/>
        <line num="306" count="2" type="stmt"/>
        <line num="309" count="5" type="stmt"/>
        <line num="310" count="4" type="cond" truecount="3" falsecount="1"/>
        <line num="311" count="0" type="stmt"/>
        <line num="314" count="5" type="stmt"/>
        <line num="315" count="5" type="stmt"/>
        <line num="316" count="5" type="stmt"/>
        <line num="320" count="54" type="stmt"/>
        <line num="322" count="17" type="stmt"/>
        <line num="323" count="1" type="stmt"/>
        <line num="326" count="17" type="stmt"/>
        <line num="327" count="1" type="stmt"/>
        <line num="328" count="1" type="stmt"/>
        <line num="330" count="1" type="stmt"/>
        <line num="331" count="1" type="stmt"/>
        <line num="332" count="1" type="stmt"/>
        <line num="336" count="1" type="stmt"/>
        <line num="340" count="17" type="stmt"/>
        <line num="415" count="0" type="stmt"/>
        <line num="447" count="0" type="stmt"/>
        <line num="459" count="1" type="stmt"/>
        <line num="464" count="11" type="cond" truecount="4" falsecount="0"/>
        <line num="468" count="11" type="stmt"/>
        <line num="509" count="0" type="stmt"/>
        <line num="518" count="0" type="stmt"/>
        <line num="557" count="1" type="stmt"/>
        <line num="576" count="0" type="stmt"/>
        <line num="589" count="0" type="stmt"/>
        <line num="602" count="0" type="stmt"/>
        <line num="628" count="0" type="stmt"/>
        <line num="629" count="0" type="stmt"/>
        <line num="646" count="0" type="stmt"/>
        <line num="649" count="1" type="stmt"/>
        <line num="650" count="1" type="cond" truecount="1" falsecount="1"/>
        <line num="652" count="0" type="stmt"/>
        <line num="658" count="1" type="stmt"/>
        <line num="662" count="1" type="stmt"/>
        <line num="665" count="1" type="cond" truecount="3" falsecount="1"/>
        <line num="666" count="1" type="cond" truecount="2" falsecount="0"/>
        <line num="669" count="1" type="stmt"/>
        <line num="673" count="0" type="stmt"/>
        <line num="680" count="0" type="stmt"/>
        <line num="681" count="0" type="cond" truecount="0" falsecount="2"/>
        <line num="682" count="0" type="stmt"/>
        <line num="687" count="0" type="stmt"/>
        <line num="691" count="0" type="stmt"/>
        <line num="694" count="0" type="cond" truecount="0" falsecount="4"/>
        <line num="695" count="0" type="cond" truecount="0" falsecount="2"/>
        <line num="698" count="0" type="stmt"/>
        <line num="702" count="0" type="stmt"/>
      </file>
    </package>
    <package name="components.common.discover">
      <metrics statements="80" coveredstatements="74" conditionals="209" coveredconditionals="107" methods="23" coveredmethods="19"/>
      <file name="FilterSidebar.jsx" path="D:\myProject\Team Project\FE-Teammy\src\components\common\discover\FilterSidebar.jsx">
        <metrics statements="20" coveredstatements="20" conditionals="28" coveredconditionals="13" methods="7" coveredmethods="7"/>
        <line num="6" count="1" type="stmt"/>
        <line num="7" count="10" type="stmt"/>
        <line num="8" count="10" type="stmt"/>
        <line num="9" count="10" type="stmt"/>
        <line num="11" count="10" type="stmt"/>
        <line num="12" count="4" type="stmt"/>
        <line num="13" count="4" type="stmt"/>
        <line num="14" count="4" type="stmt"/>
        <line num="15" count="3" type="cond" truecount="1" falsecount="1"/>
        <line num="16" count="3" type="cond" truecount="1" falsecount="3"/>
        <line num="17" count="3" type="cond" truecount="1" falsecount="1"/>
        <line num="19" count="1" type="stmt"/>
        <line num="26" count="4" type="stmt"/>
        <line num="29" count="10" type="stmt"/>
        <line num="30" count="7" type="cond" truecount="1" falsecount="1"/>
        <line num="31" count="7" type="stmt"/>
        <line num="37" count="10" type="stmt"/>
        <line num="58" count="1" type="stmt"/>
        <line num="64" count="5" type="stmt"/>
        <line num="73" count="2" type="stmt"/>
      </file>
      <file name="ProjectCard.jsx" path="D:\myProject\Team Project\FE-Teammy\src\components\common\discover\ProjectCard.jsx">
        <metrics statements="38" coveredstatements="34" conditionals="89" coveredconditionals="48" methods="7" coveredmethods="5"/>
        <line num="8" count="1" type="stmt"/>
        <line num="16" count="12" type="stmt"/>
        <line num="17" count="12" type="stmt"/>
        <line num="18" count="12" type="stmt"/>
        <line num="20" count="12" type="cond" truecount="1" falsecount="1"/>
        <line num="24" count="12" type="stmt"/>
        <line num="31" count="1" type="cond" truecount="2" falsecount="0"/>
        <line num="47" count="12" type="cond" truecount="1" falsecount="1"/>
        <line num="50" count="12" type="cond" truecount="1" falsecount="1"/>
        <line num="56" count="12" type="stmt"/>
        <line num="70" count="24" type="stmt"/>
        <line num="105" count="0" type="stmt"/>
        <line num="127" count="0" type="stmt"/>
        <line num="150" count="4" type="stmt"/>
        <line num="151" count="4" type="cond" truecount="3" falsecount="1"/>
        <line num="153" count="4" type="cond" truecount="2" falsecount="0"/>
        <line num="154" count="1" type="stmt"/>
        <line num="155" count="1" type="stmt"/>
        <line num="158" count="3" type="stmt"/>
        <line num="159" count="3" type="stmt"/>
        <line num="161" count="3" type="stmt"/>
        <line num="162" count="3" type="cond" truecount="1" falsecount="1"/>
        <line num="164" count="3" type="cond" truecount="2" falsecount="0"/>
        <line num="165" count="1" type="stmt"/>
        <line num="169" count="1" type="stmt"/>
        <line num="170" count="1" type="stmt"/>
        <line num="173" count="2" type="stmt"/>
        <line num="174" count="2" type="cond" truecount="1" falsecount="1"/>
        <line num="175" count="2" type="cond" truecount="1" falsecount="1"/>
        <line num="176" count="2" type="cond" truecount="1" falsecount="1"/>
        <line num="178" count="2" type="cond" truecount="1" falsecount="1"/>
        <line num="179" count="0" type="stmt"/>
        <line num="185" count="0" type="stmt"/>
        <line num="188" count="2" type="stmt"/>
        <line num="190" count="1" type="stmt"/>
        <line num="197" count="1" type="stmt"/>
        <line num="199" count="1" type="stmt"/>
        <line num="205" count="3" type="stmt"/>
      </file>
      <file name="TopicDetailModal.jsx" path="D:\myProject\Team Project\FE-Teammy\src\components\common\discover\TopicDetailModal.jsx">
        <metrics statements="22" coveredstatements="20" conditionals="92" coveredconditionals="46" methods="9" coveredmethods="7"/>
        <line num="14" count="1" type="stmt"/>
        <line num="25" count="5" type="stmt"/>
        <line num="27" count="5" type="cond" truecount="2" falsecount="0"/>
        <line num="29" count="4" type="cond" truecount="1" falsecount="1"/>
        <line num="37" count="4" type="stmt"/>
        <line num="38" count="1" type="cond" truecount="1" falsecount="1"/>
        <line num="39" count="1" type="stmt"/>
        <line num="40" count="1" type="stmt"/>
        <line num="41" count="1" type="cond" truecount="1" falsecount="1"/>
        <line num="42" count="1" type="stmt"/>
        <line num="43" count="1" type="stmt"/>
        <line num="44" count="1" type="stmt"/>
        <line num="45" count="1" type="stmt"/>
        <line num="48" count="4" type="stmt"/>
        <line num="125" count="3" type="stmt"/>
        <line num="144" count="0" type="stmt"/>
        <line num="209" count="0" type="stmt"/>
        <line num="230" count="3" type="stmt"/>
        <line num="242" count="1" type="cond" truecount="1" falsecount="1"/>
        <line num="262" count="3" type="stmt"/>
        <line num="290" count="1" type="stmt"/>
        <line num="291" count="1" type="stmt"/>
      </file>
    </package>
    <package name="components.common.kanban">
      <metrics statements="323" coveredstatements="273" conditionals="498" coveredconditionals="276" methods="107" coveredmethods="82"/>
      <file name="Column.jsx" path="D:\myProject\Team Project\FE-Teammy\src\components\common\kanban\Column.jsx">
        <metrics statements="33" coveredstatements="33" conditionals="32" coveredconditionals="23" methods="14" coveredmethods="14"/>
        <line num="12" count="1" type="stmt"/>
        <line num="22" count="38" type="stmt"/>
        <line num="23" count="38" type="stmt"/>
        <line num="24" count="38" type="stmt"/>
        <line num="25" count="38" type="stmt"/>
        <line num="26" count="38" type="stmt"/>
        <line num="27" count="38" type="stmt"/>
        <line num="28" count="38" type="cond" truecount="1" falsecount="1"/>
        <line num="29" count="38" type="cond" truecount="2" falsecount="0"/>
        <line num="33" count="38" type="stmt"/>
        <line num="34" count="6" type="stmt"/>
        <line num="35" count="16" type="cond" truecount="4" falsecount="0"/>
        <line num="36" count="5" type="stmt"/>
        <line num="39" count="6" type="stmt"/>
        <line num="40" count="6" type="stmt"/>
        <line num="41" count="6" type="stmt"/>
        <line num="45" count="38" type="stmt"/>
        <line num="64" count="6" type="stmt"/>
        <line num="75" count="3" type="stmt"/>
        <line num="76" count="3" type="stmt"/>
        <line num="86" count="1" type="stmt"/>
        <line num="87" count="1" type="cond" truecount="1" falsecount="1"/>
        <line num="96" count="1" type="stmt"/>
        <line num="97" count="1" type="cond" truecount="1" falsecount="1"/>
        <line num="111" count="26" type="stmt"/>
        <line num="115" count="26" type="stmt"/>
        <line num="131" count="14" type="stmt"/>
        <line num="139" count="2" type="cond" truecount="2" falsecount="0"/>
        <line num="140" count="1" type="stmt"/>
        <line num="144" count="1" type="stmt"/>
        <line num="145" count="1" type="stmt"/>
        <line num="153" count="1" type="stmt"/>
        <line num="154" count="1" type="stmt"/>
      </file>
      <file name="TaskCard.jsx" path="D:\myProject\Team Project\FE-Teammy\src\components\common\kanban\TaskCard.jsx">
        <metrics statements="40" coveredstatements="39" conditionals="61" coveredconditionals="34" methods="11" coveredmethods="11"/>
        <line num="11" count="1" type="stmt"/>
        <line num="12" count="10" type="cond" truecount="1" falsecount="1"/>
        <line num="13" count="10" type="cond" truecount="1" falsecount="1"/>
        <line num="14" count="10" type="cond" truecount="1" falsecount="3"/>
        <line num="17" count="1" type="stmt"/>
        <line num="18" count="10" type="cond" truecount="1" falsecount="1"/>
        <line num="19" count="10" type="cond" truecount="1" falsecount="1"/>
        <line num="20" count="10" type="stmt"/>
        <line num="30" count="1" type="stmt"/>
        <line num="31" count="8" type="cond" truecount="1" falsecount="1"/>
        <line num="32" count="8" type="stmt"/>
        <line num="34" count="8" type="stmt"/>
        <line num="38" count="1" type="cond" truecount="0" falsecount="1"/>
        <line num="46" count="8" type="stmt"/>
        <line num="48" count="8" type="stmt"/>
        <line num="54" count="8" type="cond" truecount="1" falsecount="1"/>
        <line num="57" count="8" type="stmt"/>
        <line num="58" count="8" type="stmt"/>
        <line num="61" count="8" type="cond" truecount="2" falsecount="0"/>
        <line num="62" count="1" type="stmt"/>
        <line num="66" count="17" type="cond" truecount="2" falsecount="2"/>
        <line num="67" count="7" type="cond" truecount="1" falsecount="1"/>
        <line num="68" count="7" type="stmt"/>
        <line num="70" count="7" type="cond" truecount="4" falsecount="0"/>
        <line num="71" count="5" type="stmt"/>
        <line num="75" count="8" type="stmt"/>
        <line num="76" count="5" type="stmt"/>
        <line num="78" count="2" type="cond" truecount="1" falsecount="1"/>
        <line num="79" count="0" type="stmt"/>
        <line num="80" count="2" type="cond" truecount="2" falsecount="0"/>
        <line num="81" count="1" type="stmt"/>
        <line num="83" count="1" type="stmt"/>
        <line num="86" count="8" type="stmt"/>
        <line num="88" count="8" type="cond" truecount="2" falsecount="0"/>
        <line num="91" count="8" type="cond" truecount="2" falsecount="0"/>
        <line num="93" count="8" type="stmt"/>
        <line num="100" count="1" type="stmt"/>
        <line num="129" count="10" type="cond" truecount="1" falsecount="1"/>
        <line num="130" count="10" type="cond" truecount="1" falsecount="1"/>
        <line num="131" count="10" type="stmt"/>
      </file>
      <file name="TaskModal.jsx" path="D:\myProject\Team Project\FE-Teammy\src\components\common\kanban\TaskModal.jsx">
        <metrics statements="250" coveredstatements="201" conditionals="405" coveredconditionals="219" methods="82" coveredmethods="57"/>
        <line num="9" count="1" type="stmt"/>
        <line num="10" count="100" type="cond" truecount="2" falsecount="0"/>
        <line num="11" count="7" type="cond" truecount="1" falsecount="1"/>
        <line num="12" count="7" type="stmt"/>
        <line num="21" count="1" type="stmt"/>
        <line num="22" count="95" type="cond" truecount="2" falsecount="0"/>
        <line num="23" count="2" type="cond" truecount="1" falsecount="1"/>
        <line num="24" count="2" type="stmt"/>
        <line num="34" count="1" type="stmt"/>
        <line num="35" count="188" type="cond" truecount="1" falsecount="1"/>
        <line num="36" count="188" type="stmt"/>
        <line num="38" count="282" type="stmt"/>
        <line num="42" count="1" type="cond" truecount="0" falsecount="1"/>
        <line num="43" count="26" type="stmt"/>
        <line num="45" count="1" type="stmt"/>
        <line num="61" count="95" type="stmt"/>
        <line num="62" count="95" type="stmt"/>
        <line num="63" count="95" type="stmt"/>
        <line num="64" count="95" type="stmt"/>
        <line num="71" count="95" type="stmt"/>
        <line num="72" count="95" type="stmt"/>
        <line num="73" count="95" type="stmt"/>
        <line num="74" count="95" type="stmt"/>
        <line num="75" count="95" type="stmt"/>
        <line num="76" count="95" type="stmt"/>
        <line num="77" count="95" type="stmt"/>
        <line num="78" count="95" type="stmt"/>
        <line num="79" count="95" type="stmt"/>
        <line num="80" count="95" type="stmt"/>
        <line num="81" count="95" type="stmt"/>
        <line num="82" count="13" type="stmt"/>
        <line num="83" count="13" type="cond" truecount="1" falsecount="1"/>
        <line num="84" count="13" type="cond" truecount="1" falsecount="1"/>
        <line num="85" count="13" type="stmt"/>
        <line num="87" count="13" type="cond" truecount="1" falsecount="1"/>
        <line num="90" count="95" type="stmt"/>
        <line num="91" count="14" type="cond" truecount="2" falsecount="0"/>
        <line num="92" count="13" type="stmt"/>
        <line num="93" count="13" type="cond" truecount="1" falsecount="1"/>
        <line num="94" count="0" type="stmt"/>
        <line num="95" count="0" type="cond" truecount="0" falsecount="2"/>
        <line num="98" count="13" type="cond" truecount="3" falsecount="1"/>
        <line num="99" count="13" type="cond" truecount="2" falsecount="2"/>
        <line num="101" count="13" type="stmt"/>
        <line num="108" count="13" type="cond" truecount="1" falsecount="1"/>
        <line num="109" count="13" type="stmt"/>
        <line num="110" count="13" type="stmt"/>
        <line num="111" count="13" type="stmt"/>
        <line num="115" count="95" type="stmt"/>
        <line num="116" count="14" type="stmt"/>
        <line num="119" count="95" type="stmt"/>
        <line num="120" count="14" type="cond" truecount="4" falsecount="0"/>
        <line num="121" count="13" type="stmt"/>
        <line num="125" count="95" type="stmt"/>
        <line num="126" count="14" type="cond" truecount="4" falsecount="0"/>
        <line num="127" count="13" type="stmt"/>
        <line num="128" count="13" type="stmt"/>
        <line num="129" count="13" type="stmt"/>
        <line num="130" count="13" type="stmt"/>
        <line num="131" count="13" type="stmt"/>
        <line num="133" count="13" type="cond" truecount="1" falsecount="1"/>
        <line num="134" count="13" type="stmt"/>
        <line num="138" count="13" type="stmt"/>
        <line num="139" count="13" type="stmt"/>
        <line num="140" count="13" type="stmt"/>
        <line num="144" count="95" type="stmt"/>
        <line num="145" count="14" type="stmt"/>
        <line num="146" count="15" type="cond" truecount="1" falsecount="1"/>
        <line num="147" count="15" type="cond" truecount="2" falsecount="0"/>
        <line num="148" count="13" type="stmt"/>
        <line num="151" count="14" type="stmt"/>
        <line num="152" count="14" type="stmt"/>
        <line num="153" count="14" type="stmt"/>
        <line num="157" count="95" type="stmt"/>
        <line num="158" count="14" type="stmt"/>
        <line num="160" count="14" type="cond" truecount="1" falsecount="1"/>
        <line num="161" count="0" type="cond" truecount="0" falsecount="2"/>
        <line num="162" count="0" type="stmt"/>
        <line num="172" count="0" type="cond" truecount="0" falsecount="2"/>
        <line num="173" count="0" type="stmt"/>
        <line num="184" count="14" type="stmt"/>
        <line num="187" count="95" type="cond" truecount="2" falsecount="0"/>
        <line num="189" count="94" type="cond" truecount="1" falsecount="1"/>
        <line num="190" count="94" type="cond" truecount="2" falsecount="0"/>
        <line num="191" count="94" type="cond" truecount="1" falsecount="1"/>
        <line num="192" count="94" type="stmt"/>
        <line num="193" count="1" type="cond" truecount="1" falsecount="1"/>
        <line num="194" count="1" type="cond" truecount="1" falsecount="1"/>
        <line num="195" count="1" type="cond" truecount="1" falsecount="1"/>
        <line num="197" count="94" type="cond" truecount="2" falsecount="0"/>
        <line num="198" count="94" type="stmt"/>
        <line num="199" count="94" type="cond" truecount="2" falsecount="1"/>
        <line num="200" count="94" type="cond" truecount="1" falsecount="1"/>
        <line num="202" count="94" type="cond" truecount="2" falsecount="0"/>
        <line num="204" count="94" type="stmt"/>
        <line num="205" count="1" type="stmt"/>
        <line num="206" count="1" type="cond" truecount="1" falsecount="1"/>
        <line num="207" count="1" type="stmt"/>
        <line num="208" count="1" type="stmt"/>
        <line num="210" count="94" type="stmt"/>
        <line num="211" count="1" type="stmt"/>
        <line num="212" count="1" type="cond" truecount="1" falsecount="1"/>
        <line num="214" count="94" type="stmt"/>
        <line num="215" count="0" type="stmt"/>
        <line num="216" count="0" type="stmt"/>
        <line num="218" count="94" type="stmt"/>
        <line num="219" count="1" type="stmt"/>
        <line num="220" count="1" type="cond" truecount="3" falsecount="1"/>
        <line num="221" count="1" type="stmt"/>
        <line num="222" count="1" type="stmt"/>
        <line num="223" count="1" type="stmt"/>
        <line num="225" count="94" type="stmt"/>
        <line num="226" count="0" type="cond" truecount="0" falsecount="2"/>
        <line num="227" count="0" type="cond" truecount="0" falsecount="4"/>
        <line num="228" count="0" type="stmt"/>
        <line num="229" count="0" type="cond" truecount="0" falsecount="2"/>
        <line num="230" count="0" type="stmt"/>
        <line num="234" count="94" type="stmt"/>
        <line num="235" count="14" type="cond" truecount="3" falsecount="1"/>
        <line num="236" count="14" type="stmt"/>
        <line num="237" count="14" type="stmt"/>
        <line num="238" count="14" type="stmt"/>
        <line num="239" count="14" type="cond" truecount="1" falsecount="1"/>
        <line num="242" count="14" type="stmt"/>
        <line num="251" count="14" type="stmt"/>
        <line num="254" count="0" type="stmt"/>
        <line num="256" count="14" type="stmt"/>
        <line num="259" count="94" type="stmt"/>
        <line num="260" count="0" type="cond" truecount="0" falsecount="2"/>
        <line num="261" count="0" type="stmt"/>
        <line num="264" count="94" type="stmt"/>
        <line num="265" count="2" type="cond" truecount="1" falsecount="1"/>
        <line num="266" count="2" type="cond" truecount="4" falsecount="1"/>
        <line num="268" count="2" type="stmt"/>
        <line num="269" count="2" type="stmt"/>
        <line num="272" count="2" type="stmt"/>
        <line num="273" count="2" type="stmt"/>
        <line num="274" count="2" type="stmt"/>
        <line num="275" count="2" type="stmt"/>
        <line num="277" count="2" type="stmt"/>
        <line num="279" count="1" type="cond" truecount="1" falsecount="1"/>
        <line num="280" count="1" type="stmt"/>
        <line num="292" count="2" type="stmt"/>
        <line num="294" count="1" type="stmt"/>
        <line num="300" count="1" type="stmt"/>
        <line num="303" count="1" type="stmt"/>
        <line num="309" count="2" type="stmt"/>
        <line num="310" count="2" type="cond" truecount="1" falsecount="1"/>
        <line num="311" count="2" type="stmt"/>
        <line num="316" count="94" type="stmt"/>
        <line num="317" count="1" type="cond" truecount="2" falsecount="2"/>
        <line num="319" count="1" type="stmt"/>
        <line num="320" count="1" type="stmt"/>
        <line num="322" count="1" type="cond" truecount="5" falsecount="1"/>
        <line num="323" count="1" type="stmt"/>
        <line num="324" count="0" type="stmt"/>
        <line num="330" count="0" type="stmt"/>
        <line num="333" count="1" type="stmt"/>
        <line num="338" count="1" type="stmt"/>
        <line num="342" count="94" type="stmt"/>
        <line num="343" count="2" type="cond" truecount="1" falsecount="1"/>
        <line num="344" count="2" type="cond" truecount="1" falsecount="1"/>
        <line num="345" count="2" type="stmt"/>
        <line num="347" count="2" type="cond" truecount="1" falsecount="1"/>
        <line num="348" count="0" type="stmt"/>
        <line num="349" count="2" type="cond" truecount="1" falsecount="1"/>
        <line num="350" count="0" type="stmt"/>
        <line num="351" count="2" type="cond" truecount="1" falsecount="1"/>
        <line num="352" count="2" type="stmt"/>
        <line num="353" count="0" type="cond" truecount="0" falsecount="2"/>
        <line num="354" count="0" type="stmt"/>
        <line num="356" count="0" type="stmt"/>
        <line num="359" count="94" type="stmt"/>
        <line num="360" count="2" type="cond" truecount="3" falsecount="1"/>
        <line num="361" count="2" type="stmt"/>
        <line num="362" count="2" type="stmt"/>
        <line num="363" count="2" type="stmt"/>
        <line num="364" count="2" type="stmt"/>
        <line num="366" count="94" type="stmt"/>
        <line num="367" count="0" type="cond" truecount="0" falsecount="2"/>
        <line num="368" count="0" type="stmt"/>
        <line num="369" count="0" type="cond" truecount="0" falsecount="2"/>
        <line num="370" count="0" type="stmt"/>
        <line num="372" count="94" type="cond" truecount="1" falsecount="0"/>
        <line num="374" count="95" type="cond" truecount="1" falsecount="4"/>
        <line num="379" count="95" type="cond" truecount="1" falsecount="1"/>
        <line num="380" count="0" type="stmt"/>
        <line num="388" count="95" type="stmt"/>
        <line num="396" count="94" type="stmt"/>
        <line num="397" count="14" type="cond" truecount="1" falsecount="3"/>
        <line num="400" count="14" type="stmt"/>
        <line num="401" count="0" type="cond" truecount="0" falsecount="3"/>
        <line num="406" count="14" type="cond" truecount="4" falsecount="0"/>
        <line num="407" count="14" type="cond" truecount="3" falsecount="2"/>
        <line num="409" count="14" type="cond" truecount="1" falsecount="1"/>
        <line num="410" count="0" type="stmt"/>
        <line num="418" count="14" type="stmt"/>
        <line num="425" count="94" type="stmt"/>
        <line num="447" count="2" type="cond" truecount="3" falsecount="1"/>
        <line num="448" count="1" type="stmt"/>
        <line num="449" count="1" type="stmt"/>
        <line num="473" count="15" type="stmt"/>
        <line num="475" count="1" type="stmt"/>
        <line num="488" count="0" type="stmt"/>
        <line num="514" count="2" type="stmt"/>
        <line num="536" count="1" type="stmt"/>
        <line num="559" count="0" type="cond" truecount="0" falsecount="3"/>
        <line num="560" count="0" type="cond" truecount="0" falsecount="2"/>
        <line num="561" count="0" type="stmt"/>
        <line num="566" count="0" type="stmt"/>
        <line num="567" count="0" type="stmt"/>
        <line num="589" count="14" type="stmt"/>
        <line num="597" count="0" type="stmt"/>
        <line num="612" count="0" type="stmt"/>
        <line num="621" count="14" type="cond" truecount="1" falsecount="3"/>
        <line num="622" count="14" type="stmt"/>
        <line num="623" count="0" type="cond" truecount="0" falsecount="3"/>
        <line num="627" count="14" type="cond" truecount="3" falsecount="2"/>
        <line num="637" count="1" type="stmt"/>
        <line num="644" count="0" type="stmt"/>
        <line num="654" count="4" type="stmt"/>
        <line num="693" count="11" type="stmt"/>
        <line num="719" count="1" type="stmt"/>
        <line num="737" count="0" type="stmt"/>
        <line num="738" count="0" type="stmt"/>
        <line num="739" count="0" type="stmt"/>
        <line num="749" count="1" type="stmt"/>
        <line num="750" count="1" type="cond" truecount="1" falsecount="1"/>
        <line num="751" count="1" type="stmt"/>
        <line num="756" count="1" type="cond" truecount="1" falsecount="1"/>
        <line num="757" count="1" type="stmt"/>
        <line num="761" count="1" type="cond" truecount="1" falsecount="1"/>
        <line num="762" count="1" type="stmt"/>
        <line num="783" count="0" type="stmt"/>
        <line num="784" count="0" type="stmt"/>
        <line num="787" count="0" type="stmt"/>
        <line num="788" count="0" type="cond" truecount="0" falsecount="2"/>
        <line num="789" count="0" type="cond" truecount="0" falsecount="6"/>
        <line num="790" count="0" type="stmt"/>
        <line num="804" count="1" type="stmt"/>
        <line num="805" count="1" type="stmt"/>
        <line num="806" count="1" type="cond" truecount="1" falsecount="1"/>
        <line num="807" count="1" type="stmt"/>
        <line num="809" count="1" type="stmt"/>
        <line num="816" count="188" type="stmt"/>
        <line num="828" count="1" type="stmt"/>
        <line num="829" count="1" type="stmt"/>
        <line num="830" count="1" type="cond" truecount="1" falsecount="1"/>
        <line num="831" count="1" type="stmt"/>
        <line num="833" count="1" type="stmt"/>
      </file>
    </package>
    <package name="components.common.my-group">
      <metrics statements="431" coveredstatements="372" conditionals="793" coveredconditionals="468" methods="134" coveredmethods="110"/>
      <file name="AddMemberModal.jsx" path="D:\myProject\Team Project\FE-Teammy\src\components\common\my-group\AddMemberModal.jsx">
        <metrics statements="49" coveredstatements="44" conditionals="47" coveredconditionals="29" methods="9" coveredmethods="9"/>
        <line num="9" count="101" type="stmt"/>
        <line num="10" count="101" type="stmt"/>
        <line num="11" count="101" type="stmt"/>
        <line num="12" count="101" type="stmt"/>
        <line num="13" count="101" type="stmt"/>
        <line num="15" count="101" type="stmt"/>
        <line num="16" count="7" type="cond" truecount="2" falsecount="0"/>
        <line num="17" count="6" type="stmt"/>
        <line num="18" count="6" type="stmt"/>
        <line num="19" count="6" type="stmt"/>
        <line num="22" count="101" type="stmt"/>
        <line num="23" count="40" type="stmt"/>
        <line num="24" count="40" type="stmt"/>
        <line num="25" count="40" type="cond" truecount="1" falsecount="1"/>
        <line num="26" count="0" type="stmt"/>
        <line num="27" count="0" type="stmt"/>
        <line num="30" count="40" type="stmt"/>
        <line num="31" count="40" type="stmt"/>
        <line num="32" count="40" type="stmt"/>
        <line num="33" count="40" type="cond" truecount="1" falsecount="1"/>
        <line num="36" count="50" type="stmt"/>
        <line num="38" count="40" type="stmt"/>
        <line num="39" count="40" type="stmt"/>
        <line num="47" count="0" type="stmt"/>
        <line num="49" count="40" type="stmt"/>
        <line num="53" count="101" type="stmt"/>
        <line num="54" count="4" type="stmt"/>
        <line num="55" count="4" type="stmt"/>
        <line num="56" count="4" type="stmt"/>
        <line num="59" count="101" type="stmt"/>
        <line num="60" count="3" type="cond" truecount="1" falsecount="1"/>
        <line num="61" count="0" type="stmt"/>
        <line num="64" count="0" type="stmt"/>
        <line num="66" count="3" type="cond" truecount="2" falsecount="0"/>
        <line num="67" count="1" type="stmt"/>
        <line num="70" count="1" type="stmt"/>
        <line num="73" count="2" type="stmt"/>
        <line num="74" count="2" type="stmt"/>
        <line num="75" count="2" type="stmt"/>
        <line num="78" count="1" type="cond" truecount="1" falsecount="1"/>
        <line num="79" count="1" type="stmt"/>
        <line num="82" count="1" type="stmt"/>
        <line num="85" count="1" type="cond" truecount="4" falsecount="2"/>
        <line num="92" count="1" type="stmt"/>
        <line num="99" count="2" type="stmt"/>
        <line num="103" count="101" type="cond" truecount="2" falsecount="0"/>
        <line num="105" count="100" type="stmt"/>
        <line num="140" count="40" type="stmt"/>
        <line num="142" count="4" type="stmt"/>
      </file>
      <file name="AssignRoleModal.jsx" path="D:\myProject\Team Project\FE-Teammy\src\components\common\my-group\AssignRoleModal.jsx">
        <metrics statements="16" coveredstatements="16" conditionals="48" coveredconditionals="39" methods="5" coveredmethods="5"/>
        <line num="12" count="29" type="stmt"/>
        <line num="14" count="29" type="stmt"/>
        <line num="15" count="7" type="cond" truecount="4" falsecount="0"/>
        <line num="16" count="6" type="cond" truecount="2" falsecount="0"/>
        <line num="20" count="29" type="stmt"/>
        <line num="21" count="2" type="stmt"/>
        <line num="22" count="2" type="cond" truecount="3" falsecount="1"/>
        <line num="24" count="2" type="cond" truecount="7" falsecount="0"/>
        <line num="31" count="2" type="cond" truecount="2" falsecount="0"/>
        <line num="32" count="1" type="stmt"/>
        <line num="37" count="29" type="cond" truecount="4" falsecount="0"/>
        <line num="39" count="28" type="stmt"/>
        <line num="40" count="6" type="cond" truecount="4" falsecount="0"/>
        <line num="41" count="1" type="stmt"/>
        <line num="45" count="28" type="stmt"/>
        <line num="84" count="16" type="stmt"/>
      </file>
      <file name="DescriptionCard.jsx" path="D:\myProject\Team Project\FE-Teammy\src\components\common\my-group\DescriptionCard.jsx">
        <metrics statements="2" coveredstatements="2" conditionals="0" coveredconditionals="0" methods="1" coveredmethods="1"/>
        <line num="6" count="2" type="stmt"/>
        <line num="7" count="2" type="stmt"/>
      </file>
      <file name="EditGroupModal.jsx" path="D:\myProject\Team Project\FE-Teammy\src\components\common\my-group\EditGroupModal.jsx">
        <metrics statements="43" coveredstatements="42" conditionals="74" coveredconditionals="51" methods="21" coveredmethods="20"/>
        <line num="17" count="9" type="stmt"/>
        <line num="19" count="9" type="stmt"/>
        <line num="20" count="9" type="cond" truecount="2" falsecount="0"/>
        <line num="21" count="2" type="stmt"/>
        <line num="22" count="2" type="stmt"/>
        <line num="26" count="9" type="stmt"/>
        <line num="27" count="2" type="cond" truecount="1" falsecount="1"/>
        <line num="28" count="2" type="stmt"/>
        <line num="30" count="2" type="cond" truecount="2" falsecount="0"/>
        <line num="31" count="1" type="stmt"/>
        <line num="33" count="1" type="stmt"/>
        <line num="36" count="1" type="stmt"/>
        <line num="40" count="9" type="stmt"/>
        <line num="41" count="13" type="stmt"/>
        <line num="48" count="13" type="cond" truecount="1" falsecount="1"/>
        <line num="51" count="9" type="stmt"/>
        <line num="53" count="14" type="stmt"/>
        <line num="54" count="14" type="stmt"/>
        <line num="56" count="14" type="cond" truecount="2" falsecount="0"/>
        <line num="58" count="1" type="stmt"/>
        <line num="66" count="1" type="cond" truecount="1" falsecount="1"/>
        <line num="69" count="9" type="cond" truecount="2" falsecount="0"/>
        <line num="71" count="8" type="stmt"/>
        <line num="72" count="8" type="cond" truecount="4" falsecount="0"/>
        <line num="73" count="1" type="stmt"/>
        <line num="77" count="72" type="cond" truecount="1" falsecount="1"/>
        <line num="79" count="8" type="stmt"/>
        <line num="118" count="1" type="stmt"/>
        <line num="137" count="1" type="stmt"/>
        <line num="155" count="1" type="stmt"/>
        <line num="194" count="1" type="stmt"/>
        <line num="195" count="1" type="stmt"/>
        <line num="201" count="1" type="stmt"/>
        <line num="202" count="1" type="stmt"/>
        <line num="218" count="0" type="stmt"/>
        <line num="228" count="40" type="stmt"/>
        <line num="229" count="70" type="stmt"/>
        <line num="231" count="40" type="cond" truecount="2" falsecount="0"/>
        <line num="232" count="14" type="stmt"/>
        <line num="236" count="1" type="stmt"/>
        <line num="262" count="13" type="cond" truecount="1" falsecount="1"/>
        <line num="265" count="13" type="stmt"/>
        <line num="277" count="1" type="cond" truecount="2" falsecount="0"/>
      </file>
      <file name="FilesPanel.jsx" path="D:\myProject\Team Project\FE-Teammy\src\components\common\my-group\FilesPanel.jsx">
        <metrics statements="66" coveredstatements="55" conditionals="98" coveredconditionals="53" methods="14" coveredmethods="9"/>
        <line num="7" count="20" type="stmt"/>
        <line num="8" count="20" type="stmt"/>
        <line num="9" count="20" type="stmt"/>
        <line num="10" count="20" type="stmt"/>
        <line num="11" count="20" type="stmt"/>
        <line num="12" count="20" type="stmt"/>
        <line num="13" count="20" type="stmt"/>
        <line num="14" count="20" type="stmt"/>
        <line num="16" count="20" type="stmt"/>
        <line num="17" count="3" type="stmt"/>
        <line num="18" count="3" type="stmt"/>
        <line num="19" count="3" type="stmt"/>
        <line num="22" count="20" type="stmt"/>
        <line num="23" count="2" type="stmt"/>
        <line num="24" count="2" type="cond" truecount="1" falsecount="1"/>
        <line num="25" count="2" type="stmt"/>
        <line num="29" count="20" type="stmt"/>
        <line num="30" count="3" type="cond" truecount="2" falsecount="0"/>
        <line num="31" count="1" type="stmt"/>
        <line num="35" count="1" type="stmt"/>
        <line num="38" count="2" type="cond" truecount="2" falsecount="0"/>
        <line num="39" count="1" type="stmt"/>
        <line num="43" count="1" type="stmt"/>
        <line num="46" count="1" type="stmt"/>
        <line num="47" count="1" type="stmt"/>
        <line num="48" count="1" type="stmt"/>
        <line num="49" count="1" type="stmt"/>
        <line num="50" count="1" type="cond" truecount="1" falsecount="1"/>
        <line num="51" count="0" type="stmt"/>
        <line num="54" count="1" type="stmt"/>
        <line num="56" count="1" type="stmt"/>
        <line num="61" count="1" type="stmt"/>
        <line num="62" count="1" type="stmt"/>
        <line num="63" count="1" type="stmt"/>
        <line num="66" count="1" type="cond" truecount="1" falsecount="1"/>
        <line num="67" count="1" type="stmt"/>
        <line num="71" count="0" type="stmt"/>
        <line num="76" count="1" type="stmt"/>
        <line num="80" count="20" type="stmt"/>
        <line num="81" count="2" type="stmt"/>
        <line num="82" count="2" type="stmt"/>
        <line num="85" count="20" type="stmt"/>
        <line num="86" count="2" type="cond" truecount="1" falsecount="1"/>
        <line num="88" count="2" type="stmt"/>
        <line num="89" count="2" type="stmt"/>
        <line num="90" count="2" type="stmt"/>
        <line num="91" count="2" type="stmt"/>
        <line num="93" count="1" type="stmt"/>
        <line num="99" count="1" type="cond" truecount="1" falsecount="1"/>
        <line num="100" count="1" type="stmt"/>
        <line num="104" count="1" type="stmt"/>
        <line num="109" count="2" type="stmt"/>
        <line num="110" count="2" type="stmt"/>
        <line num="114" count="20" type="stmt"/>
        <line num="135" count="2" type="stmt"/>
        <line num="144" count="20" type="stmt"/>
        <line num="162" count="19" type="stmt"/>
        <line num="219" count="0" type="cond" truecount="0" falsecount="2"/>
        <line num="220" count="0" type="stmt"/>
        <line num="221" count="0" type="stmt"/>
        <line num="222" count="0" type="stmt"/>
        <line num="244" count="0" type="stmt"/>
        <line num="256" count="0" type="stmt"/>
        <line num="273" count="0" type="stmt"/>
        <line num="292" count="0" type="stmt"/>
        <line num="293" count="0" type="stmt"/>
      </file>
      <file name="GroupPostsList.jsx" path="D:\myProject\Team Project\FE-Teammy\src\components\common\my-group\GroupPostsList.jsx">
        <metrics statements="33" coveredstatements="29" conditionals="41" coveredconditionals="30" methods="10" coveredmethods="6"/>
        <line num="10" count="14" type="stmt"/>
        <line num="11" count="14" type="stmt"/>
        <line num="12" count="14" type="stmt"/>
        <line num="13" count="14" type="stmt"/>
        <line num="15" count="14" type="stmt"/>
        <line num="16" count="5" type="cond" truecount="2" falsecount="0"/>
        <line num="17" count="4" type="stmt"/>
        <line num="20" count="14" type="stmt"/>
        <line num="21" count="5" type="stmt"/>
        <line num="22" count="5" type="stmt"/>
        <line num="23" count="5" type="stmt"/>
        <line num="24" count="5" type="stmt"/>
        <line num="25" count="3" type="cond" truecount="1" falsecount="1"/>
        <line num="26" count="3" type="stmt"/>
        <line num="28" count="1" type="stmt"/>
        <line num="29" count="1" type="cond" truecount="1" falsecount="1"/>
        <line num="31" count="4" type="stmt"/>
        <line num="35" count="14" type="stmt"/>
        <line num="42" count="14" type="cond" truecount="2" falsecount="0"/>
        <line num="43" count="5" type="stmt"/>
        <line num="46" count="9" type="cond" truecount="2" falsecount="0"/>
        <line num="47" count="1" type="stmt"/>
        <line num="63" count="8" type="cond" truecount="4" falsecount="0"/>
        <line num="64" count="7" type="stmt"/>
        <line num="72" count="0" type="stmt"/>
        <line num="81" count="1" type="stmt"/>
        <line num="82" count="0" type="stmt"/>
        <line num="88" count="0" type="stmt"/>
        <line num="94" count="1" type="stmt"/>
        <line num="103" count="1" type="stmt"/>
        <line num="184" count="1" type="stmt"/>
        <line num="214" count="1" type="stmt"/>
        <line num="223" count="0" type="stmt"/>
      </file>
      <file name="GroupPostsTab.jsx" path="D:\myProject\Team Project\FE-Teammy\src\components\common\my-group\GroupPostsTab.jsx">
        <metrics statements="3" coveredstatements="3" conditionals="0" coveredconditionals="0" methods="1" coveredmethods="1"/>
        <line num="7" count="3" type="stmt"/>
        <line num="9" count="3" type="stmt"/>
        <line num="11" count="3" type="stmt"/>
      </file>
      <file name="HeaderBar.jsx" path="D:\myProject\Team Project\FE-Teammy\src\components\common\my-group\HeaderBar.jsx">
        <metrics statements="2" coveredstatements="2" conditionals="0" coveredconditionals="0" methods="1" coveredmethods="1"/>
        <line num="6" count="2" type="stmt"/>
        <line num="7" count="2" type="stmt"/>
      </file>
      <file name="InfoCard.jsx" path="D:\myProject\Team Project\FE-Teammy\src\components\common\my-group\InfoCard.jsx">
        <metrics statements="8" coveredstatements="8" conditionals="45" coveredconditionals="21" methods="2" coveredmethods="2"/>
        <line num="5" count="1" type="stmt"/>
        <line num="6" count="3" type="cond" truecount="1" falsecount="1"/>
        <line num="7" count="3" type="stmt"/>
        <line num="17" count="3" type="cond" truecount="1" falsecount="1"/>
        <line num="18" count="3" type="stmt"/>
        <line num="20" count="3" type="cond" truecount="1" falsecount="3"/>
        <line num="23" count="3" type="stmt"/>
        <line num="28" count="3" type="stmt"/>
      </file>
      <file name="MembersList.jsx" path="D:\myProject\Team Project\FE-Teammy\src\components\common\my-group\MembersList.jsx">
        <metrics statements="7" coveredstatements="7" conditionals="38" coveredconditionals="24" methods="4" coveredmethods="4"/>
        <line num="6" count="1" type="stmt"/>
        <line num="7" count="4" type="cond" truecount="1" falsecount="1"/>
        <line num="8" count="4" type="stmt"/>
        <line num="25" count="5" type="stmt"/>
        <line num="26" count="5" type="stmt"/>
        <line num="37" count="4" type="stmt"/>
        <line num="73" count="1" type="stmt"/>
      </file>
      <file name="MembersPanel.jsx" path="D:\myProject\Team Project\FE-Teammy\src\components\common\my-group\MembersPanel.jsx">
        <metrics statements="95" coveredstatements="70" conditionals="214" coveredconditionals="103" methods="36" coveredmethods="23"/>
        <line num="20" count="14" type="stmt"/>
        <line num="21" count="14" type="stmt"/>
        <line num="22" count="14" type="stmt"/>
        <line num="23" count="14" type="stmt"/>
        <line num="24" count="14" type="stmt"/>
        <line num="27" count="14" type="stmt"/>
        <line num="28" count="1" type="cond" truecount="3" falsecount="3"/>
        <line num="31" count="1" type="stmt"/>
        <line num="32" count="1" type="cond" truecount="1" falsecount="1"/>
        <line num="33" count="2" type="cond" truecount="1" falsecount="1"/>
        <line num="34" count="0" type="cond" truecount="0" falsecount="2"/>
        <line num="35" count="0" type="stmt"/>
        <line num="36" count="0" type="cond" truecount="0" falsecount="4"/>
        <line num="40" count="1" type="cond" truecount="1" falsecount="1"/>
        <line num="41" count="1" type="stmt"/>
        <line num="44" count="1" type="stmt"/>
        <line num="45" count="2" type="cond" truecount="1" falsecount="1"/>
        <line num="46" count="2" type="stmt"/>
        <line num="48" count="3" type="cond" truecount="1" falsecount="1"/>
        <line num="52" count="3" type="cond" truecount="1" falsecount="1"/>
        <line num="53" count="3" type="cond" truecount="2" falsecount="0"/>
        <line num="59" count="1" type="stmt"/>
        <line num="60" count="2" type="cond" truecount="1" falsecount="2"/>
        <line num="61" count="2" type="cond" truecount="1" falsecount="1"/>
        <line num="62" count="2" type="stmt"/>
        <line num="64" count="2" type="stmt"/>
        <line num="73" count="14" type="cond" truecount="2" falsecount="0"/>
        <line num="76" count="14" type="cond" truecount="0" falsecount="1"/>
        <line num="78" count="1" type="cond" truecount="1" falsecount="6"/>
        <line num="85" count="1" type="cond" truecount="1" falsecount="1"/>
        <line num="86" count="1" type="stmt"/>
        <line num="89" count="14" type="stmt"/>
        <line num="90" count="29" type="stmt"/>
        <line num="102" count="14" type="stmt"/>
        <line num="103" count="1" type="stmt"/>
        <line num="104" count="1" type="stmt"/>
        <line num="105" count="1" type="stmt"/>
        <line num="108" count="14" type="stmt"/>
        <line num="109" count="1" type="cond" truecount="1" falsecount="1"/>
        <line num="110" count="1" type="stmt"/>
        <line num="111" count="1" type="stmt"/>
        <line num="112" count="1" type="stmt"/>
        <line num="113" count="1" type="stmt"/>
        <line num="114" count="1" type="stmt"/>
        <line num="117" count="1" type="stmt"/>
        <line num="122" count="14" type="stmt"/>
        <line num="123" count="4" type="cond" truecount="1" falsecount="1"/>
        <line num="126" count="14" type="stmt"/>
        <line num="127" count="2" type="cond" truecount="1" falsecount="1"/>
        <line num="128" count="2" type="stmt"/>
        <line num="129" count="2" type="stmt"/>
        <line num="134" count="2" type="stmt"/>
        <line num="137" count="14" type="stmt"/>
        <line num="138" count="4" type="cond" truecount="1" falsecount="1"/>
        <line num="139" count="4" type="cond" truecount="3" falsecount="1"/>
        <line num="141" count="4" type="cond" truecount="2" falsecount="0"/>
        <line num="144" count="14" type="stmt"/>
        <line num="145" count="7" type="cond" truecount="1" falsecount="1"/>
        <line num="149" count="14" type="cond" truecount="2" falsecount="0"/>
        <line num="150" count="1" type="stmt"/>
        <line num="154" count="2" type="cond" truecount="1" falsecount="2"/>
        <line num="157" count="2" type="stmt"/>
        <line num="161" count="2" type="cond" truecount="1" falsecount="1"/>
        <line num="162" count="2" type="cond" truecount="1" falsecount="1"/>
        <line num="163" count="2" type="stmt"/>
        <line num="172" count="0" type="stmt"/>
        <line num="180" count="0" type="stmt"/>
        <line num="188" count="0" type="stmt"/>
        <line num="189" count="0" type="stmt"/>
        <line num="198" count="0" type="stmt"/>
        <line num="210" count="0" type="stmt"/>
        <line num="220" count="0" type="cond" truecount="0" falsecount="3"/>
        <line num="221" count="0" type="stmt"/>
        <line num="222" count="0" type="stmt"/>
        <line num="283" count="13" type="stmt"/>
        <line num="299" count="21" type="stmt"/>
        <line num="305" count="1" type="stmt"/>
        <line num="315" count="0" type="cond" truecount="0" falsecount="3"/>
        <line num="316" count="0" type="stmt"/>
        <line num="317" count="0" type="stmt"/>
        <line num="330" count="0" type="cond" truecount="0" falsecount="3"/>
        <line num="331" count="0" type="stmt"/>
        <line num="332" count="0" type="stmt"/>
        <line num="360" count="4" type="stmt"/>
        <line num="369" count="0" type="stmt"/>
        <line num="374" count="1" type="stmt"/>
        <line num="383" count="1" type="stmt"/>
        <line num="384" count="1" type="stmt"/>
        <line num="394" count="2" type="stmt"/>
        <line num="431" count="0" type="stmt"/>
        <line num="441" count="0" type="cond" truecount="0" falsecount="3"/>
        <line num="442" count="0" type="stmt"/>
        <line num="443" count="0" type="stmt"/>
        <line num="476" count="0" type="stmt"/>
        <line num="477" count="0" type="stmt"/>
      </file>
      <file name="MentorCard.jsx" path="D:\myProject\Team Project\FE-Teammy\src\components\common\my-group\MentorCard.jsx">
        <metrics statements="1" coveredstatements="1" conditionals="4" coveredconditionals="4" methods="1" coveredmethods="1"/>
        <line num="5" count="2" type="stmt"/>
      </file>
      <file name="OverviewSection.jsx" path="D:\myProject\Team Project\FE-Teammy\src\components\common\my-group\OverviewSection.jsx">
        <metrics statements="27" coveredstatements="23" conditionals="54" coveredconditionals="31" methods="6" coveredmethods="6"/>
        <line num="13" count="4" type="stmt"/>
        <line num="14" count="2" type="cond" truecount="1" falsecount="1"/>
        <line num="15" count="2" type="cond" truecount="2" falsecount="0"/>
        <line num="16" count="1" type="stmt"/>
        <line num="18" count="1" type="cond" truecount="1" falsecount="1"/>
        <line num="19" count="0" type="stmt"/>
        <line num="21" count="1" type="cond" truecount="1" falsecount="1"/>
        <line num="22" count="0" type="stmt"/>
        <line num="24" count="1" type="cond" truecount="1" falsecount="1"/>
        <line num="25" count="0" type="stmt"/>
        <line num="27" count="1" type="cond" truecount="1" falsecount="1"/>
        <line num="28" count="0" type="stmt"/>
        <line num="30" count="1" type="stmt"/>
        <line num="33" count="4" type="stmt"/>
        <line num="34" count="2" type="cond" truecount="1" falsecount="1"/>
        <line num="35" count="2" type="stmt"/>
        <line num="37" count="4" type="stmt"/>
        <line num="62" count="3" type="cond" truecount="1" falsecount="1"/>
        <line num="65" count="3" type="cond" truecount="1" falsecount="1"/>
        <line num="66" count="3" type="stmt"/>
        <line num="67" count="3" type="stmt"/>
        <line num="68" count="6" type="stmt"/>
        <line num="71" count="3" type="stmt"/>
        <line num="110" count="2" type="cond" truecount="2" falsecount="1"/>
        <line num="111" count="2" type="cond" truecount="1" falsecount="1"/>
        <line num="112" count="2" type="stmt"/>
        <line num="113" count="2" type="stmt"/>
      </file>
      <file name="PendingList.jsx" path="D:\myProject\Team Project\FE-Teammy\src\components\common\my-group\PendingList.jsx">
        <metrics statements="0" coveredstatements="0" conditionals="0" coveredconditionals="0" methods="0" coveredmethods="0"/>
      </file>
      <file name="ProgressCard.jsx" path="D:\myProject\Team Project\FE-Teammy\src\components\common\my-group\ProgressCard.jsx">
        <metrics statements="2" coveredstatements="2" conditionals="3" coveredconditionals="2" methods="1" coveredmethods="1"/>
        <line num="6" count="2" type="stmt"/>
        <line num="7" count="2" type="stmt"/>
      </file>
      <file name="RecentActivityCard.jsx" path="D:\myProject\Team Project\FE-Teammy\src\components\common\my-group\RecentActivityCard.jsx">
        <metrics statements="17" coveredstatements="13" conditionals="41" coveredconditionals="25" methods="6" coveredmethods="6"/>
        <line num="5" count="1" type="stmt"/>
        <line num="6" count="3" type="cond" truecount="1" falsecount="1"/>
        <line num="7" count="3" type="cond" truecount="2" falsecount="5"/>
        <line num="9" count="0" type="stmt"/>
        <line num="12" count="0" type="stmt"/>
        <line num="14" count="0" type="stmt"/>
        <line num="17" count="3" type="stmt"/>
        <line num="19" count="0" type="stmt"/>
        <line num="24" count="4" type="stmt"/>
        <line num="26" count="4" type="cond" truecount="1" falsecount="0"/>
        <line num="27" count="3" type="cond" truecount="4" falsecount="0"/>
        <line num="28" count="2" type="stmt"/>
        <line num="29" count="2" type="stmt"/>
        <line num="33" count="6" type="stmt"/>
        <line num="43" count="6" type="cond" truecount="1" falsecount="1"/>
        <line num="50" count="4" type="stmt"/>
        <line num="69" count="3" type="cond" truecount="1" falsecount="2"/>
      </file>
      <file name="SelectTopicModal.jsx" path="D:\myProject\Team Project\FE-Teammy\src\components\common\my-group\SelectTopicModal.jsx">
        <metrics statements="57" coveredstatements="52" conditionals="84" coveredconditionals="54" methods="13" coveredmethods="12"/>
        <line num="14" count="13" type="stmt"/>
        <line num="15" count="13" type="stmt"/>
        <line num="16" count="13" type="stmt"/>
        <line num="17" count="13" type="cond" truecount="2" falsecount="0"/>
        <line num="19" count="13" type="stmt"/>
        <line num="20" count="5" type="stmt"/>
        <line num="22" count="5" type="stmt"/>
        <line num="23" count="4" type="cond" truecount="1" falsecount="1"/>
        <line num="25" count="4" type="stmt"/>
        <line num="26" count="4" type="cond" truecount="1" falsecount="1"/>
        <line num="27" count="4" type="stmt"/>
        <line num="28" count="2" type="cond" truecount="2" falsecount="1"/>
        <line num="29" count="2" type="cond" truecount="1" falsecount="1"/>
        <line num="30" count="2" type="stmt"/>
        <line num="32" count="4" type="cond" truecount="1" falsecount="3"/>
        <line num="36" count="2" type="cond" truecount="1" falsecount="1"/>
        <line num="38" count="1" type="cond" truecount="1" falsecount="1"/>
        <line num="40" count="3" type="cond" truecount="1" falsecount="1"/>
        <line num="44" count="5" type="cond" truecount="2" falsecount="0"/>
        <line num="45" count="4" type="stmt"/>
        <line num="46" count="4" type="cond" truecount="2" falsecount="0"/>
        <line num="49" count="5" type="stmt"/>
        <line num="50" count="5" type="stmt"/>
        <line num="54" count="13" type="stmt"/>
        <line num="56" count="5" type="cond" truecount="4" falsecount="0"/>
        <line num="59" count="4" type="cond" truecount="4" falsecount="0"/>
        <line num="61" count="3" type="stmt"/>
        <line num="62" count="3" type="cond" truecount="1" falsecount="2"/>
        <line num="63" count="3" type="cond" truecount="2" falsecount="0"/>
        <line num="64" count="3" type="cond" truecount="1" falsecount="1"/>
        <line num="67" count="13" type="stmt"/>
        <line num="68" count="1" type="cond" truecount="1" falsecount="1"/>
        <line num="69" count="1" type="stmt"/>
        <line num="70" count="1" type="cond" truecount="1" falsecount="1"/>
        <line num="71" count="1" type="stmt"/>
        <line num="75" count="1" type="cond" truecount="3" falsecount="2"/>
        <line num="76" count="0" type="stmt"/>
        <line num="80" count="0" type="stmt"/>
        <line num="83" count="1" type="stmt"/>
        <line num="84" count="1" type="stmt"/>
        <line num="91" count="13" type="cond" truecount="2" falsecount="0"/>
        <line num="93" count="12" type="stmt"/>
        <line num="94" count="1" type="cond" truecount="1" falsecount="1"/>
        <line num="95" count="0" type="stmt"/>
        <line num="99" count="69" type="cond" truecount="1" falsecount="1"/>
        <line num="101" count="12" type="stmt"/>
        <line num="135" count="0" type="stmt"/>
        <line num="153" count="3" type="cond" truecount="1" falsecount="2"/>
        <line num="155" count="3" type="cond" truecount="1" falsecount="1"/>
        <line num="158" count="3" type="cond" truecount="1" falsecount="1"/>
        <line num="159" count="3" type="stmt"/>
        <line num="160" count="3" type="stmt"/>
        <line num="165" count="1" type="stmt"/>
        <line num="166" count="1" type="stmt"/>
        <line num="167" count="1" type="cond" truecount="1" falsecount="1"/>
        <line num="169" count="0" type="stmt"/>
        <line num="172" count="1" type="stmt"/>
      </file>
      <file name="TabSwitcher.jsx" path="D:\myProject\Team Project\FE-Teammy\src\components\common\my-group\TabSwitcher.jsx">
        <metrics statements="3" coveredstatements="3" conditionals="2" coveredconditionals="2" methods="3" coveredmethods="3"/>
        <line num="4" count="2" type="stmt"/>
        <line num="7" count="4" type="stmt"/>
        <line num="9" count="1" type="stmt"/>
      </file>
    </package>
    <package name="components.common.my-groups">
      <metrics statements="42" coveredstatements="40" conditionals="84" coveredconditionals="60" methods="20" coveredmethods="19"/>
      <file name="CreateGroupModal.jsx" path="D:\myProject\Team Project\FE-Teammy\src\components\common\my-groups\CreateGroupModal.jsx">
        <metrics statements="42" coveredstatements="40" conditionals="84" coveredconditionals="60" methods="20" coveredmethods="19"/>
        <line num="17" count="13" type="stmt"/>
        <line num="19" count="13" type="stmt"/>
        <line num="20" count="12" type="cond" truecount="2" falsecount="0"/>
        <line num="21" count="1" type="stmt"/>
        <line num="22" count="4" type="stmt"/>
        <line num="26" count="13" type="stmt"/>
        <line num="27" count="2" type="cond" truecount="1" falsecount="1"/>
        <line num="28" count="2" type="stmt"/>
        <line num="30" count="2" type="cond" truecount="2" falsecount="0"/>
        <line num="31" count="1" type="stmt"/>
        <line num="33" count="1" type="stmt"/>
        <line num="36" count="1" type="stmt"/>
        <line num="40" count="13" type="stmt"/>
        <line num="41" count="22" type="stmt"/>
        <line num="48" count="22" type="cond" truecount="1" falsecount="1"/>
        <line num="51" count="13" type="stmt"/>
        <line num="53" count="18" type="stmt"/>
        <line num="54" count="18" type="stmt"/>
        <line num="56" count="18" type="cond" truecount="2" falsecount="0"/>
        <line num="58" count="1" type="stmt"/>
        <line num="66" count="1" type="cond" truecount="1" falsecount="1"/>
        <line num="69" count="13" type="cond" truecount="2" falsecount="0"/>
        <line num="71" count="12" type="stmt"/>
        <line num="72" count="9" type="cond" truecount="3" falsecount="1"/>
        <line num="73" count="0" type="stmt"/>
        <line num="77" count="12" type="stmt"/>
        <line num="113" count="4" type="stmt"/>
        <line num="134" count="4" type="stmt"/>
        <line num="151" count="1" type="stmt"/>
        <line num="183" count="1" type="stmt"/>
        <line num="184" count="1" type="stmt"/>
        <line num="190" count="1" type="stmt"/>
        <line num="191" count="1" type="stmt"/>
        <line num="207" count="0" type="stmt"/>
        <line num="217" count="60" type="stmt"/>
        <line num="218" count="120" type="stmt"/>
        <line num="220" count="60" type="cond" truecount="2" falsecount="0"/>
        <line num="221" count="18" type="stmt"/>
        <line num="225" count="1" type="stmt"/>
        <line num="250" count="22" type="cond" truecount="1" falsecount="1"/>
        <line num="253" count="22" type="stmt"/>
        <line num="265" count="1" type="cond" truecount="2" falsecount="0"/>
      </file>
    </package>
    <package name="components.common.workspace">
      <metrics statements="336" coveredstatements="305" conditionals="706" coveredconditionals="382" methods="107" coveredmethods="92"/>
      <file name="BacklogTab.jsx" path="D:\myProject\Team Project\FE-Teammy\src\components\common\workspace\BacklogTab.jsx">
        <metrics statements="158" coveredstatements="140" conditionals="316" coveredconditionals="153" methods="53" coveredmethods="49"/>
        <line num="16" count="1" type="stmt"/>
        <line num="27" count="1" type="stmt"/>
        <line num="33" count="1" type="stmt"/>
        <line num="39" count="1" type="stmt"/>
        <line num="45" count="1" type="cond" truecount="0" falsecount="1"/>
        <line num="46" count="76" type="stmt"/>
        <line num="48" count="1" type="stmt"/>
        <line num="49" count="65" type="cond" truecount="1" falsecount="1"/>
        <line num="50" count="65" type="stmt"/>
        <line num="51" count="65" type="cond" truecount="1" falsecount="1"/>
        <line num="54" count="1" type="stmt"/>
        <line num="55" count="69" type="cond" truecount="1" falsecount="4"/>
        <line num="64" count="87" type="stmt"/>
        <line num="65" count="87" type="stmt"/>
        <line num="66" count="87" type="stmt"/>
        <line num="67" count="87" type="stmt"/>
        <line num="68" count="87" type="stmt"/>
        <line num="69" count="87" type="stmt"/>
        <line num="70" count="87" type="stmt"/>
        <line num="72" count="87" type="stmt"/>
        <line num="73" count="10" type="stmt"/>
        <line num="74" count="10" type="cond" truecount="1" falsecount="1"/>
        <line num="76" count="10" type="cond" truecount="1" falsecount="5"/>
        <line num="77" count="10" type="cond" truecount="1" falsecount="1"/>
        <line num="79" count="10" type="stmt"/>
        <line num="82" count="87" type="stmt"/>
        <line num="84" count="20" type="cond" truecount="1" falsecount="1"/>
        <line num="91" count="87" type="stmt"/>
        <line num="92" count="10" type="cond" truecount="1" falsecount="1"/>
        <line num="93" count="10" type="stmt"/>
        <line num="94" count="10" type="cond" truecount="1" falsecount="1"/>
        <line num="95" count="10" type="cond" truecount="2" falsecount="0"/>
        <line num="97" count="10" type="cond" truecount="1" falsecount="1"/>
        <line num="100" count="87" type="stmt"/>
        <line num="101" count="10" type="cond" truecount="3" falsecount="1"/>
        <line num="102" count="10" type="stmt"/>
        <line num="103" count="10" type="stmt"/>
        <line num="106" count="87" type="stmt"/>
        <line num="107" count="14" type="cond" truecount="1" falsecount="1"/>
        <line num="108" count="14" type="stmt"/>
        <line num="109" count="14" type="stmt"/>
        <line num="110" count="14" type="stmt"/>
        <line num="111" count="13" type="cond" truecount="1" falsecount="1"/>
        <line num="112" count="13" type="stmt"/>
        <line num="113" count="13" type="cond" truecount="1" falsecount="1"/>
        <line num="114" count="0" type="cond" truecount="0" falsecount="2"/>
        <line num="115" count="0" type="cond" truecount="0" falsecount="2"/>
[...]
        <line num="225" count="0" type="stmt"/>
        <line num="226" count="0" type="stmt"/>
        <line num="227" count="0" type="cond" truecount="0" falsecount="2"/>
        <line num="228" count="0" type="cond" truecount="0" falsecount="2"/>
        <line num="229" count="0" type="cond" truecount="0" falsecount="3"/>
        <line num="230" count="0" type="stmt"/>
        <line num="231" count="0" type="stmt"/>
        <line num="237" count="0" type="stmt"/>
        <line num="240" count="14" type="cond" truecount="2" falsecount="0"/>
        <line num="241" count="1" type="stmt"/>
        <line num="248" count="13" type="cond" truecount="4" falsecount="0"/>
        <line num="249" count="1" type="stmt"/>
        <line num="256" count="12" type="cond" truecount="2" falsecount="0"/>
        <line num="257" count="12" type="cond" truecount="1" falsecount="1"/>
        <line num="258" count="12" type="stmt"/>
        <line num="261" count="4" type="cond" truecount="3" falsecount="0"/>
        <line num="266" count="12" type="cond" truecount="2" falsecount="0"/>
        <line num="268" count="0" type="cond" truecount="0" falsecount="4"/>
        <line num="271" count="12" type="stmt"/>
        <line num="277" count="12" type="stmt"/>
        <line num="285" count="36" type="stmt"/>
        <line num="287" count="4" type="stmt"/>
        <line num="328" count="9" type="stmt"/>
        <line num="371" count="0" type="stmt"/>
        <line num="448" count="0" type="stmt"/>
        <line num="459" count="0" type="stmt"/>
        <line num="467" count="0" type="stmt"/>
        <line num="490" count="0" type="stmt"/>
        <line num="500" count="0" type="stmt"/>
        <line num="507" count="5" type="stmt"/>
        <line num="514" count="0" type="stmt"/>
        <line num="521" count="0" type="stmt"/>
        <line num="549" count="3" type="stmt"/>
        <line num="553" count="3" type="cond" truecount="2" falsecount="0"/>
        <line num="556" count="3" type="stmt"/>
        <line num="565" count="0" type="stmt"/>
        <line num="575" count="0" type="stmt"/>
        <line num="588" count="0" type="stmt"/>
        <line num="598" count="0" type="cond" truecount="0" falsecount="3"/>
        <line num="601" count="0" type="stmt"/>
        <line num="602" count="0" type="stmt"/>
        <line num="607" count="0" type="stmt"/>
        <line num="615" count="0" type="stmt"/>
        <line num="622" count="0" type="stmt"/>
        <line num="665" count="0" type="stmt"/>
        <line num="691" count="0" type="stmt"/>
        <line num="698" count="0" type="stmt"/>
        <line num="699" count="0" type="stmt"/>
        <line num="709" count="0" type="stmt"/>
        <line num="710" count="0" type="stmt"/>
      </file>
    </package>
    <package name="services">
      <metrics statements="74" coveredstatements="8" conditionals="21" coveredconditionals="0" methods="64" coveredmethods="0"/>
      <file name="ai.service.js" path="D:\myProject\Team Project\FE-Teammy\src\services\ai.service.js">
        <metrics statements="9" coveredstatements="1" conditionals="0" coveredconditionals="0" methods="8" coveredmethods="0"/>
        <line num="4" count="1" type="stmt"/>
        <line num="7" count="0" type="stmt"/>
        <line num="16" count="0" type="stmt"/>
        <line num="25" count="0" type="stmt"/>
        <line num="34" count="0" type="stmt"/>
        <line num="43" count="0" type="stmt"/>
        <line num="52" count="0" type="stmt"/>
        <line num="61" count="0" type="stmt"/>
        <line num="70" count="0" type="stmt"/>
      </file>
      <file name="auth.service.js" path="D:\myProject\Team Project\FE-Teammy\src\services\auth.service.js">
        <metrics statements="4" coveredstatements="1" conditionals="1" coveredconditionals="0" methods="3" coveredmethods="0"/>
        <line num="5" count="4" type="stmt"/>
        <line num="7" count="0" type="stmt"/>
        <line num="14" count="0" type="stmt"/>
        <line num="20" count="0" type="stmt"/>
      </file>
      <file name="board.service.js" path="D:\myProject\Team Project\FE-Teammy\src\services\board.service.js">
        <metrics statements="20" coveredstatements="1" conditionals="1" coveredconditionals="0" methods="19" coveredmethods="0"/>
        <line num="4" count="2" type="stmt"/>
        <line num="6" count="0" type="stmt"/>
        <line num="13" count="0" type="stmt"/>
        <line num="21" count="0" type="stmt"/>
        <line num="29" count="0" type="stmt"/>
        <line num="36" count="0" type="stmt"/>
        <line num="44" count="0" type="stmt"/>
        <line num="52" count="0" type="stmt"/>
        <line num="59" count="0" type="stmt"/>
        <line num="67" count="0" type="stmt"/>
        <line num="75" count="0" type="stmt"/>
        <line num="82" count="0" type="stmt"/>
        <line num="90" count="0" type="stmt"/>
        <line num="98" count="0" type="stmt"/>
        <line num="105" count="0" type="stmt"/>
        <line num="112" count="0" type="stmt"/>
        <line num="119" count="0" type="stmt"/>
        <line num="127" count="0" type="stmt"/>
        <line num="134" count="0" type="stmt"/>
        <line num="142" count="0" type="stmt"/>
      </file>
      <file name="group.service.js" path="D:\myProject\Team Project\FE-Teammy\src\services\group.service.js">
        <metrics statements="20" coveredstatements="1" conditionals="4" coveredconditionals="0" methods="19" coveredmethods="0"/>
        <line num="4" count="3" type="stmt"/>
        <line num="6" count="0" type="stmt"/>
        <line num="13" count="0" type="stmt"/>
        <line num="21" count="0" type="stmt"/>
        <line num="28" count="0" type="stmt"/>
        <line num="34" count="0" type="stmt"/>
        <line num="41" count="0" type="stmt"/>
        <line num="50" count="0" type="stmt"/>
        <line num="57" count="0" type="stmt"/>
        <line num="64" count="0" type="stmt"/>
        <line num="71" count="0" type="stmt"/>
        <line num="79" count="0" type="stmt"/>
        <line num="88" count="0" type="stmt"/>
        <line num="95" count="0" type="stmt"/>
        <line num="104" count="0" type="stmt"/>
        <line num="111" count="0" type="stmt"/>
        <line num="118" count="0" type="stmt"/>
        <line num="125" count="0" type="stmt"/>
        <line num="133" count="0" type="stmt"/>
        <line num="141" count="0" type="stmt"/>
      </file>
      <file name="major.service.js" path="D:\myProject\Team Project\FE-Teammy\src\services\major.service.js">
        <metrics statements="2" coveredstatements="1" conditionals="1" coveredconditionals="0" methods="1" coveredmethods="0"/>
        <line num="4" count="1" type="stmt"/>
        <line num="6" count="0" type="stmt"/>
      </file>
      <file name="report.service.js" path="D:\myProject\Team Project\FE-Teammy\src\services\report.service.js">
        <metrics statements="2" coveredstatements="1" conditionals="1" coveredconditionals="0" methods="1" coveredmethods="0"/>
        <line num="4" count="1" type="stmt"/>
        <line num="6" count="0" type="stmt"/>
      </file>
      <file name="skill.service.js" path="D:\myProject\Team Project\FE-Teammy\src\services\skill.service.js">
        <metrics statements="6" coveredstatements="1" conditionals="6" coveredconditionals="0" methods="5" coveredmethods="0"/>
        <line num="5" count="1" type="stmt"/>
        <line num="7" count="0" type="stmt"/>
        <line num="15" count="0" type="stmt"/>
        <line num="23" count="0" type="stmt"/>
        <line num="30" count="0" type="stmt"/>
        <line num="38" count="0" type="stmt"/>
      </file>
      <file name="topic.service.js" path="D:\myProject\Team Project\FE-Teammy\src\services\topic.service.js">
        <metrics statements="11" coveredstatements="1" conditionals="7" coveredconditionals="0" methods="8" coveredmethods="0"/>
        <line num="4" count="2" type="stmt"/>
        <line num="6" count="0" type="stmt"/>
        <line num="14" count="0" type="stmt"/>
        <line num="22" count="0" type="stmt"/>
        <line num="29" count="0" type="stmt"/>
        <line num="37" count="0" type="stmt"/>
        <line num="44" count="0" type="stmt"/>
        <line num="54" count="0" type="stmt"/>
        <line num="65" count="0" type="stmt"/>
        <line num="66" count="0" type="stmt"/>
        <line num="67" count="0" type="stmt"/>
      </file>
    </package>
    <package name="translations">
      <metrics statements="3" coveredstatements="2" conditionals="3" coveredconditionals="0" methods="1" coveredmethods="0"/>
      <file name="index.js" path="D:\myProject\Team Project\FE-Teammy\src\translations\index.js">
        <metrics statements="3" coveredstatements="2" conditionals="3" coveredconditionals="0" methods="1" coveredmethods="0"/>
        <line num="1" count="2" type="stmt"/>
        <line num="2124" count="2" type="cond" truecount="0" falsecount="1"/>
        <line num="2125" count="0" type="cond" truecount="0" falsecount="2"/>
      </file>
    </package>
    <package name="utils">
      <metrics statements="156" coveredstatements="148" conditionals="288" coveredconditionals="216" methods="35" coveredmethods="33"/>
      <file name="download.js" path="D:\myProject\Team Project\FE-Teammy\src\utils\download.js">
        <metrics statements="21" coveredstatements="21" conditionals="15" coveredconditionals="14" methods="1" coveredmethods="1"/>
        <line num="3" count="7" type="stmt"/>
        <line num="4" count="7" type="cond" truecount="2" falsecount="0"/>
        <line num="9" count="3" type="stmt"/>
        <line num="10" count="3" type="cond" truecount="4" falsecount="0"/>
        <line num="11" count="1" type="stmt"/>
        <line num="12" count="1" type="stmt"/>
        <line num="18" count="2" type="stmt"/>
        <line num="19" count="2" type="cond" truecount="4" falsecount="0"/>
        <line num="20" count="1" type="stmt"/>
        <line num="22" count="1" type="stmt"/>
        <line num="23" count="1" type="stmt"/>
        <line num="24" count="1" type="cond" truecount="1" falsecount="1"/>
        <line num="31" count="7" type="cond" truecount="2" falsecount="0"/>
        <line num="32" count="7" type="stmt"/>
        <line num="33" count="7" type="stmt"/>
        <line num="34" count="7" type="stmt"/>
        <line num="35" count="7" type="stmt"/>
        <line num="36" count="7" type="stmt"/>
        <line num="37" count="7" type="stmt"/>
        <line num="38" count="7" type="stmt"/>
        <line num="39" count="7" type="stmt"/>
      </file>
      <file name="group.utils.js" path="D:\myProject\Team Project\FE-Teammy\src\utils\group.utils.js">
        <metrics statements="47" coveredstatements="42" conditionals="149" coveredconditionals="120" methods="8" coveredmethods="8"/>
        <line num="2" count="2" type="cond" truecount="0" falsecount="1"/>
        <line num="3" count="51" type="cond" truecount="2" falsecount="0"/>
        <line num="8" count="51" type="cond" truecount="2" falsecount="0"/>
        <line num="11" count="51" type="stmt"/>
        <line num="14" count="2" type="cond" truecount="0" falsecount="1"/>
        <line num="15" count="49" type="cond" truecount="2" falsecount="0"/>
        <line num="16" count="49" type="cond" truecount="2" falsecount="0"/>
        <line num="19" count="49" type="cond" truecount="7" falsecount="2"/>
        <line num="25" count="49" type="stmt"/>
        <line num="27" count="1" type="cond" truecount="2" falsecount="4"/>
        <line num="33" count="1" type="stmt"/>
        <line num="56" count="49" type="stmt"/>
        <line num="57" count="49" type="stmt"/>
        <line num="66" count="49" type="stmt"/>
        <line num="67" count="290" type="cond" truecount="4" falsecount="0"/>
        <line num="68" count="1" type="stmt"/>
        <line num="69" count="1" type="cond" truecount="3" falsecount="1"/>
        <line num="71" count="48" type="cond" truecount="2" falsecount="0"/>
        <line num="72" count="47" type="stmt"/>
        <line num="75" count="49" type="stmt"/>
        <line num="77" count="49" type="stmt"/>
        <line num="114" count="3" type="stmt"/>
        <line num="120" count="2" type="cond" truecount="0" falsecount="1"/>
        <line num="121" count="2" type="cond" truecount="3" falsecount="0"/>
        <line num="122" count="2" type="stmt"/>
        <line num="140" count="2" type="stmt"/>
        <line num="141" count="2" type="cond" truecount="4" falsecount="0"/>
        <line num="142" count="1" type="stmt"/>
        <line num="145" count="1" type="stmt"/>
        <line num="146" count="1" type="stmt"/>
        <line num="149" count="1" type="cond" truecount="1" falsecount="1"/>
        <line num="153" count="1" type="stmt"/>
        <line num="155" count="2" type="stmt"/>
        <line num="156" count="2" type="cond" truecount="1" falsecount="1"/>
        <line num="157" count="2" type="stmt"/>
        <line num="158" count="0" type="cond" truecount="0" falsecount="4"/>
        <line num="159" count="0" type="stmt"/>
        <line num="160" count="0" type="cond" truecount="0" falsecount="2"/>
        <line num="161" count="0" type="stmt"/>
        <line num="164" count="2" type="stmt"/>
        <line num="165" count="2" type="stmt"/>
        <line num="167" count="2" type="cond" truecount="2" falsecount="0"/>
        <line num="168" count="1" type="stmt"/>
        <line num="172" count="1" type="cond" truecount="1" falsecount="1"/>
        <line num="173" count="0" type="stmt"/>
        <line num="176" count="1" type="stmt"/>
        <line num="177" count="1" type="stmt"/>
      </file>
      <file name="helpers.js" path="D:\myProject\Team Project\FE-Teammy\src\utils\helpers.js">
        <metrics statements="45" coveredstatements="42" conditionals="77" coveredconditionals="43" methods="11" coveredmethods="9"/>
        <line num="5" count="75" type="cond" truecount="2" falsecount="0"/>
        <line num="6" count="2" type="cond" truecount="2" falsecount="0"/>
        <line num="7" count="1" type="cond" truecount="1" falsecount="1"/>
        <line num="8" count="1" type="cond" truecount="1" falsecount="1"/>
        <line num="9" count="1" type="cond" truecount="1" falsecount="1"/>
        <line num="10" count="1" type="stmt"/>
        <line num="15" count="3" type="stmt"/>
        <line num="16" count="3" type="cond" truecount="2" falsecount="0"/>
        <line num="17" count="2" type="stmt"/>
        <line num="20" count="2" type="cond" truecount="2" falsecount="0"/>
        <line num="22" count="1" type="stmt"/>
        <line num="23" count="1" type="stmt"/>
        <line num="24" count="1" type="stmt"/>
        <line num="25" count="1" type="stmt"/>
        <line num="26" count="1" type="stmt"/>
        <line num="28" count="1" type="cond" truecount="1" falsecount="3"/>
        <line num="29" count="1" type="cond" truecount="1" falsecount="3"/>
        <line num="30" count="1" type="cond" truecount="1" falsecount="3"/>
        <line num="31" count="1" type="cond" truecount="1" falsecount="3"/>
        <line num="32" count="1" type="cond" truecount="2" falsecount="2"/>
        <line num="33" count="0" type="cond" truecount="0" falsecount="2"/>
        <line num="38" count="2" type="cond" truecount="2" falsecount="1"/>
        <line num="39" count="2" type="stmt"/>
        <line num="41" count="3" type="stmt"/>
        <line num="46" count="4" type="cond" truecount="4" falsecount="0"/>
        <line num="49" count="4" type="cond" truecount="2" falsecount="0"/>
        <line num="52" count="3" type="stmt"/>
        <line num="53" count="3" type="cond" truecount="2" falsecount="0"/>
        <line num="56" count="2" type="cond" truecount="4" falsecount="0"/>
        <line num="57" count="1" type="stmt"/>
        <line num="58" count="1" type="stmt"/>
        <line num="59" count="1" type="cond" truecount="1" falsecount="1"/>
        <line num="66" count="1" type="stmt"/>
        <line num="68" count="2" type="stmt"/>
        <line num="74" count="0" type="cond" truecount="0" falsecount="2"/>
        <line num="77" count="0" type="cond" truecount="0" falsecount="2"/>
        <line num="84" count="1" type="cond" truecount="1" falsecount="1"/>
        <line num="85" count="1" type="cond" truecount="2" falsecount="2"/>
        <line num="86" count="1" type="cond" truecount="1" falsecount="1"/>
        <line num="88" count="1" type="stmt"/>
        <line num="89" count="17" type="stmt"/>
        <line num="90" count="1" type="stmt"/>
        <line num="92" count="1" type="cond" truecount="1" falsecount="1"/>
        <line num="93" count="1" type="stmt"/>
        <line num="98" count="2" type="stmt"/>
      </file>
      <file name="kanbanHelpers.js" path="D:\myProject\Team Project\FE-Teammy\src\utils\kanbanHelpers.js">
        <metrics statements="6" coveredstatements="6" conditionals="9" coveredconditionals="7" methods="2" coveredmethods="2"/>
        <line num="3" count="3" type="stmt"/>
        <line num="10" count="3" type="stmt"/>
        <line num="19" count="3" type="stmt"/>
        <line num="29" count="124" type="cond" truecount="2" falsecount="0"/>
        <line num="37" count="124" type="stmt"/>
        <line num="41" count="124" type="stmt"/>
      </file>
      <file name="kanbanUtils.js" path="D:\myProject\Team Project\FE-Teammy\src\utils\kanbanUtils.js">
        <metrics statements="31" coveredstatements="31" conditionals="36" coveredconditionals="30" methods="10" coveredmethods="10"/>
        <line num="3" count="3" type="stmt"/>
        <line num="9" count="85" type="stmt"/>
        <line num="16" count="1" type="stmt"/>
        <line num="17" count="1" type="stmt"/>
        <line num="18" count="1" type="stmt"/>
        <line num="31" count="145" type="cond" truecount="0" falsecount="1"/>
        <line num="33" count="145" type="cond" truecount="4" falsecount="0"/>
        <line num="36" count="145" type="stmt"/>
        <line num="38" count="13" type="cond" truecount="3" falsecount="0"/>
        <line num="42" count="13" type="cond" truecount="3" falsecount="0"/>
        <line num="46" count="13" type="cond" truecount="3" falsecount="0"/>
        <line num="49" count="13" type="cond" truecount="3" falsecount="0"/>
        <line num="52" count="145" type="stmt"/>
        <line num="53" count="145" type="stmt"/>
        <line num="54" count="126" type="cond" truecount="1" falsecount="1"/>
        <line num="55" count="126" type="stmt"/>
        <line num="57" count="145" type="stmt"/>
        <line num="69" count="6" type="stmt"/>
        <line num="71" count="6" type="cond" truecount="2" falsecount="0"/>
        <line num="74" count="6" type="cond" truecount="5" falsecount="0"/>
        <line num="76" count="1" type="stmt"/>
        <line num="77" count="1" type="stmt"/>
        <line num="79" count="1" type="stmt"/>
        <line num="80" count="1" type="stmt"/>
        <line num="81" count="1" type="cond" truecount="1" falsecount="1"/>
        <line num="84" count="1" type="stmt"/>
        <line num="87" count="1" type="stmt"/>
        <line num="88" count="1" type="cond" truecount="1" falsecount="1"/>
        <line num="89" count="1" type="stmt"/>
        <line num="92" count="1" type="stmt"/>
        <line num="94" count="1" type="stmt"/>
      </file>
      <file name="localStorage.js" path="D:\myProject\Team Project\FE-Teammy\src\utils\localStorage.js">
        <metrics statements="6" coveredstatements="6" conditionals="2" coveredconditionals="2" methods="3" coveredmethods="3"/>
        <line num="1" count="1" type="stmt"/>
        <line num="2" count="2" type="cond" truecount="2" falsecount="0"/>
        <line num="5" count="1" type="stmt"/>
        <line num="6" count="1" type="stmt"/>
        <line num="9" count="1" type="stmt"/>
        <line num="10" count="1" type="stmt"/>
      </file>
    </package>
  </project>
</coverage>
