{"D:\\myProject\\Team Project\\FE-Teammy\\src\\components\\common\\kanban\\Column.jsx": {"path":"D:\\myProject\\Team Project\\FE-Teammy\\src\\components\\common\\kanban\\Column.jsx","statementMap":{"0":{"start":{"line":12,"column":15},"end":{"line":165,"column":1}},"1":{"start":{"line":22,"column":16},"end":{"line":22,"column":32}},"2":{"start":{"line":23,"column":44},"end":{"line":23,"column":59}},"3":{"start":{"line":24,"column":38},"end":{"line":24,"column":50}},"4":{"start":{"line":25,"column":34},"end":{"line":25,"column":49}},"5":{"start":{"line":26,"column":18},"end":{"line":26,"column":30}},"6":{"start":{"line":27,"column":33},"end":{"line":27,"column":53}},"7":{"start":{"line":28,"column":16},"end":{"line":28,"column":39}},"8":{"start":{"line":29,"column":19},"end":{"line":31,"column":10}},"9":{"start":{"line":33,"column":2},"end":{"line":43,"column":9}},"10":{"start":{"line":34,"column":31},"end":{"line":38,"column":5}},"11":{"start":{"line":35,"column":6},"end":{"line":37,"column":7}},"12":{"start":{"line":36,"column":8},"end":{"line":36,"column":27}},"13":{"start":{"line":39,"column":4},"end":{"line":39,"column":63}},"14":{"start":{"line":40,"column":4},"end":{"line":42,"column":6}},"15":{"start":{"line":41,"column":6},"end":{"line":41,"column":68}},"16":{"start":{"line":45,"column":2},"end":{"line":164,"column":4}},"17":{"start":{"line":64,"column":29},"end":{"line":64,"column":51}},"18":{"start":{"line":64,"column":48},"end":{"line":64,"column":50}},"19":{"start":{"line":75,"column":20},"end":{"line":75,"column":39}},"20":{"start":{"line":76,"column":20},"end":{"line":76,"column":43}},"21":{"start":{"line":86,"column":20},"end":{"line":86,"column":39}},"22":{"start":{"line":87,"column":20},"end":{"line":87,"column":61}},"23":{"start":{"line":87,"column":38},"end":{"line":87,"column":61}},"24":{"start":{"line":96,"column":20},"end":{"line":96,"column":39}},"25":{"start":{"line":97,"column":20},"end":{"line":97,"column":45}},"26":{"start":{"line":97,"column":34},"end":{"line":97,"column":45}},"27":{"start":{"line":111,"column":34},"end":{"line":111,"column":38}},"28":{"start":{"line":115,"column":12},"end":{"line":120,"column":14}},"29":{"start":{"line":131,"column":31},"end":{"line":131,"column":60}},"30":{"start":{"line":139,"column":18},"end":{"line":139,"column":49}},"31":{"start":{"line":139,"column":42},"end":{"line":139,"column":49}},"32":{"start":{"line":140,"column":18},"end":{"line":143,"column":21}},"33":{"start":{"line":144,"column":18},"end":{"line":144,"column":36}},"34":{"start":{"line":145,"column":18},"end":{"line":145,"column":42}},"35":{"start":{"line":153,"column":18},"end":{"line":153,"column":42}},"36":{"start":{"line":154,"column":18},"end":{"line":154,"column":36}}},"fnMap":{"0":{"name":"(anonymous_0)","decl":{"start":{"line":12,"column":15},"end":{"line":12,"column":16}},"loc":{"start":{"line":21,"column":6},"end":{"line":165,"column":1}},"line":21},"1":{"name":"(anonymous_1)","decl":{"start":{"line":33,"column":12},"end":{"line":33,"column":13}},"loc":{"start":{"line":33,"column":18},"end":{"line":43,"column":3}},"line":33},"2":{"name":"(anonymous_2)","decl":{"start":{"line":34,"column":31},"end":{"line":34,"column":32}},"loc":{"start":{"line":34,"column":42},"end":{"line":38,"column":5}},"line":34},"3":{"name":"(anonymous_3)","decl":{"start":{"line":40,"column":11},"end":{"line":40,"column":12}},"loc":{"start":{"line":40,"column":17},"end":{"line":42,"column":5}},"line":40},"4":{"name":"(anonymous_4)","decl":{"start":{"line":64,"column":23},"end":{"line":64,"column":24}},"loc":{"start":{"line":64,"column":29},"end":{"line":64,"column":51}},"line":64},"5":{"name":"(anonymous_5)","decl":{"start":{"line":64,"column":41},"end":{"line":64,"column":42}},"loc":{"start":{"line":64,"column":48},"end":{"line":64,"column":50}},"line":64},"6":{"name":"(anonymous_6)","decl":{"start":{"line":74,"column":27},"end":{"line":74,"column":28}},"loc":{"start":{"line":74,"column":33},"end":{"line":77,"column":19}},"line":74},"7":{"name":"(anonymous_7)","decl":{"start":{"line":85,"column":27},"end":{"line":85,"column":28}},"loc":{"start":{"line":85,"column":33},"end":{"line":88,"column":19}},"line":85},"8":{"name":"(anonymous_8)","decl":{"start":{"line":95,"column":27},"end":{"line":95,"column":28}},"loc":{"start":{"line":95,"column":33},"end":{"line":98,"column":19}},"line":95},"9":{"name":"(anonymous_9)","decl":{"start":{"line":111,"column":27},"end":{"line":111,"column":28}},"loc":{"start":{"line":111,"column":34},"end":{"line":111,"column":38}},"line":111},"10":{"name":"(anonymous_10)","decl":{"start":{"line":114,"column":21},"end":{"line":114,"column":22}},"loc":{"start":{"line":115,"column":12},"end":{"line":120,"column":14}},"line":115},"11":{"name":"(anonymous_11)","decl":{"start":{"line":131,"column":24},"end":{"line":131,"column":25}},"loc":{"start":{"line":131,"column":31},"end":{"line":131,"column":60}},"line":131},"12":{"name":"(anonymous_12)","decl":{"start":{"line":138,"column":25},"end":{"line":138,"column":26}},"loc":{"start":{"line":138,"column":31},"end":{"line":146,"column":17}},"line":138},"13":{"name":"(anonymous_13)","decl":{"start":{"line":152,"column":25},"end":{"line":152,"column":26}},"loc":{"start":{"line":152,"column":31},"end":{"line":155,"column":17}},"line":152}},"branchMap":{"0":{"loc":{"start":{"line":20,"column":2},"end":{"line":20,"column":17}},"type":"default-arg","locations":[{"start":{"line":20,"column":15},"end":{"line":20,"column":17}}],"line":20},"1":{"loc":{"start":{"line":28,"column":16},"end":{"line":28,"column":39}},"type":"binary-expr","locations":[{"start":{"line":28,"column":16},"end":{"line":28,"column":27}},{"start":{"line":28,"column":31},"end":{"line":28,"column":39}}],"line":28},"2":{"loc":{"start":{"line":29,"column":19},"end":{"line":31,"column":10}},"type":"cond-expr","locations":[{"start":{"line":30,"column":6},"end":{"line":30,"column":49}},{"start":{"line":31,"column":6},"end":{"line":31,"column":10}}],"line":29},"3":{"loc":{"start":{"line":35,"column":6},"end":{"line":37,"column":7}},"type":"if","locations":[{"start":{"line":35,"column":6},"end":{"line":37,"column":7}},{"start":{},"end":{}}],"line":35},"4":{"loc":{"start":{"line":35,"column":10},"end":{"line":35,"column":68}},"type":"binary-expr","locations":[{"start":{"line":35,"column":10},"end":{"line":35,"column":25}},{"start":{"line":35,"column":29},"end":{"line":35,"column":68}}],"line":35},"5":{"loc":{"start":{"line":49,"column":8},"end":{"line":49,"column":82}},"type":"cond-expr","locations":[{"start":{"line":49,"column":17},"end":{"line":49,"column":49}},{"start":{"line":49,"column":52},"end":{"line":49,"column":82}}],"line":49},"6":{"loc":{"start":{"line":55,"column":11},"end":{"line":57,"column":11}},"type":"binary-expr","locations":[{"start":{"line":55,"column":11},"end":{"line":55,"column":19}},{"start":{"line":56,"column":12},"end":{"line":56,"column":74}}],"line":55},"7":{"loc":{"start":{"line":70,"column":13},"end":{"line":104,"column":13}},"type":"binary-expr","locations":[{"start":{"line":70,"column":13},"end":{"line":70,"column":21}},{"start":{"line":71,"column":14},"end":{"line":103,"column":20}}],"line":70},"8":{"loc":{"start":{"line":81,"column":19},"end":{"line":81,"column":51}},"type":"binary-expr","locations":[{"start":{"line":81,"column":19},"end":{"line":81,"column":34}},{"start":{"line":81,"column":38},"end":{"line":81,"column":51}}],"line":81},"9":{"loc":{"start":{"line":87,"column":20},"end":{"line":87,"column":61}},"type":"if","locations":[{"start":{"line":87,"column":20},"end":{"line":87,"column":61}},{"start":{},"end":{}}],"line":87},"10":{"loc":{"start":{"line":91,"column":19},"end":{"line":91,"column":51}},"type":"binary-expr","locations":[{"start":{"line":91,"column":19},"end":{"line":91,"column":34}},{"start":{"line":91,"column":38},"end":{"line":91,"column":51}}],"line":91},"11":{"loc":{"start":{"line":97,"column":20},"end":{"line":97,"column":45}},"type":"if","locations":[{"start":{"line":97,"column":20},"end":{"line":97,"column":45}},{"start":{},"end":{}}],"line":97},"12":{"loc":{"start":{"line":101,"column":19},"end":{"line":101,"column":57}},"type":"binary-expr","locations":[{"start":{"line":101,"column":19},"end":{"line":101,"column":38}},{"start":{"line":101,"column":42},"end":{"line":101,"column":57}}],"line":101},"13":{"loc":{"start":{"line":125,"column":7},"end":{"line":162,"column":7}},"type":"binary-expr","locations":[{"start":{"line":125,"column":7},"end":{"line":125,"column":15}},{"start":{"line":125,"column":19},"end":{"line":125,"column":32}},{"start":{"line":126,"column":8},"end":{"line":161,"column":14}}],"line":125},"14":{"loc":{"start":{"line":132,"column":27},"end":{"line":132,"column":77}},"type":"binary-expr","locations":[{"start":{"line":132,"column":27},"end":{"line":132,"column":49}},{"start":{"line":132,"column":53},"end":{"line":132,"column":77}}],"line":132},"15":{"loc":{"start":{"line":139,"column":18},"end":{"line":139,"column":49}},"type":"if","locations":[{"start":{"line":139,"column":18},"end":{"line":139,"column":49}},{"start":{},"end":{}}],"line":139}},"s":{"0":1,"1":20,"2":20,"3":20,"4":20,"5":20,"6":20,"7":20,"8":20,"9":20,"10":5,"11":1,"12":1,"13":5,"14":5,"15":5,"16":20,"17":6,"18":6,"19":3,"20":3,"21":1,"22":1,"23":1,"24":1,"25":1,"26":1,"27":28,"28":28,"29":1,"30":1,"31":0,"32":1,"33":1,"34":1,"35":1,"36":1},"f":{"0":20,"1":5,"2":1,"3":5,"4":6,"5":6,"6":3,"7":1,"8":1,"9":28,"10":28,"11":1,"12":1,"13":1},"b":{"0":[0],"1":[20,0],"2":[1,19],"3":[1,0],"4":[1,1],"5":[0,20],"6":[20,1],"7":[20,6],"8":[6,0],"9":[1,0],"10":[6,0],"11":[1,0],"12":[6,0],"13":[20,18,8],"14":[8,0],"15":[0,1]},"_coverageSchema":"1a1c01bbd47fc00a2c39e90264f33305004495a9","hash":"7320dec146291bb30ad315d2c1383596f63c5216"}
,"D:\\myProject\\Team Project\\FE-Teammy\\src\\components\\common\\kanban\\TaskCard.jsx": {"path":"D:\\myProject\\Team Project\\FE-Teammy\\src\\components\\common\\kanban\\TaskCard.jsx","statementMap":{"0":{"start":{"line":11,"column":22},"end":{"line":15,"column":1}},"1":{"start":{"line":12,"column":2},"end":{"line":12,"column":27}},"2":{"start":{"line":12,"column":17},"end":{"line":12,"column":27}},"3":{"start":{"line":13,"column":2},"end":{"line":13,"column":52}},"4":{"start":{"line":13,"column":36},"end":{"line":13,"column":52}},"5":{"start":{"line":14,"column":2},"end":{"line":14,"column":64}},"6":{"start":{"line":17,"column":25},"end":{"line":28,"column":1}},"7":{"start":{"line":18,"column":2},"end":{"line":18,"column":27}},"8":{"start":{"line":18,"column":17},"end":{"line":18,"column":27}},"9":{"start":{"line":19,"column":2},"end":{"line":19,"column":52}},"10":{"start":{"line":19,"column":36},"end":{"line":19,"column":52}},"11":{"start":{"line":20,"column":2},"end":{"line":27,"column":4}},"12":{"start":{"line":30,"column":25},"end":{"line":36,"column":1}},"13":{"start":{"line":31,"column":2},"end":{"line":31,"column":23}},"14":{"start":{"line":31,"column":13},"end":{"line":31,"column":23}},"15":{"start":{"line":32,"column":2},"end":{"line":35,"column":15}},"16":{"start":{"line":34,"column":17},"end":{"line":34,"column":61}},"17":{"start":{"line":38,"column":17},"end":{"line":155,"column":1}},"18":{"start":{"line":46,"column":6},"end":{"line":46,"column":34}},"19":{"start":{"line":48,"column":16},"end":{"line":52,"column":3}},"20":{"start":{"line":54,"column":24},"end":{"line":54,"column":84}},"21":{"start":{"line":57,"column":25},"end":{"line":85,"column":3}},"22":{"start":{"line":58,"column":19},"end":{"line":58,"column":44}},"23":{"start":{"line":61,"column":4},"end":{"line":63,"column":5}},"24":{"start":{"line":62,"column":6},"end":{"line":62,"column":47}},"25":{"start":{"line":66,"column":23},"end":{"line":66,"column":102}},"26":{"start":{"line":66,"column":64},"end":{"line":66,"column":101}},"27":{"start":{"line":67,"column":28},"end":{"line":67,"column":49}},"28":{"start":{"line":68,"column":25},"end":{"line":68,"column":42}},"29":{"start":{"line":70,"column":4},"end":{"line":72,"column":5}},"30":{"start":{"line":71,"column":6},"end":{"line":71,"column":41}},"31":{"start":{"line":75,"column":27},"end":{"line":75,"column":64}},"32":{"start":{"line":75,"column":52},"end":{"line":75,"column":63}},"33":{"start":{"line":76,"column":30},"end":{"line":76,"column":93}},"34":{"start":{"line":76,"column":62},"end":{"line":76,"column":92}},"35":{"start":{"line":78,"column":4},"end":{"line":84,"column":5}},"36":{"start":{"line":79,"column":6},"end":{"line":79,"column":41}},"37":{"start":{"line":80,"column":11},"end":{"line":84,"column":5}},"38":{"start":{"line":81,"column":6},"end":{"line":81,"column":41}},"39":{"start":{"line":83,"column":6},"end":{"line":83,"column":45}},"40":{"start":{"line":86,"column":22},"end":{"line":86,"column":38}},"41":{"start":{"line":88,"column":19},"end":{"line":90,"column":10}},"42":{"start":{"line":91,"column":24},"end":{"line":91,"column":79}},"43":{"start":{"line":93,"column":2},"end":{"line":154,"column":4}},"44":{"start":{"line":100,"column":21},"end":{"line":100,"column":33}},"45":{"start":{"line":129,"column":28},"end":{"line":129,"column":70}},"46":{"start":{"line":130,"column":26},"end":{"line":130,"column":72}},"47":{"start":{"line":131,"column":14},"end":{"line":139,"column":16}}},"fnMap":{"0":{"name":"(anonymous_0)","decl":{"start":{"line":11,"column":22},"end":{"line":11,"column":23}},"loc":{"start":{"line":11,"column":36},"end":{"line":15,"column":1}},"line":11},"1":{"name":"(anonymous_1)","decl":{"start":{"line":17,"column":25},"end":{"line":17,"column":26}},"loc":{"start":{"line":17,"column":39},"end":{"line":28,"column":1}},"line":17},"2":{"name":"(anonymous_2)","decl":{"start":{"line":30,"column":25},"end":{"line":30,"column":26}},"loc":{"start":{"line":30,"column":35},"end":{"line":36,"column":1}},"line":30},"3":{"name":"(anonymous_3)","decl":{"start":{"line":34,"column":9},"end":{"line":34,"column":10}},"loc":{"start":{"line":34,"column":17},"end":{"line":34,"column":61}},"line":34},"4":{"name":"(anonymous_4)","decl":{"start":{"line":38,"column":17},"end":{"line":38,"column":18}},"loc":{"start":{"line":38,"column":56},"end":{"line":155,"column":1}},"line":38},"5":{"name":"(anonymous_5)","decl":{"start":{"line":57,"column":25},"end":{"line":57,"column":26}},"loc":{"start":{"line":57,"column":31},"end":{"line":85,"column":3}},"line":57},"6":{"name":"(anonymous_6)","decl":{"start":{"line":66,"column":54},"end":{"line":66,"column":55}},"loc":{"start":{"line":66,"column":64},"end":{"line":66,"column":101}},"line":66},"7":{"name":"(anonymous_7)","decl":{"start":{"line":75,"column":45},"end":{"line":75,"column":46}},"loc":{"start":{"line":75,"column":52},"end":{"line":75,"column":63}},"line":75},"8":{"name":"(anonymous_8)","decl":{"start":{"line":76,"column":55},"end":{"line":76,"column":56}},"loc":{"start":{"line":76,"column":62},"end":{"line":76,"column":92}},"line":76},"9":{"name":"(anonymous_9)","decl":{"start":{"line":100,"column":15},"end":{"line":100,"column":16}},"loc":{"start":{"line":100,"column":21},"end":{"line":100,"column":33}},"line":100},"10":{"name":"(anonymous_10)","decl":{"start":{"line":128,"column":52},"end":{"line":128,"column":53}},"loc":{"start":{"line":128,"column":73},"end":{"line":140,"column":13}},"line":128}},"branchMap":{"0":{"loc":{"start":{"line":12,"column":2},"end":{"line":12,"column":27}},"type":"if","locations":[{"start":{"line":12,"column":2},"end":{"line":12,"column":27}},{"start":{},"end":{}}],"line":12},"1":{"loc":{"start":{"line":13,"column":2},"end":{"line":13,"column":52}},"type":"if","locations":[{"start":{"line":13,"column":2},"end":{"line":13,"column":52}},{"start":{},"end":{}}],"line":13},"2":{"loc":{"start":{"line":14,"column":9},"end":{"line":14,"column":63}},"type":"binary-expr","locations":[{"start":{"line":14,"column":9},"end":{"line":14,"column":20}},{"start":{"line":14,"column":24},"end":{"line":14,"column":39}},{"start":{"line":14,"column":43},"end":{"line":14,"column":57}},{"start":{"line":14,"column":61},"end":{"line":14,"column":63}}],"line":14},"3":{"loc":{"start":{"line":18,"column":2},"end":{"line":18,"column":27}},"type":"if","locations":[{"start":{"line":18,"column":2},"end":{"line":18,"column":27}},{"start":{},"end":{}}],"line":18},"4":{"loc":{"start":{"line":19,"column":2},"end":{"line":19,"column":52}},"type":"if","locations":[{"start":{"line":19,"column":2},"end":{"line":19,"column":52}},{"start":{},"end":{}}],"line":19},"5":{"loc":{"start":{"line":21,"column":4},"end":{"line":26,"column":6}},"type":"binary-expr","locations":[{"start":{"line":21,"column":4},"end":{"line":21,"column":17}},{"start":{"line":22,"column":4},"end":{"line":22,"column":24}},{"start":{"line":23,"column":4},"end":{"line":23,"column":21}},{"start":{"line":24,"column":4},"end":{"line":24,"column":18}},{"start":{"line":25,"column":4},"end":{"line":25,"column":15}},{"start":{"line":26,"column":4},"end":{"line":26,"column":6}}],"line":21},"6":{"loc":{"start":{"line":31,"column":2},"end":{"line":31,"column":23}},"type":"if","locations":[{"start":{"line":31,"column":2},"end":{"line":31,"column":23}},{"start":{},"end":{}}],"line":31},"7":{"loc":{"start":{"line":38,"column":34},"end":{"line":38,"column":49}},"type":"default-arg","locations":[{"start":{"line":38,"column":47},"end":{"line":38,"column":49}}],"line":38},"8":{"loc":{"start":{"line":51,"column":13},"end":{"line":51,"column":33}},"type":"cond-expr","locations":[{"start":{"line":51,"column":26},"end":{"line":51,"column":29}},{"start":{"line":51,"column":32},"end":{"line":51,"column":33}}],"line":51},"9":{"loc":{"start":{"line":54,"column":24},"end":{"line":54,"column":84}},"type":"binary-expr","locations":[{"start":{"line":54,"column":24},"end":{"line":54,"column":53}},{"start":{"line":54,"column":57},"end":{"line":54,"column":84}}],"line":54},"10":{"loc":{"start":{"line":61,"column":4},"end":{"line":63,"column":5}},"type":"if","locations":[{"start":{"line":61,"column":4},"end":{"line":63,"column":5}},{"start":{},"end":{}}],"line":61},"11":{"loc":{"start":{"line":66,"column":65},"end":{"line":66,"column":80}},"type":"binary-expr","locations":[{"start":{"line":66,"column":65},"end":{"line":66,"column":75}},{"start":{"line":66,"column":79},"end":{"line":66,"column":80}}],"line":66},"12":{"loc":{"start":{"line":66,"column":85},"end":{"line":66,"column":100}},"type":"binary-expr","locations":[{"start":{"line":66,"column":85},"end":{"line":66,"column":95}},{"start":{"line":66,"column":99},"end":{"line":66,"column":100}}],"line":66},"13":{"loc":{"start":{"line":67,"column":28},"end":{"line":67,"column":49}},"type":"binary-expr","locations":[{"start":{"line":67,"column":28},"end":{"line":67,"column":44}},{"start":{"line":67,"column":48},"end":{"line":67,"column":49}}],"line":67},"14":{"loc":{"start":{"line":70,"column":4},"end":{"line":72,"column":5}},"type":"if","locations":[{"start":{"line":70,"column":4},"end":{"line":72,"column":5}},{"start":{},"end":{}}],"line":70},"15":{"loc":{"start":{"line":70,"column":8},"end":{"line":70,"column":76}},"type":"binary-expr","locations":[{"start":{"line":70,"column":8},"end":{"line":70,"column":29}},{"start":{"line":70,"column":33},"end":{"line":70,"column":76}}],"line":70},"16":{"loc":{"start":{"line":78,"column":4},"end":{"line":84,"column":5}},"type":"if","locations":[{"start":{"line":78,"column":4},"end":{"line":84,"column":5}},{"start":{"line":80,"column":11},"end":{"line":84,"column":5}}],"line":78},"17":{"loc":{"start":{"line":80,"column":11},"end":{"line":84,"column":5}},"type":"if","locations":[{"start":{"line":80,"column":11},"end":{"line":84,"column":5}},{"start":{"line":82,"column":11},"end":{"line":84,"column":5}}],"line":80},"18":{"loc":{"start":{"line":88,"column":19},"end":{"line":90,"column":10}},"type":"cond-expr","locations":[{"start":{"line":89,"column":6},"end":{"line":89,"column":49}},{"start":{"line":90,"column":6},"end":{"line":90,"column":10}}],"line":88},"19":{"loc":{"start":{"line":91,"column":24},"end":{"line":91,"column":79}},"type":"cond-expr","locations":[{"start":{"line":91,"column":55},"end":{"line":91,"column":75}},{"start":{"line":91,"column":78},"end":{"line":91,"column":79}}],"line":91},"20":{"loc":{"start":{"line":117,"column":28},"end":{"line":117,"column":73}},"type":"binary-expr","locations":[{"start":{"line":117,"column":28},"end":{"line":117,"column":58}},{"start":{"line":117,"column":62},"end":{"line":117,"column":73}}],"line":117},"21":{"loc":{"start":{"line":128,"column":14},"end":{"line":128,"column":34}},"type":"binary-expr","locations":[{"start":{"line":128,"column":14},"end":{"line":128,"column":28}},{"start":{"line":128,"column":32},"end":{"line":128,"column":34}}],"line":128},"22":{"loc":{"start":{"line":129,"column":28},"end":{"line":129,"column":70}},"type":"binary-expr","locations":[{"start":{"line":129,"column":28},"end":{"line":129,"column":54}},{"start":{"line":129,"column":58},"end":{"line":129,"column":70}}],"line":129},"23":{"loc":{"start":{"line":130,"column":26},"end":{"line":130,"column":72}},"type":"binary-expr","locations":[{"start":{"line":130,"column":26},"end":{"line":130,"column":49}},{"start":{"line":130,"column":53},"end":{"line":130,"column":72}}],"line":130},"24":{"loc":{"start":{"line":137,"column":28},"end":{"line":137,"column":40}},"type":"binary-expr","locations":[{"start":{"line":137,"column":28},"end":{"line":137,"column":33}},{"start":{"line":137,"column":37},"end":{"line":137,"column":40}}],"line":137},"25":{"loc":{"start":{"line":141,"column":13},"end":{"line":145,"column":13}},"type":"binary-expr","locations":[{"start":{"line":141,"column":13},"end":{"line":141,"column":46}},{"start":{"line":142,"column":14},"end":{"line":144,"column":20}}],"line":141},"26":{"loc":{"start":{"line":141,"column":14},"end":{"line":141,"column":34}},"type":"binary-expr","locations":[{"start":{"line":141,"column":14},"end":{"line":141,"column":28}},{"start":{"line":141,"column":32},"end":{"line":141,"column":34}}],"line":141},"27":{"loc":{"start":{"line":143,"column":19},"end":{"line":143,"column":39}},"type":"binary-expr","locations":[{"start":{"line":143,"column":19},"end":{"line":143,"column":33}},{"start":{"line":143,"column":37},"end":{"line":143,"column":39}}],"line":143}},"s":{"0":1,"1":10,"2":0,"3":10,"4":0,"5":10,"6":1,"7":10,"8":0,"9":10,"10":0,"11":10,"12":1,"13":8,"14":0,"15":8,"16":8,"17":1,"18":8,"19":8,"20":8,"21":8,"22":8,"23":8,"24":1,"25":7,"26":17,"27":7,"28":7,"29":7,"30":5,"31":2,"32":8,"33":2,"34":5,"35":2,"36":0,"37":2,"38":1,"39":1,"40":8,"41":8,"42":8,"43":8,"44":1,"45":10,"46":10,"47":10},"f":{"0":10,"1":10,"2":8,"3":8,"4":8,"5":8,"6":17,"7":8,"8":5,"9":1,"10":10},"b":{"0":[0,10],"1":[0,10],"2":[10,0,0,0],"3":[0,10],"4":[0,10],"5":[10,0,0,0,0,0],"6":[0,8],"7":[0],"8":[0,8],"9":[8,0],"10":[1,7],"11":[17,0],"12":[17,0],"13":[7,0],"14":[5,2],"15":[7,2],"16":[0,2],"17":[1,1],"18":[7,1],"19":[7,1],"20":[8,0],"21":[8,0],"22":[10,0],"23":[10,0],"24":[10,0],"25":[8,1],"26":[8,0],"27":[1,0]},"_coverageSchema":"1a1c01bbd47fc00a2c39e90264f33305004495a9","hash":"097a3c4cc7e5e5159f86ab3ae885ad473be48289"}
,"D:\\myProject\\Team Project\\FE-Teammy\\src\\components\\common\\kanban\\TaskModal.jsx": {"path":"D:\\myProject\\Team Project\\FE-Teammy\\src\\components\\common\\kanban\\TaskModal.jsx","statementMap":{"0":{"start":{"line":9,"column":22},"end":{"line":19,"column":1}},"1":{"start":{"line":10,"column":2},"end":{"line":10,"column":27}},"2":{"start":{"line":10,"column":17},"end":{"line":10,"column":27}},"3":{"start":{"line":11,"column":2},"end":{"line":11,"column":52}},"4":{"start":{"line":11,"column":36},"end":{"line":11,"column":52}},"5":{"start":{"line":12,"column":2},"end":{"line":18,"column":4}},"6":{"start":{"line":21,"column":25},"end":{"line":32,"column":1}},"7":{"start":{"line":22,"column":2},"end":{"line":22,"column":27}},"8":{"start":{"line":22,"column":17},"end":{"line":22,"column":27}},"9":{"start":{"line":23,"column":2},"end":{"line":23,"column":52}},"10":{"start":{"line":23,"column":36},"end":{"line":23,"column":52}},"11":{"start":{"line":24,"column":2},"end":{"line":31,"column":4}},"12":{"start":{"line":34,"column":25},"end":{"line":40,"column":1}},"13":{"start":{"line":35,"column":2},"end":{"line":35,"column":23}},"14":{"start":{"line":35,"column":13},"end":{"line":35,"column":23}},"15":{"start":{"line":36,"column":2},"end":{"line":39,"column":15}},"16":{"start":{"line":38,"column":17},"end":{"line":38,"column":61}},"17":{"start":{"line":42,"column":27},"end":{"line":43,"column":44}},"18":{"start":{"line":43,"column":2},"end":{"line":43,"column":44}},"19":{"start":{"line":45,"column":18},"end":{"line":852,"column":1}},"20":{"start":{"line":61,"column":19},"end":{"line":61,"column":32}},"21":{"start":{"line":62,"column":16},"end":{"line":62,"column":32}},"22":{"start":{"line":63,"column":26},"end":{"line":63,"column":38}},"23":{"start":{"line":64,"column":38},"end":{"line":70,"column":4}},"24":{"start":{"line":71,"column":46},"end":{"line":71,"column":61}},"25":{"start":{"line":72,"column":50},"end":{"line":72,"column":64}},"26":{"start":{"line":73,"column":46},"end":{"line":73,"column":58}},"27":{"start":{"line":74,"column":50},"end":{"line":74,"column":65}},"28":{"start":{"line":75,"column":28},"end":{"line":75,"column":40}},"29":{"start":{"line":76,"column":44},"end":{"line":76,"column":59}},"30":{"start":{"line":77,"column":42},"end":{"line":77,"column":57}},"31":{"start":{"line":78,"column":23},"end":{"line":78,"column":35}},"32":{"start":{"line":79,"column":26},"end":{"line":79,"column":38}},"33":{"start":{"line":80,"column":27},"end":{"line":80,"column":50}},"34":{"start":{"line":81,"column":30},"end":{"line":88,"column":3}},"35":{"start":{"line":82,"column":19},"end":{"line":82,"column":50}},"36":{"start":{"line":83,"column":18},"end":{"line":86,"column":6}},"37":{"start":{"line":84,"column":20},"end":{"line":84,"column":60}},"38":{"start":{"line":85,"column":6},"end":{"line":85,"column":30}},"39":{"start":{"line":87,"column":4},"end":{"line":87,"column":28}},"40":{"start":{"line":90,"column":2},"end":{"line":113,"column":25}},"41":{"start":{"line":91,"column":4},"end":{"line":112,"column":5}},"42":{"start":{"line":92,"column":30},"end":{"line":92,"column":32}},"43":{"start":{"line":93,"column":6},"end":{"line":96,"column":7}},"44":{"start":{"line":94,"column":22},"end":{"line":94,"column":72}},"45":{"start":{"line":95,"column":8},"end":{"line":95,"column":50}},"46":{"start":{"line":98,"column":8},"end":{"line":98,"column":63}},"47":{"start":{"line":99,"column":29},"end":{"line":99,"column":67}},"48":{"start":{"line":101,"column":6},"end":{"line":107,"column":9}},"49":{"start":{"line":108,"column":6},"end":{"line":108,"column":33}},"50":{"start":{"line":109,"column":6},"end":{"line":109,"column":18}},"51":{"start":{"line":110,"column":6},"end":{"line":110,"column":32}},"52":{"start":{"line":111,"column":6},"end":{"line":111,"column":28}},"53":{"start":{"line":115,"column":2},"end":{"line":117,"column":24}},"54":{"start":{"line":116,"column":4},"end":{"line":116,"column":47}},"55":{"start":{"line":119,"column":2},"end":{"line":123,"column":26}},"56":{"start":{"line":120,"column":4},"end":{"line":122,"column":5}},"57":{"start":{"line":121,"column":6},"end":{"line":121,"column":23}},"58":{"start":{"line":125,"column":2},"end":{"line":142,"column":17}},"59":{"start":{"line":126,"column":4},"end":{"line":126,"column":76}},"60":{"start":{"line":126,"column":69},"end":{"line":126,"column":76}},"61":{"start":{"line":127,"column":20},"end":{"line":127,"column":25}},"62":{"start":{"line":128,"column":26},"end":{"line":137,"column":5}},"63":{"start":{"line":129,"column":6},"end":{"line":136,"column":7}},"64":{"start":{"line":130,"column":8},"end":{"line":130,"column":32}},"65":{"start":{"line":131,"column":8},"end":{"line":131,"column":48}},"66":{"start":{"line":133,"column":8},"end":{"line":135,"column":9}},"67":{"start":{"line":134,"column":10},"end":{"line":134,"column":35}},"68":{"start":{"line":138,"column":4},"end":{"line":138,"column":20}},"69":{"start":{"line":139,"column":4},"end":{"line":141,"column":6}},"70":{"start":{"line":140,"column":6},"end":{"line":140,"column":23}},"71":{"start":{"line":144,"column":2},"end":{"line":155,"column":9}},"72":{"start":{"line":145,"column":31},"end":{"line":150,"column":5}},"73":{"start":{"line":146,"column":6},"end":{"line":146,"column":43}},"74":{"start":{"line":146,"column":36},"end":{"line":146,"column":43}},"75":{"start":{"line":147,"column":6},"end":{"line":149,"column":7}},"76":{"start":{"line":148,"column":8},"end":{"line":148,"column":35}},"77":{"start":{"line":151,"column":4},"end":{"line":151,"column":63}},"78":{"start":{"line":152,"column":4},"end":{"line":154,"column":6}},"79":{"start":{"line":153,"column":6},"end":{"line":153,"column":68}},"80":{"start":{"line":157,"column":21},"end":{"line":185,"column":28}},"81":{"start":{"line":158,"column":23},"end":{"line":158,"column":35}},"82":{"start":{"line":160,"column":4},"end":{"line":182,"column":5}},"83":{"start":{"line":161,"column":6},"end":{"line":170,"column":7}},"84":{"start":{"line":162,"column":8},"end":{"line":169,"column":11}},"85":{"start":{"line":172,"column":6},"end":{"line":181,"column":7}},"86":{"start":{"line":173,"column":8},"end":{"line":180,"column":11}},"87":{"start":{"line":184,"column":4},"end":{"line":184,"column":22}},"88":{"start":{"line":187,"column":2},"end":{"line":187,"column":25}},"89":{"start":{"line":187,"column":13},"end":{"line":187,"column":25}},"90":{"start":{"line":189,"column":24},"end":{"line":189,"column":84}},"91":{"start":{"line":190,"column":22},"end":{"line":190,"column":78}},"92":{"start":{"line":191,"column":19},"end":{"line":191,"column":38}},"93":{"start":{"line":192,"column":26},"end":{"line":196,"column":3}},"94":{"start":{"line":193,"column":4},"end":{"line":193,"column":22}},"95":{"start":{"line":193,"column":15},"end":{"line":193,"column":22}},"96":{"start":{"line":194,"column":4},"end":{"line":194,"column":25}},"97":{"start":{"line":194,"column":18},"end":{"line":194,"column":25}},"98":{"start":{"line":195,"column":4},"end":{"line":195,"column":64}},"99":{"start":{"line":197,"column":25},"end":{"line":197,"column":58}},"100":{"start":{"line":198,"column":27},"end":{"line":198,"column":56}},"101":{"start":{"line":199,"column":30},"end":{"line":199,"column":97}},"102":{"start":{"line":200,"column":27},"end":{"line":200,"column":64}},"103":{"start":{"line":202,"column":4},"end":{"line":203,"column":8}},"104":{"start":{"line":202,"column":38},"end":{"line":202,"column":80}},"105":{"start":{"line":204,"column":27},"end":{"line":209,"column":3}},"106":{"start":{"line":205,"column":20},"end":{"line":205,"column":31}},"107":{"start":{"line":206,"column":4},"end":{"line":206,"column":25}},"108":{"start":{"line":206,"column":18},"end":{"line":206,"column":25}},"109":{"start":{"line":207,"column":4},"end":{"line":207,"column":35}},"110":{"start":{"line":208,"column":4},"end":{"line":208,"column":16}},"111":{"start":{"line":210,"column":27},"end":{"line":213,"column":3}},"112":{"start":{"line":211,"column":4},"end":{"line":211,"column":36}},"113":{"start":{"line":212,"column":4},"end":{"line":212,"column":45}},"114":{"start":{"line":214,"column":28},"end":{"line":217,"column":3}},"115":{"start":{"line":215,"column":4},"end":{"line":215,"column":30}},"116":{"start":{"line":216,"column":4},"end":{"line":216,"column":26}},"117":{"start":{"line":218,"column":26},"end":{"line":224,"column":3}},"118":{"start":{"line":219,"column":20},"end":{"line":219,"column":41}},"119":{"start":{"line":220,"column":4},"end":{"line":220,"column":46}},"120":{"start":{"line":220,"column":39},"end":{"line":220,"column":46}},"121":{"start":{"line":221,"column":4},"end":{"line":221,"column":56}},"122":{"start":{"line":222,"column":4},"end":{"line":222,"column":30}},"123":{"start":{"line":223,"column":4},"end":{"line":223,"column":26}},"124":{"start":{"line":225,"column":30},"end":{"line":232,"column":3}},"125":{"start":{"line":226,"column":4},"end":{"line":226,"column":27}},"126":{"start":{"line":226,"column":20},"end":{"line":226,"column":27}},"127":{"start":{"line":227,"column":4},"end":{"line":227,"column":85}},"128":{"start":{"line":227,"column":78},"end":{"line":227,"column":85}},"129":{"start":{"line":228,"column":4},"end":{"line":228,"column":40}},"130":{"start":{"line":229,"column":4},"end":{"line":231,"column":5}},"131":{"start":{"line":230,"column":6},"end":{"line":230,"column":26}},"132":{"start":{"line":234,"column":25},"end":{"line":258,"column":3}},"133":{"start":{"line":235,"column":4},"end":{"line":235,"column":38}},"134":{"start":{"line":235,"column":31},"end":{"line":235,"column":38}},"135":{"start":{"line":236,"column":4},"end":{"line":257,"column":5}},"136":{"start":{"line":237,"column":6},"end":{"line":237,"column":28}},"137":{"start":{"line":238,"column":18},"end":{"line":238,"column":67}},"138":{"start":{"line":239,"column":24},"end":{"line":239,"column":64}},"139":{"start":{"line":242,"column":26},"end":{"line":249,"column":9}},"140":{"start":{"line":242,"column":49},"end":{"line":249,"column":7}},"141":{"start":{"line":251,"column":6},"end":{"line":251,"column":28}},"142":{"start":{"line":254,"column":6},"end":{"line":254,"column":19}},"143":{"start":{"line":256,"column":6},"end":{"line":256,"column":29}},"144":{"start":{"line":259,"column":22},"end":{"line":262,"column":3}},"145":{"start":{"line":260,"column":4},"end":{"line":260,"column":24}},"146":{"start":{"line":260,"column":17},"end":{"line":260,"column":24}},"147":{"start":{"line":261,"column":4},"end":{"line":261,"column":35}},"148":{"start":{"line":264,"column":27},"end":{"line":314,"column":3}},"149":{"start":{"line":265,"column":26},"end":{"line":265,"column":58}},"150":{"start":{"line":266,"column":4},"end":{"line":266,"column":68}},"151":{"start":{"line":266,"column":61},"end":{"line":266,"column":68}},"152":{"start":{"line":268,"column":4},"end":{"line":313,"column":5}},"153":{"start":{"line":269,"column":6},"end":{"line":269,"column":29}},"154":{"start":{"line":272,"column":29},"end":{"line":290,"column":8}},"155":{"start":{"line":273,"column":25},"end":{"line":273,"column":39}},"156":{"start":{"line":274,"column":8},"end":{"line":274,"column":38}},"157":{"start":{"line":275,"column":8},"end":{"line":275,"column":43}},"158":{"start":{"line":277,"column":8},"end":{"line":289,"column":13}},"159":{"start":{"line":279,"column":33},"end":{"line":279,"column":48}},"160":{"start":{"line":280,"column":12},"end":{"line":288,"column":14}},"161":{"start":{"line":292,"column":28},"end":{"line":292,"column":61}},"162":{"start":{"line":294,"column":6},"end":{"line":297,"column":9}},"163":{"start":{"line":300,"column":6},"end":{"line":300,"column":29}},"164":{"start":{"line":303,"column":6},"end":{"line":307,"column":9}},"165":{"start":{"line":309,"column":6},"end":{"line":309,"column":30}},"166":{"start":{"line":310,"column":6},"end":{"line":312,"column":7}},"167":{"start":{"line":311,"column":8},"end":{"line":311,"column":40}},"168":{"start":{"line":316,"column":27},"end":{"line":340,"column":3}},"169":{"start":{"line":317,"column":4},"end":{"line":317,"column":79}},"170":{"start":{"line":317,"column":72},"end":{"line":317,"column":79}},"171":{"start":{"line":319,"column":4},"end":{"line":339,"column":5}},"172":{"start":{"line":320,"column":27},"end":{"line":320,"column":59}},"173":{"start":{"line":320,"column":43},"end":{"line":320,"column":58}},"174":{"start":{"line":322,"column":6},"end":{"line":328,"column":7}},"175":{"start":{"line":323,"column":8},"end":{"line":323,"column":68}},"176":{"start":{"line":324,"column":8},"end":{"line":327,"column":11}},"177":{"start":{"line":330,"column":6},"end":{"line":330,"column":58}},"178":{"start":{"line":330,"column":23},"end":{"line":330,"column":56}},"179":{"start":{"line":330,"column":40},"end":{"line":330,"column":55}},"180":{"start":{"line":333,"column":6},"end":{"line":337,"column":9}},"181":{"start":{"line":338,"column":6},"end":{"line":338,"column":58}},"182":{"start":{"line":338,"column":23},"end":{"line":338,"column":56}},"183":{"start":{"line":338,"column":40},"end":{"line":338,"column":55}},"184":{"start":{"line":342,"column":22},"end":{"line":357,"column":3}},"185":{"start":{"line":343,"column":4},"end":{"line":343,"column":73}},"186":{"start":{"line":343,"column":19},"end":{"line":343,"column":73}},"187":{"start":{"line":344,"column":16},"end":{"line":344,"column":70}},"188":{"start":{"line":345,"column":22},"end":{"line":345,"column":31}},"189":{"start":{"line":347,"column":4},"end":{"line":355,"column":5}},"190":{"start":{"line":348,"column":6},"end":{"line":348,"column":76}},"191":{"start":{"line":349,"column":11},"end":{"line":355,"column":5}},"192":{"start":{"line":350,"column":6},"end":{"line":350,"column":66}},"193":{"start":{"line":351,"column":11},"end":{"line":355,"column":5}},"194":{"start":{"line":352,"column":6},"end":{"line":352,"column":67}},"195":{"start":{"line":353,"column":11},"end":{"line":355,"column":5}},"196":{"start":{"line":354,"column":6},"end":{"line":354,"column":68}},"197":{"start":{"line":356,"column":4},"end":{"line":356,"column":65}},"198":{"start":{"line":359,"column":25},"end":{"line":365,"column":3}},"199":{"start":{"line":360,"column":4},"end":{"line":360,"column":48}},"200":{"start":{"line":360,"column":31},"end":{"line":360,"column":48}},"201":{"start":{"line":361,"column":14},"end":{"line":361,"column":18}},"202":{"start":{"line":362,"column":18},"end":{"line":362,"column":45}},"203":{"start":{"line":363,"column":14},"end":{"line":363,"column":55}},"204":{"start":{"line":364,"column":4},"end":{"line":364,"column":75}},"205":{"start":{"line":366,"column":26},"end":{"line":371,"column":3}},"206":{"start":{"line":367,"column":4},"end":{"line":367,"column":26}},"207":{"start":{"line":367,"column":16},"end":{"line":367,"column":26}},"208":{"start":{"line":368,"column":17},"end":{"line":368,"column":32}},"209":{"start":{"line":369,"column":4},"end":{"line":369,"column":51}},"210":{"start":{"line":369,"column":38},"end":{"line":369,"column":51}},"211":{"start":{"line":370,"column":4},"end":{"line":370,"column":33}},"212":{"start":{"line":372,"column":29},"end":{"line":395,"column":3}},"213":{"start":{"line":374,"column":6},"end":{"line":378,"column":9}},"214":{"start":{"line":379,"column":4},"end":{"line":387,"column":5}},"215":{"start":{"line":380,"column":6},"end":{"line":386,"column":8}},"216":{"start":{"line":388,"column":4},"end":{"line":394,"column":6}},"217":{"start":{"line":396,"column":30},"end":{"line":423,"column":3}},"218":{"start":{"line":397,"column":19},"end":{"line":397,"column":82}},"219":{"start":{"line":400,"column":19},"end":{"line":404,"column":5}},"220":{"start":{"line":401,"column":6},"end":{"line":403,"column":28}},"221":{"start":{"line":406,"column":22},"end":{"line":406,"column":101}},"222":{"start":{"line":407,"column":24},"end":{"line":407,"column":103}},"223":{"start":{"line":409,"column":4},"end":{"line":417,"column":5}},"224":{"start":{"line":410,"column":6},"end":{"line":416,"column":8}},"225":{"start":{"line":418,"column":4},"end":{"line":422,"column":6}},"226":{"start":{"line":425,"column":2},"end":{"line":851,"column":4}},"227":{"start":{"line":447,"column":20},"end":{"line":450,"column":21}},"228":{"start":{"line":448,"column":22},"end":{"line":448,"column":44}},"229":{"start":{"line":449,"column":22},"end":{"line":449,"column":32}},"230":{"start":{"line":473,"column":20},"end":{"line":473,"column":87}},"231":{"start":{"line":473,"column":45},"end":{"line":473,"column":85}},"232":{"start":{"line":475,"column":32},"end":{"line":475,"column":62}},"233":{"start":{"line":488,"column":37},"end":{"line":488,"column":66}},"234":{"start":{"line":514,"column":22},"end":{"line":543,"column":28}},"235":{"start":{"line":536,"column":43},"end":{"line":536,"column":68}},"236":{"start":{"line":559,"column":34},"end":{"line":559,"column":95}},"237":{"start":{"line":560,"column":31},"end":{"line":560,"column":77}},"238":{"start":{"line":561,"column":20},"end":{"line":573,"column":24}},"239":{"start":{"line":566,"column":26},"end":{"line":566,"column":46}},"240":{"start":{"line":567,"column":26},"end":{"line":567,"column":63}},"241":{"start":{"line":589,"column":22},"end":{"line":683,"column":28}},"242":{"start":{"line":597,"column":30},"end":{"line":602,"column":31}},"243":{"start":{"line":612,"column":34},"end":{"line":617,"column":35}},"244":{"start":{"line":621,"column":49},"end":{"line":621,"column":112}},"245":{"start":{"line":622,"column":49},"end":{"line":626,"column":35}},"246":{"start":{"line":623,"column":36},"end":{"line":625,"column":58}},"247":{"start":{"line":627,"column":34},"end":{"line":627,"column":127}},"248":{"start":{"line":637,"column":49},"end":{"line":637,"column":74}},"249":{"start":{"line":644,"column":49},"end":{"line":644,"column":80}},"250":{"start":{"line":654,"column":51},"end":{"line":654,"column":84}},"251":{"start":{"line":693,"column":37},"end":{"line":693,"column":60}},"252":{"start":{"line":719,"column":39},"end":{"line":719,"column":75}},"253":{"start":{"line":719,"column":69},"end":{"line":719,"column":74}},"254":{"start":{"line":737,"column":30},"end":{"line":737,"column":84}},"255":{"start":{"line":737,"column":55},"end":{"line":737,"column":81}},"256":{"start":{"line":738,"column":30},"end":{"line":738,"column":61}},"257":{"start":{"line":739,"column":30},"end":{"line":739,"column":57}},"258":{"start":{"line":749,"column":45},"end":{"line":749,"column":66}},"259":{"start":{"line":750,"column":42},"end":{"line":750,"column":78}},"260":{"start":{"line":751,"column":28},"end":{"line":769,"column":30}},"261":{"start":{"line":756,"column":51},"end":{"line":756,"column":75}},"262":{"start":{"line":757,"column":34},"end":{"line":760,"column":38}},"263":{"start":{"line":757,"column":59},"end":{"line":760,"column":35}},"264":{"start":{"line":761,"column":34},"end":{"line":761,"column":89}},"265":{"start":{"line":762,"column":34},"end":{"line":762,"column":61}},"266":{"start":{"line":783,"column":42},"end":{"line":783,"column":56}},"267":{"start":{"line":784,"column":26},"end":{"line":784,"column":83}},"268":{"start":{"line":784,"column":51},"end":{"line":784,"column":80}},"269":{"start":{"line":787,"column":44},"end":{"line":787,"column":58}},"270":{"start":{"line":788,"column":26},"end":{"line":788,"column":47}},"271":{"start":{"line":788,"column":40},"end":{"line":788,"column":47}},"272":{"start":{"line":789,"column":26},"end":{"line":791,"column":27}},"273":{"start":{"line":790,"column":28},"end":{"line":790,"column":74}},"274":{"start":{"line":804,"column":24},"end":{"line":810,"column":26}},"275":{"start":{"line":805,"column":40},"end":{"line":805,"column":54}},"276":{"start":{"line":806,"column":26},"end":{"line":808,"column":27}},"277":{"start":{"line":807,"column":28},"end":{"line":807,"column":69}},"278":{"start":{"line":809,"column":26},"end":{"line":809,"column":60}},"279":{"start":{"line":816,"column":24},"end":{"line":818,"column":33}},"280":{"start":{"line":828,"column":24},"end":{"line":834,"column":26}},"281":{"start":{"line":829,"column":40},"end":{"line":829,"column":54}},"282":{"start":{"line":830,"column":26},"end":{"line":832,"column":27}},"283":{"start":{"line":831,"column":28},"end":{"line":831,"column":71}},"284":{"start":{"line":833,"column":26},"end":{"line":833,"column":62}}},"fnMap":{"0":{"name":"(anonymous_0)","decl":{"start":{"line":9,"column":22},"end":{"line":9,"column":23}},"loc":{"start":{"line":9,"column":36},"end":{"line":19,"column":1}},"line":9},"1":{"name":"(anonymous_1)","decl":{"start":{"line":21,"column":25},"end":{"line":21,"column":26}},"loc":{"start":{"line":21,"column":39},"end":{"line":32,"column":1}},"line":21},"2":{"name":"(anonymous_2)","decl":{"start":{"line":34,"column":25},"end":{"line":34,"column":26}},"loc":{"start":{"line":34,"column":35},"end":{"line":40,"column":1}},"line":34},"3":{"name":"(anonymous_3)","decl":{"start":{"line":38,"column":9},"end":{"line":38,"column":10}},"loc":{"start":{"line":38,"column":17},"end":{"line":38,"column":61}},"line":38},"4":{"name":"(anonymous_4)","decl":{"start":{"line":42,"column":27},"end":{"line":42,"column":28}},"loc":{"start":{"line":43,"column":2},"end":{"line":43,"column":44}},"line":43},"5":{"name":"(anonymous_5)","decl":{"start":{"line":45,"column":18},"end":{"line":45,"column":19}},"loc":{"start":{"line":60,"column":6},"end":{"line":852,"column":1}},"line":60},"6":{"name":"(anonymous_6)","decl":{"start":{"line":53,"column":17},"end":{"line":53,"column":18}},"loc":{"start":{"line":53,"column":23},"end":{"line":53,"column":25}},"line":53},"7":{"name":"(anonymous_7)","decl":{"start":{"line":54,"column":20},"end":{"line":54,"column":21}},"loc":{"start":{"line":54,"column":26},"end":{"line":54,"column":28}},"line":54},"8":{"name":"(anonymous_8)","decl":{"start":{"line":55,"column":20},"end":{"line":55,"column":21}},"loc":{"start":{"line":55,"column":26},"end":{"line":55,"column":28}},"line":55},"9":{"name":"(anonymous_9)","decl":{"start":{"line":56,"column":17},"end":{"line":56,"column":18}},"loc":{"start":{"line":56,"column":23},"end":{"line":56,"column":25}},"line":56},"10":{"name":"(anonymous_10)","decl":{"start":{"line":57,"column":22},"end":{"line":57,"column":23}},"loc":{"start":{"line":57,"column":28},"end":{"line":57,"column":30}},"line":57},"11":{"name":"(anonymous_11)","decl":{"start":{"line":58,"column":19},"end":{"line":58,"column":20}},"loc":{"start":{"line":58,"column":25},"end":{"line":58,"column":27}},"line":58},"12":{"name":"(anonymous_12)","decl":{"start":{"line":81,"column":30},"end":{"line":81,"column":31}},"loc":{"start":{"line":81,"column":47},"end":{"line":88,"column":3}},"line":81},"13":{"name":"(anonymous_13)","decl":{"start":{"line":83,"column":56},"end":{"line":83,"column":57}},"loc":{"start":{"line":83,"column":75},"end":{"line":86,"column":5}},"line":83},"14":{"name":"(anonymous_14)","decl":{"start":{"line":90,"column":12},"end":{"line":90,"column":13}},"loc":{"start":{"line":90,"column":18},"end":{"line":113,"column":3}},"line":90},"15":{"name":"(anonymous_15)","decl":{"start":{"line":115,"column":12},"end":{"line":115,"column":13}},"loc":{"start":{"line":115,"column":18},"end":{"line":117,"column":3}},"line":115},"16":{"name":"(anonymous_16)","decl":{"start":{"line":119,"column":12},"end":{"line":119,"column":13}},"loc":{"start":{"line":119,"column":18},"end":{"line":123,"column":3}},"line":119},"17":{"name":"(anonymous_17)","decl":{"start":{"line":125,"column":12},"end":{"line":125,"column":13}},"loc":{"start":{"line":125,"column":18},"end":{"line":142,"column":3}},"line":125},"18":{"name":"(anonymous_18)","decl":{"start":{"line":128,"column":26},"end":{"line":128,"column":27}},"loc":{"start":{"line":128,"column":38},"end":{"line":137,"column":5}},"line":128},"19":{"name":"(anonymous_19)","decl":{"start":{"line":139,"column":11},"end":{"line":139,"column":12}},"loc":{"start":{"line":139,"column":17},"end":{"line":141,"column":5}},"line":139},"20":{"name":"(anonymous_20)","decl":{"start":{"line":144,"column":12},"end":{"line":144,"column":13}},"loc":{"start":{"line":144,"column":18},"end":{"line":155,"column":3}},"line":144},"21":{"name":"(anonymous_21)","decl":{"start":{"line":145,"column":31},"end":{"line":145,"column":32}},"loc":{"start":{"line":145,"column":42},"end":{"line":150,"column":5}},"line":145},"22":{"name":"(anonymous_22)","decl":{"start":{"line":152,"column":11},"end":{"line":152,"column":12}},"loc":{"start":{"line":152,"column":17},"end":{"line":154,"column":5}},"line":152},"23":{"name":"(anonymous_23)","decl":{"start":{"line":157,"column":35},"end":{"line":157,"column":36}},"loc":{"start":{"line":157,"column":41},"end":{"line":185,"column":3}},"line":157},"24":{"name":"(anonymous_24)","decl":{"start":{"line":192,"column":26},"end":{"line":192,"column":27}},"loc":{"start":{"line":192,"column":37},"end":{"line":196,"column":3}},"line":192},"25":{"name":"(anonymous_25)","decl":{"start":{"line":202,"column":26},"end":{"line":202,"column":27}},"loc":{"start":{"line":202,"column":38},"end":{"line":202,"column":80}},"line":202},"26":{"name":"(anonymous_26)","decl":{"start":{"line":204,"column":27},"end":{"line":204,"column":28}},"loc":{"start":{"line":204,"column":33},"end":{"line":209,"column":3}},"line":204},"27":{"name":"(anonymous_27)","decl":{"start":{"line":210,"column":27},"end":{"line":210,"column":28}},"loc":{"start":{"line":210,"column":40},"end":{"line":213,"column":3}},"line":210},"28":{"name":"(anonymous_28)","decl":{"start":{"line":214,"column":28},"end":{"line":214,"column":29}},"loc":{"start":{"line":214,"column":34},"end":{"line":217,"column":3}},"line":214},"29":{"name":"(anonymous_29)","decl":{"start":{"line":218,"column":26},"end":{"line":218,"column":27}},"loc":{"start":{"line":218,"column":32},"end":{"line":224,"column":3}},"line":218},"30":{"name":"(anonymous_30)","decl":{"start":{"line":225,"column":30},"end":{"line":225,"column":31}},"loc":{"start":{"line":225,"column":45},"end":{"line":232,"column":3}},"line":225},"31":{"name":"(anonymous_31)","decl":{"start":{"line":234,"column":25},"end":{"line":234,"column":26}},"loc":{"start":{"line":234,"column":37},"end":{"line":258,"column":3}},"line":234},"32":{"name":"(anonymous_32)","decl":{"start":{"line":242,"column":40},"end":{"line":242,"column":41}},"loc":{"start":{"line":242,"column":49},"end":{"line":249,"column":7}},"line":242},"33":{"name":"(anonymous_33)","decl":{"start":{"line":259,"column":22},"end":{"line":259,"column":23}},"loc":{"start":{"line":259,"column":34},"end":{"line":262,"column":3}},"line":259},"34":{"name":"(anonymous_34)","decl":{"start":{"line":264,"column":27},"end":{"line":264,"column":28}},"loc":{"start":{"line":264,"column":40},"end":{"line":314,"column":3}},"line":264},"35":{"name":"(anonymous_35)","decl":{"start":{"line":272,"column":47},"end":{"line":272,"column":48}},"loc":{"start":{"line":272,"column":55},"end":{"line":290,"column":7}},"line":272},"36":{"name":"(anonymous_36)","decl":{"start":{"line":278,"column":16},"end":{"line":278,"column":17}},"loc":{"start":{"line":278,"column":23},"end":{"line":289,"column":11}},"line":278},"37":{"name":"(anonymous_37)","decl":{"start":{"line":316,"column":27},"end":{"line":316,"column":28}},"loc":{"start":{"line":316,"column":45},"end":{"line":340,"column":3}},"line":316},"38":{"name":"(anonymous_38)","decl":{"start":{"line":320,"column":38},"end":{"line":320,"column":39}},"loc":{"start":{"line":320,"column":43},"end":{"line":320,"column":58}},"line":320},"39":{"name":"(anonymous_39)","decl":{"start":{"line":330,"column":15},"end":{"line":330,"column":16}},"loc":{"start":{"line":330,"column":23},"end":{"line":330,"column":56}},"line":330},"40":{"name":"(anonymous_40)","decl":{"start":{"line":330,"column":35},"end":{"line":330,"column":36}},"loc":{"start":{"line":330,"column":40},"end":{"line":330,"column":55}},"line":330},"41":{"name":"(anonymous_41)","decl":{"start":{"line":338,"column":15},"end":{"line":338,"column":16}},"loc":{"start":{"line":338,"column":23},"end":{"line":338,"column":56}},"line":338},"42":{"name":"(anonymous_42)","decl":{"start":{"line":338,"column":35},"end":{"line":338,"column":36}},"loc":{"start":{"line":338,"column":40},"end":{"line":338,"column":55}},"line":338},"43":{"name":"(anonymous_43)","decl":{"start":{"line":342,"column":22},"end":{"line":342,"column":23}},"loc":{"start":{"line":342,"column":36},"end":{"line":357,"column":3}},"line":342},"44":{"name":"(anonymous_44)","decl":{"start":{"line":359,"column":25},"end":{"line":359,"column":26}},"loc":{"start":{"line":359,"column":36},"end":{"line":365,"column":3}},"line":359},"45":{"name":"(anonymous_45)","decl":{"start":{"line":366,"column":26},"end":{"line":366,"column":27}},"loc":{"start":{"line":366,"column":37},"end":{"line":371,"column":3}},"line":366},"46":{"name":"(anonymous_46)","decl":{"start":{"line":372,"column":29},"end":{"line":372,"column":30}},"loc":{"start":{"line":372,"column":59},"end":{"line":395,"column":3}},"line":372},"47":{"name":"(anonymous_47)","decl":{"start":{"line":396,"column":30},"end":{"line":396,"column":31}},"loc":{"start":{"line":396,"column":43},"end":{"line":423,"column":3}},"line":396},"48":{"name":"(anonymous_48)","decl":{"start":{"line":400,"column":36},"end":{"line":400,"column":37}},"loc":{"start":{"line":401,"column":6},"end":{"line":403,"column":28}},"line":401},"49":{"name":"(anonymous_49)","decl":{"start":{"line":446,"column":27},"end":{"line":446,"column":28}},"loc":{"start":{"line":446,"column":33},"end":{"line":451,"column":19}},"line":446},"50":{"name":"(anonymous_50)","decl":{"start":{"line":472,"column":28},"end":{"line":472,"column":29}},"loc":{"start":{"line":473,"column":20},"end":{"line":473,"column":87}},"line":473},"51":{"name":"(anonymous_51)","decl":{"start":{"line":473,"column":34},"end":{"line":473,"column":35}},"loc":{"start":{"line":473,"column":45},"end":{"line":473,"column":85}},"line":473},"52":{"name":"(anonymous_52)","decl":{"start":{"line":475,"column":26},"end":{"line":475,"column":27}},"loc":{"start":{"line":475,"column":32},"end":{"line":475,"column":62}},"line":475},"53":{"name":"(anonymous_53)","decl":{"start":{"line":488,"column":31},"end":{"line":488,"column":32}},"loc":{"start":{"line":488,"column":37},"end":{"line":488,"column":66}},"line":488},"54":{"name":"(anonymous_54)","decl":{"start":{"line":513,"column":31},"end":{"line":513,"column":32}},"loc":{"start":{"line":514,"column":22},"end":{"line":543,"column":28}},"line":514},"55":{"name":"(anonymous_55)","decl":{"start":{"line":536,"column":37},"end":{"line":536,"column":38}},"loc":{"start":{"line":536,"column":43},"end":{"line":536,"column":68}},"line":536},"56":{"name":"(anonymous_56)","decl":{"start":{"line":558,"column":46},"end":{"line":558,"column":47}},"loc":{"start":{"line":558,"column":67},"end":{"line":574,"column":19}},"line":558},"57":{"name":"(anonymous_57)","decl":{"start":{"line":565,"column":33},"end":{"line":565,"column":34}},"loc":{"start":{"line":565,"column":40},"end":{"line":568,"column":25}},"line":565},"58":{"name":"(anonymous_58)","decl":{"start":{"line":588,"column":33},"end":{"line":588,"column":34}},"loc":{"start":{"line":589,"column":22},"end":{"line":683,"column":28}},"line":589},"59":{"name":"(anonymous_59)","decl":{"start":{"line":596,"column":37},"end":{"line":596,"column":38}},"loc":{"start":{"line":597,"column":30},"end":{"line":602,"column":31}},"line":597},"60":{"name":"(anonymous_60)","decl":{"start":{"line":611,"column":41},"end":{"line":611,"column":42}},"loc":{"start":{"line":612,"column":34},"end":{"line":617,"column":35}},"line":612},"61":{"name":"(anonymous_61)","decl":{"start":{"line":620,"column":34},"end":{"line":620,"column":35}},"loc":{"start":{"line":620,"column":40},"end":{"line":628,"column":33}},"line":620},"62":{"name":"(anonymous_62)","decl":{"start":{"line":622,"column":66},"end":{"line":622,"column":67}},"loc":{"start":{"line":623,"column":36},"end":{"line":625,"column":58}},"line":623},"63":{"name":"(anonymous_63)","decl":{"start":{"line":637,"column":43},"end":{"line":637,"column":44}},"loc":{"start":{"line":637,"column":49},"end":{"line":637,"column":74}},"line":637},"64":{"name":"(anonymous_64)","decl":{"start":{"line":644,"column":43},"end":{"line":644,"column":44}},"loc":{"start":{"line":644,"column":49},"end":{"line":644,"column":80}},"line":644},"65":{"name":"(anonymous_65)","decl":{"start":{"line":654,"column":44},"end":{"line":654,"column":45}},"loc":{"start":{"line":654,"column":51},"end":{"line":654,"column":84}},"line":654},"66":{"name":"(anonymous_66)","decl":{"start":{"line":693,"column":30},"end":{"line":693,"column":31}},"loc":{"start":{"line":693,"column":37},"end":{"line":693,"column":60}},"line":693},"67":{"name":"(anonymous_67)","decl":{"start":{"line":719,"column":33},"end":{"line":719,"column":34}},"loc":{"start":{"line":719,"column":39},"end":{"line":719,"column":75}},"line":719},"68":{"name":"(anonymous_68)","decl":{"start":{"line":719,"column":59},"end":{"line":719,"column":60}},"loc":{"start":{"line":719,"column":69},"end":{"line":719,"column":74}},"line":719},"69":{"name":"(anonymous_69)","decl":{"start":{"line":736,"column":37},"end":{"line":736,"column":38}},"loc":{"start":{"line":736,"column":43},"end":{"line":740,"column":29}},"line":736},"70":{"name":"(anonymous_70)","decl":{"start":{"line":737,"column":44},"end":{"line":737,"column":45}},"loc":{"start":{"line":737,"column":55},"end":{"line":737,"column":81}},"line":737},"71":{"name":"(anonymous_71)","decl":{"start":{"line":748,"column":48},"end":{"line":748,"column":49}},"loc":{"start":{"line":748,"column":60},"end":{"line":770,"column":27}},"line":748},"72":{"name":"(anonymous_72)","decl":{"start":{"line":755,"column":41},"end":{"line":755,"column":42}},"loc":{"start":{"line":755,"column":47},"end":{"line":763,"column":33}},"line":755},"73":{"name":"(anonymous_73)","decl":{"start":{"line":757,"column":48},"end":{"line":757,"column":49}},"loc":{"start":{"line":757,"column":59},"end":{"line":760,"column":35}},"line":757},"74":{"name":"(anonymous_74)","decl":{"start":{"line":782,"column":34},"end":{"line":782,"column":35}},"loc":{"start":{"line":782,"column":41},"end":{"line":785,"column":25}},"line":782},"75":{"name":"(anonymous_75)","decl":{"start":{"line":784,"column":40},"end":{"line":784,"column":41}},"loc":{"start":{"line":784,"column":51},"end":{"line":784,"column":80}},"line":784},"76":{"name":"(anonymous_76)","decl":{"start":{"line":786,"column":32},"end":{"line":786,"column":33}},"loc":{"start":{"line":786,"column":39},"end":{"line":792,"column":25}},"line":786},"77":{"name":"(anonymous_77)","decl":{"start":{"line":803,"column":32},"end":{"line":803,"column":33}},"loc":{"start":{"line":804,"column":24},"end":{"line":810,"column":26}},"line":804},"78":{"name":"(anonymous_78)","decl":{"start":{"line":804,"column":38},"end":{"line":804,"column":39}},"loc":{"start":{"line":804,"column":48},"end":{"line":810,"column":25}},"line":804},"79":{"name":"(anonymous_79)","decl":{"start":{"line":815,"column":156},"end":{"line":815,"column":157}},"loc":{"start":{"line":816,"column":24},"end":{"line":818,"column":33}},"line":816},"80":{"name":"(anonymous_80)","decl":{"start":{"line":827,"column":32},"end":{"line":827,"column":33}},"loc":{"start":{"line":828,"column":24},"end":{"line":834,"column":26}},"line":828},"81":{"name":"(anonymous_81)","decl":{"start":{"line":828,"column":38},"end":{"line":828,"column":39}},"loc":{"start":{"line":828,"column":48},"end":{"line":834,"column":25}},"line":828}},"branchMap":{"0":{"loc":{"start":{"line":10,"column":2},"end":{"line":10,"column":27}},"type":"if","locations":[{"start":{"line":10,"column":2},"end":{"line":10,"column":27}},{"start":{},"end":{}}],"line":10},"1":{"loc":{"start":{"line":11,"column":2},"end":{"line":11,"column":52}},"type":"if","locations":[{"start":{"line":11,"column":2},"end":{"line":11,"column":52}},{"start":{},"end":{}}],"line":11},"2":{"loc":{"start":{"line":13,"column":4},"end":{"line":17,"column":6}},"type":"binary-expr","locations":[{"start":{"line":13,"column":4},"end":{"line":13,"column":15}},{"start":{"line":14,"column":4},"end":{"line":14,"column":19}},{"start":{"line":15,"column":4},"end":{"line":15,"column":21}},{"start":{"line":16,"column":4},"end":{"line":16,"column":18}},{"start":{"line":17,"column":4},"end":{"line":17,"column":6}}],"line":13},"3":{"loc":{"start":{"line":22,"column":2},"end":{"line":22,"column":27}},"type":"if","locations":[{"start":{"line":22,"column":2},"end":{"line":22,"column":27}},{"start":{},"end":{}}],"line":22},"4":{"loc":{"start":{"line":23,"column":2},"end":{"line":23,"column":52}},"type":"if","locations":[{"start":{"line":23,"column":2},"end":{"line":23,"column":52}},{"start":{},"end":{}}],"line":23},"5":{"loc":{"start":{"line":25,"column":4},"end":{"line":30,"column":6}},"type":"binary-expr","locations":[{"start":{"line":25,"column":4},"end":{"line":25,"column":17}},{"start":{"line":26,"column":4},"end":{"line":26,"column":24}},{"start":{"line":27,"column":4},"end":{"line":27,"column":21}},{"start":{"line":28,"column":4},"end":{"line":28,"column":18}},{"start":{"line":29,"column":4},"end":{"line":29,"column":15}},{"start":{"line":30,"column":4},"end":{"line":30,"column":6}}],"line":25},"6":{"loc":{"start":{"line":35,"column":2},"end":{"line":35,"column":23}},"type":"if","locations":[{"start":{"line":35,"column":2},"end":{"line":35,"column":23}},{"start":{},"end":{}}],"line":35},"7":{"loc":{"start":{"line":42,"column":28},"end":{"line":42,"column":38}},"type":"default-arg","locations":[{"start":{"line":42,"column":36},"end":{"line":42,"column":38}}],"line":42},"8":{"loc":{"start":{"line":47,"column":2},"end":{"line":47,"column":14}},"type":"default-arg","locations":[{"start":{"line":47,"column":12},"end":{"line":47,"column":14}}],"line":47},"9":{"loc":{"start":{"line":48,"column":2},"end":{"line":48,"column":20}},"type":"default-arg","locations":[{"start":{"line":48,"column":16},"end":{"line":48,"column":20}}],"line":48},"10":{"loc":{"start":{"line":49,"column":2},"end":{"line":49,"column":17}},"type":"default-arg","locations":[{"start":{"line":49,"column":15},"end":{"line":49,"column":17}}],"line":49},"11":{"loc":{"start":{"line":50,"column":2},"end":{"line":50,"column":16}},"type":"default-arg","locations":[{"start":{"line":50,"column":12},"end":{"line":50,"column":16}}],"line":50},"12":{"loc":{"start":{"line":52,"column":2},"end":{"line":52,"column":24}},"type":"default-arg","locations":[{"start":{"line":52,"column":20},"end":{"line":52,"column":24}}],"line":52},"13":{"loc":{"start":{"line":53,"column":2},"end":{"line":53,"column":25}},"type":"default-arg","locations":[{"start":{"line":53,"column":17},"end":{"line":53,"column":25}}],"line":53},"14":{"loc":{"start":{"line":54,"column":2},"end":{"line":54,"column":28}},"type":"default-arg","locations":[{"start":{"line":54,"column":20},"end":{"line":54,"column":28}}],"line":54},"15":{"loc":{"start":{"line":55,"column":2},"end":{"line":55,"column":28}},"type":"default-arg","locations":[{"start":{"line":55,"column":20},"end":{"line":55,"column":28}}],"line":55},"16":{"loc":{"start":{"line":56,"column":2},"end":{"line":56,"column":25}},"type":"default-arg","locations":[{"start":{"line":56,"column":17},"end":{"line":56,"column":25}}],"line":56},"17":{"loc":{"start":{"line":57,"column":2},"end":{"line":57,"column":30}},"type":"default-arg","locations":[{"start":{"line":57,"column":22},"end":{"line":57,"column":30}}],"line":57},"18":{"loc":{"start":{"line":58,"column":4},"end":{"line":58,"column":27}},"type":"default-arg","locations":[{"start":{"line":58,"column":19},"end":{"line":58,"column":27}}],"line":58},"19":{"loc":{"start":{"line":59,"column":2},"end":{"line":59,"column":18}},"type":"default-arg","locations":[{"start":{"line":59,"column":13},"end":{"line":59,"column":18}}],"line":59},"20":{"loc":{"start":{"line":83,"column":33},"end":{"line":83,"column":49}},"type":"binary-expr","locations":[{"start":{"line":83,"column":33},"end":{"line":83,"column":43}},{"start":{"line":83,"column":47},"end":{"line":83,"column":49}}],"line":83},"21":{"loc":{"start":{"line":84,"column":39},"end":{"line":84,"column":59}},"type":"binary-expr","locations":[{"start":{"line":84,"column":39},"end":{"line":84,"column":50}},{"start":{"line":84,"column":54},"end":{"line":84,"column":59}}],"line":84},"22":{"loc":{"start":{"line":87,"column":11},"end":{"line":87,"column":27}},"type":"binary-expr","locations":[{"start":{"line":87,"column":11},"end":{"line":87,"column":21}},{"start":{"line":87,"column":25},"end":{"line":87,"column":27}}],"line":87},"23":{"loc":{"start":{"line":91,"column":4},"end":{"line":112,"column":5}},"type":"if","locations":[{"start":{"line":91,"column":4},"end":{"line":112,"column":5}},{"start":{},"end":{}}],"line":91},"24":{"loc":{"start":{"line":93,"column":6},"end":{"line":96,"column":7}},"type":"if","locations":[{"start":{"line":93,"column":6},"end":{"line":96,"column":7}},{"start":{},"end":{}}],"line":93},"25":{"loc":{"start":{"line":95,"column":28},"end":{"line":95,"column":49}},"type":"cond-expr","locations":[{"start":{"line":95,"column":36},"end":{"line":95,"column":44}},{"start":{"line":95,"column":47},"end":{"line":95,"column":49}}],"line":95},"26":{"loc":{"start":{"line":98,"column":8},"end":{"line":98,"column":63}},"type":"binary-expr","locations":[{"start":{"line":98,"column":8},"end":{"line":98,"column":21}},{"start":{"line":98,"column":25},"end":{"line":98,"column":63}}],"line":98},"27":{"loc":{"start":{"line":98,"column":45},"end":{"line":98,"column":62}},"type":"binary-expr","locations":[{"start":{"line":98,"column":45},"end":{"line":98,"column":56}},{"start":{"line":98,"column":60},"end":{"line":98,"column":62}}],"line":98},"28":{"loc":{"start":{"line":99,"column":29},"end":{"line":99,"column":67}},"type":"binary-expr","locations":[{"start":{"line":99,"column":29},"end":{"line":99,"column":61}},{"start":{"line":99,"column":65},"end":{"line":99,"column":67}}],"line":99},"29":{"loc":{"start":{"line":99,"column":41},"end":{"line":99,"column":57}},"type":"binary-expr","locations":[{"start":{"line":99,"column":41},"end":{"line":99,"column":51}},{"start":{"line":99,"column":55},"end":{"line":99,"column":57}}],"line":99},"30":{"loc":{"start":{"line":102,"column":19},"end":{"line":102,"column":39}},"type":"binary-expr","locations":[{"start":{"line":102,"column":19},"end":{"line":102,"column":33}},{"start":{"line":102,"column":37},"end":{"line":102,"column":39}}],"line":102},"31":{"loc":{"start":{"line":104,"column":16},"end":{"line":104,"column":53}},"type":"binary-expr","locations":[{"start":{"line":104,"column":16},"end":{"line":104,"column":35}},{"start":{"line":104,"column":39},"end":{"line":104,"column":53}}],"line":104},"32":{"loc":{"start":{"line":105,"column":18},"end":{"line":105,"column":37}},"type":"binary-expr","locations":[{"start":{"line":105,"column":18},"end":{"line":105,"column":31}},{"start":{"line":105,"column":35},"end":{"line":105,"column":37}}],"line":105},"33":{"loc":{"start":{"line":106,"column":21},"end":{"line":106,"column":43}},"type":"binary-expr","locations":[{"start":{"line":106,"column":21},"end":{"line":106,"column":37}},{"start":{"line":106,"column":41},"end":{"line":106,"column":43}}],"line":106},"34":{"loc":{"start":{"line":108,"column":15},"end":{"line":108,"column":31}},"type":"binary-expr","locations":[{"start":{"line":108,"column":15},"end":{"line":108,"column":25}},{"start":{"line":108,"column":29},"end":{"line":108,"column":31}}],"line":108},"35":{"loc":{"start":{"line":120,"column":4},"end":{"line":122,"column":5}},"type":"if","locations":[{"start":{"line":120,"column":4},"end":{"line":122,"column":5}},{"start":{},"end":{}}],"line":120},"36":{"loc":{"start":{"line":120,"column":8},"end":{"line":120,"column":27}},"type":"binary-expr","locations":[{"start":{"line":120,"column":8},"end":{"line":120,"column":15}},{"start":{"line":120,"column":19},"end":{"line":120,"column":27}}],"line":120},"37":{"loc":{"start":{"line":126,"column":4},"end":{"line":126,"column":76}},"type":"if","locations":[{"start":{"line":126,"column":4},"end":{"line":126,"column":76}},{"start":{},"end":{}}],"line":126},"38":{"loc":{"start":{"line":126,"column":8},"end":{"line":126,"column":67}},"type":"binary-expr","locations":[{"start":{"line":126,"column":8},"end":{"line":126,"column":17}},{"start":{"line":126,"column":21},"end":{"line":126,"column":67}}],"line":126},"39":{"loc":{"start":{"line":133,"column":8},"end":{"line":135,"column":9}},"type":"if","locations":[{"start":{"line":133,"column":8},"end":{"line":135,"column":9}},{"start":{},"end":{}}],"line":133},"40":{"loc":{"start":{"line":146,"column":6},"end":{"line":146,"column":43}},"type":"if","locations":[{"start":{"line":146,"column":6},"end":{"line":146,"column":43}},{"start":{},"end":{}}],"line":146},"41":{"loc":{"start":{"line":147,"column":6},"end":{"line":149,"column":7}},"type":"if","locations":[{"start":{"line":147,"column":6},"end":{"line":149,"column":7}},{"start":{},"end":{}}],"line":147},"42":{"loc":{"start":{"line":160,"column":4},"end":{"line":182,"column":5}},"type":"if","locations":[{"start":{"line":160,"column":4},"end":{"line":182,"column":5}},{"start":{},"end":{}}],"line":160},"43":{"loc":{"start":{"line":161,"column":6},"end":{"line":170,"column":7}},"type":"if","locations":[{"start":{"line":161,"column":6},"end":{"line":170,"column":7}},{"start":{},"end":{}}],"line":161},"44":{"loc":{"start":{"line":172,"column":6},"end":{"line":181,"column":7}},"type":"if","locations":[{"start":{"line":172,"column":6},"end":{"line":181,"column":7}},{"start":{},"end":{}}],"line":172},"45":{"loc":{"start":{"line":179,"column":16},"end":{"line":179,"column":51}},"type":"binary-expr","locations":[{"start":{"line":179,"column":16},"end":{"line":179,"column":39}},{"start":{"line":179,"column":43},"end":{"line":179,"column":51}}],"line":179},"46":{"loc":{"start":{"line":187,"column":2},"end":{"line":187,"column":25}},"type":"if","locations":[{"start":{"line":187,"column":2},"end":{"line":187,"column":25}},{"start":{},"end":{}}],"line":187},"47":{"loc":{"start":{"line":189,"column":24},"end":{"line":189,"column":84}},"type":"binary-expr","locations":[{"start":{"line":189,"column":24},"end":{"line":189,"column":53}},{"start":{"line":189,"column":57},"end":{"line":189,"column":84}}],"line":189},"48":{"loc":{"start":{"line":190,"column":22},"end":{"line":190,"column":78}},"type":"binary-expr","locations":[{"start":{"line":190,"column":22},"end":{"line":190,"column":47}},{"start":{"line":190,"column":51},"end":{"line":190,"column":78}}],"line":190},"49":{"loc":{"start":{"line":191,"column":19},"end":{"line":191,"column":38}},"type":"binary-expr","locations":[{"start":{"line":191,"column":19},"end":{"line":191,"column":32}},{"start":{"line":191,"column":36},"end":{"line":191,"column":38}}],"line":191},"50":{"loc":{"start":{"line":193,"column":4},"end":{"line":193,"column":22}},"type":"if","locations":[{"start":{"line":193,"column":4},"end":{"line":193,"column":22}},{"start":{},"end":{}}],"line":193},"51":{"loc":{"start":{"line":194,"column":4},"end":{"line":194,"column":25}},"type":"if","locations":[{"start":{"line":194,"column":4},"end":{"line":194,"column":25}},{"start":{},"end":{}}],"line":194},"52":{"loc":{"start":{"line":195,"column":37},"end":{"line":195,"column":60}},"type":"binary-expr","locations":[{"start":{"line":195,"column":37},"end":{"line":195,"column":54}},{"start":{"line":195,"column":58},"end":{"line":195,"column":60}}],"line":195},"53":{"loc":{"start":{"line":197,"column":25},"end":{"line":197,"column":58}},"type":"binary-expr","locations":[{"start":{"line":197,"column":25},"end":{"line":197,"column":50}},{"start":{"line":197,"column":54},"end":{"line":197,"column":58}}],"line":197},"54":{"loc":{"start":{"line":199,"column":30},"end":{"line":199,"column":97}},"type":"binary-expr","locations":[{"start":{"line":199,"column":30},"end":{"line":199,"column":62}},{"start":{"line":199,"column":66},"end":{"line":199,"column":81}},{"start":{"line":199,"column":85},"end":{"line":199,"column":97}}],"line":199},"55":{"loc":{"start":{"line":200,"column":27},"end":{"line":200,"column":64}},"type":"cond-expr","locations":[{"start":{"line":200,"column":52},"end":{"line":200,"column":59}},{"start":{"line":200,"column":62},"end":{"line":200,"column":64}}],"line":200},"56":{"loc":{"start":{"line":202,"column":4},"end":{"line":203,"column":8}},"type":"binary-expr","locations":[{"start":{"line":202,"column":4},"end":{"line":202,"column":81}},{"start":{"line":203,"column":4},"end":{"line":203,"column":8}}],"line":202},"57":{"loc":{"start":{"line":206,"column":4},"end":{"line":206,"column":25}},"type":"if","locations":[{"start":{"line":206,"column":4},"end":{"line":206,"column":25}},{"start":{},"end":{}}],"line":206},"58":{"loc":{"start":{"line":212,"column":22},"end":{"line":212,"column":43}},"type":"binary-expr","locations":[{"start":{"line":212,"column":22},"end":{"line":212,"column":37}},{"start":{"line":212,"column":41},"end":{"line":212,"column":43}}],"line":212},"59":{"loc":{"start":{"line":220,"column":4},"end":{"line":220,"column":46}},"type":"if","locations":[{"start":{"line":220,"column":4},"end":{"line":220,"column":46}},{"start":{},"end":{}}],"line":220},"60":{"loc":{"start":{"line":220,"column":8},"end":{"line":220,"column":37}},"type":"binary-expr","locations":[{"start":{"line":220,"column":8},"end":{"line":220,"column":16}},{"start":{"line":220,"column":20},"end":{"line":220,"column":37}}],"line":220},"61":{"loc":{"start":{"line":226,"column":4},"end":{"line":226,"column":27}},"type":"if","locations":[{"start":{"line":226,"column":4},"end":{"line":226,"column":27}},{"start":{},"end":{}}],"line":226},"62":{"loc":{"start":{"line":227,"column":4},"end":{"line":227,"column":85}},"type":"if","locations":[{"start":{"line":227,"column":4},"end":{"line":227,"column":85}},{"start":{},"end":{}}],"line":227},"63":{"loc":{"start":{"line":227,"column":24},"end":{"line":227,"column":75}},"type":"binary-expr","locations":[{"start":{"line":227,"column":24},"end":{"line":227,"column":49}},{"start":{"line":227,"column":53},"end":{"line":227,"column":75}}],"line":227},"64":{"loc":{"start":{"line":229,"column":4},"end":{"line":231,"column":5}},"type":"if","locations":[{"start":{"line":229,"column":4},"end":{"line":231,"column":5}},{"start":{},"end":{}}],"line":229},"65":{"loc":{"start":{"line":235,"column":4},"end":{"line":235,"column":38}},"type":"if","locations":[{"start":{"line":235,"column":4},"end":{"line":235,"column":38}},{"start":{},"end":{}}],"line":235},"66":{"loc":{"start":{"line":235,"column":8},"end":{"line":235,"column":29}},"type":"binary-expr","locations":[{"start":{"line":235,"column":8},"end":{"line":235,"column":16}},{"start":{"line":235,"column":20},"end":{"line":235,"column":29}}],"line":235},"67":{"loc":{"start":{"line":239,"column":24},"end":{"line":239,"column":64}},"type":"cond-expr","locations":[{"start":{"line":239,"column":51},"end":{"line":239,"column":59}},{"start":{"line":239,"column":62},"end":{"line":239,"column":64}}],"line":239},"68":{"loc":{"start":{"line":243,"column":12},"end":{"line":243,"column":34}},"type":"binary-expr","locations":[{"start":{"line":243,"column":12},"end":{"line":243,"column":23}},{"start":{"line":243,"column":27},"end":{"line":243,"column":34}}],"line":243},"69":{"loc":{"start":{"line":244,"column":14},"end":{"line":244,"column":69}},"type":"binary-expr","locations":[{"start":{"line":244,"column":14},"end":{"line":244,"column":27}},{"start":{"line":244,"column":31},"end":{"line":244,"column":40}},{"start":{"line":244,"column":44},"end":{"line":244,"column":56}},{"start":{"line":244,"column":60},"end":{"line":244,"column":69}}],"line":244},"70":{"loc":{"start":{"line":245,"column":14},"end":{"line":245,"column":45}},"type":"binary-expr","locations":[{"start":{"line":245,"column":14},"end":{"line":245,"column":27}},{"start":{"line":245,"column":31},"end":{"line":245,"column":40}},{"start":{"line":245,"column":44},"end":{"line":245,"column":45}}],"line":245},"71":{"loc":{"start":{"line":246,"column":14},"end":{"line":246,"column":40}},"type":"binary-expr","locations":[{"start":{"line":246,"column":14},"end":{"line":246,"column":27}},{"start":{"line":246,"column":31},"end":{"line":246,"column":40}}],"line":246},"72":{"loc":{"start":{"line":247,"column":13},"end":{"line":247,"column":53}},"type":"binary-expr","locations":[{"start":{"line":247,"column":13},"end":{"line":247,"column":25}},{"start":{"line":247,"column":29},"end":{"line":247,"column":37}},{"start":{"line":247,"column":41},"end":{"line":247,"column":53}}],"line":247},"73":{"loc":{"start":{"line":248,"column":16},"end":{"line":248,"column":38}},"type":"binary-expr","locations":[{"start":{"line":248,"column":16},"end":{"line":248,"column":27}},{"start":{"line":248,"column":31},"end":{"line":248,"column":38}}],"line":248},"74":{"loc":{"start":{"line":260,"column":4},"end":{"line":260,"column":24}},"type":"if","locations":[{"start":{"line":260,"column":4},"end":{"line":260,"column":24}},{"start":{},"end":{}}],"line":260},"75":{"loc":{"start":{"line":265,"column":37},"end":{"line":265,"column":57}},"type":"binary-expr","locations":[{"start":{"line":265,"column":37},"end":{"line":265,"column":51}},{"start":{"line":265,"column":55},"end":{"line":265,"column":57}}],"line":265},"76":{"loc":{"start":{"line":266,"column":4},"end":{"line":266,"column":68}},"type":"if","locations":[{"start":{"line":266,"column":4},"end":{"line":266,"column":68}},{"start":{},"end":{}}],"line":266},"77":{"loc":{"start":{"line":266,"column":8},"end":{"line":266,"column":59}},"type":"binary-expr","locations":[{"start":{"line":266,"column":8},"end":{"line":266,"column":34}},{"start":{"line":266,"column":38},"end":{"line":266,"column":46}},{"start":{"line":266,"column":50},"end":{"line":266,"column":59}}],"line":266},"78":{"loc":{"start":{"line":279,"column":33},"end":{"line":279,"column":48}},"type":"binary-expr","locations":[{"start":{"line":279,"column":33},"end":{"line":279,"column":42}},{"start":{"line":279,"column":46},"end":{"line":279,"column":48}}],"line":279},"79":{"loc":{"start":{"line":281,"column":18},"end":{"line":281,"column":56}},"type":"binary-expr","locations":[{"start":{"line":281,"column":18},"end":{"line":281,"column":37}},{"start":{"line":281,"column":41},"end":{"line":281,"column":56}}],"line":281},"80":{"loc":{"start":{"line":282,"column":20},"end":{"line":282,"column":75}},"type":"binary-expr","locations":[{"start":{"line":282,"column":20},"end":{"line":282,"column":41}},{"start":{"line":282,"column":45},"end":{"line":282,"column":62}},{"start":{"line":282,"column":66},"end":{"line":282,"column":75}}],"line":282},"81":{"loc":{"start":{"line":283,"column":20},"end":{"line":283,"column":75}},"type":"binary-expr","locations":[{"start":{"line":283,"column":20},"end":{"line":283,"column":41}},{"start":{"line":283,"column":45},"end":{"line":283,"column":62}},{"start":{"line":283,"column":66},"end":{"line":283,"column":75}}],"line":283},"82":{"loc":{"start":{"line":284,"column":20},"end":{"line":284,"column":75}},"type":"binary-expr","locations":[{"start":{"line":284,"column":20},"end":{"line":284,"column":41}},{"start":{"line":284,"column":45},"end":{"line":284,"column":62}},{"start":{"line":284,"column":66},"end":{"line":284,"column":75}}],"line":284},"83":{"loc":{"start":{"line":285,"column":19},"end":{"line":285,"column":83}},"type":"binary-expr","locations":[{"start":{"line":285,"column":19},"end":{"line":285,"column":39}},{"start":{"line":285,"column":43},"end":{"line":285,"column":59}},{"start":{"line":285,"column":63},"end":{"line":285,"column":83}}],"line":285},"84":{"loc":{"start":{"line":295,"column":17},"end":{"line":295,"column":75}},"type":"binary-expr","locations":[{"start":{"line":295,"column":17},"end":{"line":295,"column":42}},{"start":{"line":295,"column":46},"end":{"line":295,"column":75}}],"line":295},"85":{"loc":{"start":{"line":304,"column":17},"end":{"line":304,"column":67}},"type":"binary-expr","locations":[{"start":{"line":304,"column":17},"end":{"line":304,"column":39}},{"start":{"line":304,"column":43},"end":{"line":304,"column":67}}],"line":304},"86":{"loc":{"start":{"line":305,"column":21},"end":{"line":305,"column":96}},"type":"binary-expr","locations":[{"start":{"line":305,"column":21},"end":{"line":305,"column":51}},{"start":{"line":305,"column":55},"end":{"line":305,"column":74}},{"start":{"line":305,"column":78},"end":{"line":305,"column":96}}],"line":305},"87":{"loc":{"start":{"line":310,"column":6},"end":{"line":312,"column":7}},"type":"if","locations":[{"start":{"line":310,"column":6},"end":{"line":312,"column":7}},{"start":{},"end":{}}],"line":310},"88":{"loc":{"start":{"line":317,"column":4},"end":{"line":317,"column":79}},"type":"if","locations":[{"start":{"line":317,"column":4},"end":{"line":317,"co
[...]
n":42},"end":{"line":100,"column":44}}],"line":100},"28":{"loc":{"start":{"line":101,"column":16},"end":{"line":101,"column":47}},"type":"binary-expr","locations":[{"start":{"line":101,"column":16},"end":{"line":101,"column":41}},{"start":{"line":101,"column":45},"end":{"line":101,"column":47}}],"line":101},"29":{"loc":{"start":{"line":102,"column":13},"end":{"line":102,"column":51}},"type":"binary-expr","locations":[{"start":{"line":102,"column":13},"end":{"line":102,"column":26}},{"start":{"line":102,"column":30},"end":{"line":102,"column":45}},{"start":{"line":102,"column":49},"end":{"line":102,"column":51}}],"line":102},"30":{"loc":{"start":{"line":103,"column":16},"end":{"line":103,"column":60}},"type":"binary-expr","locations":[{"start":{"line":103,"column":16},"end":{"line":103,"column":34}},{"start":{"line":103,"column":38},"end":{"line":103,"column":54}},{"start":{"line":103,"column":58},"end":{"line":103,"column":60}}],"line":103},"31":{"loc":{"start":{"line":104,"column":34},"end":{"line":104,"column":54}},"type":"binary-expr","locations":[{"start":{"line":104,"column":34},"end":{"line":104,"column":48}},{"start":{"line":104,"column":52},"end":{"line":104,"column":54}}],"line":104},"32":{"loc":{"start":{"line":105,"column":14},"end":{"line":107,"column":44}},"type":"cond-expr","locations":[{"start":{"line":106,"column":8},"end":{"line":106,"column":9}},{"start":{"line":107,"column":8},"end":{"line":107,"column":44}}],"line":105},"33":{"loc":{"start":{"line":109,"column":12},"end":{"line":109,"column":63}},"type":"binary-expr","locations":[{"start":{"line":109,"column":12},"end":{"line":109,"column":37}},{"start":{"line":109,"column":41},"end":{"line":109,"column":57}},{"start":{"line":109,"column":61},"end":{"line":109,"column":63}}],"line":109},"34":{"loc":{"start":{"line":110,"column":12},"end":{"line":116,"column":10}},"type":"cond-expr","locations":[{"start":{"line":111,"column":9},"end":{"line":115,"column":19}},{"start":{"line":116,"column":8},"end":{"line":116,"column":10}}],"line":110},"35":{"loc":{"start":{"line":111,"column":9},"end":{"line":115,"column":19}},"type":"cond-expr","locations":[{"start":{"line":112,"column":12},"end":{"line":112,"column":24}},{"start":{"line":113,"column":13},"end":{"line":115,"column":18}}],"line":111},"36":{"loc":{"start":{"line":113,"column":13},"end":{"line":115,"column":18}},"type":"cond-expr","locations":[{"start":{"line":114,"column":16},"end":{"line":114,"column":74}},{"start":{"line":115,"column":16},"end":{"line":115,"column":18}}],"line":113},"37":{"loc":{"start":{"line":120,"column":34},"end":{"line":120,"column":42}},"type":"default-arg","locations":[{"start":{"line":120,"column":40},"end":{"line":120,"column":42}}],"line":120},"38":{"loc":{"start":{"line":121,"column":16},"end":{"line":121,"column":53}},"type":"binary-expr","locations":[{"start":{"line":121,"column":16},"end":{"line":121,"column":25}},{"start":{"line":121,"column":29},"end":{"line":121,"column":47}},{"start":{"line":121,"column":51},"end":{"line":121,"column":53}}],"line":121},"39":{"loc":{"start":{"line":123,"column":8},"end":{"line":123,"column":31}},"type":"binary-expr","locations":[{"start":{"line":123,"column":8},"end":{"line":123,"column":21}},{"start":{"line":123,"column":25},"end":{"line":123,"column":31}}],"line":123},"40":{"loc":{"start":{"line":124,"column":10},"end":{"line":124,"column":71}},"type":"binary-expr","locations":[{"start":{"line":124,"column":10},"end":{"line":124,"column":25}},{"start":{"line":124,"column":29},"end":{"line":124,"column":37}},{"start":{"line":124,"column":41},"end":{"line":124,"column":58}},{"start":{"line":124,"column":62},"end":{"line":124,"column":71}}],"line":124},"41":{"loc":{"start":{"line":126,"column":17},"end":{"line":126,"column":55}},"type":"binary-expr","locations":[{"start":{"line":126,"column":17},"end":{"line":126,"column":32}},{"start":{"line":126,"column":36},"end":{"line":126,"column":49}},{"start":{"line":126,"column":53},"end":{"line":126,"column":55}}],"line":126},"42":{"loc":{"start":{"line":128,"column":6},"end":{"line":132,"column":8}},"type":"binary-expr","locations":[{"start":{"line":128,"column":6},"end":{"line":128,"column":19}},{"start":{"line":129,"column":6},"end":{"line":129,"column":19}},{"start":{"line":130,"column":6},"end":{"line":130,"column":18}},{"start":{"line":131,"column":6},"end":{"line":131,"column":18}},{"start":{"line":132,"column":6},"end":{"line":132,"column":8}}],"line":128},"43":{"loc":{"start":{"line":133,"column":10},"end":{"line":133,"column":35}},"type":"binary-expr","locations":[{"start":{"line":133,"column":10},"end":{"line":133,"column":18}},{"start":{"line":133,"column":22},"end":{"line":133,"column":35}}],"line":133},"44":{"loc":{"start":{"line":134,"column":12},"end":{"line":134,"column":42}},"type":"binary-expr","locations":[{"start":{"line":134,"column":12},"end":{"line":134,"column":22}},{"start":{"line":134,"column":26},"end":{"line":134,"column":36}},{"start":{"line":134,"column":40},"end":{"line":134,"column":42}}],"line":134},"45":{"loc":{"start":{"line":135,"column":13},"end":{"line":135,"column":30}},"type":"binary-expr","locations":[{"start":{"line":135,"column":13},"end":{"line":135,"column":24}},{"start":{"line":135,"column":28},"end":{"line":135,"column":30}}],"line":135},"46":{"loc":{"start":{"line":141,"column":2},"end":{"line":143,"column":3}},"type":"if","locations":[{"start":{"line":141,"column":2},"end":{"line":143,"column":3}},{"start":{},"end":{}}],"line":141},"47":{"loc":{"start":{"line":141,"column":6},"end":{"line":141,"column":30}},"type":"binary-expr","locations":[{"start":{"line":141,"column":6},"end":{"line":141,"column":12}},{"start":{"line":141,"column":16},"end":{"line":141,"column":30}}],"line":141},"48":{"loc":{"start":{"line":149,"column":23},"end":{"line":151,"column":34}},"type":"cond-expr","locations":[{"start":{"line":150,"column":6},"end":{"line":150,"column":19}},{"start":{"line":151,"column":6},"end":{"line":151,"column":34}}],"line":149},"49":{"loc":{"start":{"line":156,"column":4},"end":{"line":162,"column":5}},"type":"if","locations":[{"start":{"line":156,"column":4},"end":{"line":162,"column":5}},{"start":{"line":158,"column":11},"end":{"line":162,"column":5}}],"line":156},"50":{"loc":{"start":{"line":158,"column":11},"end":{"line":162,"column":5}},"type":"if","locations":[{"start":{"line":158,"column":11},"end":{"line":162,"column":5}},{"start":{"line":160,"column":11},"end":{"line":162,"column":5}}],"line":158},"51":{"loc":{"start":{"line":158,"column":15},"end":{"line":158,"column":63}},"type":"binary-expr","locations":[{"start":{"line":158,"column":15},"end":{"line":158,"column":27}},{"start":{"line":158,"column":31},"end":{"line":158,"column":63}}],"line":158},"52":{"loc":{"start":{"line":160,"column":11},"end":{"line":162,"column":5}},"type":"if","locations":[{"start":{"line":160,"column":11},"end":{"line":162,"column":5}},{"start":{},"end":{}}],"line":160},"53":{"loc":{"start":{"line":167,"column":4},"end":{"line":169,"column":5}},"type":"if","locations":[{"start":{"line":167,"column":4},"end":{"line":169,"column":5}},{"start":{},"end":{}}],"line":167},"54":{"loc":{"start":{"line":172,"column":2},"end":{"line":174,"column":3}},"type":"if","locations":[{"start":{"line":172,"column":2},"end":{"line":174,"column":3}},{"start":{},"end":{}}],"line":172}},"s":{"0":1,"1":4,"2":4,"3":4,"4":1,"5":2,"6":2,"7":2,"8":2,"9":1,"10":1,"11":2,"12":2,"13":2,"14":8,"15":7,"16":1,"17":1,"18":1,"19":1,"20":1,"21":0,"22":2,"23":2,"24":3,"25":1,"26":1,"27":1,"28":1,"29":2,"30":1,"31":1,"32":1,"33":1,"34":1,"35":2,"36":2,"37":2,"38":0,"39":0,"40":0,"41":0,"42":2,"43":2,"44":2,"45":1,"46":1,"47":0,"48":1,"49":1},"f":{"0":4,"1":2,"2":1,"3":2,"4":3,"5":1,"6":2,"7":2},"b":{"0":[0],"1":[2,2],"2":[1,1],"3":[3,1],"4":[0],"5":[2,1],"6":[2,0],"7":[2,1,1,1,0,0,0,0,0],"8":[1,1,0,0,0,0],"9":[1,0,0,0,0,0],"10":[1,1,1,1,1,1,1,1,1,1],"11":[1,1],"12":[7,1],"13":[8,7],"14":[1,0],"15":[1,1],"16":[1,0],"17":[2,1,0],"18":[2,1,1],"19":[2,2],"20":[2,2],"21":[2,2,1,1,1],"22":[0,1],"23":[2,2,1,1,1],"24":[2,1],"25":[2,1],"26":[2,2],"27":[2,2],"28":[2,2],"29":[2,2,2],"30":[2,2,2],"31":[2,1],"32":[0,2],"33":[2,2,2],"34":[1,1],"35":[0,1],"36":[1,0],"37":[0],"38":[1,1,0],"39":[1,0],"40":[1,1,1,0],"41":[1,1,1],"42":[1,1,1,1,1],"43":[1,1],"44":[1,1,1],"45":[1,1],"46":[1,1],"47":[2,1],"48":[1,0],"49":[2,0],"50":[0,0],"51":[0,0],"52":[0,0],"53":[1,1],"54":[0,1]},"_coverageSchema":"1a1c01bbd47fc00a2c39e90264f33305004495a9","hash":"f1e2d385adda7fa8f88f602c0f0574720d2cc5a4"}
,"D:\\myProject\\Team Project\\FE-Teammy\\src\\utils\\kanbanHelpers.js": {"path":"D:\\myProject\\Team Project\\FE-Teammy\\src\\utils\\kanbanHelpers.js","statementMap":{"0":{"start":{"line":3,"column":25},"end":{"line":8,"column":1}},"1":{"start":{"line":10,"column":30},"end":{"line":17,"column":1}},"2":{"start":{"line":19,"column":28},"end":{"line":25,"column":1}},"3":{"start":{"line":29,"column":4},"end":{"line":36,"column":10}},"4":{"start":{"line":37,"column":2},"end":{"line":42,"column":14}},"5":{"start":{"line":41,"column":16},"end":{"line":41,"column":35}}},"fnMap":{"0":{"name":"initials","decl":{"start":{"line":27,"column":16},"end":{"line":27,"column":24}},"loc":{"start":{"line":27,"column":37},"end":{"line":43,"column":1}},"line":27},"1":{"name":"(anonymous_1)","decl":{"start":{"line":41,"column":9},"end":{"line":41,"column":10}},"loc":{"start":{"line":41,"column":16},"end":{"line":41,"column":35}},"line":41}},"branchMap":{"0":{"loc":{"start":{"line":27,"column":25},"end":{"line":27,"column":35}},"type":"default-arg","locations":[{"start":{"line":27,"column":33},"end":{"line":27,"column":35}}],"line":27},"1":{"loc":{"start":{"line":29,"column":4},"end":{"line":36,"column":10}},"type":"cond-expr","locations":[{"start":{"line":30,"column":8},"end":{"line":30,"column":13}},{"start":{"line":31,"column":8},"end":{"line":36,"column":10}}],"line":29},"2":{"loc":{"start":{"line":31,"column":8},"end":{"line":36,"column":10}},"type":"binary-expr","locations":[{"start":{"line":31,"column":8},"end":{"line":31,"column":19}},{"start":{"line":32,"column":8},"end":{"line":32,"column":26}},{"start":{"line":33,"column":8},"end":{"line":33,"column":23}},{"start":{"line":34,"column":8},"end":{"line":34,"column":20}},{"start":{"line":35,"column":8},"end":{"line":35,"column":17}},{"start":{"line":36,"column":8},"end":{"line":36,"column":10}}],"line":31}},"s":{"0":3,"1":3,"2":3,"3":145,"4":145,"5":145},"f":{"0":145,"1":145},"b":{"0":[1],"1":[143,2],"2":[2,2,1,1,0,0]},"_coverageSchema":"1a1c01bbd47fc00a2c39e90264f33305004495a9","hash":"d306ac39f7058cdd3e0e671f74df234df27d61dd"}
,"D:\\myProject\\Team Project\\FE-Teammy\\src\\utils\\kanbanUtils.js": {"path":"D:\\myProject\\Team Project\\FE-Teammy\\src\\utils\\kanbanUtils.js","statementMap":{"0":{"start":{"line":3,"column":30},"end":{"line":3,"column":70}},"1":{"start":{"line":9,"column":2},"end":{"line":9,"column":75}},"2":{"start":{"line":9,"column":34},"end":{"line":9,"column":73}},"3":{"start":{"line":9,"column":57},"end":{"line":9,"column":72}},"4":{"start":{"line":16,"column":15},"end":{"line":16,"column":26}},"5":{"start":{"line":17,"column":2},"end":{"line":17,"column":30}},"6":{"start":{"line":18,"column":2},"end":{"line":18,"column":14}},"7":{"start":{"line":31,"column":20},"end":{"line":31,"column":70}},"8":{"start":{"line":31,"column":32},"end":{"line":31,"column":70}},"9":{"start":{"line":33,"column":4},"end":{"line":35,"column":34}},"10":{"start":{"line":36,"column":15},"end":{"line":50,"column":3}},"11":{"start":{"line":38,"column":6},"end":{"line":40,"column":67}},"12":{"start":{"line":42,"column":6},"end":{"line":44,"column":56}},"13":{"start":{"line":46,"column":6},"end":{"line":48,"column":68}},"14":{"start":{"line":49,"column":4},"end":{"line":49,"column":53}},"15":{"start":{"line":52,"column":16},"end":{"line":52,"column":18}},"16":{"start":{"line":53,"column":2},"end":{"line":56,"column":3}},"17":{"start":{"line":54,"column":17},"end":{"line":54,"column":62}},"18":{"start":{"line":55,"column":4},"end":{"line":55,"column":33}},"19":{"start":{"line":57,"column":2},"end":{"line":57,"column":15}},"20":{"start":{"line":69,"column":18},"end":{"line":69,"column":67}},"21":{"start":{"line":71,"column":4},"end":{"line":72,"column":51}},"22":{"start":{"line":74,"column":2},"end":{"line":74,"column":62}},"23":{"start":{"line":74,"column":47},"end":{"line":74,"column":62}},"24":{"start":{"line":76,"column":19},"end":{"line":76,"column":40}},"25":{"start":{"line":77,"column":17},"end":{"line":77,"column":36}},"26":{"start":{"line":79,"column":22},"end":{"line":79,"column":66}},"27":{"start":{"line":79,"column":48},"end":{"line":79,"column":65}},"28":{"start":{"line":80,"column":17},"end":{"line":80,"column":38}},"29":{"start":{"line":81,"column":2},"end":{"line":81,"column":30}},"30":{"start":{"line":81,"column":15},"end":{"line":81,"column":30}},"31":{"start":{"line":84,"column":2},"end":{"line":84,"column":34}},"32":{"start":{"line":87,"column":25},"end":{"line":87,"column":82}},"33":{"start":{"line":88,"column":24},"end":{"line":90,"column":19}},"34":{"start":{"line":89,"column":30},"end":{"line":89,"column":45}},"35":{"start":{"line":92,"column":16},"end":{"line":92,"column":55}},"36":{"start":{"line":94,"column":2},"end":{"line":98,"column":4}}},"fnMap":{"0":{"name":"findColumnOfTask","decl":{"start":{"line":8,"column":16},"end":{"line":8,"column":32}},"loc":{"start":{"line":8,"column":81},"end":{"line":10,"column":1}},"line":8},"1":{"name":"(anonymous_1)","decl":{"start":{"line":9,"column":27},"end":{"line":9,"column":28}},"loc":{"start":{"line":9,"column":34},"end":{"line":9,"column":73}},"line":9},"2":{"name":"(anonymous_2)","decl":{"start":{"line":9,"column":50},"end":{"line":9,"column":51}},"loc":{"start":{"line":9,"column":57},"end":{"line":9,"column":72}},"line":9},"3":{"name":"insertAt","decl":{"start":{"line":15,"column":16},"end":{"line":15,"column":24}},"loc":{"start":{"line":15,"column":43},"end":{"line":19,"column":1}},"line":15},"4":{"name":"filterColumns","decl":{"start":{"line":24,"column":16},"end":{"line":24,"column":29}},"loc":{"start":{"line":30,"column":2},"end":{"line":58,"column":1}},"line":30},"5":{"name":"(anonymous_5)","decl":{"start":{"line":31,"column":20},"end":{"line":31,"column":21}},"loc":{"start":{"line":31,"column":32},"end":{"line":31,"column":70}},"line":31},"6":{"name":"(anonymous_6)","decl":{"start":{"line":36,"column":15},"end":{"line":36,"column":16}},"loc":{"start":{"line":36,"column":25},"end":{"line":50,"column":3}},"line":36},"7":{"name":"moveTaskAcrossColumns","decl":{"start":{"line":63,"column":16},"end":{"line":63,"column":37}},"loc":{"start":{"line":68,"column":2},"end":{"line":99,"column":1}},"line":68},"8":{"name":"(anonymous_8)","decl":{"start":{"line":79,"column":41},"end":{"line":79,"column":42}},"loc":{"start":{"line":79,"column":48},"end":{"line":79,"column":65}},"line":79},"9":{"name":"(anonymous_9)","decl":{"start":{"line":89,"column":23},"end":{"line":89,"column":24}},"loc":{"start":{"line":89,"column":30},"end":{"line":89,"column":45}},"line":89}},"branchMap":{"0":{"loc":{"start":{"line":8,"column":50},"end":{"line":8,"column":79}},"type":"default-arg","locations":[{"start":{"line":8,"column":65},"end":{"line":8,"column":79}}],"line":8},"1":{"loc":{"start":{"line":31,"column":21},"end":{"line":31,"column":27}},"type":"default-arg","locations":[{"start":{"line":31,"column":25},"end":{"line":31,"column":27}}],"line":31},"2":{"loc":{"start":{"line":33,"column":4},"end":{"line":35,"column":34}},"type":"cond-expr","locations":[{"start":{"line":34,"column":8},"end":{"line":34,"column":20}},{"start":{"line":35,"column":8},"end":{"line":35,"column":34}}],"line":33},"3":{"loc":{"start":{"line":33,"column":4},"end":{"line":33,"column":39}},"type":"binary-expr","locations":[{"start":{"line":33,"column":4},"end":{"line":33,"column":16}},{"start":{"line":33,"column":20},"end":{"line":33,"column":39}}],"line":33},"4":{"loc":{"start":{"line":35,"column":20},"end":{"line":35,"column":33}},"type":"binary-expr","locations":[{"start":{"line":35,"column":20},"end":{"line":35,"column":27}},{"start":{"line":35,"column":31},"end":{"line":35,"column":33}}],"line":35},"5":{"loc":{"start":{"line":38,"column":6},"end":{"line":40,"column":67}},"type":"binary-expr","locations":[{"start":{"line":38,"column":6},"end":{"line":38,"column":13}},{"start":{"line":39,"column":6},"end":{"line":39,"column":61}},{"start":{"line":40,"column":6},"end":{"line":40,"column":67}}],"line":38},"6":{"loc":{"start":{"line":42,"column":6},"end":{"line":44,"column":56}},"type":"binary-expr","locations":[{"start":{"line":42,"column":6},"end":{"line":42,"column":19}},{"start":{"line":43,"column":6},"end":{"line":43,"column":28}},{"start":{"line":44,"column":6},"end":{"line":44,"column":56}}],"line":42},"7":{"loc":{"start":{"line":46,"column":6},"end":{"line":48,"column":68}},"type":"binary-expr","locations":[{"start":{"line":46,"column":6},"end":{"line":46,"column":21}},{"start":{"line":47,"column":6},"end":{"line":47,"column":30}},{"start":{"line":48,"column":6},"end":{"line":48,"column":68}}],"line":46},"8":{"loc":{"start":{"line":49,"column":11},"end":{"line":49,"column":52}},"type":"binary-expr","locations":[{"start":{"line":49,"column":11},"end":{"line":49,"column":20}},{"start":{"line":49,"column":24},"end":{"line":49,"column":35}},{"start":{"line":49,"column":39},"end":{"line":49,"column":52}}],"line":49},"9":{"loc":{"start":{"line":54,"column":17},"end":{"line":54,"column":62}},"type":"cond-expr","locations":[{"start":{"line":54,"column":47},"end":{"line":54,"column":57}},{"start":{"line":54,"column":60},"end":{"line":54,"column":62}}],"line":54},"10":{"loc":{"start":{"line":67,"column":2},"end":{"line":67,"column":31}},"type":"default-arg","locations":[{"start":{"line":67,"column":17},"end":{"line":67,"column":31}}],"line":67},"11":{"loc":{"start":{"line":71,"column":4},"end":{"line":72,"column":51}},"type":"binary-expr","locations":[{"start":{"line":71,"column":4},"end":{"line":71,"column":51}},{"start":{"line":72,"column":5},"end":{"line":72,"column":50}}],"line":71},"12":{"loc":{"start":{"line":72,"column":5},"end":{"line":72,"column":50}},"type":"cond-expr","locations":[{"start":{"line":72,"column":37},"end":{"line":72,"column":43}},{"start":{"line":72,"column":46},"end":{"line":72,"column":50}}],"line":72},"13":{"loc":{"start":{"line":74,"column":2},"end":{"line":74,"column":62}},"type":"if","locations":[{"start":{"line":74,"column":2},"end":{"line":74,"column":62}},{"start":{},"end":{}}],"line":74},"14":{"loc":{"start":{"line":74,"column":6},"end":{"line":74,"column":45}},"type":"binary-expr","locations":[{"start":{"line":74,"column":6},"end":{"line":74,"column":14}},{"start":{"line":74,"column":18},"end":{"line":74,"column":24}},{"start":{"line":74,"column":28},"end":{"line":74,"column":45}}],"line":74},"15":{"loc":{"start":{"line":81,"column":2},"end":{"line":81,"column":30}},"type":"if","locations":[{"start":{"line":81,"column":2},"end":{"line":81,"column":30}},{"start":{},"end":{}}],"line":81},"16":{"loc":{"start":{"line":88,"column":24},"end":{"line":90,"column":19}},"type":"cond-expr","locations":[{"start":{"line":89,"column":6},"end":{"line":89,"column":46}},{"start":{"line":90,"column":6},"end":{"line":90,"column":19}}],"line":88}},"s":{"0":1,"1":9,"2":13,"3":14,"4":1,"5":1,"6":1,"7":2,"8":8,"9":2,"10":2,"11":8,"12":8,"13":8,"14":8,"15":2,"16":2,"17":6,"18":6,"19":2,"20":4,"21":4,"22":4,"23":3,"24":1,"25":1,"26":1,"27":1,"28":1,"29":1,"30":0,"31":1,"32":1,"33":1,"34":1,"35":1,"36":1},"f":{"0":9,"1":13,"2":14,"3":1,"4":2,"5":8,"6":8,"7":4,"8":1,"9":1},"b":{"0":[0],"1":[0],"2":[2,0],"3":[2,2],"4":[0,0],"5":[8,4,4],"6":[8,8,4],"7":[8,8,4],"8":[8,5,5],"9":[6,0],"10":[0],"11":[4,2],"12":[0,2],"13":[3,1],"14":[4,3,2],"15":[0,1],"16":[1,0]},"_coverageSchema":"1a1c01bbd47fc00a2c39e90264f33305004495a9","hash":"bb435b17524343cbbd6ef72e92bd56d077e81057"}
}
