TN:
SF:src\components\common\kanban\Column.jsx
FN:12,(anonymous_0)
FN:33,(anonymous_1)
FN:34,(anonymous_2)
FN:40,(anonymous_3)
FN:64,(anonymous_4)
FN:64,(anonymous_5)
FN:74,(anonymous_6)
FN:85,(anonymous_7)
FN:95,(anonymous_8)
FN:111,(anonymous_9)
FN:114,(anonymous_10)
FN:131,(anonymous_11)
FN:138,(anonymous_12)
FN:152,(anonymous_13)
FNF:14
FNH:14
FNDA:20,(anonymous_0)
FNDA:5,(anonymous_1)
FNDA:1,(anonymous_2)
FNDA:5,(anonymous_3)
FNDA:6,(anonymous_4)
FNDA:6,(anonymous_5)
FNDA:3,(anonymous_6)
FNDA:1,(anonymous_7)
FNDA:1,(anonymous_8)
FNDA:28,(anonymous_9)
FNDA:28,(anonymous_10)
FNDA:1,(anonymous_11)
FNDA:1,(anonymous_12)
FNDA:1,(anonymous_13)
DA:12,1
DA:22,20
DA:23,20
DA:24,20
DA:25,20
DA:26,20
DA:27,20
DA:28,20
DA:29,20
DA:33,20
DA:34,5
DA:35,1
DA:36,1
DA:39,5
DA:40,5
DA:41,5
DA:45,20
DA:64,6
DA:75,3
DA:76,3
DA:86,1
DA:87,1
DA:96,1
DA:97,1
DA:111,28
DA:115,28
DA:131,1
DA:139,1
DA:140,1
DA:144,1
DA:145,1
DA:153,1
DA:154,1
LF:33
LH:33
BRDA:20,0,0,0
BRDA:28,1,0,20
BRDA:28,1,1,0
BRDA:29,2,0,1
BRDA:29,2,1,19
BRDA:35,3,0,1
BRDA:35,3,1,0
BRDA:35,4,0,1
BRDA:35,4,1,1
BRDA:49,5,0,0
BRDA:49,5,1,20
BRDA:55,6,0,20
BRDA:55,6,1,1
BRDA:70,7,0,20
BRDA:70,7,1,6
BRDA:81,8,0,6
BRDA:81,8,1,0
BRDA:87,9,0,1
BRDA:87,9,1,0
BRDA:91,10,0,6
BRDA:91,10,1,0
BRDA:97,11,0,1
BRDA:97,11,1,0
BRDA:101,12,0,6
BRDA:101,12,1,0
BRDA:125,13,0,20
BRDA:125,13,1,18
BRDA:125,13,2,8
BRDA:132,14,0,8
BRDA:132,14,1,0
BRDA:139,15,0,0
BRDA:139,15,1,1
BRF:32
BRH:21
end_of_record
TN:
SF:src\components\common\kanban\TaskCard.jsx
FN:11,(anonymous_0)
FN:17,(anonymous_1)
FN:30,(anonymous_2)
FN:34,(anonymous_3)
FN:38,(anonymous_4)
FN:57,(anonymous_5)
FN:66,(anonymous_6)
FN:75,(anonymous_7)
FN:76,(anonymous_8)
FN:100,(anonymous_9)
FN:128,(anonymous_10)
FNF:11
FNH:11
FNDA:10,(anonymous_0)
FNDA:10,(anonymous_1)
FNDA:8,(anonymous_2)
FNDA:8,(anonymous_3)
FNDA:8,(anonymous_4)
FNDA:8,(anonymous_5)
FNDA:17,(anonymous_6)
FNDA:8,(anonymous_7)
FNDA:5,(anonymous_8)
FNDA:1,(anonymous_9)
FNDA:10,(anonymous_10)
DA:11,1
DA:12,10
DA:13,10
DA:14,10
DA:17,1
DA:18,10
DA:19,10
DA:20,10
DA:30,1
DA:31,8
DA:32,8
DA:34,8
DA:38,1
DA:46,8
DA:48,8
DA:54,8
DA:57,8
DA:58,8
DA:61,8
DA:62,1
DA:66,17
DA:67,7
DA:68,7
DA:70,7
DA:71,5
DA:75,8
DA:76,5
DA:78,2
DA:79,0
DA:80,2
DA:81,1
DA:83,1
DA:86,8
DA:88,8
DA:91,8
DA:93,8
DA:100,1
DA:129,10
DA:130,10
DA:131,10
LF:40
LH:39
BRDA:12,0,0,0
BRDA:12,0,1,10
BRDA:13,1,0,0
BRDA:13,1,1,10
BRDA:14,2,0,10
BRDA:14,2,1,0
BRDA:14,2,2,0
BRDA:14,2,3,0
BRDA:18,3,0,0
BRDA:18,3,1,10
BRDA:19,4,0,0
BRDA:19,4,1,10
BRDA:21,5,0,10
BRDA:21,5,1,0
BRDA:21,5,2,0
BRDA:21,5,3,0
BRDA:21,5,4,0
BRDA:21,5,5,0
BRDA:31,6,0,0
BRDA:31,6,1,8
BRDA:38,7,0,0
BRDA:51,8,0,0
BRDA:51,8,1,8
BRDA:54,9,0,8
BRDA:54,9,1,0
BRDA:61,10,0,1
BRDA:61,10,1,7
BRDA:66,11,0,17
BRDA:66,11,1,0
BRDA:66,12,0,17
BRDA:66,12,1,0
BRDA:67,13,0,7
BRDA:67,13,1,0
BRDA:70,14,0,5
BRDA:70,14,1,2
BRDA:70,15,0,7
BRDA:70,15,1,2
BRDA:78,16,0,0
BRDA:78,16,1,2
BRDA:80,17,0,1
BRDA:80,17,1,1
BRDA:88,18,0,7
BRDA:88,18,1,1
BRDA:91,19,0,7
BRDA:91,19,1,1
BRDA:117,20,0,8
BRDA:117,20,1,0
BRDA:128,21,0,8
BRDA:128,21,1,0
BRDA:129,22,0,10
BRDA:129,22,1,0
BRDA:130,23,0,10
BRDA:130,23,1,0
BRDA:137,24,0,10
BRDA:137,24,1,0
BRDA:141,25,0,8
BRDA:141,25,1,1
BRDA:141,26,0,8
BRDA:141,26,1,0
BRDA:143,27,0,1
BRDA:143,27,1,0
BRF:61
BRH:34
end_of_record
TN:
SF:src\components\common\kanban\TaskModal.jsx
FN:9,(anonymous_0)
FN:21,(anonymous_1)
FN:34,(anonymous_2)
FN:38,(anonymous_3)
FN:42,(anonymous_4)
FN:45,(anonymous_5)
FN:53,(anonymous_6)
FN:54,(anonymous_7)
FN:55,(anonymous_8)
FN:56,(anonymous_9)
FN:57,(anonymous_10)
FN:58,(anonymous_11)
FN:81,(anonymous_12)
FN:83,(anonymous_13)
FN:90,(anonymous_14)
FN:115,(anonymous_15)
FN:119,(anonymous_16)
FN:125,(anonymous_17)
FN:128,(anonymous_18)
FN:139,(anonymous_19)
FN:144,(anonymous_20)
FN:145,(anonymous_21)
FN:152,(anonymous_22)
FN:157,(anonymous_23)
FN:192,(anonymous_24)
FN:202,(anonymous_25)
FN:204,(anonymous_26)
FN:210,(anonymous_27)
FN:214,(anonymous_28)
FN:218,(anonymous_29)
FN:225,(anonymous_30)
FN:234,(anonymous_31)
FN:242,(anonymous_32)
FN:259,(anonymous_33)
FN:264,(anonymous_34)
FN:272,(anonymous_35)
FN:278,(anonymous_36)
FN:316,(anonymous_37)
FN:320,(anonymous_38)
FN:330,(anonymous_39)
FN:330,(anonymous_40)
FN:338,(anonymous_41)
FN:338,(anonymous_42)
FN:342,(anonymous_43)
FN:359,(anonymous_44)
FN:366,(anonymous_45)
FN:372,(anonymous_46)
FN:396,(anonymous_47)
FN:400,(anonymous_48)
FN:446,(anonymous_49)
FN:472,(anonymous_50)
FN:473,(anonymous_51)
FN:475,(anonymous_52)
FN:488,(anonymous_53)
FN:513,(anonymous_54)
FN:536,(anonymous_55)
FN:558,(anonymous_56)
FN:565,(anonymous_57)
FN:588,(anonymous_58)
FN:596,(anonymous_59)
FN:611,(anonymous_60)
FN:620,(anonymous_61)
FN:622,(anonymous_62)
FN:637,(anonymous_63)
FN:644,(anonymous_64)
FN:654,(anonymous_65)
FN:693,(anonymous_66)
FN:719,(anonymous_67)
FN:719,(anonymous_68)
FN:736,(anonymous_69)
FN:737,(anonymous_70)
FN:748,(anonymous_71)
FN:755,(anonymous_72)
FN:757,(anonymous_73)
FN:782,(anonymous_74)
FN:784,(anonymous_75)
FN:786,(anonymous_76)
FN:803,(anonymous_77)
FN:804,(anonymous_78)
FN:815,(anonymous_79)
FN:827,(anonymous_80)
FN:828,(anonymous_81)
FNF:82
FNH:73
FNDA:123,(anonymous_0)
FNDA:117,(anonymous_1)
FNDA:210,(anonymous_2)
FNDA:315,(anonymous_3)
FNDA:52,(anonymous_4)
FNDA:106,(anonymous_5)
FNDA:0,(anonymous_6)
FNDA:0,(anonymous_7)
FNDA:0,(anonymous_8)
FNDA:0,(anonymous_9)
FNDA:0,(anonymous_10)
FNDA:0,(anonymous_11)
FNDA:26,(anonymous_12)
FNDA:26,(anonymous_13)
FNDA:27,(anonymous_14)
FNDA:27,(anonymous_15)
FNDA:27,(anonymous_16)
FNDA:27,(anonymous_17)
FNDA:26,(anonymous_18)
FNDA:26,(anonymous_19)
FNDA:27,(anonymous_20)
FNDA:1,(anonymous_21)
FNDA:27,(anonymous_22)
FNDA:27,(anonymous_23)
FNDA:2,(anonymous_24)
FNDA:5,(anonymous_25)
FNDA:1,(anonymous_26)
FNDA:3,(anonymous_27)
FNDA:1,(anonymous_28)
FNDA:2,(anonymous_29)
FNDA:4,(anonymous_30)
FNDA:26,(anonymous_31)
FNDA:3,(anonymous_32)
FNDA:1,(anonymous_33)
FNDA:2,(anonymous_34)
FNDA:2,(anonymous_35)
FNDA:1,(anonymous_36)
FNDA:3,(anonymous_37)
FNDA:3,(anonymous_38)
FNDA:2,(anonymous_39)
FNDA:2,(anonymous_40)
FNDA:1,(anonymous_41)
FNDA:1,(anonymous_42)
FNDA:13,(anonymous_43)
FNDA:13,(anonymous_44)
FNDA:4,(anonymous_45)
FNDA:117,(anonymous_46)
FNDA:20,(anonymous_47)
FNDA:6,(anonymous_48)
FNDA:1,(anonymous_49)
FNDA:1,(anonymous_50)
FNDA:1,(anonymous_51)
FNDA:2,(anonymous_52)
FNDA:0,(anonymous_53)
FNDA:13,(anonymous_54)
FNDA:3,(anonymous_55)
FNDA:11,(anonymous_56)
FNDA:1,(anonymous_57)
FNDA:20,(anonymous_58)
FNDA:0,(anonymous_59)
FNDA:0,(anonymous_60)
FNDA:20,(anonymous_61)
FNDA:6,(anonymous_62)
FNDA:3,(anonymous_63)
FNDA:4,(anonymous_64)
FNDA:2,(anonymous_65)
FNDA:1,(anonymous_66)
FNDA:3,(anonymous_67)
FNDA:3,(anonymous_68)
FNDA:1,(anonymous_69)
FNDA:1,(anonymous_70)
FNDA:1,(anonymous_71)
FNDA:1,(anonymous_72)
FNDA:1,(anonymous_73)
FNDA:2,(anonymous_74)
FNDA:2,(anonymous_75)
FNDA:2,(anonymous_76)
FNDA:1,(anonymous_77)
FNDA:1,(anonymous_78)
FNDA:210,(anonymous_79)
FNDA:1,(anonymous_80)
FNDA:1,(anonymous_81)
DA:9,1
DA:10,123
DA:11,26
DA:12,26
DA:21,1
DA:22,117
DA:23,20
DA:24,20
DA:34,1
DA:35,210
DA:36,210
DA:38,315
DA:42,1
DA:43,52
DA:45,1
DA:61,106
DA:62,106
DA:63,106
DA:64,106
DA:71,106
DA:72,106
DA:73,106
DA:74,106
DA:75,106
DA:76,106
DA:77,106
DA:78,106
DA:79,106
DA:80,106
DA:81,106
DA:82,26
DA:83,26
DA:84,26
DA:85,26
DA:87,26
DA:90,106
DA:91,27
DA:92,26
DA:93,26
DA:94,1
DA:95,1
DA:98,26
DA:99,26
DA:101,26
DA:108,26
DA:109,26
DA:110,26
DA:111,26
DA:115,106
DA:116,27
DA:119,106
DA:120,27
DA:121,25
DA:125,106
DA:126,27
DA:127,26
DA:128,26
DA:129,26
DA:130,26
DA:131,26
DA:133,26
DA:134,26
DA:138,26
DA:139,26
DA:140,26
DA:144,106
DA:145,27
DA:146,1
DA:147,1
DA:148,1
DA:151,27
DA:152,27
DA:153,27
DA:157,106
DA:158,27
DA:160,27
DA:161,1
DA:162,1
DA:172,1
DA:173,1
DA:184,27
DA:187,106
DA:189,105
DA:190,105
DA:191,105
DA:192,105
DA:193,2
DA:194,2
DA:195,1
DA:197,105
DA:198,105
DA:199,105
DA:200,105
DA:202,105
DA:204,105
DA:205,1
DA:206,1
DA:207,1
DA:208,1
DA:210,105
DA:211,3
DA:212,3
DA:214,105
DA:215,1
DA:216,1
DA:218,105
DA:219,2
DA:220,2
DA:221,2
DA:222,2
DA:223,2
DA:225,105
DA:226,4
DA:227,4
DA:228,3
DA:229,3
DA:230,1
DA:234,105
DA:235,26
DA:236,26
DA:237,26
DA:238,26
DA:239,25
DA:242,25
DA:251,25
DA:254,1
DA:256,26
DA:259,105
DA:260,1
DA:261,1
DA:264,105
DA:265,2
DA:266,2
DA:268,2
DA:269,2
DA:272,2
DA:273,2
DA:274,2
DA:275,2
DA:277,2
DA:279,1
DA:280,1
DA:292,2
DA:294,1
DA:300,1
DA:303,1
DA:309,2
DA:310,2
DA:311,2
DA:316,105
DA:317,3
DA:319,3
DA:320,3
DA:322,3
DA:323,3
DA:324,2
DA:330,2
DA:333,1
DA:338,1
DA:342,105
DA:343,13
DA:344,13
DA:345,13
DA:347,13
DA:348,2
DA:349,11
DA:350,2
DA:351,9
DA:352,5
DA:353,4
DA:354,2
DA:356,2
DA:359,105
DA:360,13
DA:361,13
DA:362,13
DA:363,13
DA:364,13
DA:366,105
DA:367,4
DA:368,4
DA:369,4
DA:370,2
DA:372,105
DA:374,117
DA:379,117
DA:380,3
DA:388,114
DA:396,105
DA:397,20
DA:400,20
DA:401,6
DA:406,20
DA:407,20
DA:409,20
DA:410,4
DA:418,16
DA:425,105
DA:447,1
DA:448,1
DA:449,1
DA:473,1
DA:475,2
DA:488,0
DA:514,13
DA:536,3
DA:559,11
DA:560,11
DA:561,11
DA:566,1
DA:567,1
DA:589,20
DA:597,0
DA:612,0
DA:621,20
DA:622,20
DA:623,6
DA:627,20
DA:637,3
DA:644,4
DA:654,2
DA:693,1
DA:719,3
DA:737,1
DA:738,1
DA:739,1
DA:749,1
DA:750,1
DA:751,1
DA:756,1
DA:757,1
DA:761,1
DA:762,1
DA:783,2
DA:784,2
DA:787,2
DA:788,2
DA:789,2
DA:790,2
DA:804,1
DA:805,1
DA:806,1
DA:807,1
DA:809,1
DA:816,210
DA:828,1
DA:829,1
DA:830,1
DA:831,1
DA:833,1
LF:250
LH:247
BRDA:10,0,0,97
BRDA:10,0,1,26
BRDA:11,1,0,0
BRDA:11,1,1,26
BRDA:13,2,0,26
BRDA:13,2,1,0
BRDA:13,2,2,0
BRDA:13,2,3,0
BRDA:13,2,4,0
BRDA:22,3,0,97
BRDA:22,3,1,20
BRDA:23,4,0,0
BRDA:23,4,1,20
BRDA:25,5,0,20
BRDA:25,5,1,0
BRDA:25,5,2,0
BRDA:25,5,3,0
BRDA:25,5,4,0
BRDA:25,5,5,0
BRDA:35,6,0,0
BRDA:35,6,1,210
BRDA:42,7,0,0
BRDA:47,8,0,1
BRDA:48,9,0,1
BRDA:49,10,0,1
BRDA:50,11,0,1
BRDA:52,12,0,1
BRDA:53,13,0,1
BRDA:54,14,0,1
BRDA:55,15,0,1
BRDA:56,16,0,1
BRDA:57,17,0,1
BRDA:58,18,0,4
BRDA:59,19,0,103
BRDA:83,20,0,26
BRDA:83,20,1,0
BRDA:84,21,0,26
BRDA:84,21,1,0
BRDA:87,22,0,26
BRDA:87,22,1,0
BRDA:91,23,0,26
BRDA:91,23,1,1
BRDA:93,24,0,1
BRDA:93,24,1,25
BRDA:95,25,0,1
BRDA:95,25,1,0
BRDA:98,26,0,26
BRDA:98,26,1,26
BRDA:98,27,0,26
BRDA:98,27,1,0
BRDA:99,28,0,26
BRDA:99,28,1,0
BRDA:99,29,0,26
BRDA:99,29,1,0
BRDA:102,30,0,26
BRDA:102,30,1,0
BRDA:104,31,0,26
BRDA:104,31,1,0
BRDA:105,32,0,26
BRDA:105,32,1,0
BRDA:106,33,0,26
BRDA:106,33,1,26
BRDA:108,34,0,26
BRDA:108,34,1,0
BRDA:120,35,0,25
BRDA:120,35,1,2
BRDA:120,36,0,27
BRDA:120,36,1,25
BRDA:126,37,0,1
BRDA:126,37,1,26
BRDA:126,38,0,27
BRDA:126,38,1,26
BRDA:133,39,0,26
BRDA:133,39,1,0
BRDA:146,40,0,0
BRDA:146,40,1,1
BRDA:147,41,0,1
BRDA:147,41,1,0
BRDA:160,42,0,1
BRDA:160,42,1,26
BRDA:161,43,0,1
BRDA:161,43,1,0
BRDA:172,44,0,1
BRDA:172,44,1,0
BRDA:179,45,0,1
BRDA:179,45,1,1
BRDA:187,46,0,1
BRDA:187,46,1,105
BRDA:189,47,0,105
BRDA:189,47,1,0
BRDA:190,48,0,105
BRDA:190,48,1,105
BRDA:191,49,0,105
BRDA:191,49,1,0
BRDA:193,50,0,0
BRDA:193,50,1,2
BRDA:194,51,0,1
BRDA:194,51,1,1
BRDA:195,52,0,1
BRDA:195,52,1,0
BRDA:197,53,0,105
BRDA:197,53,1,97
BRDA:199,54,0,105
BRDA:199,54,1,97
BRDA:199,54,2,0
BRDA:200,55,0,105
BRDA:200,55,1,0
BRDA:202,56,0,105
BRDA:202,56,1,104
BRDA:206,57,0,0
BRDA:206,57,1,1
BRDA:212,58,0,3
BRDA:212,58,1,0
BRDA:220,59,0,0
BRDA:220,59,1,2
BRDA:220,60,0,2
BRDA:220,60,1,2
BRDA:226,61,0,0
BRDA:226,61,1,4
BRDA:227,62,0,1
BRDA:227,62,1,3
BRDA:227,63,0,4
BRDA:227,63,1,0
BRDA:229,64,0,1
BRDA:229,64,1,2
BRDA:235,65,0,0
BRDA:235,65,1,26
BRDA:235,66,0,26
BRDA:235,66,1,26
BRDA:239,67,0,25
BRDA:239,67,1,0
BRDA:243,68,0,3
BRDA:243,68,1,0
BRDA:244,69,0,3
BRDA:244,69,1,0
BRDA:244,69,2,0
BRDA:244,69,3,0
BRDA:245,70,0,3
BRDA:245,70,1,0
BRDA:245,70,2,0
BRDA:246,71,0,3
BRDA:246,71,1,0
BRDA:247,72,0,3
BRDA:247,72,1,3
BRDA:247,72,2,3
BRDA:248,73,0,3
BRDA:248,73,1,3
BRDA:260,74,0,0
BRDA:260,74,1,1
BRDA:265,75,0,2
BRDA:265,75,1,0
BRDA:266,76,0,0
BRDA:266,76,1,2
BRDA:266,77,0,2
BRDA:266,77,1,2
BRDA:266,77,2,2
BRDA:279,78,0,1
BRDA:279,78,1,0
BRDA:281,79,0,1
BRDA:281,79,1,0
BRDA:282,80,0,1
BRDA:282,80,1,1
BRDA:282,80,2,1
BRDA:283,81,0,1
BRDA:283,81,1,1
BRDA:283,81,2,1
BRDA:284,82,0,1
BRDA:284,82,1,1
BRDA:284,82,2,1
BRDA:285,83,0,1
BRDA:285,83,1,1
BRDA:285,83,2,1
BRDA:295,84,0,1
BRDA:295,84,1,0
BRDA:304,85,0,1
BRDA:304,85,1,0
BRDA:305,86,0,1
BRDA:305,86,1,1
BRDA:305,86,2,0
BRDA:310,87,0,2
BRDA:310,87,1,0
BRDA:317,88,0,0
BRDA:317,88,1,3
BRDA:317,89,0,3
BRDA:317,89,1,0
BRDA:322,90,0,3
BRDA:322,90,1,0
BRDA:322,91,0,3
BRDA:322,91,1,3
BRDA:322,91,2,3
BRDA:322,91,3,3
BRDA:325,92,0,2
BRDA:325,92,1,0
BRDA:334,93,0,1
BRDA:334,93,1,0
BRDA:335,94,0,1
BRDA:335,94,1,1
BRDA:335,94,2,0
BRDA:343,95,0,0
BRDA:343,95,1,13
BRDA:344,96,0,13
BRDA:344,96,1,0
BRDA:347,97,0,2
BRDA:347,97,1,11
BRDA:349,98,0,2
BRDA:349,98,1,9
BRDA:351,99,0,5
BRDA:351,99,1,4
BRDA:353,100,0,2
BRDA:353,100,1,2
BRDA:360,101,0,0
BRDA:360,101,1,13
BRDA:360,102,0,13
BRDA:360,102,1,13
BRDA:367,103,0,0
BRDA:367,103,1,4
BRDA:369,104,0,2
BRDA:369,104,1,2
BRDA:372,105,0,106
BRDA:374,106,0,117
BRDA:374,106,1,0
BRDA:374,106,2,0
BRDA:374,106,3,0
BRDA:374,106,4,0
BRDA:379,107,0,3
BRDA:379,107,1,114
BRDA:392,108,0,114
BRDA:392,108,1,0
BRDA:392,109,0,114
BRDA:392,109,1,0
BRDA:397,110,0,20
BRDA:397,110,1,2
BRDA:397,110,2,2
BRDA:397,110,3,2
BRDA:401,111,0,6
BRDA:401,111,1,4
BRDA:401,111,2,4
BRDA:406,112,0,20
BRDA:406,112,1,18
BRDA:406,112,2,18
BRDA:406,112,3,18
BRDA:407,113,0,20
BRDA:407,113,1,18
BRDA:407,113,2,18
BRDA:407,113,3,0
BRDA:407,113,4,0
BRDA:409,114,0,4
BRDA:409,114,1,16
BRDA:420,115,0,16
BRDA:420,115,1,0
BRDA:420,116,0,16
BRDA:420,116,1,0
BRDA:443,117,0,105
BRDA:443,117,1,102
BRDA:443,117,2,102
BRDA:447,118,0,1
BRDA:447,118,1,0
BRDA:447,119,0,1
BRDA:447,119,1,0
BRDA:453,120,0,102
BRDA:453,120,1,0
BRDA:460,121,0,105
BRDA:460,121,1,0
BRDA:469,122,0,105
BRDA:469,122,1,0
BRDA:485,123,0,105
BRDA:485,123,1,0
BRDA:486,124,0,105
BRDA:486,124,1,102
BRDA:493,125,0,2
BRDA:493,125,1,100
BRDA:493,126,0,2
BRDA:493,126,1,0
BRDA:493,127,0,100
BRDA:493,127,1,0
BRDA:507,128,0,25
BRDA:507,128,1,80
BRDA:508,129,0,25
BRDA:508,129,1,0
BRDA:509,130,0,75
BRDA:509,130,1,5
BRDA:510,131,0,75
BRDA:510,131,1,0
BRDA:522,132,0,13
BRDA:522,132,1,0
BRDA:534,133,0,13
BRDA:534,133,1,13
BRDA:538,134,0,13
BRDA:538,134,1,0
BRDA:551,135,0,105
BRDA:551,135,1,0
BRDA:555,136,0,105
BRDA:555,136,1,94
BRDA:555,137,0,105
BRDA:555,137,1,0
BRDA:556,138,0,94
BRDA:556,138,1,0
BRDA:558,139,0,105
BRDA:558,139,1,0
BRDA:559,140,0,11
BRDA:559,140,1,0
BRDA:559,140,2,0
BRDA:560,141,0,11
BRDA:560,141,1,0
BRDA:582,142,0,105
BRDA:582,142,1,0
BRDA:585,143,0,26
BRDA:585,143,1,79
BRDA:586,144,0,26
BRDA:586,144,1,0
BRDA:587,145,0,18
BRDA:587,145,1,61
BRDA:598,146,0,0
BRDA:598,146,1,0
BRDA:598,146,2,0
BRDA:598,146,3,0
BRDA:613,147,0,0
BRDA:613,147,1,0
BRDA:613,147,2,0
BRDA:613,147,3,0
BRDA:621,148,0,20
BRDA:621,148,1,2
BRDA:621,148,2,2
BRDA:621,148,3,2
BRDA:623,149,0,6
BRDA:623,149,1,4
BRDA:623,149,2,4
BRDA:627,150,0,20
BRDA:627,150,1,18
BRDA:627,150,2,18
BRDA:627,150,3,0
BRDA:627,150,4,0
BRDA:631,151,0,20
BRDA:631,151,1,4
BRDA:639,152,0,20
BRDA:639,152,1,0
BRDA:646,153,0,20
BRDA:646,153,1,0
BRDA:650,154,0,5
BRDA:650,154,1,15
BRDA:664,155,0,5
BRDA:664,155,1,0
BRDA:672,156,0,5
BRDA:672,156,1,0
BRDA:678,157,0,15
BRDA:678,157,1,0
BRDA:686,158,0,61
BRDA:686,158,1,0
BRDA:694,159,0,105
BRDA:694,159,1,0
BRDA:702,160,0,105
BRDA:702,160,1,0
BRDA:710,161,0,105
BRDA:710,161,1,0
BRDA:714,162,0,105
BRDA:714,162,1,0
BRDA:724,163,0,105
BRDA:724,163,1,104
BRDA:724,164,0,104
BRDA:724,164,1,0
BRDA:727,165,0,105
BRDA:727,165,1,0
BRDA:727,165,2,0
BRDA:732,166,0,105
BRDA:732,166,1,3
BRDA:746,167,0,3
BRDA:746,167,1,0
BRDA:750,168,0,1
BRDA:750,168,1,0
BRDA:756,169,0,1
BRDA:756,169,1,0
BRDA:761,170,0,1
BRDA:761,170,1,0
BRDA:777,171,0,105
BRDA:777,171,1,0
BRDA:781,172,0,4
BRDA:781,172,1,101
BRDA:788,173,0,0
BRDA:788,173,1,2
BRDA:789,174,0,2
BRDA:789,174,1,0
BRDA:789,175,0,2
BRDA:789,175,1,2
BRDA:789,176,0,2
BRDA:789,176,1,2
BRDA:800,177,0,105
BRDA:800,177,1,0
BRDA:806,178,0,1
BRDA:806,178,1,0
BRDA:815,179,0,0
BRDA:815,179,1,105
BRDA:815,180,0,0
BRDA:815,180,1,0
BRDA:817,181,0,210
BRDA:817,181,1,0
BRDA:824,182,0,105
BRDA:824,182,1,0
BRDA:830,183,0,1
BRDA:830,183,1,0
BRDA:839,184,0,105
BRDA:839,184,1,0
BRDA:840,185,0,105
BRDA:840,185,1,0
BRDA:841,186,0,105
BRDA:841,186,1,0
BRF:405
BRH:265
end_of_record
TN:
SF:src\components\common\workspace\BacklogTab.jsx
FN:45,(anonymous_0)
FN:48,(anonymous_1)
FN:54,(anonymous_2)
FN:57,BacklogTab
FN:72,(anonymous_4)
FN:74,(anonymous_5)
FN:83,(anonymous_6)
FN:84,(anonymous_7)
FN:91,(anonymous_8)
FN:93,(anonymous_9)
FN:100,(anonymous_10)
FN:106,(anonymous_11)
FN:130,(anonymous_12)
FN:135,(anonymous_13)
FN:141,(anonymous_14)
FN:157,(anonymous_15)
FN:169,(anonymous_16)
FN:217,(anonymous_17)
FN:226,(anonymous_18)
FN:230,(anonymous_19)
FN:248,(anonymous_20)
FN:279,(anonymous_21)
FN:286,(anonymous_22)
FN:298,(anonymous_23)
FN:299,(anonymous_24)
FN:300,(anonymous_25)
FN:316,(anonymous_26)
FN:318,(anonymous_27)
FN:325,(anonymous_28)
FN:327,(anonymous_29)
FN:335,(anonymous_30)
FN:379,(anonymous_31)
FN:404,(anonymous_32)
FN:410,(anonymous_33)
FN:461,(anonymous_34)
FN:491,(anonymous_35)
FN:507,(anonymous_36)
FN:507,(anonymous_37)
FN:517,(anonymous_38)
FN:517,(anonymous_39)
FN:528,(anonymous_40)
FN:528,(anonymous_41)
FN:541,(anonymous_42)
FN:542,(anonymous_43)
FN:553,(anonymous_44)
FN:553,(anonymous_45)
FN:564,(anonymous_46)
FN:564,(anonymous_47)
FN:565,(anonymous_48)
FN:585,(anonymous_49)
FN:585,(anonymous_50)
FN:598,(anonymous_51)
FN:599,(anonymous_52)
FNF:53
FNH:36
FNDA:34,(anonymous_0)
FNDA:21,(anonymous_1)
FNDA:24,(anonymous_2)
FNDA:47,BacklogTab
FNDA:12,(anonymous_4)
FNDA:10,(anonymous_5)
FNDA:12,(anonymous_6)
FNDA:24,(anonymous_7)
FNDA:12,(anonymous_8)
FNDA:12,(anonymous_9)
FNDA:12,(anonymous_10)
FNDA:16,(anonymous_11)
FNDA:5,(anonymous_12)
FNDA:3,(anonymous_13)
FNDA:1,(anonymous_14)
FNDA:0,(anonymous_15)
FNDA:4,(anonymous_16)
FNDA:1,(anonymous_17)
FNDA:1,(anonymous_18)
FNDA:1,(anonymous_19)
FNDA:1,(anonymous_20)
FNDA:21,(anonymous_21)
FNDA:21,(anonymous_22)
FNDA:0,(anonymous_23)
FNDA:0,(anonymous_24)
FNDA:0,(anonymous_25)
FNDA:22,(anonymous_26)
FNDA:9,(anonymous_27)
FNDA:22,(anonymous_28)
FNDA:21,(anonymous_29)
FNDA:21,(anonymous_30)
FNDA:21,(anonymous_31)
FNDA:1,(anonymous_32)
FNDA:1,(anonymous_33)
FNDA:1,(anonymous_34)
FNDA:0,(anonymous_35)
FNDA:3,(anonymous_36)
FNDA:3,(anonymous_37)
FNDA:1,(anonymous_38)
FNDA:1,(anonymous_39)
FNDA:0,(anonymous_40)
FNDA:0,(anonymous_41)
FNDA:0,(anonymous_42)
FNDA:0,(anonymous_43)
FNDA:0,(anonymous_44)
FNDA:0,(anonymous_45)
FNDA:0,(anonymous_46)
FNDA:0,(anonymous_47)
FNDA:42,(anonymous_48)
FNDA:0,(anonymous_49)
FNDA:0,(anonymous_50)
FNDA:0,(anonymous_51)
FNDA:0,(anonymous_52)
DA:16,1
DA:27,1
DA:33,1
DA:39,1
DA:45,1
DA:46,34
DA:48,1
DA:49,21
DA:50,21
DA:51,21
DA:54,1
DA:55,24
DA:64,47
DA:65,47
DA:66,47
DA:67,47
DA:68,47
DA:69,47
DA:70,47
DA:72,47
DA:73,12
DA:74,12
DA:76,10
DA:77,10
DA:79,12
DA:82,47
DA:84,24
DA:91,47
DA:92,12
DA:93,12
DA:94,12
DA:95,12
DA:97,12
DA:100,47
DA:101,12
DA:102,12
DA:103,12
DA:106,47
DA:107,16
DA:108,16
DA:109,16
DA:110,16
DA:111,15
DA:112,15
DA:113,15
DA:114,1
DA:115,1
DA:116,0
DA:117,15
DA:120,1
DA:126,16
DA:130,47
DA:131,5
DA:132,5
DA:135,47
DA:136,3
DA:137,3
DA:138,3
DA:141,47
DA:142,1
DA:143,1
DA:144,1
DA:154,1
DA:157,47
DA:158,0
DA:159,0
DA:160,0
DA:169,47
DA:170,4
DA:171,4
DA:172,4
DA:173,1
DA:177,1
DA:180,3
DA:190,3
DA:192,3
DA:193,3
DA:194,1
DA:195,1
DA:199,2
DA:200,1
DA:204,2
DA:205,2
DA:206,2
DA:209,1
DA:217,47
DA:218,1
DA:219,1
DA:220,1
DA:221,1
DA:226,1
DA:230,47
DA:231,1
DA:232,1
DA:233,1
DA:234,1
DA:237,1
DA:240,0
DA:248,47
DA:249,1
DA:250,1
DA:251,1
DA:252,1
DA:253,1
DA:258,1
DA:259,1
DA:260,1
DA:265,1
DA:266,1
DA:267,1
DA:271,0
DA:279,47
DA:280,21
DA:281,21
DA:282,0
DA:283,0
DA:286,47
DA:288,21
DA:289,21
DA:292,21
DA:293,1
DA:297,20
DA:298,0
DA:299,0
DA:300,0
DA:302,0
DA:303,0
DA:304,0
DA:305,0
DA:307,0
DA:312,20
DA:315,47
DA:317,22
DA:318,9
DA:325,47
DA:327,47
DA:328,21
DA:329,21
DA:331,21
DA:332,21
DA:335,21
DA:339,21
DA:349,47
DA:380,21
DA:381,21
DA:404,1
DA:410,1
DA:461,1
DA:492,0
DA:493,0
DA:507,3
DA:517,1
DA:528,0
DA:542,0
DA:553,0
DA:564,0
DA:565,42
DA:585,0
DA:599,0
LF:159
LH:135
BRDA:45,0,0,0
BRDA:49,1,0,0
BRDA:49,1,1,21
BRDA:51,2,0,21
BRDA:51,2,1,0
BRDA:55,3,0,24
BRDA:55,3,1,0
BRDA:55,3,2,0
BRDA:55,3,3,0
BRDA:55,3,4,0
BRDA:59,4,0,0
BRDA:60,5,0,0
BRDA:62,6,0,45
BRDA:74,7,0,12
BRDA:74,7,1,0
BRDA:76,8,0,10
BRDA:76,8,1,0
BRDA:76,8,2,0
BRDA:76,8,3,0
BRDA:76,8,4,0
BRDA:76,8,5,0
BRDA:77,9,0,10
BRDA:77,9,1,0
BRDA:84,10,0,12
BRDA:84,10,1,0
BRDA:86,11,0,24
BRDA:86,11,1,0
BRDA:92,12,0,0
BRDA:92,12,1,12
BRDA:94,13,0,12
BRDA:94,13,1,0
BRDA:95,14,0,12
BRDA:95,14,1,12
BRDA:97,15,0,12
BRDA:97,15,1,0
BRDA:101,16,0,0
BRDA:101,16,1,12
BRDA:101,17,0,12
BRDA:101,17,1,12
BRDA:107,18,0,0
BRDA:107,18,1,16
BRDA:111,19,0,15
BRDA:111,19,1,2
BRDA:113,20,0,14
BRDA:113,20,1,1
BRDA:114,21,0,0
BRDA:114,21,1,1
BRDA:115,22,0,1
BRDA:115,22,1,0
BRDA:116,23,0,0
BRDA:116,23,1,0
BRDA:121,24,0,1
BRDA:121,24,1,0
BRDA:123,25,0,1
BRDA:123,25,1,1
BRDA:123,25,2,0
BRDA:136,26,0,0
BRDA:136,26,1,3
BRDA:142,27,0,0
BRDA:142,27,1,1
BRDA:145,28,0,1
BRDA:145,28,1,0
BRDA:146,29,0,1
BRDA:146,29,1,0
BRDA:147,30,0,1
BRDA:147,30,1,0
BRDA:148,31,0,1
BRDA:148,31,1,0
BRDA:149,32,0,1
BRDA:149,32,1,0
BRDA:150,33,0,1
BRDA:150,33,1,0
BRDA:151,34,0,1
BRDA:151,34,1,0
BRDA:151,34,2,0
BRDA:152,35,0,1
BRDA:152,35,1,0
BRDA:158,36,0,0
BRDA:158,36,1,0
BRDA:161,37,0,0
BRDA:161,37,1,0
BRDA:161,37,2,0
BRDA:161,37,3,0
BRDA:161,37,4,0
BRDA:170,38,0,0
BRDA:170,38,1,4
BRDA:171,39,0,4
BRDA:171,39,1,1
BRDA:172,40,0,1
BRDA:172,40,1,3
BRDA:174,41,0,1
BRDA:174,41,1,0
BRDA:175,42,0,1
BRDA:175,42,1,0
BRDA:182,43,0,3
BRDA:182,43,1,2
BRDA:183,44,0,3
BRDA:183,44,1,0
BRDA:184,45,0,3
BRDA:184,45,1,0
BRDA:185,46,0,3
BRDA:185,46,1,2
BRDA:186,47,0,1
BRDA:186,47,1,2
BRDA:187,48,0,3
BRDA:187,48,1,2
BRDA:190,49,0,1
BRDA:190,49,1,2
BRDA:190,50,0,1
BRDA:190,50,1,0
BRDA:193,51,0,1
BRDA:193,51,1,2
BRDA:196,52,0,1
BRDA:196,52,1,0
BRDA:201,53,0,1
BRDA:201,53,1,0
BRDA:210,54,0,1
BRDA:210,54,1,0
BRDA:212,55,0,1
BRDA:212,55,1,1
BRDA:212,55,2,0
BRDA:218,56,0,0
BRDA:218,56,1,1
BRDA:220,57,0,0
BRDA:220,57,1,1
BRDA:222,58,0,1
BRDA:222,58,1,0
BRDA:223,59,0,1
BRDA:223,59,1,0
BRDA:224,60,0,1
BRDA:224,60,1,0
BRDA:225,61,0,1
BRDA:225,61,1,0
BRDA:231,62,0,0
BRDA:231,62,1,1
BRDA:231,63,0,1
BRDA:231,63,1,1
BRDA:235,64,0,1
BRDA:235,64,1,0
BRDA:241,65,0,0
BRDA:241,65,1,0
BRDA:243,66,0,0
BRDA:243,66,1,0
BRDA:243,66,2,0
BRDA:249,67,0,0
BRDA:249,67,1,1
BRDA:250,68,0,0
BRDA:250,68,1,1
BRDA:250,69,0,1
BRDA:250,69,1,1
BRDA:252,70,0,0
BRDA:252,70,1,1
BRDA:256,71,0,1
BRDA:256,71,1,0
BRDA:261,72,0,1
BRDA:261,72,1,0
BRDA:263,73,0,1
BRDA:263,73,1,0
BRDA:266,74,0,1
BRDA:266,74,1,0
BRDA:272,75,0,0
BRDA:272,75,1,0
BRDA:274,76,0,0
BRDA:274,76,1,0
BRDA:274,76,2,0
BRDA:281,77,0,21
BRDA:281,77,1,0
BRDA:282,78,0,0
BRDA:282,78,1,0
BRDA:289,79,0,1
BRDA:289,79,1,20
BRDA:292,80,0,1
BRDA:292,80,1,20
BRDA:297,81,0,0
BRDA:297,81,1,20
BRDA:297,82,0,20
BRDA:297,82,1,0
BRDA:298,83,0,0
BRDA:298,83,1,0
BRDA:298,84,0,0
BRDA:298,84,1,0
BRDA:302,85,0,0
BRDA:302,85,1,0
BRDA:304,86,0,0
BRDA:304,86,1,0
BRDA:317,87,0,22
BRDA:317,87,1,0
BRDA:318,88,0,9
BRDA:318,88,1,0
BRDA:325,89,0,22
BRDA:325,89,1,0
BRDA:329,90,0,0
BRDA:329,90,1,21
BRDA:331,91,0,21
BRDA:331,91,1,0
BRDA:331,91,2,0
BRDA:331,91,3,0
BRDA:331,91,4,0
BRDA:342,92,0,21
BRDA:342,92,1,0
BRDA:354,93,0,47
BRDA:354,93,1,0
BRDA:357,94,0,47
BRDA:357,94,1,0
BRDA:358,95,0,47
BRDA:358,95,1,0
BRDA:361,96,0,47
BRDA:361,96,1,45
BRDA:367,97,0,45
BRDA:367,97,1,0
BRDA:372,98,0,12
BRDA:372,98,1,35
BRDA:375,99,0,12
BRDA:375,99,1,0
BRDA:377,100,0,21
BRDA:377,100,1,14
BRDA:380,101,0,21
BRDA:380,101,1,0
BRDA:390,102,0,21
BRDA:390,102,1,0
BRDA:393,103,0,21
BRDA:393,103,1,0
BRDA:393,103,2,0
BRDA:396,104,0,21
BRDA:396,104,1,21
BRDA:403,105,0,21
BRDA:403,105,1,0
BRDA:408,106,0,21
BRDA:408,106,1,0
BRDA:428,107,0,21
BRDA:428,107,1,0
BRDA:431,108,0,21
BRDA:431,108,1,0
BRDA:434,109,0,21
BRDA:434,109,1,0
BRDA:439,110,0,21
BRDA:439,110,1,0
BRDA:442,111,0,21
BRDA:442,111,1,0
BRDA:444,112,0,21
BRDA:444,112,1,0
BRDA:453,113,0,21
BRDA:453,113,1,21
BRDA:454,114,0,1
BRDA:454,114,1,20
BRDA:457,115,0,1
BRDA:457,115,1,0
BRDA:465,116,0,20
BRDA:465,116,1,0
BRDA:478,117,0,14
BRDA:478,117,1,0
BRDA:482,118,0,47
BRDA:482,118,1,45
BRDA:485,119,0,3
BRDA:485,119,1,42
BRDA:486,120,0,3
BRDA:486,120,1,0
BRDA:487,121,0,42
BRDA:487,121,1,0
BRDA:495,122,0,45
BRDA:495,122,1,0
BRDA:496,123,0,45
BRDA:496,123,1,0
BRDA:503,124,0,45
BRDA:503,124,1,0
BRDA:508,125,0,45
BRDA:508,125,1,0
BRDA:513,126,0,45
BRDA:513,126,1,0
BRDA:524,127,0,45
BRDA:524,127,1,0
BRDA:535,128,0,45
BRDA:535,128,1,0
BRDA:542,129,0,0
BRDA:542,129,1,0
BRDA:548,130,0,45
BRDA:548,130,1,0
BRDA:558,131,0,45
BRDA:558,131,1,0
BRDA:562,132,0,45
BRDA:562,132,1,42
BRDA:563,133,0,45
BRDA:563,133,1,0
BRDA:565,134,0,45
BRDA:565,134,1,0
BRDA:567,135,0,42
BRDA:567,135,1,0
BRDA:567,135,2,0
BRDA:567,135,3,0
BRDA:567,135,4,0
BRDA:567,135,5,0
BRDA:573,136,0,42
BRDA:573,136,1,0
BRDA:573,136,2,0
BRDA:573,136,3,0
BRDA:578,137,0,45
BRDA:578,137,1,3
BRDA:581,138,0,3
BRDA:581,138,1,0
BRDA:593,139,0,45
BRDA:593,139,1,0
BRDA:601,140,0,45
BRDA:601,140,1,0
BRF:303
BRH:153
end_of_record
TN:
SF:src\components\common\workspace\KanbanTab.jsx
FN:12,KanbanTab
FN:64,(anonymous_1)
FN:65,(anonymous_2)
FN:82,(anonymous_3)
FN:96,(anonymous_4)
FN:101,(anonymous_5)
FN:109,(anonymous_6)
FNF:7
FNH:6
FNDA:5,KanbanTab
FNDA:2,(anonymous_1)
FNDA:4,(anonymous_2)
FNDA:1,(anonymous_3)
FNDA:1,(anonymous_4)
FNDA:1,(anonymous_5)
FNDA:0,(anonymous_6)
DA:31,5
DA:37,5
DA:38,1
DA:45,4
DA:46,1
DA:53,3
DA:64,2
DA:66,4
DA:70,4
DA:72,4
DA:83,1
DA:96,1
DA:102,1
DA:109,0
LF:14
LH:13
BRDA:29,0,0,4
BRDA:37,1,0,1
BRDA:37,1,1,4
BRDA:40,2,0,1
BRDA:40,2,1,1
BRDA:45,3,0,1
BRDA:45,3,1,3
BRDA:48,4,0,1
BRDA:48,4,1,0
BRDA:48,4,2,0
BRDA:60,5,0,2
BRDA:60,5,1,1
BRDA:63,6,0,2
BRDA:63,6,1,0
BRDA:64,7,0,2
BRDA:64,7,1,0
BRDA:64,8,0,2
BRDA:64,8,1,0
BRDA:67,9,0,4
BRDA:67,9,1,0
BRDA:70,10,0,0
BRDA:70,10,1,4
BRDA:77,11,0,4
BRDA:77,11,1,0
BRDA:81,12,0,2
BRDA:81,12,1,2
BRDA:81,13,0,4
BRDA:81,13,1,2
BRDA:85,14,0,1
BRDA:85,14,1,0
BRDA:95,15,0,2
BRDA:95,15,1,2
BRDA:95,16,0,4
BRDA:95,16,1,2
BRDA:100,17,0,2
BRDA:100,17,1,2
BRDA:100,18,0,4
BRDA:100,18,1,2
BRDA:103,19,0,1
BRDA:103,19,1,1
BRDA:105,20,0,1
BRDA:105,20,1,1
BRDA:106,21,0,1
BRDA:106,21,1,1
BRDA:106,22,0,1
BRDA:106,22,1,0
BRDA:107,23,0,1
BRDA:107,23,1,1
BRDA:108,24,0,1
BRDA:108,24,1,1
BRDA:121,25,0,1
BRDA:121,25,1,1
BRF:52
BRH:42
end_of_record
TN:
SF:src\components\common\workspace\ListView.jsx
FN:3,(anonymous_0)
FN:6,(anonymous_1)
FN:17,(anonymous_2)
FN:24,(anonymous_3)
FN:31,ListView
FN:74,(anonymous_5)
FN:85,(anonymous_6)
FN:117,(anonymous_7)
FNF:8
FNH:8
FNDA:2,(anonymous_0)
FNDA:4,(anonymous_1)
FNDA:4,(anonymous_2)
FNDA:2,(anonymous_3)
FNDA:3,ListView
FNDA:4,(anonymous_5)
FNDA:1,(anonymous_6)
FNDA:2,(anonymous_7)
DA:3,1
DA:4,2
DA:6,4
DA:9,1
DA:11,1
DA:17,1
DA:18,4
DA:19,2
DA:20,2
DA:21,2
DA:24,1
DA:25,2
DA:26,2
DA:27,2
DA:28,0
DA:38,3
DA:40,3
DA:75,4
DA:77,4
DA:80,4
DA:82,4
DA:85,1
DA:118,2
LF:23
LH:22
BRDA:3,0,0,0
BRDA:18,1,0,2
BRDA:18,1,1,2
BRDA:20,2,0,0
BRDA:20,2,1,2
BRDA:24,3,0,0
BRDA:26,4,0,0
BRDA:26,4,1,2
BRDA:27,5,0,2
BRDA:27,5,1,0
BRDA:32,6,0,0
BRDA:33,7,0,0
BRDA:38,8,0,3
BRDA:38,8,1,3
BRDA:44,9,0,3
BRDA:44,9,1,0
BRDA:45,10,0,3
BRDA:45,10,1,0
BRDA:54,11,0,3
BRDA:54,11,1,0
BRDA:58,12,0,1
BRDA:58,12,1,2
BRDA:60,13,0,1
BRDA:60,13,1,0
BRDA:75,14,0,4
BRDA:75,14,1,2
BRDA:77,15,0,4
BRDA:77,15,1,2
BRDA:77,15,2,0
BRDA:78,16,0,2
BRDA:78,16,1,0
BRDA:80,17,0,4
BRDA:80,17,1,2
BRDA:85,18,0,1
BRDA:85,18,1,1
BRDA:90,19,0,4
BRDA:90,19,1,2
BRDA:90,19,2,0
BRDA:93,20,0,4
BRDA:93,20,1,2
BRDA:93,20,2,0
BRDA:106,21,0,4
BRDA:106,21,1,2
BRDA:110,22,0,4
BRDA:110,22,1,2
BRDA:115,23,0,2
BRDA:115,23,1,2
BRDA:115,24,0,4
BRDA:115,24,1,4
BRDA:119,25,0,2
BRDA:119,25,1,0
BRDA:119,25,2,0
BRDA:121,26,0,2
BRDA:121,26,1,0
BRDA:123,27,0,0
BRDA:123,27,1,2
BRDA:126,28,0,0
BRDA:126,28,1,0
BRDA:130,29,0,2
BRDA:130,29,1,0
BRDA:134,30,0,2
BRDA:134,30,1,0
BRDA:142,31,0,2
BRDA:142,31,1,0
BRF:64
BRH:40
end_of_record
TN:
SF:src\components\common\workspace\MilestonesTab.jsx
FN:36,(anonymous_0)
FN:42,MilestonesTab
FN:61,(anonymous_2)
FN:84,(anonymous_3)
FN:95,(anonymous_4)
FN:96,(anonymous_5)
FN:106,(anonymous_6)
FN:113,(anonymous_7)
FN:124,(anonymous_8)
FN:130,(anonymous_9)
FN:143,(anonymous_10)
FN:182,(anonymous_11)
FN:191,(anonymous_12)
FN:207,(anonymous_13)
FN:214,(anonymous_14)
FN:237,(anonymous_15)
FN:245,(anonymous_16)
FN:262,(anonymous_17)
FN:268,(anonymous_18)
FN:270,(anonymous_19)
FN:275,(anonymous_20)
FN:315,(anonymous_21)
FN:359,(anonymous_22)
FN:379,(anonymous_23)
FN:402,(anonymous_24)
FN:411,(anonymous_25)
FN:421,(anonymous_26)
FN:451,(anonymous_27)
FN:466,(anonymous_28)
FN:466,(anonymous_29)
FN:477,(anonymous_30)
FN:477,(anonymous_31)
FN:488,(anonymous_32)
FN:488,(anonymous_33)
FN:499,(anonymous_34)
FN:499,(anonymous_35)
FN:515,(anonymous_36)
FN:515,(anonymous_37)
FN:529,(anonymous_38)
FNF:39
FNH:28
FNDA:26,(anonymous_0)
FNDA:48,MilestonesTab
FNDA:16,(anonymous_2)
FNDA:12,(anonymous_3)
FNDA:12,(anonymous_4)
FNDA:12,(anonymous_5)
FNDA:11,(anonymous_6)
FNDA:5,(anonymous_7)
FNDA:3,(anonymous_8)
FNDA:1,(anonymous_9)
FNDA:4,(anonymous_10)
FNDA:2,(anonymous_11)
FNDA:2,(anonymous_12)
FNDA:2,(anonymous_13)
FNDA:2,(anonymous_14)
FNDA:1,(anonymous_15)
FNDA:1,(anonymous_16)
FNDA:0,(anonymous_17)
FNDA:27,(anonymous_18)
FNDA:26,(anonymous_19)
FNDA:26,(anonymous_20)
FNDA:26,(anonymous_21)
FNDA:26,(anonymous_22)
FNDA:1,(anonymous_23)
FNDA:2,(anonymous_24)
FNDA:1,(anonymous_25)
FNDA:2,(anonymous_26)
FNDA:0,(anonymous_27)
FNDA:3,(anonymous_28)
FNDA:3,(anonymous_29)
FNDA:0,(anonymous_30)
FNDA:0,(anonymous_31)
FNDA:0,(anonymous_32)
FNDA:0,(anonymous_33)
FNDA:0,(anonymous_34)
FNDA:0,(anonymous_35)
FNDA:0,(anonymous_36)
FNDA:0,(anonymous_37)
FNDA:0,(anonymous_38)
DA:29,1
DA:36,1
DA:37,26
DA:38,26
DA:39,26
DA:43,48
DA:44,48
DA:45,48
DA:46,48
DA:47,48
DA:48,48
DA:49,48
DA:50,48
DA:57,48
DA:58,48
DA:59,48
DA:61,48
DA:62,16
DA:63,16
DA:64,16
DA:65,16
DA:66,16
DA:67,16
DA:72,16
DA:75,0
DA:80,16
DA:84,48
DA:85,12
DA:86,12
DA:87,12
DA:88,12
DA:89,12
DA:94,12
DA:95,12
DA:96,12
DA:100,12
DA:106,48
DA:107,11
DA:108,11
DA:109,11
DA:110,11
DA:113,48
DA:114,5
DA:121,5
DA:124,48
DA:125,3
DA:126,3
DA:127,3
DA:130,48
DA:131,1
DA:132,1
DA:133,1
DA:140,1
DA:143,48
DA:144,4
DA:145,4
DA:146,1
DA:150,1
DA:152,3
DA:157,3
DA:158,1
DA:159,1
DA:161,3
DA:162,3
DA:163,1
DA:164,1
DA:165,1
DA:167,2
DA:168,1
DA:170,2
DA:171,2
DA:172,2
DA:175,1
DA:182,48
DA:183,2
DA:184,2
DA:185,2
DA:186,2
DA:192,2
DA:193,2
DA:194,1
DA:195,1
DA:198,1
DA:207,48
DA:208,2
DA:209,2
DA:210,2
DA:211,2
DA:214,48
DA:215,2
DA:216,1
DA:220,1
DA:222,1
DA:223,1
DA:224,1
DA:225,1
DA:226,1
DA:227,1
DA:230,0
DA:237,48
DA:238,1
DA:239,1
DA:240,1
DA:246,1
DA:247,1
DA:248,1
DA:249,1
DA:250,1
DA:253,0
DA:262,48
DA:263,0
DA:264,0
DA:265,0
DA:268,48
DA:270,48
DA:271,26
DA:272,26
DA:275,48
DA:276,26
DA:278,26
DA:283,26
DA:290,48
DA:316,26
DA:317,26
DA:318,26
DA:323,26
DA:360,26
DA:361,26
DA:362,26
DA:379,1
DA:402,2
DA:411,1
DA:421,2
DA:452,0
DA:453,0
DA:466,3
DA:477,0
DA:488,0
DA:499,0
DA:515,0
DA:529,0
LF:141
LH:128
BRDA:37,0,0,0
BRDA:37,0,1,26
BRDA:39,1,0,26
BRDA:39,1,1,0
BRDA:42,2,0,45
BRDA:62,3,0,0
BRDA:62,3,1,16
BRDA:66,4,0,16
BRDA:66,4,1,0
BRDA:67,5,0,0
BRDA:67,5,1,16
BRDA:69,6,0,16
BRDA:69,6,1,0
BRDA:71,7,0,0
BRDA:71,7,1,0
BRDA:76,8,0,0
BRDA:76,8,1,0
BRDA:77,9,0,0
BRDA:77,9,1,0
BRDA:85,10,0,0
BRDA:85,10,1,12
BRDA:88,11,0,12
BRDA:88,11,1,0
BRDA:89,12,0,0
BRDA:89,12,1,12
BRDA:91,13,0,12
BRDA:91,13,1,0
BRDA:93,14,0,0
BRDA:93,14,1,0
BRDA:95,15,0,12
BRDA:95,15,1,0
BRDA:97,16,0,12
BRDA:97,16,1,12
BRDA:97,16,2,0
BRDA:98,17,0,12
BRDA:98,17,1,0
BRDA:107,18,0,0
BRDA:107,18,1,11
BRDA:107,19,0,11
BRDA:107,19,1,11
BRDA:125,20,0,0
BRDA:125,20,1,3
BRDA:131,21,0,0
BRDA:131,21,1,1
BRDA:134,22,0,1
BRDA:134,22,1,0
BRDA:135,23,0,1
BRDA:135,23,1,0
BRDA:136,24,0,1
BRDA:136,24,1,0
BRDA:137,25,0,1
BRDA:137,25,1,0
BRDA:138,26,0,0
BRDA:138,26,1,1
BRDA:144,27,0,0
BRDA:144,27,1,4
BRDA:144,28,0,4
BRDA:144,28,1,4
BRDA:145,29,0,1
BRDA:145,29,1,3
BRDA:147,30,0,1
BRDA:147,30,1,0
BRDA:148,31,0,1
BRDA:148,31,1,0
BRDA:154,32,0,3
BRDA:154,32,1,2
BRDA:155,33,0,1
BRDA:155,33,1,2
BRDA:157,34,0,1
BRDA:157,34,1,2
BRDA:158,35,0,1
BRDA:158,35,1,0
BRDA:159,36,0,0
BRDA:159,36,1,1
BRDA:162,37,0,1
BRDA:162,37,1,2
BRDA:163,38,0,1
BRDA:163,38,1,1
BRDA:165,39,0,1
BRDA:165,39,1,0
BRDA:168,40,0,1
BRDA:168,40,1,0
BRDA:176,41,0,1
BRDA:176,41,1,0
BRDA:177,42,0,1
BRDA:177,42,1,1
BRDA:177,42,2,0
BRDA:183,43,0,0
BRDA:183,43,1,2
BRDA:184,44,0,2
BRDA:184,44,1,2
BRDA:185,45,0,0
BRDA:185,45,1,2
BRDA:187,46,0,2
BRDA:187,46,1,0
BRDA:188,47,0,2
BRDA:188,47,1,0
BRDA:189,48,0,2
BRDA:189,48,1,0
BRDA:190,49,0,2
BRDA:190,49,1,0
BRDA:194,50,0,1
BRDA:194,50,1,0
BRDA:199,51,0,1
BRDA:199,51,1,0
BRDA:200,52,0,1
BRDA:200,52,1,1
BRDA:200,52,2,0
BRDA:208,53,0,0
BRDA:208,53,1,2
BRDA:209,54,0,2
BRDA:209,54,1,2
BRDA:215,55,0,1
BRDA:215,55,1,1
BRDA:215,56,0,2
BRDA:215,56,1,2
BRDA:215,56,2,2
BRDA:215,56,3,2
BRDA:217,57,0,1
BRDA:217,57,1,0
BRDA:218,58,0,1
BRDA:218,58,1,0
BRDA:224,59,0,1
BRDA:224,59,1,0
BRDA:231,60,0,0
BRDA:231,60,1,0
BRDA:232,61,0,0
BRDA:232,61,1,0
BRDA:232,61,2,0
BRDA:238,62,0,0
BRDA:238,62,1,1
BRDA:239,63,0,0
BRDA:239,63,1,1
BRDA:239,64,0,1
BRDA:239,64,1,1
BRDA:239,64,2,1
BRDA:241,65,0,1
BRDA:241,65,1,0
BRDA:242,66,0,1
BRDA:242,66,1,0
BRDA:243,67,0,1
BRDA:243,67,1,0
BRDA:244,68,0,1
BRDA:244,68,1,0
BRDA:248,69,0,1
BRDA:248,69,1,0
BRDA:254,70,0,0
BRDA:254,70,1,0
BRDA:255,71,0,0
BRDA:255,71,1,0
BRDA:255,71,2,0
BRDA:263,72,0,0
BRDA:263,72,1,0
BRDA:264,73,0,0
BRDA:264,73,1,0
BRDA:265,74,0,0
BRDA:265,74,1,0
BRDA:268,75,0,27
BRDA:268,75,1,0
BRDA:271,76,0,26
BRDA:271,76,1,0
BRDA:272,77,0,26
BRDA:272,77,1,0
BRDA:276,78,0,26
BRDA:276,78,1,0
BRDA:278,79,0,0
BRDA:278,79,1,26
BRDA:278,80,0,26
BRDA:278,80,1,26
BRDA:280,81,0,0
BRDA:280,81,1,26
BRDA:285,82,0,26
BRDA:285,82,1,0
BRDA:297,83,0,48
BRDA:297,83,1,0
BRDA:301,84,0,48
BRDA:301,84,1,0
BRDA:304,85,0,48
BRDA:304,85,1,45
BRDA:306,86,0,45
BRDA:306,86,1,0
BRDA:311,87,0,11
BRDA:311,87,1,37
BRDA:312,88,0,11
BRDA:312,88,1,0
BRDA:313,89,0,26
BRDA:313,89,1,11
BRDA:316,90,0,26
BRDA:316,90,1,26
BRDA:317,91,0,26
BRDA:317,91,1,0
BRDA:319,92,0,26
BRDA:319,92,1,0
BRDA:320,93,0,26
BRDA:320,93,1,0
BRDA:321,94,0,26
BRDA:321,94,1,0
BRDA:328,95,0,26
BRDA:328,95,1,0
BRDA:330,96,0,26
BRDA:330,96,1,26
BRDA:343,97,0,26
BRDA:343,97,1,0
BRDA:348,98,0,26
BRDA:348,98,1,0
BRDA:348,99,0,26
BRDA:348,99,1,0
BRDA:352,100,0,26
BRDA:352,100,1,26
BRDA:356,101,0,26
BRDA:356,101,1,0
BRDA:361,102,0,26
BRDA:361,102,1,26
BRDA:361,102,2,0
BRDA:367,103,0,26
BRDA:367,103,1,0
BRDA:372,104,0,26
BRDA:372,104,1,0
BRDA:373,105,0,26
BRDA:373,105,1,0
BRDA:381,106,0,26
BRDA:381,106,1,0
BRDA:390,107,0,26
BRDA:390,107,1,25
BRDA:399,108,0,25
BRDA:399,108,1,0
BRDA:408,109,0,25
BRDA:408,109,1,0
BRDA:417,110,0,25
BRDA:417,110,1,0
BRDA:437,111,0,11
BRDA:437,111,1,0
BRDA:442,112,0,48
BRDA:442,112,1,45
BRDA:445,113,0,2
BRDA:445,113,1,43
BRDA:446,114,0,2
BRDA:446,114,1,0
BRDA:447,115,0,43
BRDA:447,115,1,0
BRDA:455,116,0,45
BRDA:455,116,1,0
BRDA:456,117,0,45
BRDA:456,117,1,0
BRDA:462,118,0,45
BRDA:462,118,1,0
BRDA:467,119,0,45
BRDA:467,119,1,0
BRDA:472,120,0,45
BRDA:472,120,1,0
BRDA:478,121,0,45
BRDA:478,121,1,0
BRDA:483,122,0,45
BRDA:483,122,1,0
BRDA:491,123,0,45
BRDA:491,123,1,2
BRDA:495,124,0,2
BRDA:495,124,1,0
BRDA:510,125,0,2
BRDA:510,125,1,0
BRDA:524,126,0,48
BRDA:524,126,1,45
BRDA:526,127,0,45
BRDA:526,127,1,0
BRDA:530,128,0,45
BRDA:530,128,1,0
BRDA:531,129,0,45
BRDA:531,129,1,0
BRDA:536,130,0,45
BRDA:536,130,1,0
BRDA:544,131,0,45
BRDA:544,131,1,0
BRDA:547,132,0,45
BRDA:547,132,1,0
BRF:274
BRH:154
end_of_record
TN:
SF:src\utils\group.utils.js
FN:2,(anonymous_0)
FN:14,(anonymous_1)
FN:25,(anonymous_2)
FN:56,(anonymous_3)
FN:114,(anonymous_4)
FN:120,(anonymous_5)
FN:140,(anonymous_6)
FN:153,(anonymous_7)
FNF:8
FNH:8
FNDA:4,(anonymous_0)
FNDA:2,(anonymous_1)
FNDA:1,(anonymous_2)
FNDA:2,(anonymous_3)
FNDA:3,(anonymous_4)
FNDA:1,(anonymous_5)
FNDA:2,(anonymous_6)
FNDA:2,(anonymous_7)
DA:2,1
DA:3,4
DA:8,4
DA:11,4
DA:14,1
DA:15,2
DA:16,2
DA:19,2
DA:25,2
DA:27,1
DA:33,1
DA:56,2
DA:57,2
DA:66,2
DA:67,8
DA:68,1
DA:69,1
DA:71,1
DA:72,0
DA:75,2
DA:77,2
DA:114,3
DA:120,1
DA:121,1
DA:122,1
DA:140,1
DA:141,2
DA:142,1
DA:145,1
DA:146,1
DA:149,1
DA:153,1
DA:155,2
DA:156,2
DA:157,2
DA:158,0
DA:159,0
DA:160,0
DA:161,0
DA:164,2
DA:165,2
DA:167,2
DA:168,1
DA:172,1
DA:173,0
DA:176,1
DA:177,1
LF:47
LH:41
BRDA:2,0,0,0
BRDA:3,1,0,2
BRDA:3,1,1,2
BRDA:5,2,0,1
BRDA:5,2,1,1
BRDA:8,3,0,3
BRDA:8,3,1,1
BRDA:14,4,0,0
BRDA:15,5,0,2
BRDA:15,5,1,1
BRDA:16,6,0,2
BRDA:16,6,1,0
BRDA:19,7,0,2
BRDA:19,7,1,1
BRDA:19,7,2,1
BRDA:19,7,3,1
BRDA:19,7,4,0
BRDA:19,7,5,0
BRDA:19,7,6,0
BRDA:19,7,7,0
BRDA:19,7,8,0
BRDA:27,8,0,1
BRDA:27,8,1,1
BRDA:27,8,2,0
BRDA:27,8,3,0
BRDA:27,8,4,0
BRDA:27,8,5,0
BRDA:35,9,0,1
BRDA:35,9,1,0
BRDA:35,9,2,0
BRDA:35,9,3,0
BRDA:35,9,4,0
BRDA:35,9,5,0
BRDA:43,10,0,1
BRDA:43,10,1,1
BRDA:43,10,2,1
BRDA:43,10,3,1
BRDA:43,10,4,1
BRDA:43,10,5,1
BRDA:43,10,6,1
BRDA:43,10,7,1
BRDA:43,10,8,1
BRDA:43,10,9,1
BRDA:59,11,0,1
BRDA:59,11,1,1
BRDA:67,12,0,7
BRDA:67,12,1,1
BRDA:67,13,0,8
BRDA:67,13,1,7
BRDA:69,14,0,1
BRDA:69,14,1,0
BRDA:69,15,0,1
BRDA:69,15,1,1
BRDA:71,16,0,1
BRDA:71,16,1,0
BRDA:78,17,0,2
BRDA:78,17,1,1
BRDA:78,17,2,0
BRDA:79,18,0,2
BRDA:79,18,1,1
BRDA:79,18,2,1
BRDA:80,19,0,2
BRDA:80,19,1,2
BRDA:81,20,0,2
BRDA:81,20,1,2
BRDA:83,21,0,2
BRDA:83,21,1,2
BRDA:83,21,2,1
BRDA:83,21,3,1
BRDA:83,21,4,1
BRDA:86,22,0,0
BRDA:86,22,1,1
BRDA:89,23,0,2
BRDA:89,23,1,2
BRDA:89,23,2,1
BRDA:89,23,3,1
BRDA:89,23,4,1
BRDA:95,24,0,2
BRDA:95,24,1,1
BRDA:98,25,0,2
BRDA:98,25,1,1
BRDA:99,26,0,2
BRDA:99,26,1,2
BRDA:100,27,0,2
BRDA:100,27,1,2
BRDA:101,28,0,2
BRDA:101,28,1,2
BRDA:102,29,0,2
BRDA:102,29,1,2
BRDA:102,29,2,2
BRDA:103,30,0,2
BRDA:103,30,1,2
BRDA:103,30,2,2
BRDA:104,31,0,2
BRDA:104,31,1,1
BRDA:105,32,0,0
BRDA:105,32,1,2
BRDA:109,33,0,2
BRDA:109,33,1,2
BRDA:109,33,2,2
BRDA:110,34,0,1
BRDA:110,34,1,1
BRDA:111,35,0,0
BRDA:111,35,1,1
BRDA:113,36,0,1
BRDA:113,36,1,0
BRDA:120,37,0,0
BRDA:121,38,0,1
BRDA:121,38,1,1
BRDA:121,38,2,0
BRDA:123,39,0,1
BRDA:123,39,1,0
BRDA:124,40,0,1
BRDA:124,40,1,1
BRDA:124,40,2,1
BRDA:124,40,3,0
BRDA:126,41,0,1
BRDA:126,41,1,1
BRDA:126,41,2,1
BRDA:128,42,0,1
BRDA:128,42,1,1
BRDA:128,42,2,1
BRDA:128,42,3,1
BRDA:128,42,4,1
BRDA:133,43,0,1
BRDA:133,43,1,1
BRDA:134,44,0,1
BRDA:134,44,1,1
BRDA:134,44,2,1
BRDA:135,45,0,1
BRDA:135,45,1,1
BRDA:141,46,0,1
BRDA:141,46,1,1
BRDA:141,47,0,2
BRDA:141,47,1,1
BRDA:149,48,0,1
BRDA:149,48,1,0
BRDA:156,49,0,2
BRDA:156,49,1,0
BRDA:158,50,0,0
BRDA:158,50,1,0
BRDA:158,51,0,0
BRDA:158,51,1,0
BRDA:160,52,0,0
BRDA:160,52,1,0
BRDA:167,53,0,1
BRDA:167,53,1,1
BRDA:172,54,0,0
BRDA:172,54,1,1
BRF:149
BRH:112
end_of_record
TN:
SF:src\utils\kanbanHelpers.js
FN:27,initials
FN:41,(anonymous_1)
FNF:2
FNH:2
FNDA:145,initials
FNDA:145,(anonymous_1)
DA:3,3
DA:10,3
DA:19,3
DA:29,145
DA:37,145
DA:41,145
LF:6
LH:6
BRDA:27,0,0,1
BRDA:29,1,0,143
BRDA:29,1,1,2
BRDA:31,2,0,2
BRDA:31,2,1,2
BRDA:31,2,2,1
BRDA:31,2,3,1
BRDA:31,2,4,0
BRDA:31,2,5,0
BRF:9
BRH:7
end_of_record
TN:
SF:src\utils\kanbanUtils.js
FN:8,findColumnOfTask
FN:9,(anonymous_1)
FN:9,(anonymous_2)
FN:15,insertAt
FN:24,filterColumns
FN:31,(anonymous_5)
FN:36,(anonymous_6)
FN:63,moveTaskAcrossColumns
FN:79,(anonymous_8)
FN:89,(anonymous_9)
FNF:10
FNH:10
FNDA:9,findColumnOfTask
FNDA:13,(anonymous_1)
FNDA:14,(anonymous_2)
FNDA:1,insertAt
FNDA:2,filterColumns
FNDA:8,(anonymous_5)
FNDA:8,(anonymous_6)
FNDA:4,moveTaskAcrossColumns
FNDA:1,(anonymous_8)
FNDA:1,(anonymous_9)
DA:3,1
DA:9,14
DA:16,1
DA:17,1
DA:18,1
DA:31,8
DA:33,2
DA:36,2
DA:38,8
DA:42,8
DA:46,8
DA:49,8
DA:52,2
DA:53,2
DA:54,6
DA:55,6
DA:57,2
DA:69,4
DA:71,4
DA:74,4
DA:76,1
DA:77,1
DA:79,1
DA:80,1
DA:81,1
DA:84,1
DA:87,1
DA:88,1
DA:89,1
DA:92,1
DA:94,1
LF:31
LH:31
BRDA:8,0,0,0
BRDA:31,1,0,0
BRDA:33,2,0,2
BRDA:33,2,1,0
BRDA:33,3,0,2
BRDA:33,3,1,2
BRDA:35,4,0,0
BRDA:35,4,1,0
BRDA:38,5,0,8
BRDA:38,5,1,4
BRDA:38,5,2,4
BRDA:42,6,0,8
BRDA:42,6,1,8
BRDA:42,6,2,4
BRDA:46,7,0,8
BRDA:46,7,1,8
BRDA:46,7,2,4
BRDA:49,8,0,8
BRDA:49,8,1,5
BRDA:49,8,2,5
BRDA:54,9,0,6
BRDA:54,9,1,0
BRDA:67,10,0,0
BRDA:71,11,0,4
BRDA:71,11,1,2
BRDA:72,12,0,0
BRDA:72,12,1,2
BRDA:74,13,0,3
BRDA:74,13,1,1
BRDA:74,14,0,4
BRDA:74,14,1,3
BRDA:74,14,2,2
BRDA:81,15,0,0
BRDA:81,15,1,1
BRDA:88,16,0,1
BRDA:88,16,1,0
BRF:36
BRH:26
end_of_record
