TN:
SF:src\app\chatSlice.js
FN:17,(anonymous_0)
FN:21,(anonymous_1)
FN:26,(anonymous_2)
FN:36,(anonymous_3)
FN:41,(anonymous_4)
FN:47,(anonymous_5)
FN:57,(anonymous_6)
FN:61,(anonymous_7)
FN:66,(anonymous_8)
FN:74,(anonymous_9)
FN:78,(anonymous_10)
FN:83,(anonymous_11)
FN:91,(anonymous_12)
FN:94,(anonymous_13)
FNF:14
FNH:0
FNDA:0,(anonymous_0)
FNDA:0,(anonymous_1)
FNDA:0,(anonymous_2)
FNDA:0,(anonymous_3)
FNDA:0,(anonymous_4)
FNDA:0,(anonymous_5)
FNDA:0,(anonymous_6)
FNDA:0,(anonymous_7)
FNDA:0,(anonymous_8)
FNDA:0,(anonymous_9)
FNDA:0,(anonymous_10)
FNDA:0,(anonymous_11)
FNDA:0,(anonymous_12)
FNDA:0,(anonymous_13)
DA:3,15
DA:12,15
DA:18,0
DA:19,0
DA:22,0
DA:23,0
DA:24,0
DA:27,0
DA:28,0
DA:29,0
DA:31,0
DA:37,0
DA:38,0
DA:39,0
DA:42,0
DA:43,0
DA:44,0
DA:48,0
DA:49,0
DA:50,0
DA:52,0
DA:58,0
DA:59,0
DA:62,0
DA:63,0
DA:64,0
DA:67,0
DA:68,0
DA:69,0
DA:75,0
DA:76,0
DA:79,0
DA:80,0
DA:81,0
DA:84,0
DA:85,0
DA:86,0
DA:92,0
DA:95,0
DA:115,15
LF:40
LH:3
BRDA:23,0,0,0
BRDA:23,0,1,0
BRDA:28,1,0,0
BRDA:28,1,1,0
BRDA:38,2,0,0
BRDA:38,2,1,0
BRDA:43,3,0,0
BRDA:43,3,1,0
BRDA:49,4,0,0
BRDA:49,4,1,0
BRDA:63,5,0,0
BRDA:63,5,1,0
BRDA:68,6,0,0
BRDA:68,6,1,0
BRDA:80,7,0,0
BRDA:80,7,1,0
BRDA:85,8,0,0
BRDA:85,8,1,0
BRF:18
BRH:0
end_of_record
TN:
SF:src\app\invitationSlice.js
FN:10,(anonymous_0)
FN:21,(anonymous_1)
FN:24,(anonymous_2)
FN:35,(anonymous_3)
FN:38,(anonymous_4)
FN:49,(anonymous_5)
FN:51,(anonymous_6)
FN:60,(anonymous_7)
FN:65,(anonymous_8)
FN:70,(anonymous_9)
FN:73,(anonymous_10)
FN:79,(anonymous_11)
FN:82,(anonymous_12)
FN:93,(anonymous_13)
FN:96,(anonymous_14)
FN:108,(anonymous_15)
FN:111,(anonymous_16)
FN:116,(anonymous_17)
FN:122,(anonymous_18)
FN:124,(anonymous_19)
FN:162,(anonymous_20)
FN:165,(anonymous_21)
FN:170,(anonymous_22)
FNF:23
FNH:5
FNDA:4,(anonymous_0)
FNDA:4,(anonymous_1)
FNDA:0,(anonymous_2)
FNDA:1,(anonymous_3)
FNDA:1,(anonymous_4)
FNDA:0,(anonymous_5)
FNDA:0,(anonymous_6)
FNDA:0,(anonymous_7)
FNDA:0,(anonymous_8)
FNDA:0,(anonymous_9)
FNDA:0,(anonymous_10)
FNDA:1,(anonymous_11)
FNDA:0,(anonymous_12)
FNDA:0,(anonymous_13)
FNDA:0,(anonymous_14)
FNDA:0,(anonymous_15)
FNDA:0,(anonymous_16)
FNDA:0,(anonymous_17)
FNDA:0,(anonymous_18)
FNDA:0,(anonymous_19)
FNDA:0,(anonymous_20)
FNDA:0,(anonymous_21)
FNDA:0,(anonymous_22)
DA:3,19
DA:10,19
DA:11,4
DA:12,2
DA:13,2
DA:16,19
DA:22,4
DA:23,4
DA:24,4
DA:25,0
DA:26,0
DA:28,4
DA:29,4
DA:30,4
DA:36,1
DA:37,1
DA:38,1
DA:40,1
DA:41,1
DA:42,1
DA:43,1
DA:50,0
DA:51,0
DA:52,0
DA:53,0
DA:54,0
DA:55,0
DA:58,0
DA:59,0
DA:60,0
DA:66,0
DA:71,0
DA:72,0
DA:73,0
DA:80,1
DA:81,1
DA:82,0
DA:84,1
DA:85,1
DA:86,1
DA:87,1
DA:94,0
DA:95,0
DA:96,0
DA:98,0
DA:99,0
DA:100,0
DA:101,0
DA:102,0
DA:109,0
DA:110,0
DA:111,0
DA:117,0
DA:119,0
DA:122,0
DA:123,0
DA:124,0
DA:127,0
DA:140,0
DA:142,0
DA:143,0
DA:146,0
DA:147,0
DA:148,0
DA:149,0
DA:153,0
DA:154,0
DA:155,0
DA:163,0
DA:164,0
DA:165,0
DA:171,0
DA:188,19
LF:73
LH:26
BRDA:10,0,0,0
BRDA:11,1,0,2
BRDA:11,1,1,2
BRDA:11,2,0,4
BRDA:11,2,1,2
BRDA:12,3,0,0
BRDA:12,3,1,2
BRDA:12,4,0,2
BRDA:12,4,1,0
BRDA:13,5,0,2
BRDA:13,5,1,1
BRDA:13,5,2,0
BRDA:13,5,3,0
BRDA:26,6,0,0
BRDA:26,6,1,0
BRDA:28,7,0,4
BRDA:28,7,1,0
BRDA:38,8,0,1
BRDA:38,8,1,0
BRDA:40,9,0,1
BRDA:40,9,1,0
BRDA:42,10,0,1
BRDA:42,10,1,0
BRDA:53,11,0,0
BRDA:53,11,1,0
BRDA:54,12,0,0
BRDA:54,12,1,0
BRDA:73,13,0,0
BRDA:73,13,1,0
BRDA:84,14,0,1
BRDA:84,14,1,0
BRDA:86,15,0,1
BRDA:86,15,1,0
BRDA:98,16,0,0
BRDA:98,16,1,0
BRDA:101,17,0,0
BRDA:101,17,1,0
BRDA:101,18,0,0
BRDA:101,18,1,0
BRDA:119,19,0,0
BRDA:119,19,1,0
BRDA:119,20,0,0
BRDA:119,20,1,0
BRDA:134,21,0,0
BRDA:134,21,1,0
BRDA:136,22,0,0
BRDA:136,22,1,0
BRDA:140,23,0,0
BRDA:140,23,1,0
BRDA:146,24,0,0
BRDA:146,24,1,0
BRDA:146,25,0,0
BRDA:146,25,1,0
BRDA:148,26,0,0
BRDA:148,26,1,0
BRDA:148,27,0,0
BRDA:148,27,1,0
BRDA:154,28,0,0
BRDA:154,28,1,0
BRF:59
BRH:14
end_of_record
TN:
SF:src\app\loadingSlice.js
FN:7,(anonymous_0)
FNF:1
FNH:0
FNDA:0,(anonymous_0)
DA:3,15
DA:7,0
DA:12,15
LF:3
LH:2
BRF:0
BRH:0
end_of_record
TN:
SF:src\app\store.js
FNF:0
FNH:0
DA:6,15
LF:1
LH:1
BRF:0
BRH:0
end_of_record
TN:
SF:src\app\toastException\http.exception.js
FN:3,(anonymous_0)
FNF:1
FNH:0
FNDA:0,(anonymous_0)
DA:8,0
DA:9,0
DA:10,0
LF:3
LH:0
BRF:0
BRH:0
end_of_record
TN:
SF:src\components\common\FeaturesSection.jsx
FN:14,(anonymous_0)
FN:59,(anonymous_1)
FN:91,(anonymous_2)
FN:155,(anonymous_3)
FN:197,(anonymous_4)
FNF:5
FNH:5
FNDA:2,(anonymous_0)
FNDA:6,(anonymous_1)
FNDA:12,(anonymous_2)
FNDA:8,(anonymous_3)
FNDA:8,(anonymous_4)
DA:14,1
DA:15,2
DA:16,2
DA:22,2
DA:55,2
DA:60,6
DA:92,12
DA:93,12
DA:156,8
DA:157,8
DA:198,8
LF:11
LH:11
BRDA:65,0,0,6
BRDA:65,0,1,0
BRDA:79,1,0,2
BRDA:79,1,1,0
BRDA:84,2,0,2
BRDA:84,2,1,0
BRDA:102,3,0,12
BRDA:102,3,1,0
BRDA:105,4,0,12
BRDA:105,4,1,0
BRDA:115,5,0,2
BRDA:115,5,1,0
BRDA:118,6,0,2
BRDA:118,6,1,0
BRDA:164,7,0,8
BRDA:164,7,1,0
BRDA:166,8,0,8
BRDA:166,8,1,0
BRDA:183,9,0,2
BRDA:183,9,1,0
BRDA:186,10,0,2
BRDA:186,10,1,0
BRDA:200,11,0,8
BRDA:200,11,1,0
BRF:24
BRH:12
end_of_record
TN:
SF:src\components\common\Footer.jsx
FN:4,(anonymous_0)
FNF:1
FNH:1
FNDA:2,(anonymous_0)
DA:4,1
DA:5,2
DA:7,2
LF:3
LH:3
BRF:0
BRH:0
end_of_record
TN:
SF:src\components\common\HeroSection.jsx
FN:7,(anonymous_0)
FNF:1
FNH:1
FNDA:2,(anonymous_0)
DA:7,1
DA:8,2
DA:10,2
DA:19,2
LF:4
LH:4
BRDA:38,0,0,2
BRDA:38,0,1,0
BRDA:43,1,0,2
BRDA:43,1,1,0
BRDA:58,2,0,2
BRDA:58,2,1,0
BRDA:66,3,0,2
BRDA:66,3,1,0
BRDA:74,4,0,2
BRDA:74,4,1,0
BRDA:78,5,0,2
BRDA:78,5,1,0
BRDA:82,6,0,2
BRDA:82,6,1,0
BRF:14
BRH:7
end_of_record
TN:
SF:src\components\common\LoadingState.jsx
FN:1,(anonymous_0)
FN:27,(anonymous_1)
FN:51,(anonymous_2)
FN:77,(anonymous_3)
FNF:4
FNH:4
FNDA:2,(anonymous_0)
FNDA:8,(anonymous_1)
FNDA:8,(anonymous_2)
FNDA:5,(anonymous_3)
DA:1,1
DA:2,2
DA:4,2
DA:28,8
DA:52,8
DA:78,5
LF:6
LH:6
BRDA:1,0,0,1
BRDA:1,1,0,1
BRDA:7,2,0,1
BRDA:7,2,1,1
BRF:4
BRH:4
end_of_record
TN:
SF:src\components\common\Navbar.jsx
FN:24,(anonymous_0)
FN:43,(anonymous_1)
FN:46,(anonymous_2)
FN:49,(anonymous_3)
FN:52,(anonymous_4)
FN:62,(anonymous_5)
FN:63,(anonymous_6)
FN:65,(anonymous_7)
FN:70,(anonymous_8)
FN:75,(anonymous_9)
FN:76,(anonymous_10)
FN:87,(anonymous_11)
FN:90,(anonymous_12)
FN:124,(anonymous_13)
FN:127,(anonymous_14)
FN:133,(anonymous_15)
FN:143,(anonymous_16)
FN:144,(anonymous_17)
FN:157,(anonymous_18)
FN:171,(anonymous_19)
FN:187,(anonymous_20)
FN:201,(anonymous_21)
FN:233,(anonymous_22)
FN:234,(anonymous_23)
FN:255,(anonymous_24)
FN:265,(anonymous_25)
FN:309,(anonymous_26)
FN:315,(anonymous_27)
FN:320,(anonymous_28)
FN:322,(anonymous_29)
FN:326,(anonymous_30)
FN:415,(anonymous_31)
FN:447,(anonymous_32)
FN:459,(anonymous_33)
FN:462,(anonymous_34)
FN:509,(anonymous_35)
FN:518,(anonymous_36)
FN:557,(anonymous_37)
FN:576,(anonymous_38)
FN:589,(anonymous_39)
FN:602,(anonymous_40)
FN:627,(anonymous_41)
FN:646,(anonymous_42)
FN:648,(anonymous_43)
FN:662,(anonymous_44)
FN:662,(anonymous_45)
FN:679,(anonymous_46)
FN:691,(anonymous_47)
FN:691,(anonymous_48)
FNF:49
FNH:28
FNDA:17,(anonymous_0)
FNDA:17,(anonymous_1)
FNDA:17,(anonymous_2)
FNDA:17,(anonymous_3)
FNDA:4,(anonymous_4)
FNDA:0,(anonymous_5)
FNDA:0,(anonymous_6)
FNDA:5,(anonymous_7)
FNDA:5,(anonymous_8)
FNDA:5,(anonymous_9)
FNDA:1,(anonymous_10)
FNDA:1,(anonymous_11)
FNDA:1,(anonymous_12)
FNDA:5,(anonymous_13)
FNDA:1,(anonymous_14)
FNDA:0,(anonymous_15)
FNDA:5,(anonymous_16)
FNDA:1,(anonymous_17)
FNDA:3,(anonymous_18)
FNDA:0,(anonymous_19)
FNDA:0,(anonymous_20)
FNDA:1,(anonymous_21)
FNDA:0,(anonymous_22)
FNDA:0,(anonymous_23)
FNDA:1,(anonymous_24)
FNDA:0,(anonymous_25)
FNDA:4,(anonymous_26)
FNDA:5,(anonymous_27)
FNDA:54,(anonymous_28)
FNDA:1,(anonymous_29)
FNDA:1,(anonymous_30)
FNDA:0,(anonymous_31)
FNDA:0,(anonymous_32)
FNDA:1,(anonymous_33)
FNDA:11,(anonymous_34)
FNDA:0,(anonymous_35)
FNDA:0,(anonymous_36)
FNDA:1,(anonymous_37)
FNDA:0,(anonymous_38)
FNDA:0,(anonymous_39)
FNDA:0,(anonymous_40)
FNDA:0,(anonymous_41)
FNDA:0,(anonymous_42)
FNDA:1,(anonymous_43)
FNDA:1,(anonymous_44)
FNDA:0,(anonymous_45)
FNDA:0,(anonymous_46)
FNDA:0,(anonymous_47)
FNDA:0,(anonymous_48)
DA:24,1
DA:25,17
DA:26,17
DA:27,17
DA:28,17
DA:29,17
DA:30,17
DA:31,17
DA:32,17
DA:33,17
DA:34,17
DA:35,17
DA:37,17
DA:38,17
DA:39,17
DA:42,17
DA:43,17
DA:45,17
DA:46,17
DA:48,17
DA:49,17
DA:52,17
DA:53,4
DA:54,0
DA:55,4
DA:56,0
DA:57,4
DA:61,17
DA:65,17
DA:66,5
DA:70,17
DA:71,5
DA:72,5
DA:75,17
DA:76,5
DA:77,1
DA:78,0
DA:79,0
DA:80,0
DA:81,0
DA:82,0
DA:83,0
DA:86,5
DA:87,1
DA:90,5
DA:92,1
DA:93,1
DA:96,1
DA:104,1
DA:106,1
DA:124,5
DA:125,5
DA:127,5
DA:128,1
DA:129,1
DA:130,1
DA:133,5
DA:134,0
DA:135,0
DA:139,5
DA:143,17
DA:144,5
DA:145,1
DA:146,0
DA:147,0
DA:148,0
DA:149,0
DA:150,0
DA:151,0
DA:152,0
DA:153,0
DA:154,0
DA:157,5
DA:158,3
DA:159,3
DA:167,3
DA:168,3
DA:171,3
DA:187,3
DA:201,3
DA:203,1
DA:204,1
DA:206,1
DA:232,3
DA:233,0
DA:234,0
DA:247,3
DA:254,3
DA:255,3
DA:256,1
DA:257,1
DA:258,1
DA:259,1
DA:263,3
DA:265,0
DA:267,0
DA:268,0
DA:270,0
DA:295,0
DA:299,5
DA:300,3
DA:301,3
DA:302,3
DA:305,2
DA:306,2
DA:309,5
DA:310,4
DA:311,0
DA:314,5
DA:315,5
DA:316,5
DA:320,54
DA:322,17
DA:323,1
DA:326,17
DA:327,1
DA:328,1
DA:330,1
DA:331,1
DA:332,1
DA:336,1
DA:340,17
DA:415,0
DA:447,0
DA:459,1
DA:464,11
DA:468,11
DA:509,0
DA:518,0
DA:557,1
DA:576,0
DA:589,0
DA:602,0
DA:628,0
DA:629,0
DA:646,0
DA:649,1
DA:650,1
DA:652,0
DA:658,1
DA:662,1
DA:665,1
DA:666,1
DA:669,1
DA:673,0
DA:680,0
DA:681,0
DA:682,0
DA:687,0
DA:691,0
DA:694,0
DA:695,0
DA:698,0
DA:702,0
LF:154
LH:106
BRDA:43,0,0,17
BRDA:43,0,1,0
BRDA:46,1,0,17
BRDA:46,1,1,0
BRDA:49,2,0,17
BRDA:49,2,1,17
BRDA:52,3,0,0
BRDA:53,4,0,0
BRDA:53,4,1,4
BRDA:53,5,0,4
BRDA:53,5,1,0
BRDA:55,6,0,0
BRDA:55,6,1,4
BRDA:55,7,0,4
BRDA:55,7,1,0
BRDA:57,8,0,4
BRDA:57,8,1,3
BRDA:57,8,2,0
BRDA:57,8,3,0
BRDA:61,9,0,17
BRDA:61,9,1,17
BRDA:66,10,0,5
BRDA:66,10,1,2
BRDA:77,11,0,1
BRDA:77,11,1,0
BRDA:80,12,0,0
BRDA:80,12,1,0
BRDA:81,13,0,0
BRDA:81,13,1,0
BRDA:82,14,0,0
BRDA:82,14,1,0
BRDA:86,15,0,5
BRDA:86,15,1,0
BRDA:87,16,0,1
BRDA:87,16,1,1
BRDA:92,17,0,1
BRDA:92,17,1,1
BRDA:96,18,0,1
BRDA:96,18,1,0
BRDA:96,18,2,0
BRDA:96,18,3,0
BRDA:96,18,4,0
BRDA:96,18,5,0
BRDA:96,18,6,0
BRDA:104,19,0,1
BRDA:104,19,1,1
BRDA:104,19,2,1
BRDA:108,20,0,1
BRDA:108,20,1,1
BRDA:109,21,0,0
BRDA:109,21,1,1
BRDA:113,22,0,1
BRDA:113,22,1,0
BRDA:114,23,0,0
BRDA:114,23,1,1
BRDA:116,24,0,0
BRDA:116,24,1,0
BRDA:128,25,0,1
BRDA:128,25,1,0
BRDA:129,26,0,0
BRDA:129,26,1,1
BRDA:134,27,0,0
BRDA:134,27,1,0
BRDA:145,28,0,1
BRDA:145,28,1,0
BRDA:148,29,0,0
BRDA:148,29,1,0
BRDA:149,30,0,0
BRDA:149,30,1,0
BRDA:150,31,0,0
BRDA:150,31,1,0
BRDA:151,32,0,0
BRDA:151,32,1,0
BRDA:152,33,0,0
BRDA:152,33,1,0
BRDA:153,34,0,0
BRDA:153,34,1,0
BRDA:154,35,0,0
BRDA:154,35,1,0
BRDA:167,36,0,3
BRDA:167,36,1,0
BRDA:168,37,0,3
BRDA:168,37,1,0
BRDA:172,38,0,0
BRDA:172,38,1,0
BRDA:172,38,2,0
BRDA:175,39,0,0
BRDA:175,39,1,0
BRDA:177,40,0,0
BRDA:177,40,1,0
BRDA:177,40,2,0
BRDA:179,41,0,0
BRDA:179,41,1,0
BRDA:181,42,0,0
BRDA:181,42,1,0
BRDA:188,43,0,0
BRDA:188,43,1,0
BRDA:193,44,0,0
BRDA:193,44,1,0
BRDA:203,45,0,1
BRDA:203,45,1,1
BRDA:208,46,0,0
BRDA:208,46,1,1
BRDA:212,47,0,1
BRDA:212,47,1,0
BRDA:214,48,0,0
BRDA:214,48,1,1
BRDA:216,49,0,0
BRDA:216,49,1,0
BRDA:216,49,2,0
BRDA:220,50,0,0
BRDA:220,50,1,0
BRDA:223,51,0,1
BRDA:223,51,1,0
BRDA:223,51,2,0
BRDA:226,52,0,1
BRDA:226,52,1,1
BRDA:239,53,0,0
BRDA:239,53,1,0
BRDA:240,54,0,0
BRDA:240,54,1,0
BRDA:256,55,0,1
BRDA:256,55,1,0
BRDA:257,56,0,0
BRDA:257,56,1,1
BRDA:258,57,0,1
BRDA:258,57,1,0
BRDA:267,58,0,0
BRDA:267,58,1,0
BRDA:272,59,0,0
BRDA:272,59,1,0
BRDA:276,60,0,0
BRDA:276,60,1,0
BRDA:278,61,0,0
BRDA:278,61,1,0
BRDA:280,62,0,0
BRDA:280,62,1,0
BRDA:280,62,2,0
BRDA:284,63,0,0
BRDA:284,63,1,0
BRDA:287,64,0,0
BRDA:287,64,1,0
BRDA:287,64,2,0
BRDA:290,65,0,0
BRDA:290,65,1,0
BRDA:299,66,0,3
BRDA:299,66,1,2
BRDA:300,67,0,3
BRDA:300,67,1,0
BRDA:310,68,0,0
BRDA:310,68,1,4
BRDA:310,69,0,4
BRDA:310,69,1,4
BRDA:334,70,0,1
BRDA:334,70,1,0
BRDA:358,71,0,0
BRDA:358,71,1,17
BRDA:370,72,0,0
BRDA:370,72,1,17
BRDA:382,73,0,0
BRDA:382,73,1,17
BRDA:413,74,0,17
BRDA:413,74,1,11
BRDA:420,75,0,2
BRDA:420,75,1,9
BRDA:431,76,0,17
BRDA:431,76,1,0
BRDA:432,77,0,17
BRDA:432,77,1,0
BRDA:433,78,0,0
BRDA:433,78,1,0
BRDA:444,79,0,17
BRDA:444,79,1,11
BRDA:448,80,0,11
BRDA:448,80,1,0
BRDA:456,81,0,11
BRDA:456,81,1,6
BRDA:464,82,0,11
BRDA:464,82,1,11
BRDA:464,82,2,11
BRDA:464,82,3,11
BRDA:471,83,0,0
BRDA:471,83,1,11
BRDA:476,84,0,11
BRDA:476,84,1,7
BRDA:476,84,2,7
BRDA:476,84,3,0
BRDA:487,85,0,11
BRDA:487,85,1,11
BRDA:487,85,2,7
BRDA:491,86,0,11
BRDA:491,86,1,1
BRDA:503,87,0,1
BRDA:503,87,1,1
BRDA:560,88,0,1
BRDA:560,88,1,16
BRDA:570,89,0,17
BRDA:570,89,1,1
BRDA:578,90,0,0
BRDA:578,90,1,1
BRDA:591,91,0,0
BRDA:591,91,1,1
BRDA:604,92,0,0
BRDA:604,92,1,1
BRDA:619,93,0,1
BRDA:619,93,1,0
BRDA:635,94,0,1
BRDA:635,94,1,0
BRDA:636,95,0,1
BRDA:636,95,1,0
BRDA:637,96,0,0
BRDA:637,96,1,0
BRDA:650,97,0,0
BRDA:650,97,1,1
BRDA:665,98,0,1
BRDA:665,98,1,0
BRDA:665,99,0,1
BRDA:665,99,1,1
BRDA:666,100,0,1
BRDA:666,100,1,1
BRDA:670,101,0,1
BRDA:670,101,1,0
BRDA:675,102,0,0
BRDA:675,102,1,0
BRDA:681,103,0,0
BRDA:681,103,1,0
BRDA:694,104,0,0
BRDA:694,104,1,0
BRDA:694,105,0,0
BRDA:694,105,1,0
BRDA:695,106,0,0
BRDA:695,106,1,0
BRDA:699,107,0,0
BRDA:699,107,1,0
BRDA:704,108,0,0
BRDA:704,108,1,0
BRF:236
BRH:98
end_of_record
TN:
SF:src\components\common\discover\FilterSidebar.jsx
FN:6,(anonymous_0)
FN:11,(anonymous_1)
FN:12,(anonymous_2)
FN:29,(anonymous_3)
FN:58,(anonymous_4)
FN:63,(anonymous_5)
FN:73,(anonymous_6)
FNF:7
FNH:7
FNDA:10,(anonymous_0)
FNDA:4,(anonymous_1)
FNDA:4,(anonymous_2)
FNDA:7,(anonymous_3)
FNDA:1,(anonymous_4)
FNDA:5,(anonymous_5)
FNDA:2,(anonymous_6)
DA:6,1
DA:7,10
DA:8,10
DA:9,10
DA:11,10
DA:12,4
DA:13,4
DA:14,4
DA:15,3
DA:16,3
DA:17,3
DA:19,1
DA:26,4
DA:29,10
DA:30,7
DA:31,7
DA:37,10
DA:58,1
DA:64,5
DA:73,2
LF:20
LH:20
BRDA:15,0,0,3
BRDA:15,0,1,0
BRDA:16,1,0,3
BRDA:16,1,1,0
BRDA:16,2,0,0
BRDA:16,2,1,0
BRDA:17,3,0,3
BRDA:17,3,1,0
BRDA:20,4,0,1
BRDA:20,4,1,0
BRDA:22,5,0,1
BRDA:22,5,1,0
BRDA:30,6,0,7
BRDA:30,6,1,0
BRDA:41,7,0,10
BRDA:41,7,1,0
BRDA:49,8,0,10
BRDA:49,8,1,0
BRDA:61,9,0,10
BRDA:61,9,1,0
BRDA:65,10,0,5
BRDA:65,10,1,0
BRDA:71,11,0,5
BRDA:71,11,1,0
BRDA:72,12,0,5
BRDA:72,12,1,0
BRDA:76,13,0,5
BRDA:76,13,1,0
BRF:28
BRH:13
end_of_record
TN:
SF:src\components\common\discover\ProjectCard.jsx
FN:8,(anonymous_0)
FN:31,(anonymous_1)
FN:46,(anonymous_2)
FN:69,(anonymous_3)
FN:104,(anonymous_4)
FN:126,(anonymous_5)
FN:149,(anonymous_6)
FNF:7
FNH:5
FNDA:12,(anonymous_0)
FNDA:1,(anonymous_1)
FNDA:12,(anonymous_2)
FNDA:24,(anonymous_3)
FNDA:0,(anonymous_4)
FNDA:0,(anonymous_5)
FNDA:4,(anonymous_6)
DA:8,1
DA:16,12
DA:17,12
DA:18,12
DA:20,12
DA:24,12
DA:31,1
DA:47,12
DA:50,12
DA:56,12
DA:70,24
DA:105,0
DA:127,0
DA:150,4
DA:151,4
DA:153,4
DA:154,1
DA:155,1
DA:158,3
DA:159,3
DA:161,3
DA:162,3
DA:164,3
DA:165,1
DA:169,1
DA:170,1
DA:173,2
DA:174,2
DA:175,2
DA:176,2
DA:178,2
DA:179,0
DA:185,0
DA:188,2
DA:190,1
DA:197,1
DA:199,1
DA:205,3
LF:38
LH:34
BRDA:12,0,0,2
BRDA:13,1,0,12
BRDA:14,2,0,0
BRDA:20,3,0,12
BRDA:20,3,1,0
BRDA:27,4,0,0
BRDA:27,4,1,12
BRDA:31,5,0,1
BRDA:31,5,1,1
BRDA:46,6,0,12
BRDA:46,6,1,0
BRDA:47,7,0,12
BRDA:47,7,1,0
BRDA:50,8,0,12
BRDA:50,8,1,0
BRDA:52,9,0,0
BRDA:52,9,1,0
BRDA:67,10,0,12
BRDA:67,10,1,12
BRDA:67,11,0,12
BRDA:67,11,1,0
BRDA:69,12,0,12
BRDA:69,12,1,0
BRDA:77,13,0,12
BRDA:77,13,1,0
BRDA:77,14,0,12
BRDA:77,14,1,0
BRDA:79,15,0,0
BRDA:79,15,1,0
BRDA:86,16,0,12
BRDA:86,16,1,0
BRDA:95,17,0,12
BRDA:95,17,1,12
BRDA:95,17,2,0
BRDA:95,18,0,12
BRDA:95,18,1,12
BRDA:96,19,0,12
BRDA:96,19,1,12
BRDA:98,20,0,0
BRDA:98,20,1,0
BRDA:98,21,0,0
BRDA:98,21,1,0
BRDA:101,22,0,0
BRDA:101,22,1,0
BRDA:104,23,0,0
BRDA:104,23,1,0
BRDA:120,24,0,0
BRDA:120,24,1,0
BRDA:120,25,0,0
BRDA:120,25,1,0
BRDA:123,26,0,0
BRDA:123,26,1,0
BRDA:126,27,0,0
BRDA:126,27,1,0
BRDA:140,28,0,12
BRDA:140,28,1,0
BRDA:142,29,0,0
BRDA:142,29,1,0
BRDA:147,30,0,12
BRDA:147,30,1,11
BRDA:147,30,2,11
BRDA:151,31,0,0
BRDA:151,31,1,4
BRDA:151,32,0,4
BRDA:151,32,1,4
BRDA:153,33,0,1
BRDA:153,33,1,3
BRDA:162,34,0,3
BRDA:162,34,1,0
BRDA:164,35,0,1
BRDA:164,35,1,2
BRDA:174,36,0,2
BRDA:174,36,1,0
BRDA:175,37,0,2
BRDA:175,37,1,0
BRDA:176,38,0,2
BRDA:176,38,1,0
BRDA:178,39,0,0
BRDA:178,39,1,2
BRDA:202,40,0,1
BRDA:202,40,1,1
BRDA:208,41,0,11
BRDA:208,41,1,8
BRDA:211,42,0,1
BRDA:211,42,1,10
BRDA:216,43,0,3
BRDA:216,43,1,8
BRDA:218,44,0,1
BRDA:218,44,1,7
BRF:89
BRH:48
end_of_record
TN:
SF:src\components\common\discover\TopicDetailModal.jsx
FN:14,(anonymous_0)
FN:37,(anonymous_1)
FN:124,(anonymous_2)
FN:143,(anonymous_3)
FN:208,(anonymous_4)
FN:229,(anonymous_5)
FN:241,(anonymous_6)
FN:261,(anonymous_7)
FN:289,(anonymous_8)
FNF:9
FNH:7
FNDA:5,(anonymous_0)
FNDA:1,(anonymous_1)
FNDA:3,(anonymous_2)
FNDA:0,(anonymous_3)
FNDA:0,(anonymous_4)
FNDA:3,(anonymous_5)
FNDA:1,(anonymous_6)
FNDA:3,(anonymous_7)
FNDA:1,(anonymous_8)
DA:14,1
DA:25,5
DA:27,5
DA:29,4
DA:37,4
DA:38,1
DA:39,1
DA:40,1
DA:41,1
DA:42,1
DA:43,1
DA:44,1
DA:45,1
DA:48,4
DA:125,3
DA:144,0
DA:209,0
DA:230,3
DA:242,1
DA:262,3
DA:290,1
DA:291,1
LF:22
LH:20
BRDA:20,0,0,4
BRDA:21,1,0,5
BRDA:22,2,0,5
BRDA:23,3,0,1
BRDA:27,4,0,1
BRDA:27,4,1,4
BRDA:29,5,0,0
BRDA:29,5,1,4
BRDA:38,6,0,0
BRDA:38,6,1,1
BRDA:41,7,0,1
BRDA:41,7,1,0
BRDA:58,8,0,1
BRDA:58,8,1,3
BRDA:63,9,0,1
BRDA:63,9,1,0
BRDA:76,10,0,3
BRDA:76,10,1,0
BRDA:76,10,2,0
BRDA:98,11,0,3
BRDA:98,11,1,0
BRDA:103,12,0,3
BRDA:103,12,1,0
BRDA:110,13,0,3
BRDA:110,13,1,0
BRDA:118,14,0,3
BRDA:118,14,1,3
BRDA:118,15,0,3
BRDA:118,15,1,0
BRDA:121,16,0,3
BRDA:121,16,1,0
BRDA:124,17,0,3
BRDA:124,17,1,0
BRDA:137,18,0,3
BRDA:137,18,1,0
BRDA:137,18,2,0
BRDA:137,19,0,0
BRDA:137,19,1,0
BRDA:140,20,0,0
BRDA:140,20,1,0
BRDA:143,21,0,0
BRDA:143,21,1,0
BRDA:156,22,0,3
BRDA:156,22,1,0
BRDA:159,23,0,0
BRDA:159,23,1,0
BRDA:171,24,0,3
BRDA:171,24,1,0
BRDA:176,25,0,0
BRDA:176,25,1,0
BRDA:183,26,0,3
BRDA:183,26,1,0
BRDA:186,27,0,0
BRDA:186,27,1,0
BRDA:193,28,0,0
BRDA:193,28,1,0
BRDA:195,29,0,0
BRDA:195,29,1,0
BRDA:223,30,0,3
BRDA:223,30,1,3
BRDA:223,31,0,3
BRDA:223,31,1,0
BRDA:226,32,0,3
BRDA:226,32,1,0
BRDA:229,33,0,3
BRDA:229,33,1,0
BRDA:237,34,0,3
BRDA:237,34,1,0
BRDA:237,34,2,0
BRDA:242,35,0,1
BRDA:242,35,1,0
BRDA:255,36,0,3
BRDA:255,36,1,3
BRDA:255,37,0,3
BRDA:255,37,1,0
BRDA:258,38,0,3
BRDA:258,38,1,0
BRDA:261,39,0,3
BRDA:261,39,1,0
BRDA:285,40,0,3
BRDA:285,40,1,0
BRDA:287,41,0,3
BRDA:287,41,1,3
BRDA:287,41,2,3
BRDA:293,42,0,3
BRDA:293,42,1,3
BRDA:295,43,0,0
BRDA:295,43,1,3
BRDA:300,44,0,0
BRDA:300,44,1,3
BRDA:302,45,0,0
BRDA:302,45,1,3
BRF:92
BRH:46
end_of_record
TN:
SF:src\components\common\kanban\Column.jsx
FN:12,(anonymous_0)
FN:33,(anonymous_1)
FN:34,(anonymous_2)
FN:40,(anonymous_3)
FN:64,(anonymous_4)
FN:64,(anonymous_5)
FN:74,(anonymous_6)
FN:85,(anonymous_7)
FN:95,(anonymous_8)
FN:111,(anonymous_9)
FN:114,(anonymous_10)
FN:131,(anonymous_11)
FN:138,(anonymous_12)
FN:152,(anonymous_13)
FNF:14
FNH:14
FNDA:38,(anonymous_0)
FNDA:6,(anonymous_1)
FNDA:16,(anonymous_2)
FNDA:6,(anonymous_3)
FNDA:6,(anonymous_4)
FNDA:6,(anonymous_5)
FNDA:3,(anonymous_6)
FNDA:1,(anonymous_7)
FNDA:1,(anonymous_8)
FNDA:26,(anonymous_9)
FNDA:26,(anonymous_10)
FNDA:14,(anonymous_11)
FNDA:2,(anonymous_12)
FNDA:1,(anonymous_13)
DA:12,1
DA:22,38
DA:23,38
DA:24,38
DA:25,38
DA:26,38
DA:27,38
DA:28,38
DA:29,38
DA:33,38
DA:34,6
DA:35,16
DA:36,5
DA:39,6
DA:40,6
DA:41,6
DA:45,38
DA:64,6
DA:75,3
DA:76,3
DA:86,1
DA:87,1
DA:96,1
DA:97,1
DA:111,26
DA:115,26
DA:131,14
DA:139,2
DA:140,1
DA:144,1
DA:145,1
DA:153,1
DA:154,1
LF:33
LH:33
BRDA:20,0,0,0
BRDA:28,1,0,38
BRDA:28,1,1,0
BRDA:29,2,0,1
BRDA:29,2,1,37
BRDA:35,3,0,5
BRDA:35,3,1,11
BRDA:35,4,0,16
BRDA:35,4,1,16
BRDA:49,5,0,0
BRDA:49,5,1,38
BRDA:55,6,0,38
BRDA:55,6,1,1
BRDA:70,7,0,38
BRDA:70,7,1,6
BRDA:81,8,0,6
BRDA:81,8,1,0
BRDA:87,9,0,1
BRDA:87,9,1,0
BRDA:91,10,0,6
BRDA:91,10,1,0
BRDA:97,11,0,1
BRDA:97,11,1,0
BRDA:101,12,0,6
BRDA:101,12,1,0
BRDA:125,13,0,38
BRDA:125,13,1,31
BRDA:125,13,2,21
BRDA:132,14,0,21
BRDA:132,14,1,0
BRDA:139,15,0,1
BRDA:139,15,1,1
BRF:32
BRH:23
end_of_record
TN:
SF:src\components\common\kanban\TaskCard.jsx
FN:11,(anonymous_0)
FN:17,(anonymous_1)
FN:30,(anonymous_2)
FN:34,(anonymous_3)
FN:38,(anonymous_4)
FN:57,(anonymous_5)
FN:66,(anonymous_6)
FN:75,(anonymous_7)
FN:76,(anonymous_8)
FN:100,(anonymous_9)
FN:128,(anonymous_10)
FNF:11
FNH:11
FNDA:10,(anonymous_0)
FNDA:10,(anonymous_1)
FNDA:8,(anonymous_2)
FNDA:8,(anonymous_3)
FNDA:8,(anonymous_4)
FNDA:8,(anonymous_5)
FNDA:17,(anonymous_6)
FNDA:8,(anonymous_7)
FNDA:5,(anonymous_8)
FNDA:1,(anonymous_9)
FNDA:10,(anonymous_10)
DA:11,1
DA:12,10
DA:13,10
DA:14,10
DA:17,1
DA:18,10
DA:19,10
DA:20,10
DA:30,1
DA:31,8
DA:32,8
DA:34,8
DA:38,1
DA:46,8
DA:48,8
DA:54,8
DA:57,8
DA:58,8
DA:61,8
DA:62,1
DA:66,17
DA:67,7
DA:68,7
DA:70,7
DA:71,5
DA:75,8
DA:76,5
DA:78,2
DA:79,0
DA:80,2
DA:81,1
DA:83,1
DA:86,8
DA:88,8
DA:91,8
DA:93,8
DA:100,1
DA:129,10
DA:130,10
DA:131,10
LF:40
LH:39
BRDA:12,0,0,0
BRDA:12,0,1,10
BRDA:13,1,0,0
BRDA:13,1,1,10
BRDA:14,2,0,10
BRDA:14,2,1,0
BRDA:14,2,2,0
BRDA:14,2,3,0
BRDA:18,3,0,0
BRDA:18,3,1,10
BRDA:19,4,0,0
BRDA:19,4,1,10
BRDA:21,5,0,10
BRDA:21,5,1,0
BRDA:21,5,2,0
BRDA:21,5,3,0
BRDA:21,5,4,0
BRDA:21,5,5,0
BRDA:31,6,0,0
BRDA:31,6,1,8
BRDA:38,7,0,0
BRDA:51,8,0,0
BRDA:51,8,1,8
BRDA:54,9,0,8
BRDA:54,9,1,0
BRDA:61,10,0,1
BRDA:61,10,1,7
BRDA:66,11,0,17
BRDA:66,11,1,0
BRDA:66,12,0,17
BRDA:66,12,1,0
BRDA:67,13,0,7
BRDA:67,13,1,0
BRDA:70,14,0,5
BRDA:70,14,1,2
BRDA:70,15,0,7
BRDA:70,15,1,2
BRDA:78,16,0,0
BRDA:78,16,1,2
BRDA:80,17,0,1
BRDA:80,17,1,1
BRDA:88,18,0,7
BRDA:88,18,1,1
BRDA:91,19,0,7
BRDA:91,19,1,1
BRDA:117,20,0,8
BRDA:117,20,1,0
BRDA:128,21,0,8
BRDA:128,21,1,0
BRDA:129,22,0,10
BRDA:129,22,1,0
BRDA:130,23,0,10
BRDA:130,23,1,0
BRDA:137,24,0,10
BRDA:137,24,1,0
BRDA:141,25,0,8
BRDA:141,25,1,1
BRDA:141,26,0,8
BRDA:141,26,1,0
BRDA:143,27,0,1
BRDA:143,27,1,0
BRF:61
BRH:34
end_of_record
TN:
SF:src\components\common\kanban\TaskModal.jsx
FN:9,(anonymous_0)
FN:21,(anonymous_1)
FN:34,(anonymous_2)
FN:38,(anonymous_3)
FN:42,(anonymous_4)
FN:45,(anonymous_5)
FN:53,(anonymous_6)
FN:54,(anonymous_7)
FN:55,(anonymous_8)
FN:56,(anonymous_9)
FN:57,(anonymous_10)
FN:58,(anonymous_11)
FN:81,(anonymous_12)
FN:83,(anonymous_13)
FN:90,(anonymous_14)
FN:115,(anonymous_15)
FN:119,(anonymous_16)
FN:125,(anonymous_17)
FN:128,(anonymous_18)
FN:139,(anonymous_19)
FN:144,(anonymous_20)
FN:145,(anonymous_21)
FN:152,(anonymous_22)
FN:157,(anonymous_23)
FN:192,(anonymous_24)
FN:202,(anonymous_25)
FN:204,(anonymous_26)
FN:210,(anonymous_27)
FN:214,(anonymous_28)
FN:218,(anonymous_29)
FN:225,(anonymous_30)
FN:234,(anonymous_31)
FN:242,(anonymous_32)
FN:259,(anonymous_33)
FN:264,(anonymous_34)
FN:272,(anonymous_35)
FN:278,(anonymous_36)
FN:316,(anonymous_37)
FN:320,(anonymous_38)
FN:330,(anonymous_39)
FN:330,(anonymous_40)
FN:338,(anonymous_41)
FN:338,(anonymous_42)
FN:342,(anonymous_43)
FN:359,(anonymous_44)
FN:366,(anonymous_45)
FN:372,(anonymous_46)
FN:396,(anonymous_47)
FN:400,(anonymous_48)
FN:446,(anonymous_49)
FN:472,(anonymous_50)
FN:473,(anonymous_51)
FN:475,(anonymous_52)
FN:488,(anonymous_53)
FN:513,(anonymous_54)
FN:536,(anonymous_55)
FN:558,(anonymous_56)
FN:565,(anonymous_57)
FN:588,(anonymous_58)
FN:596,(anonymous_59)
FN:611,(anonymous_60)
FN:620,(anonymous_61)
FN:622,(anonymous_62)
FN:637,(anonymous_63)
FN:644,(anonymous_64)
FN:654,(anonymous_65)
FN:693,(anonymous_66)
FN:719,(anonymous_67)
FN:719,(anonymous_68)
FN:736,(anonymous_69)
FN:737,(anonymous_70)
FN:748,(anonymous_71)
FN:755,(anonymous_72)
FN:757,(anonymous_73)
FN:782,(anonymous_74)
FN:784,(anonymous_75)
FN:786,(anonymous_76)
FN:803,(anonymous_77)
FN:804,(anonymous_78)
FN:815,(anonymous_79)
FN:827,(anonymous_80)
FN:828,(anonymous_81)
FNF:82
FNH:57
FNDA:100,(anonymous_0)
FNDA:95,(anonymous_1)
FNDA:188,(anonymous_2)
FNDA:282,(anonymous_3)
FNDA:26,(anonymous_4)
FNDA:95,(anonymous_5)
FNDA:0,(anonymous_6)
FNDA:0,(anonymous_7)
FNDA:0,(anonymous_8)
FNDA:0,(anonymous_9)
FNDA:0,(anonymous_10)
FNDA:0,(anonymous_11)
FNDA:13,(anonymous_12)
FNDA:13,(anonymous_13)
FNDA:14,(anonymous_14)
FNDA:14,(anonymous_15)
FNDA:14,(anonymous_16)
FNDA:14,(anonymous_17)
FNDA:13,(anonymous_18)
FNDA:13,(anonymous_19)
FNDA:14,(anonymous_20)
FNDA:15,(anonymous_21)
FNDA:14,(anonymous_22)
FNDA:14,(anonymous_23)
FNDA:1,(anonymous_24)
FNDA:5,(anonymous_25)
FNDA:1,(anonymous_26)
FNDA:1,(anonymous_27)
FNDA:0,(anonymous_28)
FNDA:1,(anonymous_29)
FNDA:0,(anonymous_30)
FNDA:14,(anonymous_31)
FNDA:1,(anonymous_32)
FNDA:0,(anonymous_33)
FNDA:2,(anonymous_34)
FNDA:2,(anonymous_35)
FNDA:1,(anonymous_36)
FNDA:1,(anonymous_37)
FNDA:1,(anonymous_38)
FNDA:0,(anonymous_39)
FNDA:0,(anonymous_40)
FNDA:1,(anonymous_41)
FNDA:1,(anonymous_42)
FNDA:2,(anonymous_43)
FNDA:2,(anonymous_44)
FNDA:0,(anonymous_45)
FNDA:95,(anonymous_46)
FNDA:14,(anonymous_47)
FNDA:0,(anonymous_48)
FNDA:2,(anonymous_49)
FNDA:15,(anonymous_50)
FNDA:15,(anonymous_51)
FNDA:1,(anonymous_52)
FNDA:0,(anonymous_53)
FNDA:2,(anonymous_54)
FNDA:1,(anonymous_55)
FNDA:0,(anonymous_56)
FNDA:0,(anonymous_57)
FNDA:14,(anonymous_58)
FNDA:0,(anonymous_59)
FNDA:0,(anonymous_60)
FNDA:14,(anonymous_61)
FNDA:0,(anonymous_62)
FNDA:1,(anonymous_63)
FNDA:0,(anonymous_64)
FNDA:4,(anonymous_65)
FNDA:11,(anonymous_66)
FNDA:1,(anonymous_67)
FNDA:1,(anonymous_68)
FNDA:0,(anonymous_69)
FNDA:0,(anonymous_70)
FNDA:1,(anonymous_71)
FNDA:1,(anonymous_72)
FNDA:1,(anonymous_73)
FNDA:0,(anonymous_74)
FNDA:0,(anonymous_75)
FNDA:0,(anonymous_76)
FNDA:1,(anonymous_77)
FNDA:1,(anonymous_78)
FNDA:188,(anonymous_79)
FNDA:1,(anonymous_80)
FNDA:1,(anonymous_81)
DA:9,1
DA:10,100
DA:11,7
DA:12,7
DA:21,1
DA:22,95
DA:23,2
DA:24,2
DA:34,1
DA:35,188
DA:36,188
DA:38,282
DA:42,1
DA:43,26
DA:45,1
DA:61,95
DA:62,95
DA:63,95
DA:64,95
DA:71,95
DA:72,95
DA:73,95
DA:74,95
DA:75,95
DA:76,95
DA:77,95
DA:78,95
DA:79,95
DA:80,95
DA:81,95
DA:82,13
DA:83,13
DA:84,13
DA:85,13
DA:87,13
DA:90,95
DA:91,14
DA:92,13
DA:93,13
DA:94,0
DA:95,0
DA:98,13
DA:99,13
DA:101,13
DA:108,13
DA:109,13
DA:110,13
DA:111,13
DA:115,95
DA:116,14
DA:119,95
DA:120,14
DA:121,13
DA:125,95
DA:126,14
DA:127,13
DA:128,13
DA:129,13
DA:130,13
DA:131,13
DA:133,13
DA:134,13
DA:138,13
DA:139,13
DA:140,13
DA:144,95
DA:145,14
DA:146,15
DA:147,15
DA:148,13
DA:151,14
DA:152,14
DA:153,14
DA:157,95
DA:158,14
DA:160,14
DA:161,0
DA:162,0
DA:172,0
DA:173,0
DA:184,14
DA:187,95
DA:189,94
DA:190,94
DA:191,94
DA:192,94
DA:193,1
DA:194,1
DA:195,1
DA:197,94
DA:198,94
DA:199,94
DA:200,94
DA:202,94
DA:204,94
DA:205,1
DA:206,1
DA:207,1
DA:208,1
DA:210,94
DA:211,1
DA:212,1
DA:214,94
DA:215,0
DA:216,0
DA:218,94
DA:219,1
DA:220,1
DA:221,1
DA:222,1
DA:223,1
DA:225,94
DA:226,0
DA:227,0
DA:228,0
DA:229,0
DA:230,0
DA:234,94
DA:235,14
DA:236,14
DA:237,14
DA:238,14
DA:239,14
DA:242,14
DA:251,14
DA:254,0
DA:256,14
DA:259,94
DA:260,0
DA:261,0
DA:264,94
DA:265,2
DA:266,2
DA:268,2
DA:269,2
DA:272,2
DA:273,2
DA:274,2
DA:275,2
DA:277,2
DA:279,1
DA:280,1
DA:292,2
DA:294,1
DA:300,1
DA:303,1
DA:309,2
DA:310,2
DA:311,2
DA:316,94
DA:317,1
DA:319,1
DA:320,1
DA:322,1
DA:323,1
DA:324,0
DA:330,0
DA:333,1
DA:338,1
DA:342,94
DA:343,2
DA:344,2
DA:345,2
DA:347,2
DA:348,0
DA:349,2
DA:350,0
DA:351,2
DA:352,2
DA:353,0
DA:354,0
DA:356,0
DA:359,94
DA:360,2
DA:361,2
DA:362,2
DA:363,2
DA:364,2
DA:366,94
DA:367,0
DA:368,0
DA:369,0
DA:370,0
DA:372,94
DA:374,95
DA:379,95
DA:380,0
DA:388,95
DA:396,94
DA:397,14
DA:400,14
DA:401,0
DA:406,14
DA:407,14
DA:409,14
DA:410,0
DA:418,14
DA:425,94
DA:447,2
DA:448,1
DA:449,1
DA:473,15
DA:475,1
DA:488,0
DA:514,2
DA:536,1
DA:559,0
DA:560,0
DA:561,0
DA:566,0
DA:567,0
DA:589,14
DA:597,0
DA:612,0
DA:621,14
DA:622,14
DA:623,0
DA:627,14
DA:637,1
DA:644,0
DA:654,4
DA:693,11
DA:719,1
DA:737,0
DA:738,0
DA:739,0
DA:749,1
DA:750,1
DA:751,1
DA:756,1
DA:757,1
DA:761,1
DA:762,1
DA:783,0
DA:784,0
DA:787,0
DA:788,0
DA:789,0
DA:790,0
DA:804,1
DA:805,1
DA:806,1
DA:807,1
DA:809,1
DA:816,188
DA:828,1
DA:829,1
DA:830,1
DA:831,1
DA:833,1
LF:250
LH:201
BRDA:10,0,0,93
BRDA:10,0,1,7
BRDA:11,1,0,0
BRDA:11,1,1,7
BRDA:13,2,0,7
BRDA:13,2,1,0
BRDA:13,2,2,0
BRDA:13,2,3,0
BRDA:13,2,4,0
BRDA:22,3,0,93
BRDA:22,3,1,2
BRDA:23,4,0,0
BRDA:23,4,1,2
BRDA:25,5,0,2
BRDA:25,5,1,0
BRDA:25,5,2,0
BRDA:25,5,3,0
BRDA:25,5,4,0
BRDA:25,5,5,0
BRDA:35,6,0,0
BRDA:35,6,1,188
BRDA:42,7,0,0
BRDA:47,8,0,1
BRDA:48,9,0,1
BRDA:49,10,0,1
BRDA:50,11,0,1
BRDA:52,12,0,1
BRDA:53,13,0,1
BRDA:54,14,0,1
BRDA:55,15,0,1
BRDA:56,16,0,1
BRDA:57,17,0,1
BRDA:58,18,0,1
BRDA:59,19,0,1
BRDA:83,20,0,13
BRDA:83,20,1,0
BRDA:84,21,0,13
BRDA:84,21,1,0
BRDA:87,22,0,13
BRDA:87,22,1,0
BRDA:91,23,0,13
BRDA:91,23,1,1
BRDA:93,24,0,0
BRDA:93,24,1,13
BRDA:95,25,0,0
BRDA:95,25,1,0
BRDA:98,26,0,13
BRDA:98,26,1,13
BRDA:98,27,0,13
BRDA:98,27,1,0
BRDA:99,28,0,13
BRDA:99,28,1,0
BRDA:99,29,0,13
BRDA:99,29,1,0
BRDA:102,30,0,13
BRDA:102,30,1,0
BRDA:104,31,0,13
BRDA:104,31,1,0
BRDA:105,32,0,13
BRDA:105,32,1,0
BRDA:106,33,0,13
BRDA:106,33,1,13
BRDA:108,34,0,13
BRDA:108,34,1,0
BRDA:120,35,0,13
BRDA:120,35,1,1
BRDA:120,36,0,14
BRDA:120,36,1,13
BRDA:126,37,0,1
BRDA:126,37,1,13
BRDA:126,38,0,14
BRDA:126,38,1,13
BRDA:133,39,0,13
BRDA:133,39,1,0
BRDA:146,40,0,0
BRDA:146,40,1,15
BRDA:147,41,0,13
BRDA:147,41,1,2
BRDA:160,42,0,0
BRDA:160,42,1,14
BRDA:161,43,0,0
BRDA:161,43,1,0
BRDA:172,44,0,0
BRDA:172,44,1,0
BRDA:179,45,0,0
BRDA:179,45,1,0
BRDA:187,46,0,1
BRDA:187,46,1,94
BRDA:189,47,0,94
BRDA:189,47,1,0
BRDA:190,48,0,94
BRDA:190,48,1,94
BRDA:191,49,0,94
BRDA:191,49,1,0
BRDA:193,50,0,0
BRDA:193,50,1,1
BRDA:194,51,0,0
BRDA:194,51,1,1
BRDA:195,52,0,1
BRDA:195,52,1,0
BRDA:197,53,0,94
BRDA:197,53,1,93
BRDA:199,54,0,94
BRDA:199,54,1,93
BRDA:199,54,2,0
BRDA:200,55,0,94
BRDA:200,55,1,0
BRDA:202,56,0,94
BRDA:202,56,1,93
BRDA:206,57,0,0
BRDA:206,57,1,1
BRDA:212,58,0,1
BRDA:212,58,1,0
BRDA:220,59,0,0
BRDA:220,59,1,1
BRDA:220,60,0,1
BRDA:220,60,1,1
BRDA:226,61,0,0
BRDA:226,61,1,0
BRDA:227,62,0,0
BRDA:227,62,1,0
BRDA:227,63,0,0
BRDA:227,63,1,0
BRDA:229,64,0,0
BRDA:229,64,1,0
BRDA:235,65,0,0
BRDA:235,65,1,14
BRDA:235,66,0,14
BRDA:235,66,1,14
BRDA:239,67,0,14
BRDA:239,67,1,0
BRDA:243,68,0,1
BRDA:243,68,1,0
BRDA:244,69,0,1
BRDA:244,69,1,0
BRDA:244,69,2,0
BRDA:244,69,3,0
BRDA:245,70,0,1
BRDA:245,70,1,0
BRDA:245,70,2,0
BRDA:246,71,0,1
BRDA:246,71,1,0
BRDA:247,72,0,1
BRDA:247,72,1,1
BRDA:247,72,2,1
BRDA:248,73,0,1
BRDA:248,73,1,1
BRDA:260,74,0,0
BRDA:260,74,1,0
BRDA:265,75,0,2
BRDA:265,75,1,0
BRDA:266,76,0,0
BRDA:266,76,1,2
BRDA:266,77,0,2
BRDA:266,77,1,2
BRDA:266,77,2,2
BRDA:279,78,0,1
BRDA:279,78,1,0
BRDA:281,79,0,1
BRDA:281,79,1,0
BRDA:282,80,0,1
BRDA:282,80,1,1
BRDA:282,80,2,1
BRDA:283,81,0,1
BRDA:283,81,1,1
BRDA:283,81,2,1
BRDA:284,82,0,1
BRDA:284,82,1,1
BRDA:284,82,2,1
BRDA:285,83,0,1
BRDA:285,83,1,1
BRDA:285,83,2,1
BRDA:295,84,0,1
BRDA:295,84,1,0
BRDA:304,85,0,1
BRDA:304,85,1,0
BRDA:305,86,0,1
BRDA:305,86,1,1
BRDA:305,86,2,0
BRDA:310,87,0,2
BRDA:310,87,1,0
BRDA:317,88,0,0
BRDA:317,88,1,1
BRDA:317,89,0,1
BRDA:317,89,1,0
BRDA:322,90,0,1
BRDA:322,90,1,0
BRDA:322,91,0,1
BRDA:322,91,1,1
BRDA:322,91,2,1
BRDA:322,91,3,1
BRDA:325,92,0,0
BRDA:325,92,1,0
BRDA:334,93,0,1
BRDA:334,93,1,0
BRDA:335,94,0,1
BRDA:335,94,1,1
BRDA:335,94,2,0
BRDA:343,95,0,0
BRDA:343,95,1,2
BRDA:344,96,0,2
BRDA:344,96,1,0
BRDA:347,97,0,0
BRDA:347,97,1,2
BRDA:349,98,0,0
BRDA:349,98,1,2
BRDA:351,99,0,2
BRDA:351,99,1,0
BRDA:353,100,0,0
BRDA:353,100,1,0
BRDA:360,101,0,0
BRDA:360,101,1,2
BRDA:360,102,0,2
BRDA:360,102,1,2
BRDA:367,103,0,0
BRDA:367,103,1,0
BRDA:369,104,0,0
BRDA:369,104,1,0
BRDA:372,105,0,95
BRDA:374,106,0,95
BRDA:374,106,1,0
BRDA:374,106,2,0
BRDA:374,106,3,0
BRDA:374,106,4,0
BRDA:379,107,0,0
BRDA:379,107,1,95
BRDA:392,108,0,95
BRDA:392,108,1,0
BRDA:392,109,0,95
BRDA:392,109,1,0
BRDA:397,110,0,14
BRDA:397,110,1,0
BRDA:397,110,2,0
BRDA:397,110,3,0
BRDA:401,111,0,0
BRDA:401,111,1,0
BRDA:401,111,2,0
BRDA:406,112,0,14
BRDA:406,112,1,14
BRDA:406,112,2,14
BRDA:406,112,3,14
BRDA:407,113,0,14
BRDA:407,113,1,14
BRDA:407,113,2,14
BRDA:407,113,3,0
BRDA:407,113,4,0
BRDA:409,114,0,0
BRDA:409,114,1,14
BRDA:420,115,0,14
BRDA:420,115,1,0
BRDA:420,116,0,14
BRDA:420,116,1,0
BRDA:443,117,0,94
BRDA:443,117,1,91
BRDA:443,117,2,91
BRDA:447,118,0,1
BRDA:447,118,1,1
BRDA:447,119,0,2
BRDA:447,119,1,0
BRDA:453,120,0,91
BRDA:453,120,1,0
BRDA:460,121,0,94
BRDA:460,121,1,0
BRDA:469,122,0,94
BRDA:469,122,1,0
BRDA:485,123,0,94
BRDA:485,123,1,0
BRDA:486,124,0,94
BRDA:486,124,1,91
BRDA:493,125,0,2
BRDA:493,125,1,89
BRDA:493,126,0,2
BRDA:493,126,1,0
BRDA:493,127,0,89
BRDA:493,127,1,0
BRDA:507,128,0,13
BRDA:507,128,1,81
BRDA:508,129,0,13
BRDA:508,129,1,0
BRDA:509,130,0,79
BRDA:509,130,1,2
BRDA:510,131,0,79
BRDA:510,131,1,0
BRDA:522,132,0,2
BRDA:522,132,1,0
BRDA:534,133,0,2
BRDA:534,133,1,2
BRDA:538,134,0,2
BRDA:538,134,1,0
BRDA:551,135,0,94
BRDA:551,135,1,0
BRDA:555,136,0,94
BRDA:555,136,1,94
BRDA:555,137,0,94
BRDA:555,137,1,0
BRDA:556,138,0,94
BRDA:556,138,1,0
BRDA:558,139,0,94
BRDA:558,139,1,0
BRDA:559,140,0,0
BRDA:559,140,1,0
BRDA:559,140,2,0
BRDA:560,141,0,0
BRDA:560,141,1,0
BRDA:582,142,0,94
BRDA:582,142,1,0
BRDA:585,143,0,13
BRDA:585,143,1,81
BRDA:586,144,0,13
BRDA:586,144,1,0
BRDA:587,145,0,14
BRDA:587,145,1,67
BRDA:598,146,0,0
BRDA:598,146,1,0
BRDA:598,146,2,0
BRDA:598,146,3,0
BRDA:613,147,0,0
BRDA:613,147,1,0
BRDA:613,147,2,0
BRDA:613,147,3,0
BRDA:621,148,0,14
BRDA:621,148,1,0
BRDA:621,148,2,0
BRDA:621,148,3,0
BRDA:623,149,0,0
BRDA:623,149,1,0
BRDA:623,149,2,0
BRDA:627,150,0,14
BRDA:627,150,1,14
BRDA:627,150,2,14
BRDA:627,150,3,0
BRDA:627,150,4,0
BRDA:631,151,0,14
BRDA:631,151,1,0
BRDA:639,152,0,14
BRDA:639,152,1,0
BRDA:646,153,0,14
BRDA:646,153,1,0
BRDA:650,154,0,7
BRDA:650,154,1,7
BRDA:664,155,0,7
BRDA:664,155,1,0
BRDA:672,156,0,7
BRDA:672,156,1,0
BRDA:678,157,0,7
BRDA:678,157,1,0
BRDA:686,158,0,67
BRDA:686,158,1,0
BRDA:694,159,0,94
BRDA:694,159,1,0
BRDA:702,160,0,94
BRDA:702,160,1,0
BRDA:710,161,0,94
BRDA:710,161,1,0
BRDA:714,162,0,94
BRDA:714,162,1,0
BRDA:724,163,0,94
BRDA:724,163,1,93
BRDA:724,164,0,93
BRDA:724,164,1,0
BRDA:727,165,0,94
BRDA:727,165,1,0
BRDA:727,165,2,0
BRDA:732,166,0,94
BRDA:732,166,1,1
BRDA:746,167,0,1
BRDA:746,167,1,0
BRDA:750,168,0,1
BRDA:750,168,1,0
BRDA:756,169,0,1
BRDA:756,169,1,0
BRDA:761,170,0,1
BRDA:761,170,1,0
BRDA:777,171,0,94
BRDA:777,171,1,0
BRDA:781,172,0,0
BRDA:781,172,1,94
BRDA:788,173,0,0
BRDA:788,173,1,0
BRDA:789,174,0,0
BRDA:789,174,1,0
BRDA:789,175,0,0
BRDA:789,175,1,0
BRDA:789,176,0,0
BRDA:789,176,1,0
BRDA:800,177,0,94
BRDA:800,177,1,0
BRDA:806,178,0,1
BRDA:806,178,1,0
BRDA:815,179,0,0
BRDA:815,179,1,94
BRDA:815,180,0,0
BRDA:815,180,1,0
BRDA:817,181,0,188
BRDA:817,181,1,0
BRDA:824,182,0,94
BRDA:824,182,1,0
BRDA:830,183,0,1
BRDA:830,183,1,0
BRDA:839,184,0,94
BRDA:839,184,1,0
BRDA:840,185,0,94
BRDA:840,185,1,0
BRDA:841,186,0,94
BRDA:841,186,1,0
BRF:405
BRH:219
end_of_record
TN:
SF:src\components\common\my-group\AddMemberModal.jsx
FN:8,AddMemberModal
FN:15,(anonymous_1)
FN:22,(anonymous_2)
FN:36,(anonymous_3)
FN:39,(anonymous_4)
FN:53,(anonymous_5)
FN:59,(anonymous_6)
FN:139,(anonymous_7)
FN:142,(anonymous_8)
FNF:9
FNH:9
FNDA:101,AddMemberModal
FNDA:7,(anonymous_1)
FNDA:40,(anonymous_2)
FNDA:50,(anonymous_3)
FNDA:40,(anonymous_4)
FNDA:4,(anonymous_5)
FNDA:3,(anonymous_6)
FNDA:40,(anonymous_7)
FNDA:4,(anonymous_8)
DA:9,101
DA:10,101
DA:11,101
DA:12,101
DA:13,101
DA:15,101
DA:16,7
DA:17,6
DA:18,6
DA:19,6
DA:22,101
DA:23,40
DA:24,40
DA:25,40
DA:26,0
DA:27,0
DA:30,40
DA:31,40
DA:32,40
DA:33,40
DA:36,50
DA:38,40
DA:39,40
DA:47,0
DA:49,40
DA:53,101
DA:54,4
DA:55,4
DA:56,4
DA:59,101
DA:60,3
DA:61,0
DA:64,0
DA:66,3
DA:67,1
DA:70,1
DA:73,2
DA:74,2
DA:75,2
DA:78,1
DA:79,1
DA:82,1
DA:85,1
DA:92,1
DA:99,2
DA:103,101
DA:105,100
DA:140,40
DA:142,4
LF:49
LH:44
BRDA:16,0,0,1
BRDA:16,0,1,6
BRDA:25,1,0,0
BRDA:25,1,1,40
BRDA:33,2,0,40
BRDA:33,2,1,0
BRDA:60,3,0,0
BRDA:60,3,1,3
BRDA:62,4,0,0
BRDA:62,4,1,0
BRDA:66,5,0,1
BRDA:66,5,1,2
BRDA:68,6,0,1
BRDA:68,6,1,0
BRDA:78,7,0,1
BRDA:78,7,1,0
BRDA:80,8,0,1
BRDA:80,8,1,0
BRDA:85,9,0,1
BRDA:85,9,1,1
BRDA:85,9,2,1
BRDA:85,9,3,1
BRDA:85,9,4,0
BRDA:85,9,5,0
BRDA:94,10,0,1
BRDA:94,10,1,0
BRDA:96,11,0,0
BRDA:96,11,1,0
BRDA:103,12,0,1
BRDA:103,12,1,100
BRDA:117,13,0,100
BRDA:117,13,1,0
BRDA:128,14,0,100
BRDA:128,14,1,0
BRDA:134,15,0,100
BRDA:134,15,1,42
BRDA:137,16,0,100
BRDA:137,16,1,58
BRDA:137,16,2,40
BRDA:145,17,0,0
BRDA:145,17,1,40
BRDA:174,18,0,100
BRDA:174,18,1,0
BRDA:178,19,0,100
BRDA:178,19,1,58
BRDA:181,20,0,100
BRDA:181,20,1,0
BRF:47
BRH:29
end_of_record
TN:
SF:src\components\common\my-group\AssignRoleModal.jsx
FN:4,AssignRoleModal
FN:14,(anonymous_1)
FN:20,(anonymous_2)
FN:39,(anonymous_3)
FN:84,(anonymous_4)
FNF:5
FNH:5
FNDA:29,AssignRoleModal
FNDA:7,(anonymous_1)
FNDA:2,(anonymous_2)
FNDA:6,(anonymous_3)
FNDA:16,(anonymous_4)
DA:12,29
DA:14,29
DA:15,7
DA:16,6
DA:20,29
DA:21,2
DA:22,2
DA:24,2
DA:31,2
DA:32,1
DA:37,29
DA:39,28
DA:40,6
DA:41,1
DA:45,28
DA:84,16
LF:16
LH:16
BRDA:10,0,0,27
BRDA:15,1,0,6
BRDA:15,1,1,1
BRDA:15,2,0,7
BRDA:15,2,1,6
BRDA:16,3,0,6
BRDA:16,3,1,1
BRDA:22,4,0,2
BRDA:22,4,1,0
BRDA:22,5,0,2
BRDA:22,5,1,2
BRDA:24,6,0,2
BRDA:24,6,1,1
BRDA:24,6,2,1
BRDA:24,6,3,1
BRDA:24,6,4,1
BRDA:24,6,5,1
BRDA:24,6,6,1
BRDA:31,7,0,1
BRDA:31,7,1,1
BRDA:37,8,0,1
BRDA:37,8,1,28
BRDA:37,9,0,29
BRDA:37,9,1,28
BRDA:40,10,0,1
BRDA:40,10,1,5
BRDA:40,11,0,6
BRDA:40,11,1,2
BRDA:60,12,0,28
BRDA:60,12,1,0
BRDA:63,13,0,28
BRDA:63,13,1,0
BRDA:78,14,0,28
BRDA:78,14,1,0
BRDA:85,15,0,28
BRDA:85,15,1,0
BRDA:91,16,0,28
BRDA:91,16,1,0
BRDA:102,17,0,28
BRDA:102,17,1,0
BRDA:106,18,0,28
BRDA:106,18,1,26
BRDA:109,19,0,2
BRDA:109,19,1,26
BRDA:109,20,0,2
BRDA:109,20,1,0
BRDA:109,21,0,26
BRDA:109,21,1,0
BRF:48
BRH:39
end_of_record
TN:
SF:src\components\common\my-group\DescriptionCard.jsx
FN:5,DescriptionCard
FNF:1
FNH:1
FNDA:2,DescriptionCard
DA:6,2
DA:7,2
LF:2
LH:2
BRF:0
BRH:0
end_of_record
TN:
SF:src\components\common\my-group\EditGroupModal.jsx
FN:4,EditGroupModal
FN:19,(anonymous_1)
FN:22,(anonymous_2)
FN:26,(anonymous_3)
FN:33,(anonymous_4)
FN:40,(anonymous_5)
FN:51,(anonymous_6)
FN:71,(anonymous_7)
FN:77,(anonymous_8)
FN:118,(anonymous_9)
FN:137,(anonymous_10)
FN:155,(anonymous_11)
FN:193,(anonymous_12)
FN:194,(anonymous_13)
FN:200,(anonymous_14)
FN:218,(anonymous_15)
FN:227,(anonymous_16)
FN:229,(anonymous_17)
FN:236,(anonymous_18)
FN:261,(anonymous_19)
FN:276,(anonymous_20)
FNF:21
FNH:20
FNDA:9,EditGroupModal
FNDA:9,(anonymous_1)
FNDA:2,(anonymous_2)
FNDA:2,(anonymous_3)
FNDA:1,(anonymous_4)
FNDA:13,(anonymous_5)
FNDA:14,(anonymous_6)
FNDA:8,(anonymous_7)
FNDA:72,(anonymous_8)
FNDA:1,(anonymous_9)
FNDA:1,(anonymous_10)
FNDA:1,(anonymous_11)
FNDA:1,(anonymous_12)
FNDA:1,(anonymous_13)
FNDA:1,(anonymous_14)
FNDA:0,(anonymous_15)
FNDA:40,(anonymous_16)
FNDA:70,(anonymous_17)
FNDA:1,(anonymous_18)
FNDA:13,(anonymous_19)
FNDA:1,(anonymous_20)
DA:17,9
DA:19,9
DA:20,9
DA:21,2
DA:22,2
DA:26,9
DA:27,2
DA:28,2
DA:30,2
DA:31,1
DA:33,1
DA:36,1
DA:40,9
DA:41,13
DA:48,13
DA:51,9
DA:53,14
DA:54,14
DA:56,14
DA:58,1
DA:66,1
DA:69,9
DA:71,8
DA:72,8
DA:73,1
DA:77,72
DA:79,8
DA:118,1
DA:137,1
DA:155,1
DA:194,1
DA:195,1
DA:201,1
DA:202,1
DA:218,0
DA:228,40
DA:229,70
DA:231,40
DA:232,14
DA:236,1
DA:262,13
DA:265,13
DA:277,1
LF:43
LH:42
BRDA:11,0,0,0
BRDA:12,1,0,8
BRDA:20,2,0,7
BRDA:20,2,1,2
BRDA:27,3,0,2
BRDA:27,3,1,0
BRDA:30,4,0,1
BRDA:30,4,1,1
BRDA:48,5,0,13
BRDA:48,5,1,0
BRDA:56,6,0,13
BRDA:56,6,1,1
BRDA:66,7,0,1
BRDA:66,7,1,0
BRDA:69,8,0,1
BRDA:69,8,1,8
BRDA:72,9,0,1
BRDA:72,9,1,7
BRDA:72,10,0,8
BRDA:72,10,1,1
BRDA:77,11,0,72
BRDA:77,11,1,0
BRDA:120,12,0,0
BRDA:120,12,1,8
BRDA:125,13,0,8
BRDA:125,13,1,0
BRDA:153,14,0,8
BRDA:153,14,1,0
BRDA:157,15,0,0
BRDA:157,15,1,8
BRDA:169,16,0,8
BRDA:169,16,1,0
BRDA:177,17,0,8
BRDA:177,17,1,0
BRDA:183,18,0,8
BRDA:183,18,1,0
BRDA:184,19,0,8
BRDA:184,19,1,0
BRDA:187,20,0,7
BRDA:187,20,1,1
BRDA:187,21,0,8
BRDA:187,21,1,8
BRDA:189,22,0,7
BRDA:189,22,1,0
BRDA:220,23,0,6
BRDA:220,23,1,2
BRDA:225,24,0,8
BRDA:225,24,1,0
BRDA:231,25,0,26
BRDA:231,25,1,14
BRDA:248,26,0,8
BRDA:248,26,1,0
BRDA:251,27,0,1
BRDA:251,27,1,7
BRDA:253,28,0,1
BRDA:253,28,1,0
BRDA:255,29,0,0
BRDA:255,29,1,7
BRDA:257,30,0,0
BRDA:257,30,1,0
BRDA:262,31,0,13
BRDA:262,31,1,0
BRDA:267,32,0,13
BRDA:267,32,1,0
BRDA:269,33,0,1
BRDA:269,33,1,12
BRDA:272,34,0,1
BRDA:272,34,1,12
BRDA:277,35,0,1
BRDA:277,35,1,1
BRDA:281,36,0,13
BRDA:281,36,1,12
BRDA:307,37,0,0
BRDA:307,37,1,8
BRF:74
BRH:51
end_of_record
TN:
SF:src\components\common\my-group\FilesPanel.jsx
FN:6,FilesPanel
FN:16,(anonymous_1)
FN:22,(anonymous_2)
FN:29,(anonymous_3)
FN:80,(anonymous_4)
FN:85,(anonymous_5)
FN:114,(anonymous_6)
FN:135,(anonymous_7)
FN:161,(anonymous_8)
FN:218,(anonymous_9)
FN:244,(anonymous_10)
FN:256,(anonymous_11)
FN:273,(anonymous_12)
FN:291,(anonymous_13)
FNF:14
FNH:9
FNDA:20,FilesPanel
FNDA:3,(anonymous_1)
FNDA:2,(anonymous_2)
FNDA:3,(anonymous_3)
FNDA:2,(anonymous_4)
FNDA:2,(anonymous_5)
FNDA:19,(anonymous_6)
FNDA:2,(anonymous_7)
FNDA:19,(anonymous_8)
FNDA:0,(anonymous_9)
FNDA:0,(anonymous_10)
FNDA:0,(anonymous_11)
FNDA:0,(anonymous_12)
FNDA:0,(anonymous_13)
DA:7,20
DA:8,20
DA:9,20
DA:10,20
DA:11,20
DA:12,20
DA:13,20
DA:14,20
DA:16,20
DA:17,3
DA:18,3
DA:19,3
DA:22,20
DA:23,2
DA:24,2
DA:25,2
DA:29,20
DA:30,3
DA:31,1
DA:35,1
DA:38,2
DA:39,1
DA:43,1
DA:46,1
DA:47,1
DA:48,1
DA:49,1
DA:50,1
DA:51,0
DA:54,1
DA:56,1
DA:61,1
DA:62,1
DA:63,1
DA:66,1
DA:67,1
DA:71,0
DA:76,1
DA:80,20
DA:81,2
DA:82,2
DA:85,20
DA:86,2
DA:88,2
DA:89,2
DA:90,2
DA:91,2
DA:93,1
DA:99,1
DA:100,1
DA:104,1
DA:109,2
DA:110,2
DA:114,20
DA:135,2
DA:144,20
DA:162,19
DA:219,0
DA:220,0
DA:221,0
DA:222,0
DA:244,0
DA:256,0
DA:273,0
DA:292,0
DA:293,0
LF:66
LH:55
BRDA:24,0,0,2
BRDA:24,0,1,0
BRDA:30,1,0,1
BRDA:30,1,1,2
BRDA:32,2,0,1
BRDA:32,2,1,0
BRDA:33,3,0,1
BRDA:33,3,1,0
BRDA:38,4,0,1
BRDA:38,4,1,1
BRDA:40,5,0,1
BRDA:40,5,1,0
BRDA:41,6,0,1
BRDA:41,6,1,0
BRDA:50,7,0,0
BRDA:50,7,1,1
BRDA:57,8,0,1
BRDA:57,8,1,0
BRDA:58,9,0,1
BRDA:58,9,1,0
BRDA:66,10,0,1
BRDA:66,10,1,0
BRDA:72,11,0,0
BRDA:72,11,1,0
BRDA:73,12,0,0
BRDA:73,12,1,0
BRDA:73,12,2,0
BRDA:86,13,0,0
BRDA:86,13,1,2
BRDA:94,14,0,1
BRDA:94,14,1,0
BRDA:95,15,0,1
BRDA:95,15,1,0
BRDA:99,16,0,1
BRDA:99,16,1,0
BRDA:105,17,0,1
BRDA:105,17,1,0
BRDA:106,18,0,1
BRDA:106,18,1,1
BRDA:106,18,2,0
BRDA:126,19,0,19
BRDA:126,19,1,0
BRDA:138,20,0,19
BRDA:138,20,1,0
BRDA:148,21,0,20
BRDA:148,21,1,0
BRDA:156,22,0,20
BRDA:156,22,1,0
BRDA:160,23,0,19
BRDA:160,23,1,1
BRDA:169,24,0,19
BRDA:169,24,1,0
BRDA:172,25,0,19
BRDA:172,25,1,0
BRDA:172,26,0,19
BRDA:172,26,1,0
BRDA:174,27,0,19
BRDA:174,27,1,19
BRDA:182,28,0,19
BRDA:182,28,1,0
BRDA:209,29,0,1
BRDA:209,29,1,0
BRDA:215,30,0,20
BRDA:215,30,1,0
BRDA:219,31,0,0
BRDA:219,31,1,0
BRDA:225,32,0,1
BRDA:225,32,1,19
BRDA:225,33,0,1
BRDA:225,33,1,0
BRDA:225,34,0,19
BRDA:225,34,1,0
BRDA:226,35,0,20
BRDA:226,35,1,0
BRDA:233,36,0,20
BRDA:233,36,1,0
BRDA:248,37,0,20
BRDA:248,37,1,0
BRDA:250,38,0,20
BRDA:250,38,1,3
BRDA:268,39,0,20
BRDA:268,39,1,0
BRDA:268,40,0,20
BRDA:268,40,1,0
BRDA:274,41,0,20
BRDA:274,41,1,0
BRDA:286,42,0,20
BRDA:286,42,1,0
BRDA:295,43,0,20
BRDA:295,43,1,0
BRDA:296,44,0,20
BRDA:296,44,1,0
BRDA:302,45,0,20
BRDA:302,45,1,0
BRDA:304,46,0,20
BRDA:304,46,1,4
BRDA:306,47,0,4
BRDA:306,47,1,0
BRF:98
BRH:53
end_of_record
TN:
SF:src\components\common\my-group\GroupPostsList.jsx
FN:9,GroupPostsList
FN:15,(anonymous_1)
FN:20,(anonymous_2)
FN:72,(anonymous_3)
FN:81,(anonymous_4)
FN:87,(anonymous_5)
FN:102,(anonymous_6)
FN:183,(anonymous_7)
FN:213,(anonymous_8)
FN:222,(anonymous_9)
FNF:10
FNH:6
FNDA:14,GroupPostsList
FNDA:5,(anonymous_1)
FNDA:5,(anonymous_2)
FNDA:0,(anonymous_3)
FNDA:0,(anonymous_4)
FNDA:0,(anonymous_5)
FNDA:1,(anonymous_6)
FNDA:1,(anonymous_7)
FNDA:1,(anonymous_8)
FNDA:0,(anonymous_9)
DA:10,14
DA:11,14
DA:12,14
DA:13,14
DA:15,14
DA:16,5
DA:17,4
DA:20,14
DA:21,5
DA:22,5
DA:23,5
DA:24,5
DA:25,3
DA:26,3
DA:28,1
DA:29,1
DA:31,4
DA:35,14
DA:42,14
DA:43,5
DA:46,9
DA:47,1
DA:63,8
DA:64,7
DA:72,0
DA:81,1
DA:82,0
DA:88,0
DA:94,1
DA:103,1
DA:184,1
DA:214,1
DA:223,0
LF:33
LH:29
BRDA:9,0,0,0
BRDA:16,1,0,1
BRDA:16,1,1,4
BRDA:25,2,0,3
BRDA:25,2,1,0
BRDA:29,3,0,1
BRDA:29,3,1,0
BRDA:42,4,0,5
BRDA:42,4,1,9
BRDA:46,5,0,1
BRDA:46,5,1,8
BRDA:63,6,0,7
BRDA:63,6,1,1
BRDA:63,7,0,8
BRDA:63,7,1,8
BRDA:71,8,0,7
BRDA:71,8,1,2
BRDA:114,9,0,1
BRDA:114,9,1,1
BRDA:117,10,0,1
BRDA:117,10,1,0
BRDA:131,11,0,1
BRDA:131,11,1,0
BRDA:131,11,2,0
BRDA:136,12,0,1
BRDA:136,12,1,0
BRDA:137,13,0,1
BRDA:137,13,1,1
BRDA:155,14,0,1
BRDA:155,14,1,1
BRDA:162,15,0,0
BRDA:162,15,1,1
BRDA:182,16,0,1
BRDA:182,16,1,0
BRDA:201,17,0,1
BRDA:201,17,1,1
BRDA:208,18,0,1
BRDA:208,18,1,0
BRDA:208,18,2,1
BRDA:212,19,0,1
BRDA:212,19,1,0
BRF:41
BRH:30
end_of_record
TN:
SF:src\components\common\my-group\GroupPostsTab.jsx
FN:6,GroupPostsTab
FNF:1
FNH:1
FNDA:3,GroupPostsTab
DA:7,3
DA:9,3
DA:11,3
LF:3
LH:3
BRF:0
BRH:0
end_of_record
TN:
SF:src\components\common\my-group\HeaderBar.jsx
FN:5,HeaderBar
FNF:1
FNH:1
FNDA:2,HeaderBar
DA:6,2
DA:7,2
LF:2
LH:2
BRF:0
BRH:0
end_of_record
TN:
SF:src\components\common\my-group\InfoCard.jsx
FN:5,(anonymous_0)
FN:10,InfoCard
FNF:2
FNH:2
FNDA:3,(anonymous_0)
FNDA:3,InfoCard
DA:5,1
DA:6,3
DA:7,3
DA:17,3
DA:18,3
DA:20,3
DA:23,3
DA:28,3
LF:8
LH:8
BRDA:6,0,0,0
BRDA:6,0,1,3
BRDA:12,1,0,0
BRDA:17,2,0,3
BRDA:17,2,1,0
BRDA:20,3,0,3
BRDA:20,3,1,0
BRDA:20,3,2,0
BRDA:20,3,3,0
BRDA:25,4,0,3
BRDA:25,4,1,0
BRDA:32,5,0,1
BRDA:32,5,1,2
BRDA:39,6,0,1
BRDA:39,6,1,0
BRDA:45,7,0,3
BRDA:45,7,1,1
BRDA:51,8,0,1
BRDA:51,8,1,0
BRDA:54,9,0,3
BRDA:54,9,1,1
BRDA:60,10,0,0
BRDA:60,10,1,1
BRDA:61,11,0,0
BRDA:61,11,1,0
BRDA:62,12,0,1
BRDA:62,12,1,0
BRDA:76,13,0,3
BRDA:76,13,1,0
BRDA:76,13,2,0
BRDA:76,13,3,0
BRDA:86,14,0,3
BRDA:86,14,1,0
BRDA:91,15,0,3
BRDA:91,15,1,0
BRDA:91,15,2,0
BRDA:97,16,0,3
BRDA:97,16,1,0
BRDA:97,16,2,0
BRDA:103,17,0,3
BRDA:103,17,1,0
BRDA:103,18,0,3
BRDA:103,18,1,0
BRDA:110,19,0,3
BRDA:110,19,1,0
BRF:45
BRH:21
end_of_record
TN:
SF:src\components\common\my-group\MembersList.jsx
FN:6,(anonymous_0)
FN:15,MembersList
FN:36,(anonymous_2)
FN:73,(anonymous_3)
FNF:4
FNH:4
FNDA:4,(anonymous_0)
FNDA:5,MembersList
FNDA:4,(anonymous_2)
FNDA:1,(anonymous_3)
DA:6,1
DA:7,4
DA:8,4
DA:25,5
DA:26,5
DA:37,4
DA:73,1
LF:7
LH:7
BRDA:7,0,0,0
BRDA:7,0,1,4
BRDA:16,1,0,0
BRDA:17,2,0,5
BRDA:18,3,0,0
BRDA:19,4,0,0
BRDA:22,5,0,0
BRDA:23,6,0,0
BRDA:33,7,0,5
BRDA:33,7,1,1
BRDA:38,8,0,4
BRDA:38,8,1,0
BRDA:38,8,2,0
BRDA:42,9,0,4
BRDA:42,9,1,4
BRDA:43,10,0,4
BRDA:43,10,1,0
BRDA:49,11,0,4
BRDA:49,11,1,0
BRDA:51,12,0,4
BRDA:51,12,1,0
BRDA:57,13,0,4
BRDA:57,13,1,4
BRDA:62,14,0,4
BRDA:62,14,1,4
BRDA:66,15,0,4
BRDA:66,15,1,0
BRDA:66,15,2,4
BRDA:68,16,0,4
BRDA:68,16,1,4
BRDA:68,16,2,4
BRDA:68,16,3,3
BRDA:69,17,0,4
BRDA:69,17,1,0
BRDA:70,18,0,4
BRDA:70,18,1,0
BRDA:86,19,0,5
BRDA:86,19,1,5
BRF:38
BRH:24
end_of_record
TN:
SF:src\components\common\my-group\MembersPanel.jsx
FN:6,MembersPanel
FN:27,(anonymous_1)
FN:33,(anonymous_2)
FN:35,(anonymous_3)
FN:44,(anonymous_4)
FN:46,(anonymous_5)
FN:59,(anonymous_6)
FN:76,(anonymous_7)
FN:89,(anonymous_8)
FN:102,(anonymous_9)
FN:108,(anonymous_10)
FN:122,(anonymous_11)
FN:126,(anonymous_12)
FN:137,(anonymous_13)
FN:139,(anonymous_14)
FN:144,(anonymous_15)
FN:153,(anonymous_16)
FN:157,(anonymous_17)
FN:172,(anonymous_18)
FN:180,(anonymous_19)
FN:187,(anonymous_20)
FN:198,(anonymous_21)
FN:210,(anonymous_22)
FN:218,(anonymous_23)
FN:298,(anonymous_24)
FN:305,(anonymous_25)
FN:313,(anonymous_26)
FN:328,(anonymous_27)
FN:360,(anonymous_28)
FN:369,(anonymous_29)
FN:374,(anonymous_30)
FN:382,(anonymous_31)
FN:394,(anonymous_32)
FN:431,(anonymous_33)
FN:439,(anonymous_34)
FN:475,(anonymous_35)
FNF:36
FNH:23
FNDA:14,MembersPanel
FNDA:1,(anonymous_1)
FNDA:2,(anonymous_2)
FNDA:0,(anonymous_3)
FNDA:2,(anonymous_4)
FNDA:3,(anonymous_5)
FNDA:2,(anonymous_6)
FNDA:1,(anonymous_7)
FNDA:29,(anonymous_8)
FNDA:1,(anonymous_9)
FNDA:1,(anonymous_10)
FNDA:4,(anonymous_11)
FNDA:2,(anonymous_12)
FNDA:4,(anonymous_13)
FNDA:4,(anonymous_14)
FNDA:7,(anonymous_15)
FNDA:2,(anonymous_16)
FNDA:2,(anonymous_17)
FNDA:0,(anonymous_18)
FNDA:0,(anonymous_19)
FNDA:0,(anonymous_20)
FNDA:0,(anonymous_21)
FNDA:0,(anonymous_22)
FNDA:0,(anonymous_23)
FNDA:21,(anonymous_24)
FNDA:1,(anonymous_25)
FNDA:0,(anonymous_26)
FNDA:0,(anonymous_27)
FNDA:4,(anonymous_28)
FNDA:0,(anonymous_29)
FNDA:1,(anonymous_30)
FNDA:1,(anonymous_31)
FNDA:2,(anonymous_32)
FNDA:0,(anonymous_33)
FNDA:0,(anonymous_34)
FNDA:0,(anonymous_35)
DA:20,14
DA:21,14
DA:22,14
DA:23,14
DA:24,14
DA:27,14
DA:28,1
DA:31,1
DA:32,1
DA:33,2
DA:34,0
DA:35,0
DA:36,0
DA:40,1
DA:41,1
DA:44,1
DA:45,2
DA:46,2
DA:48,3
DA:52,3
DA:53,3
DA:59,1
DA:60,2
DA:61,2
DA:62,2
DA:64,2
DA:73,14
DA:76,14
DA:78,1
DA:85,1
DA:86,1
DA:89,14
DA:90,29
DA:102,14
DA:103,1
DA:104,1
DA:105,1
DA:108,14
DA:109,1
DA:110,1
DA:111,1
DA:112,1
DA:113,1
DA:114,1
DA:117,1
DA:122,14
DA:123,4
DA:126,14
DA:127,2
DA:128,2
DA:129,2
DA:134,2
DA:137,14
DA:138,4
DA:139,4
DA:141,4
DA:144,14
DA:145,7
DA:149,14
DA:150,1
DA:154,2
DA:157,2
DA:161,2
DA:162,2
DA:163,2
DA:172,0
DA:180,0
DA:188,0
DA:189,0
DA:198,0
DA:210,0
DA:220,0
DA:221,0
DA:222,0
DA:283,13
DA:299,21
DA:305,1
DA:315,0
DA:316,0
DA:317,0
DA:330,0
DA:331,0
DA:332,0
DA:360,4
DA:369,0
DA:374,1
DA:383,1
DA:384,1
DA:394,2
DA:431,0
DA:441,0
DA:442,0
DA:443,0
DA:476,0
DA:477,0
LF:95
LH:70
BRDA:16,0,0,13
BRDA:17,1,0,14
BRDA:18,2,0,13
BRDA:28,3,0,0
BRDA:28,3,1,1
BRDA:28,4,0,1
BRDA:28,4,1,1
BRDA:28,5,0,0
BRDA:28,5,1,0
BRDA:32,6,0,1
BRDA:32,6,1,0
BRDA:33,7,0,2
BRDA:33,7,1,0
BRDA:34,8,0,0
BRDA:34,8,1,0
BRDA:36,9,0,0
BRDA:36,9,1,0
BRDA:36,10,0,0
BRDA:36,10,1,0
BRDA:40,11,0,1
BRDA:40,11,1,0
BRDA:45,12,0,2
BRDA:45,12,1,0
BRDA:48,13,0,0
BRDA:48,13,1,3
BRDA:50,14,0,3
BRDA:50,14,1,0
BRDA:52,15,0,3
BRDA:52,15,1,0
BRDA:53,16,0,3
BRDA:53,16,1,2
BRDA:60,17,0,2
BRDA:60,17,1,0
BRDA:60,17,2,0
BRDA:61,18,0,2
BRDA:61,18,1,0
BRDA:73,19,0,1
BRDA:73,19,1,13
BRDA:76,20,0,0
BRDA:78,21,0,1
BRDA:78,21,1,0
BRDA:78,21,2,0
BRDA:78,21,3,0
BRDA:78,21,4,0
BRDA:78,21,5,0
BRDA:78,21,6,0
BRDA:85,22,0,0
BRDA:85,22,1,1
BRDA:91,23,0,29
BRDA:91,23,1,5
BRDA:91,23,2,5
BRDA:91,23,3,5
BRDA:91,23,4,5
BRDA:91,23,5,5
BRDA:91,23,6,5
BRDA:91,23,7,5
BRDA:109,24,0,1
BRDA:109,24,1,0
BRDA:123,25,0,0
BRDA:123,25,1,4
BRDA:127,26,0,2
BRDA:127,26,1,0
BRDA:131,27,0,2
BRDA:131,27,1,0
BRDA:131,27,2,0
BRDA:138,28,0,4
BRDA:138,28,1,0
BRDA:139,29,0,4
BRDA:139,29,1,1
BRDA:139,30,0,4
BRDA:139,30,1,0
BRDA:141,31,0,4
BRDA:141,31,1,1
BRDA:145,32,0,7
BRDA:145,32,1,0
BRDA:149,33,0,1
BRDA:149,33,1,13
BRDA:152,34,0,1
BRDA:152,34,1,0
BRDA:154,35,0,2
BRDA:154,35,1,0
BRDA:154,35,2,0
BRDA:161,36,0,2
BRDA:161,36,1,0
BRDA:162,37,0,2
BRDA:162,37,1,0
BRDA:165,38,0,2
BRDA:165,38,1,0
BRDA:169,39,0,2
BRDA:169,39,1,2
BRDA:177,40,0,2
BRDA:177,40,1,0
BRDA:183,41,0,0
BRDA:183,41,1,0
BRDA:185,42,0,0
BRDA:185,42,1,0
BRDA:185,42,2,0
BRDA:193,43,0,0
BRDA:193,43,1,0
BRDA:196,44,0,0
BRDA:196,44,1,0
BRDA:196,44,2,0
BRDA:201,45,0,0
BRDA:201,45,1,0
BRDA:212,46,0,0
BRDA:212,46,1,2
BRDA:215,47,0,0
BRDA:215,47,1,0
BRDA:220,48,0,0
BRDA:220,48,1,0
BRDA:220,48,2,0
BRDA:229,49,0,2
BRDA:229,49,1,0
BRDA:234,50,0,2
BRDA:234,50,1,0
BRDA:234,50,2,0
BRDA:237,51,0,2
BRDA:237,51,1,0
BRDA:237,51,2,0
BRDA:237,52,0,0
BRDA:237,52,1,2
BRDA:237,53,0,2
BRDA:237,53,1,0
BRDA:247,54,0,2
BRDA:247,54,1,0
BRDA:252,55,0,2
BRDA:252,55,1,0
BRDA:263,56,0,2
BRDA:263,56,1,2
BRDA:276,57,0,0
BRDA:276,57,1,0
BRDA:289,58,0,13
BRDA:289,58,1,0
BRDA:292,59,0,13
BRDA:292,59,1,1
BRDA:293,60,0,3
BRDA:293,60,1,10
BRDA:297,61,0,12
BRDA:297,61,1,1
BRDA:300,62,0,21
BRDA:300,62,1,3
BRDA:300,62,2,3
BRDA:307,63,0,0
BRDA:307,63,1,21
BRDA:310,64,0,0
BRDA:310,64,1,0
BRDA:310,64,2,0
BRDA:315,65,0,0
BRDA:315,65,1,0
BRDA:315,65,2,0
BRDA:322,66,0,0
BRDA:322,66,1,21
BRDA:325,67,0,0
BRDA:325,67,1,0
BRDA:325,67,2,0
BRDA:330,68,0,0
BRDA:330,68,1,0
BRDA:330,68,2,0
BRDA:339,69,0,21
BRDA:339,69,1,0
BRDA:339,69,2,0
BRDA:346,70,0,21
BRDA:346,70,1,0
BRDA:346,70,2,0
BRDA:349,71,0,21
BRDA:349,71,1,0
BRDA:349,72,0,0
BRDA:349,72,1,21
BRDA:349,73,0,21
BRDA:349,73,1,0
BRDA:356,74,0,21
BRDA:356,74,1,21
BRDA:365,75,0,21
BRDA:365,75,1,4
BRDA:377,76,0,4
BRDA:377,76,1,0
BRDA:379,77,0,4
BRDA:379,77,1,3
BRDA:379,77,2,3
BRDA:388,78,0,3
BRDA:388,78,1,0
BRDA:391,79,0,4
BRDA:391,79,1,4
BRDA:391,79,2,4
BRDA:397,80,0,4
BRDA:397,80,1,0
BRDA:409,81,0,1
BRDA:409,81,1,0
BRDA:412,82,0,13
BRDA:412,82,1,13
BRDA:418,83,0,13
BRDA:418,83,1,0
BRDA:426,84,0,13
BRDA:426,84,1,0
BRDA:428,85,0,13
BRDA:428,85,1,0
BRDA:433,86,0,0
BRDA:433,86,1,13
BRDA:436,87,0,0
BRDA:436,87,1,0
BRDA:436,87,2,0
BRDA:441,88,0,0
BRDA:441,88,1,0
BRDA:441,88,2,0
BRDA:450,89,0,13
BRDA:450,89,1,13
BRDA:450,89,2,0
BRDA:457,90,0,13
BRDA:457,90,1,13
BRDA:460,91,0,13
BRDA:460,91,1,13
BRDA:460,91,2,0
BRDA:466,92,0,0
BRDA:466,92,1,0
BRF:214
BRH:103
end_of_record
TN:
SF:src\components\common\my-group\MentorCard.jsx
FN:4,MentorCard
FNF:1
FNH:1
FNDA:2,MentorCard
DA:5,2
LF:1
LH:1
BRDA:8,0,0,2
BRDA:8,0,1,1
BRDA:18,1,0,2
BRDA:18,1,1,1
BRF:4
BRH:4
end_of_record
TN:
SF:src\components\common\my-group\OverviewSection.jsx
FN:4,OverviewSection
FN:13,(anonymous_1)
FN:33,(anonymous_2)
FN:61,(anonymous_3)
FN:68,(anonymous_4)
FN:109,(anonymous_5)
FNF:6
FNH:6
FNDA:4,OverviewSection
FNDA:2,(anonymous_1)
FNDA:2,(anonymous_2)
FNDA:3,(anonymous_3)
FNDA:6,(anonymous_4)
FNDA:2,(anonymous_5)
DA:13,4
DA:14,2
DA:15,2
DA:16,1
DA:18,1
DA:19,0
DA:21,1
DA:22,0
DA:24,1
DA:25,0
DA:27,1
DA:28,0
DA:30,1
DA:33,4
DA:34,2
DA:35,2
DA:37,4
DA:62,3
DA:65,3
DA:66,3
DA:67,3
DA:68,6
DA:71,3
DA:110,2
DA:111,2
DA:112,2
DA:113,2
LF:27
LH:23
BRDA:10,0,0,0
BRDA:14,1,0,2
BRDA:14,1,1,0
BRDA:15,2,0,1
BRDA:15,2,1,1
BRDA:18,3,0,0
BRDA:18,3,1,1
BRDA:21,4,0,0
BRDA:21,4,1,1
BRDA:24,5,0,0
BRDA:24,5,1,1
BRDA:27,6,0,0
BRDA:27,6,1,1
BRDA:34,7,0,0
BRDA:34,7,1,2
BRDA:41,8,0,4
BRDA:41,8,1,0
BRDA:44,9,0,4
BRDA:44,9,1,0
BRDA:44,9,2,0
BRDA:52,10,0,4
BRDA:52,10,1,0
BRDA:56,11,0,3
BRDA:56,11,1,1
BRDA:59,12,0,3
BRDA:59,12,1,1
BRDA:62,13,0,3
BRDA:62,13,1,0
BRDA:65,14,0,3
BRDA:65,14,1,0
BRDA:73,15,0,3
BRDA:73,15,1,0
BRDA:81,16,0,3
BRDA:81,16,1,0
BRDA:84,17,0,3
BRDA:84,17,1,0
BRDA:84,17,2,0
BRDA:87,18,0,3
BRDA:87,18,1,0
BRDA:87,18,2,0
BRDA:97,19,0,1
BRDA:97,19,1,0
BRDA:103,20,0,4
BRDA:103,20,1,4
BRDA:103,20,2,1
BRDA:106,21,0,1
BRDA:106,21,1,0
BRDA:110,22,0,2
BRDA:110,22,1,1
BRDA:110,22,2,0
BRDA:111,23,0,2
BRDA:111,23,1,0
BRDA:115,24,0,2
BRDA:115,24,1,2
BRF:54
BRH:31
end_of_record
TN:
SF:src\components\common\my-group\PendingList.jsx
FNF:0
FNH:0
LF:0
LH:0
BRF:0
BRH:0
end_of_record
TN:
SF:src\components\common\my-group\ProgressCard.jsx
FN:5,ProgressCard
FNF:1
FNH:1
FNDA:2,ProgressCard
DA:6,2
DA:7,2
LF:2
LH:2
BRDA:10,0,0,2
BRDA:10,0,1,1
BRDA:10,0,2,0
BRF:3
BRH:2
end_of_record
TN:
SF:src\components\common\my-group\RecentActivityCard.jsx
FN:5,(anonymous_0)
FN:23,RecentActivityCard
FN:26,(anonymous_2)
FN:32,(anonymous_3)
FN:43,(anonymous_4)
FN:68,(anonymous_5)
FNF:6
FNH:6
FNDA:3,(anonymous_0)
FNDA:4,RecentActivityCard
FNDA:3,(anonymous_2)
FNDA:6,(anonymous_3)
FNDA:6,(anonymous_4)
FNDA:3,(anonymous_5)
DA:5,1
DA:6,3
DA:7,3
DA:9,0
DA:12,0
DA:14,0
DA:17,3
DA:19,0
DA:24,4
DA:26,4
DA:27,3
DA:28,2
DA:29,2
DA:33,6
DA:43,6
DA:50,4
DA:69,3
LF:17
LH:13
BRDA:6,0,0,3
BRDA:6,0,1,0
BRDA:7,1,0,0
BRDA:7,1,1,0
BRDA:7,1,2,0
BRDA:7,1,3,0
BRDA:7,1,4,3
BRDA:7,1,5,3
BRDA:7,1,6,0
BRDA:23,2,0,0
BRDA:26,3,0,1
BRDA:27,4,0,1
BRDA:27,4,1,2
BRDA:27,5,0,3
BRDA:27,5,1,3
BRDA:35,6,0,6
BRDA:35,6,1,4
BRDA:35,6,2,4
BRDA:35,6,3,4
BRDA:36,7,0,6
BRDA:36,7,1,0
BRDA:36,7,2,0
BRDA:37,8,0,6
BRDA:37,8,1,0
BRDA:43,9,0,6
BRDA:43,9,1,0
BRDA:44,10,0,2
BRDA:44,10,1,1
BRDA:54,11,0,4
BRDA:54,11,1,0
BRDA:58,12,0,1
BRDA:58,12,1,3
BRDA:61,13,0,1
BRDA:61,13,1,0
BRDA:64,14,0,1
BRDA:64,14,1,0
BRDA:69,15,0,3
BRDA:69,15,1,0
BRDA:69,15,2,0
BRDA:75,16,0,3
BRDA:75,16,1,3
BRF:41
BRH:25
end_of_record
TN:
SF:src\components\common\my-group\SelectTopicModal.jsx
FN:6,SelectTopicModal
FN:19,(anonymous_1)
FN:22,(anonymous_2)
FN:31,(anonymous_3)
FN:49,(anonymous_4)
FN:54,(anonymous_5)
FN:67,(anonymous_6)
FN:69,(anonymous_7)
FN:93,(anonymous_8)
FN:99,(anonymous_9)
FN:135,(anonymous_10)
FN:152,(anonymous_11)
FN:164,(anonymous_12)
FNF:13
FNH:12
FNDA:13,SelectTopicModal
FNDA:5,(anonymous_1)
FNDA:4,(anonymous_2)
FNDA:4,(anonymous_3)
FNDA:5,(anonymous_4)
FNDA:5,(anonymous_5)
FNDA:1,(anonymous_6)
FNDA:1,(anonymous_7)
FNDA:1,(anonymous_8)
FNDA:69,(anonymous_9)
FNDA:0,(anonymous_10)
FNDA:3,(anonymous_11)
FNDA:1,(anonymous_12)
DA:14,13
DA:15,13
DA:16,13
DA:17,13
DA:19,13
DA:20,5
DA:22,5
DA:23,4
DA:25,4
DA:26,4
DA:27,4
DA:28,2
DA:29,2
DA:30,2
DA:32,4
DA:36,2
DA:38,1
DA:40,3
DA:44,5
DA:45,4
DA:46,4
DA:49,5
DA:50,5
DA:54,13
DA:56,5
DA:59,4
DA:61,3
DA:62,3
DA:63,3
DA:64,3
DA:67,13
DA:68,1
DA:69,1
DA:70,1
DA:71,1
DA:75,1
DA:76,0
DA:80,0
DA:83,1
DA:84,1
DA:91,13
DA:93,12
DA:94,1
DA:95,0
DA:99,69
DA:101,12
DA:135,0
DA:153,3
DA:155,3
DA:158,3
DA:159,3
DA:160,3
DA:165,1
DA:166,1
DA:167,1
DA:169,0
DA:172,1
LF:57
LH:52
BRDA:12,0,0,13
BRDA:17,1,0,13
BRDA:17,1,1,13
BRDA:23,2,0,0
BRDA:23,2,1,4
BRDA:26,3,0,4
BRDA:26,3,1,0
BRDA:28,4,0,2
BRDA:28,4,1,2
BRDA:28,4,2,0
BRDA:29,5,0,2
BRDA:29,5,1,0
BRDA:32,6,0,4
BRDA:32,6,1,0
BRDA:32,6,2,0
BRDA:32,6,3,0
BRDA:36,7,0,2
BRDA:36,7,1,0
BRDA:38,8,0,1
BRDA:38,8,1,0
BRDA:40,9,0,3
BRDA:40,9,1,0
BRDA:44,10,0,4
BRDA:44,10,1,1
BRDA:46,11,0,4
BRDA:46,11,1,4
BRDA:56,12,0,1
BRDA:56,12,1,4
BRDA:56,13,0,5
BRDA:56,13,1,1
BRDA:59,14,0,1
BRDA:59,14,1,3
BRDA:59,15,0,4
BRDA:59,15,1,3
BRDA:62,16,0,3
BRDA:62,16,1,0
BRDA:62,16,2,0
BRDA:63,17,0,3
BRDA:63,17,1,3
BRDA:64,18,0,3
BRDA:64,18,1,0
BRDA:68,19,0,1
BRDA:68,19,1,0
BRDA:70,20,0,1
BRDA:70,20,1,0
BRDA:75,21,0,0
BRDA:75,21,1,1
BRDA:75,22,0,1
BRDA:75,22,1,1
BRDA:75,22,2,0
BRDA:77,23,0,0
BRDA:77,23,1,0
BRDA:91,24,0,1
BRDA:91,24,1,12
BRDA:94,25,0,0
BRDA:94,25,1,1
BRDA:99,26,0,69
BRDA:99,26,1,0
BRDA:142,27,0,4
BRDA:142,27,1,8
BRDA:146,28,0,5
BRDA:146,28,1,3
BRDA:153,29,0,3
BRDA:153,29,1,0
BRDA:153,29,2,0
BRDA:155,30,0,0
BRDA:155,30,1,3
BRDA:158,31,0,3
BRDA:158,31,1,0
BRDA:167,32,0,0
BRDA:167,32,1,1
BRDA:175,33,0,1
BRDA:175,33,1,2
BRDA:183,34,0,3
BRDA:183,34,1,0
BRDA:183,34,2,0
BRDA:185,35,0,3
BRDA:185,35,1,0
BRDA:191,36,0,3
BRDA:191,36,1,1
BRDA:227,37,0,12
BRDA:227,37,1,1
BRDA:230,38,0,0
BRDA:230,38,1,12
BRF:84
BRH:54
end_of_record
TN:
SF:src\components\common\my-group\TabSwitcher.jsx
FN:3,TabSwitcher
FN:6,(anonymous_1)
FN:9,(anonymous_2)
FNF:3
FNH:3
FNDA:2,TabSwitcher
FNDA:4,(anonymous_1)
FNDA:1,(anonymous_2)
DA:4,2
DA:7,4
DA:9,1
LF:3
LH:3
BRDA:11,0,0,2
BRDA:11,0,1,2
BRF:2
BRH:2
end_of_record
TN:
SF:src\components\common\my-groups\CreateGroupModal.jsx
FN:5,CreateGroupModal
FN:19,(anonymous_1)
FN:22,(anonymous_2)
FN:26,(anonymous_3)
FN:33,(anonymous_4)
FN:40,(anonymous_5)
FN:51,(anonymous_6)
FN:71,(anonymous_7)
FN:113,(anonymous_8)
FN:134,(anonymous_9)
FN:151,(anonymous_10)
FN:182,(anonymous_11)
FN:183,(anonymous_12)
FN:189,(anonymous_13)
FN:207,(anonymous_14)
FN:216,(anonymous_15)
FN:218,(anonymous_16)
FN:225,(anonymous_17)
FN:249,(anonymous_18)
FN:264,(anonymous_19)
FNF:20
FNH:19
FNDA:13,CreateGroupModal
FNDA:12,(anonymous_1)
FNDA:4,(anonymous_2)
FNDA:2,(anonymous_3)
FNDA:1,(anonymous_4)
FNDA:22,(anonymous_5)
FNDA:18,(anonymous_6)
FNDA:9,(anonymous_7)
FNDA:4,(anonymous_8)
FNDA:4,(anonymous_9)
FNDA:1,(anonymous_10)
FNDA:1,(anonymous_11)
FNDA:1,(anonymous_12)
FNDA:1,(anonymous_13)
FNDA:0,(anonymous_14)
FNDA:60,(anonymous_15)
FNDA:120,(anonymous_16)
FNDA:1,(anonymous_17)
FNDA:22,(anonymous_18)
FNDA:1,(anonymous_19)
DA:17,13
DA:19,13
DA:20,12
DA:21,1
DA:22,4
DA:26,13
DA:27,2
DA:28,2
DA:30,2
DA:31,1
DA:33,1
DA:36,1
DA:40,13
DA:41,22
DA:48,22
DA:51,13
DA:53,18
DA:54,18
DA:56,18
DA:58,1
DA:66,1
DA:69,13
DA:71,12
DA:72,9
DA:73,0
DA:77,12
DA:113,4
DA:134,4
DA:151,1
DA:183,1
DA:184,1
DA:190,1
DA:191,1
DA:207,0
DA:217,60
DA:218,120
DA:220,60
DA:221,18
DA:225,1
DA:250,22
DA:253,22
DA:265,1
LF:42
LH:40
BRDA:11,0,0,0
BRDA:12,1,0,11
BRDA:20,2,0,11
BRDA:20,2,1,1
BRDA:27,3,0,2
BRDA:27,3,1,0
BRDA:30,4,0,1
BRDA:30,4,1,1
BRDA:48,5,0,22
BRDA:48,5,1,0
BRDA:56,6,0,17
BRDA:56,6,1,1
BRDA:66,7,0,1
BRDA:66,7,1,0
BRDA:69,8,0,1
BRDA:69,8,1,12
BRDA:72,9,0,0
BRDA:72,9,1,9
BRDA:72,10,0,9
BRDA:72,10,1,1
BRDA:92,11,0,12
BRDA:92,11,1,0
BRDA:108,12,0,12
BRDA:108,12,1,0
BRDA:115,13,0,1
BRDA:115,13,1,11
BRDA:121,14,0,12
BRDA:121,14,1,1
BRDA:129,15,0,12
BRDA:129,15,1,0
BRDA:143,16,0,12
BRDA:143,16,1,0
BRDA:153,17,0,0
BRDA:153,17,1,12
BRDA:158,18,0,12
BRDA:158,18,1,0
BRDA:166,19,0,12
BRDA:166,19,1,0
BRDA:172,20,0,12
BRDA:172,20,1,0
BRDA:173,21,0,12
BRDA:173,21,1,0
BRDA:176,22,0,11
BRDA:176,22,1,1
BRDA:176,23,0,12
BRDA:176,23,1,12
BRDA:178,24,0,11
BRDA:178,24,1,0
BRDA:209,25,0,11
BRDA:209,25,1,1
BRDA:214,26,0,12
BRDA:214,26,1,0
BRDA:220,27,0,42
BRDA:220,27,1,18
BRDA:237,28,0,12
BRDA:237,28,1,0
BRDA:239,29,0,1
BRDA:239,29,1,11
BRDA:241,30,0,1
BRDA:241,30,1,0
BRDA:243,31,0,5
BRDA:243,31,1,6
BRDA:245,32,0,5
BRDA:245,32,1,0
BRDA:250,33,0,22
BRDA:250,33,1,0
BRDA:255,34,0,22
BRDA:255,34,1,0
BRDA:257,35,0,1
BRDA:257,35,1,21
BRDA:260,36,0,1
BRDA:260,36,1,21
BRDA:265,37,0,1
BRDA:265,37,1,1
BRDA:269,38,0,22
BRDA:269,38,1,21
BRDA:288,39,0,12
BRDA:288,39,1,0
BRDA:295,40,0,2
BRDA:295,40,1,10
BRDA:296,41,0,2
BRDA:296,41,1,0
BRDA:297,42,0,10
BRDA:297,42,1,0
BRF:84
BRH:60
end_of_record
TN:
SF:src\components\common\workspace\BacklogTab.jsx
FN:45,(anonymous_0)
FN:48,(anonymous_1)
FN:54,(anonymous_2)
FN:57,BacklogTab
FN:72,(anonymous_4)
FN:74,(anonymous_5)
FN:83,(anonymous_6)
FN:84,(anonymous_7)
FN:91,(anonymous_8)
FN:93,(anonymous_9)
FN:100,(anonymous_10)
FN:106,(anonymous_11)
FN:130,(anonymous_12)
FN:135,(anonymous_13)
FN:141,(anonymous_14)
FN:157,(anonymous_15)
FN:169,(anonymous_16)
FN:217,(anonymous_17)
FN:226,(anonymous_18)
FN:230,(anonymous_19)
FN:248,(anonymous_20)
FN:279,(anonymous_21)
FN:286,(anonymous_22)
FN:298,(anonymous_23)
FN:299,(anonymous_24)
FN:300,(anonymous_25)
FN:316,(anonymous_26)
FN:318,(anonymous_27)
FN:325,(anonymous_28)
FN:327,(anonymous_29)
FN:333,(anonymous_30)
FN:377,(anonymous_31)
FN:402,(anonymous_32)
FN:408,(anonymous_33)
FN:459,(anonymous_34)
FN:489,(anonymous_35)
FN:505,(anonymous_36)
FN:505,(anonymous_37)
FN:516,(anonymous_38)
FN:516,(anonymous_39)
FN:528,(anonymous_40)
FN:528,(anonymous_41)
FN:543,(anonymous_42)
FN:544,(anonymous_43)
FN:556,(anonymous_44)
FN:556,(anonymous_45)
FN:568,(anonymous_46)
FN:568,(anonymous_47)
FN:569,(anonymous_48)
FN:589,(anonymous_49)
FN:589,(anonymous_50)
FN:604,(anonymous_51)
FN:605,(anonymous_52)
FNF:53
FNH:49
FNDA:76,(anonymous_0)
FNDA:65,(anonymous_1)
FNDA:69,(anonymous_2)
FNDA:87,BacklogTab
FNDA:10,(anonymous_4)
FNDA:10,(anonymous_5)
FNDA:10,(anonymous_6)
FNDA:20,(anonymous_7)
FNDA:10,(anonymous_8)
FNDA:10,(anonymous_9)
FNDA:10,(anonymous_10)
FNDA:14,(anonymous_11)
FNDA:4,(anonymous_12)
FNDA:2,(anonymous_13)
FNDA:1,(anonymous_14)
FNDA:65,(anonymous_15)
FNDA:3,(anonymous_16)
FNDA:1,(anonymous_17)
FNDA:1,(anonymous_18)
FNDA:1,(anonymous_19)
FNDA:2,(anonymous_20)
FNDA:65,(anonymous_21)
FNDA:65,(anonymous_22)
FNDA:0,(anonymous_23)
FNDA:0,(anonymous_24)
FNDA:0,(anonymous_25)
FNDA:19,(anonymous_26)
FNDA:8,(anonymous_27)
FNDA:19,(anonymous_28)
FNDA:65,(anonymous_29)
FNDA:130,(anonymous_30)
FNDA:65,(anonymous_31)
FNDA:1,(anonymous_32)
FNDA:1,(anonymous_33)
FNDA:2,(anonymous_34)
FNDA:0,(anonymous_35)
FNDA:15,(anonymous_36)
FNDA:15,(anonymous_37)
FNDA:2,(anonymous_38)
FNDA:2,(anonymous_39)
FNDA:1,(anonymous_40)
FNDA:1,(anonymous_41)
FNDA:1,(anonymous_42)
FNDA:1,(anonymous_43)
FNDA:1,(anonymous_44)
FNDA:1,(anonymous_45)
FNDA:1,(anonymous_46)
FNDA:1,(anonymous_47)
FNDA:84,(anonymous_48)
FNDA:1,(anonymous_49)
FNDA:1,(anonymous_50)
FNDA:28,(anonymous_51)
FNDA:28,(anonymous_52)
DA:16,1
DA:27,1
DA:33,1
DA:39,1
DA:45,1
DA:46,76
DA:48,1
DA:49,65
DA:50,65
DA:51,65
DA:54,1
DA:55,69
DA:64,87
DA:65,87
DA:66,87
DA:67,87
DA:68,87
DA:69,87
DA:70,87
DA:72,87
DA:73,10
DA:74,10
DA:76,10
DA:77,10
DA:79,10
DA:82,87
DA:84,20
DA:91,87
DA:92,10
DA:93,10
DA:94,10
DA:95,10
DA:97,10
DA:100,87
DA:101,10
DA:102,10
DA:103,10
DA:106,87
DA:107,14
DA:108,14
DA:109,14
DA:110,14
DA:111,13
DA:112,13
DA:113,13
DA:114,0
DA:115,0
DA:116,0
DA:117,13
DA:120,1
DA:126,14
DA:130,87
DA:131,4
DA:132,4
DA:135,87
DA:136,2
DA:137,2
DA:138,2
DA:141,87
DA:142,1
DA:143,1
DA:144,1
DA:154,1
DA:157,87
DA:158,65
DA:159,65
DA:160,65
DA:169,87
DA:170,3
DA:171,3
DA:172,3
DA:173,1
DA:177,1
DA:180,2
DA:190,2
DA:192,2
DA:193,2
DA:194,1
DA:195,1
DA:199,1
DA:200,1
DA:204,2
DA:205,2
DA:206,2
DA:209,0
DA:217,87
DA:218,1
DA:219,1
DA:220,1
DA:221,1
DA:226,1
DA:230,87
DA:231,1
DA:232,1
DA:233,1
DA:234,1
DA:237,1
DA:240,0
DA:248,87
DA:249,2
DA:250,2
DA:251,2
DA:252,2
DA:253,2
DA:258,2
DA:259,2
DA:260,1
DA:265,1
DA:266,1
DA:267,1
DA:271,1
DA:279,87
DA:280,65
DA:281,65
DA:282,0
DA:283,0
DA:286,87
DA:288,65
DA:289,65
DA:292,65
DA:293,0
DA:297,65
DA:298,0
DA:299,0
DA:300,0
DA:302,0
DA:303,0
DA:304,0
DA:305,0
DA:307,0
DA:312,65
DA:315,87
DA:317,19
DA:318,8
DA:325,87
DA:327,87
DA:328,65
DA:329,65
DA:330,65
DA:333,130
DA:337,65
DA:347,87
DA:378,65
DA:379,65
DA:402,1
DA:408,1
DA:459,2
DA:490,0
DA:491,0
DA:505,15
DA:516,2
DA:528,1
DA:544,1
DA:556,1
DA:568,1
DA:569,84
DA:589,1
DA:605,28
LF:158
LH:140
BRDA:45,0,0,0
BRDA:49,1,0,0
BRDA:49,1,1,65
BRDA:51,2,0,65
BRDA:51,2,1,0
BRDA:55,3,0,69
BRDA:55,3,1,0
BRDA:55,3,2,0
BRDA:55,3,3,0
BRDA:55,3,4,0
BRDA:59,4,0,0
BRDA:60,5,0,0
BRDA:62,6,0,84
BRDA:74,7,0,10
BRDA:74,7,1,0
BRDA:76,8,0,10
BRDA:76,8,1,0
BRDA:76,8,2,0
BRDA:76,8,3,0
BRDA:76,8,4,0
BRDA:76,8,5,0
BRDA:77,9,0,10
BRDA:77,9,1,0
BRDA:84,10,0,10
BRDA:84,10,1,0
BRDA:86,11,0,20
BRDA:86,11,1,0
BRDA:92,12,0,0
BRDA:92,12,1,10
BRDA:94,13,0,10
BRDA:94,13,1,0
BRDA:95,14,0,10
BRDA:95,14,1,10
BRDA:97,15,0,10
BRDA:97,15,1,0
BRDA:101,16,0,0
BRDA:101,16,1,10
BRDA:101,17,0,10
BRDA:101,17,1,10
BRDA:107,18,0,0
BRDA:107,18,1,14
BRDA:111,19,0,13
BRDA:111,19,1,0
BRDA:113,20,0,13
BRDA:113,20,1,0
BRDA:114,21,0,0
BRDA:114,21,1,0
BRDA:115,22,0,0
BRDA:115,22,1,0
BRDA:116,23,0,0
BRDA:116,23,1,0
BRDA:121,24,0,1
BRDA:121,24,1,0
BRDA:123,25,0,1
BRDA:123,25,1,1
BRDA:123,25,2,0
BRDA:136,26,0,0
BRDA:136,26,1,2
BRDA:142,27,0,0
BRDA:142,27,1,1
BRDA:145,28,0,1
BRDA:145,28,1,0
BRDA:146,29,0,1
BRDA:146,29,1,0
BRDA:147,30,0,1
BRDA:147,30,1,0
BRDA:148,31,0,1
BRDA:148,31,1,0
BRDA:149,32,0,1
BRDA:149,32,1,0
BRDA:150,33,0,1
BRDA:150,33,1,0
BRDA:151,34,0,1
BRDA:151,34,1,0
BRDA:151,34,2,0
BRDA:152,35,0,1
BRDA:152,35,1,0
BRDA:158,36,0,0
BRDA:158,36,1,65
BRDA:161,37,0,65
BRDA:161,37,1,0
BRDA:161,37,2,0
BRDA:161,37,3,0
BRDA:161,37,4,0
BRDA:170,38,0,0
BRDA:170,38,1,3
BRDA:171,39,0,3
BRDA:171,39,1,1
BRDA:172,40,0,1
BRDA:172,40,1,2
BRDA:174,41,0,1
BRDA:174,41,1,0
BRDA:175,42,0,1
BRDA:175,42,1,0
BRDA:182,43,0,2
BRDA:182,43,1,0
BRDA:183,44,0,2
BRDA:183,44,1,0
BRDA:184,45,0,2
BRDA:184,45,1,0
BRDA:185,46,0,2
BRDA:185,46,1,0
BRDA:186,47,0,2
BRDA:186,47,1,0
BRDA:187,48,0,2
BRDA:187,48,1,0
BRDA:190,49,0,1
BRDA:190,49,1,1
BRDA:190,50,0,1
BRDA:190,50,1,0
BRDA:193,51,0,1
BRDA:193,51,1,1
BRDA:196,52,0,1
BRDA:196,52,1,0
BRDA:201,53,0,1
BRDA:201,53,1,0
BRDA:210,54,0,0
BRDA:210,54,1,0
BRDA:212,55,0,0
BRDA:212,55,1,0
BRDA:212,55,2,0
BRDA:218,56,0,0
BRDA:218,56,1,1
BRDA:220,57,0,0
BRDA:220,57,1,1
BRDA:222,58,0,1
BRDA:222,58,1,0
BRDA:223,59,0,1
BRDA:223,59,1,0
BRDA:224,60,0,1
BRDA:224,60,1,0
BRDA:225,61,0,1
BRDA:225,61,1,0
BRDA:231,62,0,0
BRDA:231,62,1,1
BRDA:231,63,0,1
BRDA:231,63,1,1
BRDA:235,64,0,1
BRDA:235,64,1,0
BRDA:241,65,0,0
BRDA:241,65,1,0
BRDA:243,66,0,0
BRDA:243,66,1,0
BRDA:243,66,2,0
BRDA:249,67,0,0
BRDA:249,67,1,2
BRDA:250,68,0,0
BRDA:250,68,1,2
BRDA:250,69,0,2
BRDA:250,69,1,2
BRDA:252,70,0,0
BRDA:252,70,1,2
BRDA:256,71,0,2
BRDA:256,71,1,0
BRDA:261,72,0,1
BRDA:261,72,1,0
BRDA:263,73,0,1
BRDA:263,73,1,0
BRDA:266,74,0,1
BRDA:266,74,1,0
BRDA:272,75,0,1
BRDA:272,75,1,0
BRDA:274,76,0,1
BRDA:274,76,1,1
BRDA:274,76,2,0
BRDA:281,77,0,65
BRDA:281,77,1,0
BRDA:282,78,0,0
BRDA:282,78,1,0
BRDA:289,79,0,0
BRDA:289,79,1,65
BRDA:292,80,0,0
BRDA:292,80,1,65
BRDA:297,81,0,0
BRDA:297,81,1,65
BRDA:297,82,0,65
BRDA:297,82,1,0
BRDA:298,83,0,0
BRDA:298,83,1,0
BRDA:298,84,0,0
BRDA:298,84,1,0
BRDA:302,85,0,0
BRDA:302,85,1,0
BRDA:304,86,0,0
BRDA:304,86,1,0
BRDA:317,87,0,19
BRDA:317,87,1,0
BRDA:318,88,0,8
BRDA:318,88,1,0
BRDA:325,89,0,19
BRDA:325,89,1,0
BRDA:329,90,0,0
BRDA:329,90,1,65
BRDA:329,91,0,65
BRDA:329,91,1,65
BRDA:340,92,0,65
BRDA:340,92,1,0
BRDA:352,93,0,87
BRDA:352,93,1,0
BRDA:355,94,0,87
BRDA:355,94,1,0
BRDA:356,95,0,87
BRDA:356,95,1,0
BRDA:359,96,0,87
BRDA:359,96,1,84
BRDA:365,97,0,84
BRDA:365,97,1,0
BRDA:370,98,0,10
BRDA:370,98,1,77
BRDA:373,99,0,10
BRDA:373,99,1,0
BRDA:375,100,0,65
BRDA:375,100,1,12
BRDA:378,101,0,65
BRDA:378,101,1,0
BRDA:388,102,0,65
BRDA:388,102,1,0
BRDA:391,103,0,65
BRDA:391,103,1,0
BRDA:391,103,2,0
BRDA:394,104,0,65
BRDA:394,104,1,64
BRDA:401,105,0,64
BRDA:401,105,1,0
BRDA:406,106,0,64
BRDA:406,106,1,0
BRDA:426,107,0,65
BRDA:426,107,1,0
BRDA:429,108,0,65
BRDA:429,108,1,0
BRDA:432,109,0,65
BRDA:432,109,1,0
BRDA:437,110,0,65
BRDA:437,110,1,0
BRDA:440,111,0,65
BRDA:440,111,1,0
BRDA:442,112,0,65
BRDA:442,112,1,0
BRDA:451,113,0,65
BRDA:451,113,1,64
BRDA:452,114,0,0
BRDA:452,114,1,64
BRDA:455,115,0,0
BRDA:455,115,1,0
BRDA:463,116,0,64
BRDA:463,116,1,0
BRDA:476,117,0,12
BRDA:476,117,1,0
BRDA:480,118,0,87
BRDA:480,118,1,84
BRDA:483,119,0,23
BRDA:483,119,1,61
BRDA:484,120,0,23
BRDA:484,120,1,0
BRDA:485,121,0,61
BRDA:485,121,1,0
BRDA:493,122,0,84
BRDA:493,122,1,0
BRDA:494,123,0,84
BRDA:494,123,1,0
BRDA:501,124,0,84
BRDA:501,124,1,0
BRDA:506,125,0,84
BRDA:506,125,1,0
BRDA:507,126,0,84
BRDA:507,126,1,0
BRDA:512,127,0,84
BRDA:512,127,1,0
BRDA:518,128,0,84
BRDA:518,128,1,0
BRDA:524,129,0,84
BRDA:524,129,1,0
BRDA:530,130,0,84
BRDA:530,130,1,0
BRDA:536,131,0,84
BRDA:536,131,1,0
BRDA:542,132,0,84
BRDA:542,132,1,0
BRDA:544,133,0,1
BRDA:544,133,1,0
BRDA:550,134,0,84
BRDA:550,134,1,0
BRDA:555,135,0,84
BRDA:555,135,1,0
BRDA:561,136,0,84
BRDA:561,136,1,0
BRDA:565,137,0,84
BRDA:565,137,1,45
BRDA:566,138,0,84
BRDA:566,138,1,0
BRDA:567,139,0,84
BRDA:567,139,1,0
BRDA:569,140,0,84
BRDA:569,140,1,0
BRDA:571,141,0,84
BRDA:571,141,1,0
BRDA:571,141,2,0
BRDA:571,141,3,0
BRDA:571,141,4,0
BRDA:571,141,5,0
BRDA:577,142,0,84
BRDA:577,142,1,0
BRDA:577,142,2,0
BRDA:577,142,3,0
BRDA:582,143,0,84
BRDA:582,143,1,23
BRDA:585,144,0,23
BRDA:585,144,1,0
BRDA:591,145,0,23
BRDA:591,145,1,0
BRDA:598,146,0,84
BRDA:598,146,1,0
BRDA:603,147,0,84
BRDA:603,147,1,0
BRDA:607,148,0,84
BRDA:607,148,1,0
BRF:316
BRH:153
end_of_record
TN:
SF:src\components\common\workspace\KanbanTab.jsx
FN:12,KanbanTab
FN:64,(anonymous_1)
FN:65,(anonymous_2)
FN:82,(anonymous_3)
FN:96,(anonymous_4)
FN:101,(anonymous_5)
FN:109,(anonymous_6)
FNF:7
FNH:7
FNDA:8,KanbanTab
FNDA:5,(anonymous_1)
FNDA:10,(anonymous_2)
FNDA:1,(anonymous_3)
FNDA:1,(anonymous_4)
FNDA:1,(anonymous_5)
FNDA:1,(anonymous_6)
DA:31,8
DA:37,8
DA:38,1
DA:45,7
DA:46,1
DA:53,6
DA:64,5
DA:66,10
DA:70,10
DA:72,10
DA:83,1
DA:96,1
DA:102,1
DA:109,1
LF:14
LH:14
BRDA:29,0,0,7
BRDA:37,1,0,1
BRDA:37,1,1,7
BRDA:40,2,0,1
BRDA:40,2,1,0
BRDA:45,3,0,1
BRDA:45,3,1,6
BRDA:48,4,0,1
BRDA:48,4,1,0
BRDA:48,4,2,0
BRDA:60,5,0,5
BRDA:60,5,1,1
BRDA:63,6,0,5
BRDA:63,6,1,0
BRDA:64,7,0,5
BRDA:64,7,1,0
BRDA:64,8,0,5
BRDA:64,8,1,0
BRDA:67,9,0,10
BRDA:67,9,1,0
BRDA:70,10,0,0
BRDA:70,10,1,10
BRDA:77,11,0,10
BRDA:77,11,1,0
BRDA:81,12,0,8
BRDA:81,12,1,2
BRDA:81,13,0,10
BRDA:81,13,1,8
BRDA:85,14,0,1
BRDA:85,14,1,0
BRDA:95,15,0,8
BRDA:95,15,1,2
BRDA:95,16,0,10
BRDA:95,16,1,8
BRDA:100,17,0,8
BRDA:100,17,1,2
BRDA:100,18,0,10
BRDA:100,18,1,8
BRDA:103,19,0,1
BRDA:103,19,1,0
BRDA:105,20,0,1
BRDA:105,20,1,0
BRDA:106,21,0,0
BRDA:106,21,1,0
BRDA:106,22,0,0
BRDA:106,22,1,0
BRDA:107,23,0,1
BRDA:107,23,1,0
BRDA:108,24,0,1
BRDA:108,24,1,0
BRDA:121,25,0,1
BRDA:121,25,1,0
BRF:52
BRH:33
end_of_record
TN:
SF:src\components\common\workspace\ListView.jsx
FN:3,(anonymous_0)
FN:6,(anonymous_1)
FN:17,(anonymous_2)
FN:24,(anonymous_3)
FN:31,ListView
FN:74,(anonymous_5)
FN:85,(anonymous_6)
FN:117,(anonymous_7)
FNF:8
FNH:8
FNDA:2,(anonymous_0)
FNDA:4,(anonymous_1)
FNDA:4,(anonymous_2)
FNDA:2,(anonymous_3)
FNDA:3,ListView
FNDA:4,(anonymous_5)
FNDA:1,(anonymous_6)
FNDA:2,(anonymous_7)
DA:3,1
DA:4,2
DA:6,4
DA:9,1
DA:11,1
DA:17,1
DA:18,4
DA:19,2
DA:20,2
DA:21,2
DA:24,1
DA:25,2
DA:26,2
DA:27,2
DA:28,0
DA:38,3
DA:40,3
DA:75,4
DA:77,4
DA:80,4
DA:82,4
DA:85,1
DA:118,2
LF:23
LH:22
BRDA:3,0,0,0
BRDA:18,1,0,2
BRDA:18,1,1,2
BRDA:20,2,0,0
BRDA:20,2,1,2
BRDA:24,3,0,0
BRDA:26,4,0,0
BRDA:26,4,1,2
BRDA:27,5,0,2
BRDA:27,5,1,0
BRDA:32,6,0,0
BRDA:33,7,0,0
BRDA:38,8,0,3
BRDA:38,8,1,3
BRDA:44,9,0,3
BRDA:44,9,1,0
BRDA:45,10,0,3
BRDA:45,10,1,0
BRDA:54,11,0,3
BRDA:54,11,1,0
BRDA:58,12,0,1
BRDA:58,12,1,2
BRDA:60,13,0,1
BRDA:60,13,1,0
BRDA:75,14,0,4
BRDA:75,14,1,2
BRDA:77,15,0,4
BRDA:77,15,1,2
BRDA:77,15,2,0
BRDA:78,16,0,2
BRDA:78,16,1,0
BRDA:80,17,0,4
BRDA:80,17,1,2
BRDA:85,18,0,1
BRDA:85,18,1,1
BRDA:90,19,0,4
BRDA:90,19,1,2
BRDA:90,19,2,0
BRDA:93,20,0,4
BRDA:93,20,1,2
BRDA:93,20,2,0
BRDA:106,21,0,4
BRDA:106,21,1,2
BRDA:110,22,0,4
BRDA:110,22,1,2
BRDA:115,23,0,2
BRDA:115,23,1,2
BRDA:115,24,0,4
BRDA:115,24,1,4
BRDA:119,25,0,2
BRDA:119,25,1,0
BRDA:119,25,2,0
BRDA:121,26,0,2
BRDA:121,26,1,0
BRDA:123,27,0,0
BRDA:123,27,1,2
BRDA:126,28,0,0
BRDA:126,28,1,0
BRDA:130,29,0,2
BRDA:130,29,1,0
BRDA:134,30,0,2
BRDA:134,30,1,0
BRDA:142,31,0,2
BRDA:142,31,1,0
BRF:64
BRH:40
end_of_record
TN:
SF:src\components\common\workspace\MilestonesTab.jsx
FN:36,(anonymous_0)
FN:42,MilestonesTab
FN:61,(anonymous_2)
FN:84,(anonymous_3)
FN:95,(anonymous_4)
FN:96,(anonymous_5)
FN:106,(anonymous_6)
FN:113,(anonymous_7)
FN:124,(anonymous_8)
FN:130,(anonymous_9)
FN:143,(anonymous_10)
FN:182,(anonymous_11)
FN:191,(anonymous_12)
FN:207,(anonymous_13)
FN:214,(anonymous_14)
FN:237,(anonymous_15)
FN:245,(anonymous_16)
FN:262,(anonymous_17)
FN:268,(anonymous_18)
FN:270,(anonymous_19)
FN:275,(anonymous_20)
FN:315,(anonymous_21)
FN:359,(anonymous_22)
FN:379,(anonymous_23)
FN:402,(anonymous_24)
FN:411,(anonymous_25)
FN:421,(anonymous_26)
FN:451,(anonymous_27)
FN:466,(anonymous_28)
FN:466,(anonymous_29)
FN:477,(anonymous_30)
FN:477,(anonymous_31)
FN:488,(anonymous_32)
FN:488,(anonymous_33)
FN:499,(anonymous_34)
FN:499,(anonymous_35)
FN:515,(anonymous_36)
FN:515,(anonymous_37)
FN:529,(anonymous_38)
FNF:39
FNH:28
FNDA:42,(anonymous_0)
FNDA:67,MilestonesTab
FNDA:17,(anonymous_2)
FNDA:13,(anonymous_3)
FNDA:13,(anonymous_4)
FNDA:13,(anonymous_5)
FNDA:12,(anonymous_6)
FNDA:5,(anonymous_7)
FNDA:3,(anonymous_8)
FNDA:1,(anonymous_9)
FNDA:4,(anonymous_10)
FNDA:2,(anonymous_11)
FNDA:2,(anonymous_12)
FNDA:2,(anonymous_13)
FNDA:2,(anonymous_14)
FNDA:1,(anonymous_15)
FNDA:1,(anonymous_16)
FNDA:0,(anonymous_17)
FNDA:28,(anonymous_18)
FNDA:42,(anonymous_19)
FNDA:42,(anonymous_20)
FNDA:42,(anonymous_21)
FNDA:42,(anonymous_22)
FNDA:1,(anonymous_23)
FNDA:2,(anonymous_24)
FNDA:1,(anonymous_25)
FNDA:2,(anonymous_26)
FNDA:0,(anonymous_27)
FNDA:19,(anonymous_28)
FNDA:19,(anonymous_29)
FNDA:0,(anonymous_30)
FNDA:0,(anonymous_31)
FNDA:0,(anonymous_32)
FNDA:0,(anonymous_33)
FNDA:0,(anonymous_34)
FNDA:0,(anonymous_35)
FNDA:0,(anonymous_36)
FNDA:0,(anonymous_37)
FNDA:0,(anonymous_38)
DA:29,1
DA:36,1
DA:37,42
DA:38,42
DA:39,42
DA:43,67
DA:44,67
DA:45,67
DA:46,67
DA:47,67
DA:48,67
DA:49,67
DA:50,67
DA:57,67
DA:58,67
DA:59,67
DA:61,67
DA:62,17
DA:63,17
DA:64,17
DA:65,17
DA:66,16
DA:67,16
DA:72,16
DA:75,1
DA:80,17
DA:84,67
DA:85,13
DA:86,13
DA:87,13
DA:88,13
DA:89,13
DA:94,13
DA:95,13
DA:96,13
DA:100,13
DA:106,67
DA:107,12
DA:108,12
DA:109,12
DA:110,12
DA:113,67
DA:114,5
DA:121,5
DA:124,67
DA:125,3
DA:126,3
DA:127,3
DA:130,67
DA:131,1
DA:132,1
DA:133,1
DA:140,1
DA:143,67
DA:144,4
DA:145,4
DA:146,1
DA:150,1
DA:152,3
DA:157,3
DA:158,1
DA:159,1
DA:161,3
DA:162,3
DA:163,1
DA:164,1
DA:165,1
DA:167,2
DA:168,1
DA:170,2
DA:171,2
DA:172,2
DA:175,1
DA:182,67
DA:183,2
DA:184,2
DA:185,2
DA:186,2
DA:192,2
DA:193,2
DA:194,1
DA:195,1
DA:198,1
DA:207,67
DA:208,2
DA:209,2
DA:210,2
DA:211,2
DA:214,67
DA:215,2
DA:216,1
DA:220,1
DA:222,1
DA:223,1
DA:224,1
DA:225,1
DA:226,1
DA:227,1
DA:230,0
DA:237,67
DA:238,1
DA:239,1
DA:240,1
DA:246,1
DA:247,1
DA:248,1
DA:249,1
DA:250,1
DA:253,0
DA:262,67
DA:263,0
DA:264,0
DA:265,0
DA:268,67
DA:270,67
DA:271,42
DA:272,42
DA:275,67
DA:276,42
DA:278,42
DA:283,42
DA:290,67
DA:316,42
DA:317,42
DA:318,42
DA:323,42
DA:360,42
DA:361,42
DA:362,42
DA:379,1
DA:402,2
DA:411,1
DA:421,2
DA:452,0
DA:453,0
DA:466,19
DA:477,0
DA:488,0
DA:499,0
DA:515,0
DA:529,0
LF:141
LH:129
BRDA:37,0,0,0
BRDA:37,0,1,42
BRDA:39,1,0,42
BRDA:39,1,1,0
BRDA:42,2,0,64
BRDA:62,3,0,0
BRDA:62,3,1,17
BRDA:66,4,0,16
BRDA:66,4,1,0
BRDA:67,5,0,0
BRDA:67,5,1,16
BRDA:69,6,0,16
BRDA:69,6,1,0
BRDA:71,7,0,0
BRDA:71,7,1,0
BRDA:76,8,0,1
BRDA:76,8,1,0
BRDA:77,9,0,1
BRDA:77,9,1,0
BRDA:85,10,0,0
BRDA:85,10,1,13
BRDA:88,11,0,13
BRDA:88,11,1,0
BRDA:89,12,0,0
BRDA:89,12,1,13
BRDA:91,13,0,13
BRDA:91,13,1,0
BRDA:93,14,0,0
BRDA:93,14,1,0
BRDA:95,15,0,13
BRDA:95,15,1,0
BRDA:97,16,0,13
BRDA:97,16,1,13
BRDA:97,16,2,0
BRDA:98,17,0,13
BRDA:98,17,1,0
BRDA:107,18,0,0
BRDA:107,18,1,12
BRDA:107,19,0,12
BRDA:107,19,1,12
BRDA:125,20,0,0
BRDA:125,20,1,3
BRDA:131,21,0,0
BRDA:131,21,1,1
BRDA:134,22,0,1
BRDA:134,22,1,0
BRDA:135,23,0,1
BRDA:135,23,1,0
BRDA:136,24,0,1
BRDA:136,24,1,0
BRDA:137,25,0,1
BRDA:137,25,1,0
BRDA:138,26,0,0
BRDA:138,26,1,1
BRDA:144,27,0,0
BRDA:144,27,1,4
BRDA:144,28,0,4
BRDA:144,28,1,4
BRDA:145,29,0,1
BRDA:145,29,1,3
BRDA:147,30,0,1
BRDA:147,30,1,0
BRDA:148,31,0,1
BRDA:148,31,1,0
BRDA:154,32,0,3
BRDA:154,32,1,2
BRDA:155,33,0,1
BRDA:155,33,1,2
BRDA:157,34,0,1
BRDA:157,34,1,2
BRDA:158,35,0,1
BRDA:158,35,1,0
BRDA:159,36,0,0
BRDA:159,36,1,1
BRDA:162,37,0,1
BRDA:162,37,1,2
BRDA:163,38,0,1
BRDA:163,38,1,1
BRDA:165,39,0,1
BRDA:165,39,1,0
BRDA:168,40,0,1
BRDA:168,40,1,0
BRDA:176,41,0,1
BRDA:176,41,1,0
BRDA:177,42,0,1
BRDA:177,42,1,1
BRDA:177,42,2,0
BRDA:183,43,0,0
BRDA:183,43,1,2
BRDA:184,44,0,2
BRDA:184,44,1,2
BRDA:185,45,0,0
BRDA:185,45,1,2
BRDA:187,46,0,2
BRDA:187,46,1,0
BRDA:188,47,0,2
BRDA:188,47,1,0
BRDA:189,48,0,2
BRDA:189,48,1,0
BRDA:190,49,0,2
BRDA:190,49,1,0
BRDA:194,50,0,1
BRDA:194,50,1,0
BRDA:199,51,0,1
BRDA:199,51,1,0
BRDA:200,52,0,1
BRDA:200,52,1,1
BRDA:200,52,2,0
BRDA:208,53,0,0
BRDA:208,53,1,2
BRDA:209,54,0,2
BRDA:209,54,1,2
BRDA:215,55,0,1
BRDA:215,55,1,1
BRDA:215,56,0,2
BRDA:215,56,1,2
BRDA:215,56,2,2
BRDA:215,56,3,2
BRDA:217,57,0,1
BRDA:217,57,1,0
BRDA:218,58,0,1
BRDA:218,58,1,0
BRDA:224,59,0,1
BRDA:224,59,1,0
BRDA:231,60,0,0
BRDA:231,60,1,0
BRDA:232,61,0,0
BRDA:232,61,1,0
BRDA:232,61,2,0
BRDA:238,62,0,0
BRDA:238,62,1,1
BRDA:239,63,0,0
BRDA:239,63,1,1
BRDA:239,64,0,1
BRDA:239,64,1,1
BRDA:239,64,2,1
BRDA:241,65,0,1
BRDA:241,65,1,0
BRDA:242,66,0,1
BRDA:242,66,1,0
BRDA:243,67,0,1
BRDA:243,67,1,0
BRDA:244,68,0,1
BRDA:244,68,1,0
BRDA:248,69,0,1
BRDA:248,69,1,0
BRDA:254,70,0,0
BRDA:254,70,1,0
BRDA:255,71,0,0
BRDA:255,71,1,0
BRDA:255,71,2,0
BRDA:263,72,0,0
BRDA:263,72,1,0
BRDA:264,73,0,0
BRDA:264,73,1,0
BRDA:265,74,0,0
BRDA:265,74,1,0
BRDA:268,75,0,28
BRDA:268,75,1,0
BRDA:271,76,0,42
BRDA:271,76,1,0
BRDA:272,77,0,42
BRDA:272,77,1,0
BRDA:276,78,0,42
BRDA:276,78,1,0
BRDA:278,79,0,0
BRDA:278,79,1,42
BRDA:278,80,0,42
BRDA:278,80,1,42
BRDA:280,81,0,0
BRDA:280,81,1,42
BRDA:285,82,0,42
BRDA:285,82,1,0
BRDA:297,83,0,67
BRDA:297,83,1,0
BRDA:301,84,0,67
BRDA:301,84,1,0
BRDA:304,85,0,67
BRDA:304,85,1,64
BRDA:306,86,0,64
BRDA:306,86,1,0
BRDA:311,87,0,12
BRDA:311,87,1,55
BRDA:312,88,0,12
BRDA:312,88,1,0
BRDA:313,89,0,42
BRDA:313,89,1,13
BRDA:316,90,0,42
BRDA:316,90,1,42
BRDA:317,91,0,42
BRDA:317,91,1,0
BRDA:319,92,0,42
BRDA:319,92,1,0
BRDA:320,93,0,42
BRDA:320,93,1,0
BRDA:321,94,0,42
BRDA:321,94,1,0
BRDA:328,95,0,42
BRDA:328,95,1,0
BRDA:330,96,0,42
BRDA:330,96,1,42
BRDA:343,97,0,42
BRDA:343,97,1,0
BRDA:348,98,0,42
BRDA:348,98,1,0
BRDA:348,99,0,42
BRDA:348,99,1,0
BRDA:352,100,0,42
BRDA:352,100,1,42
BRDA:356,101,0,42
BRDA:356,101,1,0
BRDA:361,102,0,42
BRDA:361,102,1,42
BRDA:361,102,2,0
BRDA:367,103,0,42
BRDA:367,103,1,0
BRDA:372,104,0,42
BRDA:372,104,1,0
BRDA:373,105,0,42
BRDA:373,105,1,0
BRDA:381,106,0,42
BRDA:381,106,1,0
BRDA:390,107,0,42
BRDA:390,107,1,41
BRDA:399,108,0,41
BRDA:399,108,1,0
BRDA:408,109,0,41
BRDA:408,109,1,0
BRDA:417,110,0,41
BRDA:417,110,1,0
BRDA:437,111,0,13
BRDA:437,111,1,0
BRDA:442,112,0,67
BRDA:442,112,1,64
BRDA:445,113,0,8
BRDA:445,113,1,56
BRDA:446,114,0,8
BRDA:446,114,1,0
BRDA:447,115,0,56
BRDA:447,115,1,0
BRDA:455,116,0,64
BRDA:455,116,1,0
BRDA:456,117,0,64
BRDA:456,117,1,0
BRDA:462,118,0,64
BRDA:462,118,1,0
BRDA:467,119,0,64
BRDA:467,119,1,0
BRDA:472,120,0,64
BRDA:472,120,1,0
BRDA:478,121,0,64
BRDA:478,121,1,0
BRDA:483,122,0,64
BRDA:483,122,1,0
BRDA:491,123,0,64
BRDA:491,123,1,8
BRDA:495,124,0,8
BRDA:495,124,1,0
BRDA:510,125,0,8
BRDA:510,125,1,0
BRDA:524,126,0,67
BRDA:524,126,1,64
BRDA:526,127,0,64
BRDA:526,127,1,0
BRDA:530,128,0,64
BRDA:530,128,1,0
BRDA:531,129,0,64
BRDA:531,129,1,0
BRDA:536,130,0,64
BRDA:536,130,1,0
BRDA:544,131,0,64
BRDA:544,131,1,0
BRDA:547,132,0,64
BRDA:547,132,1,0
BRF:274
BRH:156
end_of_record
TN:
SF:src\config\basic.service.js
[...]
BRDA:152,31,2,7
BRDA:152,31,3,7
BRDA:154,32,0,7
BRDA:154,32,1,7
BRDA:154,32,2,7
BRDA:155,33,0,7
BRDA:155,33,1,7
BRDA:156,34,0,7
BRDA:156,34,1,7
BRDA:157,35,0,7
BRDA:157,35,1,7
BRDA:157,35,2,7
BRDA:162,36,0,0
BRDA:162,36,1,7
BRDA:163,37,0,0
BRDA:163,37,1,0
BRDA:167,38,0,7
BRDA:167,38,1,7
BRDA:170,39,0,3
BRDA:170,39,1,4
BRDA:170,40,0,7
BRDA:170,40,1,1
BRDA:170,40,2,6
BRDA:170,40,3,2
BRDA:196,41,0,4
BRDA:196,41,1,0
BRDA:208,42,0,0
BRDA:208,42,1,4
BRDA:220,43,0,0
BRDA:220,43,1,4
BRDA:229,44,0,4
BRDA:229,44,1,0
BRDA:233,45,0,0
BRDA:233,45,1,0
BRDA:246,46,0,4
BRDA:246,46,1,4
BRDA:247,47,0,4
BRDA:247,47,1,0
BRDA:248,48,0,4
BRDA:248,48,1,0
BRDA:249,49,0,4
BRDA:249,49,1,0
BRDA:249,49,2,0
BRDA:255,50,0,4
BRDA:255,50,1,0
BRF:118
BRH:68
end_of_record
TN:
SF:src\pages\common\Workspace.jsx
FN:22,(anonymous_0)
FN:82,(anonymous_1)
FN:84,(anonymous_2)
FN:85,(anonymous_3)
FN:95,(anonymous_4)
FN:106,(anonymous_5)
FN:119,(anonymous_6)
FN:127,(anonymous_7)
FN:139,(anonymous_8)
FN:149,(anonymous_9)
FN:154,(anonymous_10)
FN:157,(anonymous_11)
FN:158,(anonymous_12)
FN:160,(anonymous_13)
FN:163,(anonymous_14)
FN:165,(anonymous_15)
FN:166,(anonymous_16)
FN:174,(anonymous_17)
FN:175,(anonymous_18)
FN:185,(anonymous_19)
FN:187,(anonymous_20)
FN:196,(anonymous_21)
FN:199,(anonymous_22)
FN:200,(anonymous_23)
FN:204,(anonymous_24)
FN:206,(anonymous_25)
FN:207,(anonymous_26)
FN:214,(anonymous_27)
FN:219,(anonymous_28)
FN:224,(anonymous_29)
FN:260,(anonymous_30)
FN:267,(anonymous_31)
FN:284,(anonymous_32)
FN:287,(anonymous_33)
FN:327,(anonymous_34)
FN:370,(anonymous_35)
FN:448,(anonymous_36)
FN:459,(anonymous_37)
FN:467,(anonymous_38)
FN:490,(anonymous_39)
FN:500,(anonymous_40)
FN:506,(anonymous_41)
FN:514,(anonymous_42)
FN:520,(anonymous_43)
FN:548,(anonymous_44)
FN:564,(anonymous_45)
FN:574,(anonymous_46)
FN:587,(anonymous_47)
FN:596,(anonymous_48)
FN:614,(anonymous_49)
FN:622,(anonymous_50)
FN:664,(anonymous_51)
FN:691,(anonymous_52)
FN:697,(anonymous_53)
FN:708,(anonymous_54)
FNF:55
FNH:27
FNDA:15,(anonymous_0)
FNDA:21,(anonymous_1)
FNDA:0,(anonymous_2)
FNDA:0,(anonymous_3)
FNDA:0,(anonymous_4)
FNDA:0,(anonymous_5)
FNDA:0,(anonymous_6)
FNDA:0,(anonymous_7)
FNDA:0,(anonymous_8)
FNDA:0,(anonymous_9)
FNDA:5,(anonymous_10)
FNDA:6,(anonymous_11)
FNDA:10,(anonymous_12)
FNDA:1,(anonymous_13)
FNDA:10,(anonymous_14)
FNDA:10,(anonymous_15)
FNDA:11,(anonymous_16)
FNDA:10,(anonymous_17)
FNDA:11,(anonymous_18)
FNDA:10,(anonymous_19)
FNDA:20,(anonymous_20)
FNDA:10,(anonymous_21)
FNDA:10,(anonymous_22)
FNDA:10,(anonymous_23)
FNDA:10,(anonymous_24)
FNDA:10,(anonymous_25)
FNDA:10,(anonymous_26)
FNDA:10,(anonymous_27)
FNDA:10,(anonymous_28)
FNDA:0,(anonymous_29)
FNDA:4,(anonymous_30)
FNDA:0,(anonymous_31)
FNDA:36,(anonymous_32)
FNDA:4,(anonymous_33)
FNDA:9,(anonymous_34)
FNDA:0,(anonymous_35)
FNDA:0,(anonymous_36)
FNDA:0,(anonymous_37)
FNDA:0,(anonymous_38)
FNDA:0,(anonymous_39)
FNDA:0,(anonymous_40)
FNDA:5,(anonymous_41)
FNDA:0,(anonymous_42)
FNDA:0,(anonymous_43)
FNDA:3,(anonymous_44)
FNDA:0,(anonymous_45)
FNDA:0,(anonymous_46)
FNDA:0,(anonymous_47)
FNDA:0,(anonymous_48)
FNDA:0,(anonymous_49)
FNDA:0,(anonymous_50)
FNDA:0,(anonymous_51)
FNDA:0,(anonymous_52)
FNDA:0,(anonymous_53)
FNDA:0,(anonymous_54)
DA:22,1
DA:23,15
DA:24,15
DA:25,15
DA:26,15
DA:28,15
DA:31,15
DA:34,14
DA:37,14
DA:44,14
DA:45,14
DA:46,14
DA:76,14
DA:77,14
DA:79,14
DA:80,14
DA:82,14
DA:83,21
DA:84,14
DA:85,0
DA:86,0
DA:90,0
DA:91,0
DA:92,0
DA:95,14
DA:96,0
DA:97,0
DA:106,14
DA:107,0
DA:108,0
DA:120,0
DA:128,0
DA:129,0
DA:132,0
DA:139,14
DA:140,0
DA:141,0
DA:142,0
DA:143,0
DA:144,0
DA:149,14
DA:150,0
DA:151,0
DA:152,0
DA:154,14
DA:155,5
DA:157,6
DA:158,14
DA:159,10
DA:160,1
DA:163,14
DA:164,10
DA:166,11
DA:174,14
DA:175,10
DA:177,11
DA:180,11
DA:182,11
DA:185,14
DA:186,10
DA:187,10
DA:188,20
DA:189,18
DA:190,18
DA:191,18
DA:192,18
DA:193,10
DA:196,10
DA:197,10
DA:199,10
DA:200,10
DA:202,10
DA:204,14
DA:205,10
DA:206,10
DA:207,10
DA:208,10
DA:211,10
DA:213,14
DA:214,10
DA:219,14
DA:220,10
DA:221,10
DA:222,10
DA:224,0
DA:225,0
DA:226,0
DA:227,0
DA:228,0
DA:229,0
DA:230,0
DA:231,0
DA:237,0
DA:240,14
DA:241,1
DA:248,13
DA:249,1
DA:256,12
DA:257,12
DA:258,12
DA:261,4
DA:266,12
DA:268,0
DA:271,12
DA:277,12
DA:285,36
DA:287,4
DA:328,9
DA:371,0
DA:448,0
DA:459,0
DA:467,0
DA:490,0
DA:500,0
DA:507,5
DA:514,0
DA:521,0
DA:549,3
DA:553,3
DA:556,3
DA:565,0
DA:575,0
DA:588,0
DA:598,0
DA:601,0
DA:602,0
DA:607,0
DA:615,0
DA:622,0
DA:665,0
DA:691,0
DA:698,0
DA:699,0
DA:709,0
DA:710,0
LF:135
LH:81
BRDA:28,0,0,15
BRDA:28,0,1,0
BRDA:29,1,0,15
BRDA:29,1,1,14
BRDA:32,2,0,15
BRDA:32,2,1,14
BRDA:32,2,2,1
BRDA:35,3,0,4
BRDA:35,3,1,10
BRDA:82,4,0,0
BRDA:88,5,0,0
BRDA:88,5,1,0
BRDA:96,6,0,0
BRDA:96,6,1,0
BRDA:102,7,0,0
BRDA:102,7,1,0
BRDA:106,8,0,0
BRDA:107,9,0,0
BRDA:107,9,1,0
BRDA:109,10,0,0
BRDA:109,10,1,0
BRDA:113,11,0,0
BRDA:113,11,1,0
BRDA:120,12,0,0
BRDA:120,12,1,0
BRDA:125,13,0,0
BRDA:125,13,1,0
BRDA:126,14,0,0
BRDA:126,14,1,0
BRDA:154,15,0,0
BRDA:159,16,0,10
BRDA:159,16,1,0
BRDA:160,17,0,1
BRDA:160,17,1,0
BRDA:160,18,0,1
BRDA:160,18,1,0
BRDA:164,19,0,10
BRDA:164,19,1,0
BRDA:166,20,0,10
BRDA:166,20,1,0
BRDA:169,21,0,11
BRDA:169,21,1,0
BRDA:177,22,0,11
BRDA:177,22,1,0
BRDA:178,23,0,0
BRDA:178,23,1,0
BRDA:180,24,0,11
BRDA:180,24,1,0
BRDA:181,25,0,0
BRDA:181,25,1,0
BRDA:182,26,0,11
BRDA:182,26,1,11
BRDA:188,27,0,2
BRDA:188,27,1,18
BRDA:190,28,0,9
BRDA:190,28,1,9
BRDA:191,29,0,0
BRDA:191,29,1,18
BRDA:192,30,0,10
BRDA:192,30,1,8
BRDA:196,31,0,10
BRDA:196,31,1,0
BRDA:197,32,0,10
BRDA:197,32,1,0
BRDA:199,33,0,10
BRDA:199,33,1,0
BRDA:200,34,0,10
BRDA:200,34,1,0
BRDA:206,35,0,10
BRDA:206,35,1,0
BRDA:207,36,0,10
BRDA:207,36,1,0
BRDA:208,37,0,0
BRDA:208,37,1,10
BRDA:214,38,0,10
BRDA:214,38,1,1
BRDA:214,38,2,1
BRDA:214,39,0,1
BRDA:214,39,1,0
BRDA:220,40,0,10
BRDA:220,40,1,0
BRDA:227,41,0,0
BRDA:227,41,1,0
BRDA:228,42,0,0
BRDA:228,42,1,0
BRDA:229,43,0,0
BRDA:229,43,1,0
BRDA:229,43,2,0
BRDA:240,44,0,1
BRDA:240,44,1,13
BRDA:248,45,0,1
BRDA:248,45,1,12
BRDA:248,46,0,13
BRDA:248,46,1,12
BRDA:251,47,0,1
BRDA:251,47,1,0
BRDA:256,48,0,12
BRDA:256,48,1,12
BRDA:257,49,0,12
BRDA:257,49,1,0
BRDA:261,50,0,4
BRDA:261,50,1,4
BRDA:261,50,2,4
BRDA:262,51,0,4
BRDA:262,51,1,4
BRDA:262,51,2,4
BRDA:266,52,0,12
BRDA:266,52,1,12
BRDA:268,53,0,0
BRDA:268,53,1,0
BRDA:268,54,0,0
BRDA:268,54,1,0
BRDA:269,55,0,0
BRDA:269,55,1,0
BRDA:289,56,0,12
BRDA:289,56,1,24
BRDA:300,57,0,12
BRDA:300,57,1,8
BRDA:322,58,0,5
BRDA:322,58,1,3
BRDA:325,59,0,7
BRDA:325,59,1,1
BRDA:334,60,0,9
BRDA:334,60,1,0
BRDA:337,61,0,9
BRDA:337,61,1,2
BRDA:339,62,0,9
BRDA:339,62,1,9
BRDA:339,62,2,9
BRDA:344,63,0,9
BRDA:344,63,1,7
BRDA:364,64,0,8
BRDA:364,64,1,8
BRDA:365,65,0,0
BRDA:365,65,1,8
BRDA:368,66,0,0
BRDA:368,66,1,8
BRDA:372,67,0,0
BRDA:372,67,1,0
BRDA:372,67,2,0
BRDA:376,68,0,0
BRDA:376,68,1,0
BRDA:376,68,2,0
BRDA:382,69,0,0
BRDA:382,69,1,0
BRDA:382,69,2,0
BRDA:385,70,0,0
BRDA:385,70,1,0
BRDA:402,71,0,0
BRDA:402,71,1,8
BRDA:405,72,0,0
BRDA:405,72,1,0
BRDA:405,72,2,0
BRDA:411,73,0,0
BRDA:411,73,1,0
BRDA:427,74,0,12
BRDA:427,74,1,4
BRDA:444,75,0,2
BRDA:444,75,1,2
BRDA:455,76,0,2
BRDA:455,76,1,2
BRDA:464,77,0,2
BRDA:464,77,1,2
BRDA:492,78,0,4
BRDA:492,78,1,0
BRDA:504,79,0,4
BRDA:504,79,1,0
BRDA:518,80,0,4
BRDA:518,80,1,0
BRDA:531,81,0,4
BRDA:531,81,1,0
BRDA:539,82,0,2
BRDA:539,82,1,2
BRDA:546,83,0,2
BRDA:546,83,1,0
BRDA:550,84,0,3
BRDA:550,84,1,0
BRDA:553,85,0,2
BRDA:553,85,1,1
BRDA:561,86,0,3
BRDA:561,86,1,0
BRDA:567,87,0,0
BRDA:567,87,1,0
BRDA:576,88,0,0
BRDA:576,88,1,0
BRDA:580,89,0,0
BRDA:580,89,1,0
BRDA:585,90,0,0
BRDA:585,90,1,0
BRDA:589,91,0,0
BRDA:589,91,1,0
BRDA:594,92,0,0
BRDA:594,92,1,0
BRDA:595,93,0,0
BRDA:595,93,1,0
BRDA:598,94,0,0
BRDA:598,94,1,0
BRDA:598,94,2,0
BRDA:618,95,0,0
BRDA:618,95,1,0
BRDA:648,96,0,12
BRDA:648,96,1,0
BRDA:705,97,0,12
BRDA:705,97,1,0
BRDA:712,98,0,12
BRDA:712,98,1,0
BRDA:713,99,0,12
BRDA:713,99,1,0
BRDA:719,100,0,12
BRDA:719,100,1,0
BRDA:724,101,0,12
BRDA:724,101,1,0
BRDA:728,102,0,12
BRDA:728,102,1,0
BRDA:732,103,0,12
BRDA:732,103,1,0
BRF:216
BRH:103
end_of_record
TN:
SF:src\services\ai.service.js
FN:6,(anonymous_0)
FN:15,(anonymous_1)
FN:24,(anonymous_2)
FN:33,(anonymous_3)
FN:42,(anonymous_4)
FN:51,(anonymous_5)
FN:60,(anonymous_6)
FN:69,(anonymous_7)
FNF:8
FNH:0
FNDA:0,(anonymous_0)
FNDA:0,(anonymous_1)
FNDA:0,(anonymous_2)
FNDA:0,(anonymous_3)
FNDA:0,(anonymous_4)
FNDA:0,(anonymous_5)
FNDA:0,(anonymous_6)
FNDA:0,(anonymous_7)
DA:4,1
DA:7,0
DA:16,0
DA:25,0
DA:34,0
DA:43,0
DA:52,0
DA:61,0
DA:70,0
LF:9
LH:1
BRF:0
BRH:0
end_of_record
TN:
SF:src\services\auth.service.js
FN:6,(anonymous_0)
FN:13,(anonymous_1)
FN:19,(anonymous_2)
FNF:3
FNH:0
FNDA:0,(anonymous_0)
FNDA:0,(anonymous_1)
FNDA:0,(anonymous_2)
DA:5,4
DA:7,0
DA:14,0
DA:20,0
LF:4
LH:1
BRDA:6,0,0,0
BRF:1
BRH:0
end_of_record
TN:
SF:src\services\board.service.js
FN:5,(anonymous_0)
FN:12,(anonymous_1)
FN:20,(anonymous_2)
FN:28,(anonymous_3)
FN:35,(anonymous_4)
FN:43,(anonymous_5)
FN:51,(anonymous_6)
FN:58,(anonymous_7)
FN:66,(anonymous_8)
FN:74,(anonymous_9)
FN:81,(anonymous_10)
FN:89,(anonymous_11)
FN:97,(anonymous_12)
FN:104,(anonymous_13)
FN:111,(anonymous_14)
FN:118,(anonymous_15)
FN:126,(anonymous_16)
FN:133,(anonymous_17)
FN:141,(anonymous_18)
FNF:19
FNH:0
FNDA:0,(anonymous_0)
FNDA:0,(anonymous_1)
FNDA:0,(anonymous_2)
FNDA:0,(anonymous_3)
FNDA:0,(anonymous_4)
FNDA:0,(anonymous_5)
FNDA:0,(anonymous_6)
FNDA:0,(anonymous_7)
FNDA:0,(anonymous_8)
FNDA:0,(anonymous_9)
FNDA:0,(anonymous_10)
FNDA:0,(anonymous_11)
FNDA:0,(anonymous_12)
FNDA:0,(anonymous_13)
FNDA:0,(anonymous_14)
FNDA:0,(anonymous_15)
FNDA:0,(anonymous_16)
FNDA:0,(anonymous_17)
FNDA:0,(anonymous_18)
DA:4,2
DA:6,0
DA:13,0
DA:21,0
DA:29,0
DA:36,0
DA:44,0
DA:52,0
DA:59,0
DA:67,0
DA:75,0
DA:82,0
DA:90,0
DA:98,0
DA:105,0
DA:112,0
DA:119,0
DA:127,0
DA:134,0
DA:142,0
LF:20
LH:1
BRDA:74,0,0,0
BRF:1
BRH:0
end_of_record
TN:
SF:src\services\group.service.js
FN:5,(anonymous_0)
FN:12,(anonymous_1)
FN:20,(anonymous_2)
FN:27,(anonymous_3)
FN:33,(anonymous_4)
FN:40,(anonymous_5)
FN:49,(anonymous_6)
FN:56,(anonymous_7)
FN:63,(anonymous_8)
FN:70,(anonymous_9)
FN:78,(anonymous_10)
FN:87,(anonymous_11)
FN:94,(anonymous_12)
FN:103,(anonymous_13)
FN:110,(anonymous_14)
FN:117,(anonymous_15)
FN:124,(anonymous_16)
FN:132,(anonymous_17)
FN:140,(anonymous_18)
FNF:19
FNH:0
FNDA:0,(anonymous_0)
FNDA:0,(anonymous_1)
FNDA:0,(anonymous_2)
FNDA:0,(anonymous_3)
FNDA:0,(anonymous_4)
FNDA:0,(anonymous_5)
FNDA:0,(anonymous_6)
FNDA:0,(anonymous_7)
FNDA:0,(anonymous_8)
FNDA:0,(anonymous_9)
FNDA:0,(anonymous_10)
FNDA:0,(anonymous_11)
FNDA:0,(anonymous_12)
FNDA:0,(anonymous_13)
FNDA:0,(anonymous_14)
FNDA:0,(anonymous_15)
FNDA:0,(anonymous_16)
FNDA:0,(anonymous_17)
FNDA:0,(anonymous_18)
DA:4,3
DA:6,0
DA:13,0
DA:21,0
DA:28,0
DA:34,0
DA:41,0
DA:50,0
DA:57,0
DA:64,0
DA:71,0
DA:79,0
DA:88,0
DA:95,0
DA:104,0
DA:111,0
DA:118,0
DA:125,0
DA:133,0
DA:141,0
LF:20
LH:1
BRDA:87,0,0,0
BRDA:94,1,0,0
BRDA:103,2,0,0
BRDA:110,3,0,0
BRF:4
BRH:0
end_of_record
TN:
SF:src\services\major.service.js
FN:5,(anonymous_0)
FNF:1
FNH:0
FNDA:0,(anonymous_0)
DA:4,1
DA:6,0
LF:2
LH:1
BRDA:5,0,0,0
BRF:1
BRH:0
end_of_record
TN:
SF:src\services\report.service.js
FN:5,(anonymous_0)
FNF:1
FNH:0
FNDA:0,(anonymous_0)
DA:4,1
DA:6,0
LF:2
LH:1
BRDA:5,0,0,0
BRF:1
BRH:0
end_of_record
TN:
SF:src\services\skill.service.js
FN:6,(anonymous_0)
FN:14,(anonymous_1)
FN:22,(anonymous_2)
FN:29,(anonymous_3)
FN:37,(anonymous_4)
FNF:5
FNH:0
FNDA:0,(anonymous_0)
FNDA:0,(anonymous_1)
FNDA:0,(anonymous_2)
FNDA:0,(anonymous_3)
FNDA:0,(anonymous_4)
DA:5,1
DA:7,0
DA:15,0
DA:23,0
DA:30,0
DA:38,0
LF:6
LH:1
BRDA:6,0,0,0
BRDA:6,1,0,0
BRDA:14,2,0,0
BRDA:22,3,0,0
BRDA:29,4,0,0
BRDA:37,5,0,0
BRF:6
BRH:0
end_of_record
TN:
SF:src\services\topic.service.js
FN:5,(anonymous_0)
FN:13,(anonymous_1)
FN:21,(anonymous_2)
FN:28,(anonymous_3)
FN:36,(anonymous_4)
FN:43,(anonymous_5)
FN:53,(anonymous_6)
FN:64,(anonymous_7)
FNF:8
FNH:0
FNDA:0,(anonymous_0)
FNDA:0,(anonymous_1)
FNDA:0,(anonymous_2)
FNDA:0,(anonymous_3)
FNDA:0,(anonymous_4)
FNDA:0,(anonymous_5)
FNDA:0,(anonymous_6)
FNDA:0,(anonymous_7)
DA:4,2
DA:6,0
DA:14,0
DA:22,0
DA:29,0
DA:37,0
DA:44,0
DA:54,0
DA:65,0
DA:66,0
DA:67,0
LF:11
LH:1
BRDA:5,0,0,0
BRDA:13,1,0,0
BRDA:28,2,0,0
BRDA:36,3,0,0
BRDA:43,4,0,0
BRDA:53,5,0,0
BRDA:64,6,0,0
BRF:7
BRH:0
end_of_record
TN:
SF:src\translations\index.js
FN:2124,(anonymous_0)
FNF:1
FNH:0
FNDA:0,(anonymous_0)
DA:1,2
DA:2124,2
DA:2125,0
LF:3
LH:2
BRDA:2124,0,0,0
BRDA:2125,1,0,0
BRDA:2125,1,1,0
BRF:3
BRH:0
end_of_record
TN:
SF:src\utils\download.js
FN:2,downloadBlob
FNF:1
FNH:1
FNDA:7,downloadBlob
DA:3,7
DA:4,7
DA:9,3
DA:10,3
DA:11,1
DA:12,1
DA:18,2
DA:19,2
DA:20,1
DA:22,1
DA:23,1
DA:24,1
DA:31,7
DA:32,7
DA:33,7
DA:34,7
DA:35,7
DA:36,7
DA:37,7
DA:38,7
DA:39,7
LF:21
LH:21
BRDA:2,0,0,1
BRDA:4,1,0,3
BRDA:4,1,1,4
BRDA:10,2,0,1
BRDA:10,2,1,2
BRDA:10,3,0,3
BRDA:10,3,1,1
BRDA:19,4,0,1
BRDA:19,4,1,1
BRDA:19,5,0,2
BRDA:19,5,1,1
BRDA:24,6,0,0
BRDA:24,6,1,1
BRDA:31,7,0,6
BRDA:31,7,1,1
BRF:15
BRH:14
end_of_record
TN:
SF:src\utils\group.utils.js
FN:2,(anonymous_0)
FN:14,(anonymous_1)
FN:25,(anonymous_2)
FN:56,(anonymous_3)
FN:114,(anonymous_4)
FN:120,(anonymous_5)
FN:140,(anonymous_6)
FN:153,(anonymous_7)
FNF:8
FNH:8
FNDA:51,(anonymous_0)
FNDA:49,(anonymous_1)
FNDA:1,(anonymous_2)
FNDA:49,(anonymous_3)
FNDA:3,(anonymous_4)
FNDA:2,(anonymous_5)
FNDA:2,(anonymous_6)
FNDA:2,(anonymous_7)
DA:2,2
DA:3,51
DA:8,51
DA:11,51
DA:14,2
DA:15,49
DA:16,49
DA:19,49
DA:25,49
DA:27,1
DA:33,1
DA:56,49
DA:57,49
DA:66,49
DA:67,290
DA:68,1
DA:69,1
DA:71,48
DA:72,47
DA:75,49
DA:77,49
DA:114,3
DA:120,2
DA:121,2
DA:122,2
DA:140,2
DA:141,2
DA:142,1
DA:145,1
DA:146,1
DA:149,1
DA:153,1
DA:155,2
DA:156,2
DA:157,2
DA:158,0
DA:159,0
DA:160,0
DA:161,0
DA:164,2
DA:165,2
DA:167,2
DA:168,1
DA:172,1
DA:173,0
DA:176,1
DA:177,1
LF:47
LH:42
BRDA:2,0,0,0
BRDA:3,1,0,2
BRDA:3,1,1,49
BRDA:5,2,0,1
BRDA:5,2,1,48
BRDA:8,3,0,3
BRDA:8,3,1,48
BRDA:14,4,0,0
BRDA:15,5,0,49
BRDA:15,5,1,1
BRDA:16,6,0,49
BRDA:16,6,1,47
BRDA:19,7,0,49
BRDA:19,7,1,1
BRDA:19,7,2,48
BRDA:19,7,3,1
BRDA:19,7,4,47
BRDA:19,7,5,0
BRDA:19,7,6,47
BRDA:19,7,7,0
BRDA:19,7,8,47
BRDA:27,8,0,1
BRDA:27,8,1,1
BRDA:27,8,2,0
BRDA:27,8,3,0
BRDA:27,8,4,0
BRDA:27,8,5,0
BRDA:35,9,0,1
BRDA:35,9,1,0
BRDA:35,9,2,0
BRDA:35,9,3,0
BRDA:35,9,4,0
BRDA:35,9,5,0
BRDA:43,10,0,1
BRDA:43,10,1,1
BRDA:43,10,2,1
BRDA:43,10,3,1
BRDA:43,10,4,1
BRDA:43,10,5,1
BRDA:43,10,6,1
BRDA:43,10,7,1
BRDA:43,10,8,1
BRDA:43,10,9,1
BRDA:59,11,0,48
BRDA:59,11,1,1
BRDA:67,12,0,289
BRDA:67,12,1,1
BRDA:67,13,0,290
BRDA:67,13,1,289
BRDA:69,14,0,1
BRDA:69,14,1,0
BRDA:69,15,0,1
BRDA:69,15,1,1
BRDA:71,16,0,1
BRDA:71,16,1,47
BRDA:78,17,0,49
BRDA:78,17,1,1
BRDA:78,17,2,0
BRDA:79,18,0,49
BRDA:79,18,1,1
BRDA:79,18,2,1
BRDA:80,19,0,49
BRDA:80,19,1,2
BRDA:81,20,0,49
BRDA:81,20,1,2
BRDA:83,21,0,49
BRDA:83,21,1,49
BRDA:83,21,2,48
BRDA:83,21,3,48
BRDA:83,21,4,48
BRDA:86,22,0,0
BRDA:86,22,1,48
BRDA:89,23,0,49
BRDA:89,23,1,49
BRDA:89,23,2,48
BRDA:89,23,3,48
BRDA:89,23,4,48
BRDA:95,24,0,49
BRDA:95,24,1,1
BRDA:98,25,0,49
BRDA:98,25,1,48
BRDA:99,26,0,49
BRDA:99,26,1,49
BRDA:100,27,0,49
BRDA:100,27,1,49
BRDA:101,28,0,49
BRDA:101,28,1,49
BRDA:102,29,0,49
BRDA:102,29,1,49
BRDA:102,29,2,49
BRDA:103,30,0,49
BRDA:103,30,1,49
BRDA:103,30,2,49
BRDA:104,31,0,49
BRDA:104,31,1,48
BRDA:105,32,0,0
BRDA:105,32,1,49
BRDA:109,33,0,49
BRDA:109,33,1,49
BRDA:109,33,2,49
BRDA:110,34,0,1
BRDA:110,34,1,48
BRDA:111,35,0,0
BRDA:111,35,1,1
BRDA:113,36,0,1
BRDA:113,36,1,0
BRDA:120,37,0,0
BRDA:121,38,0,2
BRDA:121,38,1,2
BRDA:121,38,2,1
BRDA:123,39,0,2
BRDA:123,39,1,1
BRDA:124,40,0,2
BRDA:124,40,1,2
BRDA:124,40,2,2
BRDA:124,40,3,1
BRDA:126,41,0,2
BRDA:126,41,1,2
BRDA:126,41,2,2
BRDA:128,42,0,2
BRDA:128,42,1,2
BRDA:128,42,2,2
BRDA:128,42,3,2
BRDA:128,42,4,2
BRDA:133,43,0,2
BRDA:133,43,1,1
BRDA:134,44,0,2
BRDA:134,44,1,2
BRDA:134,44,2,2
BRDA:135,45,0,2
BRDA:135,45,1,2
BRDA:141,46,0,1
BRDA:141,46,1,1
BRDA:141,47,0,2
BRDA:141,47,1,1
BRDA:149,48,0,1
BRDA:149,48,1,0
BRDA:156,49,0,2
BRDA:156,49,1,0
BRDA:158,50,0,0
BRDA:158,50,1,0
BRDA:158,51,0,0
BRDA:158,51,1,0
BRDA:160,52,0,0
BRDA:160,52,1,0
BRDA:167,53,0,1
BRDA:167,53,1,1
BRDA:172,54,0,0
BRDA:172,54,1,1
BRF:149
BRH:120
end_of_record
TN:
SF:src\utils\helpers.js
FN:4,toArraySafe
FN:14,timeAgoFrom
FN:37,toArrayPositions
FN:41,(anonymous_3)
FN:44,toArraySkills
FN:68,(anonymous_5)
FN:73,initials
FN:77,(anonymous_7)
FN:83,avatarFromEmail
FN:89,(anonymous_9)
FN:97,getErrorMessage
FNF:11
FNH:9
FNDA:75,toArraySafe
FNDA:3,timeAgoFrom
FNDA:2,toArrayPositions
FNDA:3,(anonymous_3)
FNDA:4,toArraySkills
FNDA:2,(anonymous_5)
FNDA:0,initials
FNDA:0,(anonymous_7)
FNDA:1,avatarFromEmail
FNDA:17,(anonymous_9)
FNDA:2,getErrorMessage
DA:5,75
DA:6,2
DA:7,1
DA:8,1
DA:9,1
DA:10,1
DA:15,3
DA:16,3
DA:17,2
DA:20,2
DA:22,1
DA:23,1
DA:24,1
DA:25,1
DA:26,1
DA:28,1
DA:29,1
DA:30,1
DA:31,1
DA:32,1
DA:33,0
DA:38,2
DA:39,2
DA:41,3
DA:46,4
DA:49,4
DA:52,3
DA:53,3
DA:56,2
DA:57,1
DA:58,1
DA:59,1
DA:66,1
DA:68,2
DA:74,0
DA:77,0
DA:84,1
DA:85,1
DA:86,1
DA:88,1
DA:89,17
DA:90,1
DA:92,1
DA:93,1
DA:98,2
LF:45
LH:42
BRDA:5,0,0,73
BRDA:5,0,1,2
BRDA:6,1,0,1
BRDA:6,1,1,1
BRDA:7,2,0,0
BRDA:7,2,1,1
BRDA:8,3,0,0
BRDA:8,3,1,1
BRDA:9,4,0,0
BRDA:9,4,1,1
BRDA:16,5,0,1
BRDA:16,5,1,2
BRDA:20,6,0,1
BRDA:20,6,1,1
BRDA:28,7,0,0
BRDA:28,7,1,1
BRDA:28,8,0,0
BRDA:28,8,1,0
BRDA:29,9,0,0
BRDA:29,9,1,1
BRDA:29,10,0,0
BRDA:29,10,1,0
BRDA:30,11,0,0
BRDA:30,11,1,1
BRDA:30,12,0,0
BRDA:30,12,1,0
BRDA:31,13,0,0
BRDA:31,13,1,1
BRDA:31,14,0,0
BRDA:31,14,1,0
BRDA:32,15,0,1
BRDA:32,15,1,0
BRDA:32,16,0,1
BRDA:32,16,1,0
BRDA:33,17,0,0
BRDA:33,17,1,0
BRDA:38,18,0,2
BRDA:38,18,1,1
BRDA:38,18,2,0
BRDA:46,19,0,4
BRDA:46,19,1,1
BRDA:46,19,2,1
BRDA:46,19,3,1
BRDA:49,20,0,1
BRDA:49,20,1,3
BRDA:53,21,0,1
BRDA:53,21,1,2
BRDA:56,22,0,1
BRDA:56,22,1,1
BRDA:56,23,0,2
BRDA:56,23,1,1
BRDA:59,24,0,1
BRDA:59,24,1,0
BRDA:74,25,0,0
BRDA:74,25,1,0
BRDA:77,26,0,0
BRDA:77,26,1,0
BRDA:83,27,0,0
BRDA:83,28,0,0
BRDA:84,29,0,1
BRDA:84,29,1,0
BRDA:85,30,0,1
BRDA:85,30,1,0
BRDA:85,31,0,1
BRDA:85,31,1,0
BRDA:86,32,0,1
BRDA:86,32,1,0
BRDA:92,33,0,1
BRDA:92,33,1,0
BRDA:97,34,0,0
BRDA:99,35,0,2
BRDA:99,35,1,1
BRDA:99,35,2,1
BRDA:99,35,3,1
BRDA:99,35,4,1
BRDA:101,36,0,0
BRDA:101,36,1,1
BRF:77
BRH:43
end_of_record
TN:
SF:src\utils\kanbanHelpers.js
FN:27,initials
FN:41,(anonymous_1)
FNF:2
FNH:2
FNDA:124,initials
FNDA:124,(anonymous_1)
DA:3,3
DA:10,3
DA:19,3
DA:29,124
DA:37,124
DA:41,124
LF:6
LH:6
BRDA:27,0,0,1
BRDA:29,1,0,122
BRDA:29,1,1,2
BRDA:31,2,0,2
BRDA:31,2,1,2
BRDA:31,2,2,1
BRDA:31,2,3,1
BRDA:31,2,4,0
BRDA:31,2,5,0
BRF:9
BRH:7
end_of_record
TN:
SF:src\utils\kanbanUtils.js
FN:8,findColumnOfTask
FN:9,(anonymous_1)
FN:9,(anonymous_2)
FN:15,insertAt
FN:24,filterColumns
FN:31,(anonymous_5)
FN:36,(anonymous_6)
FN:63,moveTaskAcrossColumns
FN:79,(anonymous_8)
FN:89,(anonymous_9)
FNF:10
FNH:10
FNDA:50,findColumnOfTask
FNDA:85,(anonymous_1)
FNDA:18,(anonymous_2)
FNDA:1,insertAt
FNDA:145,filterColumns
FNDA:8,(anonymous_5)
FNDA:13,(anonymous_6)
FNDA:6,moveTaskAcrossColumns
FNDA:1,(anonymous_8)
FNDA:1,(anonymous_9)
DA:3,3
DA:9,85
DA:16,1
DA:17,1
DA:18,1
DA:31,145
DA:33,145
DA:36,145
DA:38,13
DA:42,13
DA:46,13
DA:49,13
DA:52,145
DA:53,145
DA:54,126
DA:55,126
DA:57,145
DA:69,6
DA:71,6
DA:74,6
DA:76,1
DA:77,1
DA:79,1
DA:80,1
DA:81,1
DA:84,1
DA:87,1
DA:88,1
DA:89,1
DA:92,1
DA:94,1
LF:31
LH:31
BRDA:8,0,0,0
BRDA:31,1,0,0
BRDA:33,2,0,63
BRDA:33,2,1,82
BRDA:33,3,0,145
BRDA:33,3,1,144
BRDA:35,4,0,82
BRDA:35,4,1,1
BRDA:38,5,0,13
BRDA:38,5,1,4
BRDA:38,5,2,4
BRDA:42,6,0,13
BRDA:42,6,1,13
BRDA:42,6,2,4
BRDA:46,7,0,13
BRDA:46,7,1,13
BRDA:46,7,2,4
BRDA:49,8,0,13
BRDA:49,8,1,10
BRDA:49,8,2,10
BRDA:54,9,0,126
BRDA:54,9,1,0
BRDA:67,10,0,0
BRDA:71,11,0,6
BRDA:71,11,1,4
BRDA:72,12,0,1
BRDA:72,12,1,3
BRDA:74,13,0,5
BRDA:74,13,1,1
BRDA:74,14,0,6
BRDA:74,14,1,3
BRDA:74,14,2,2
BRDA:81,15,0,0
BRDA:81,15,1,1
BRDA:88,16,0,1
BRDA:88,16,1,0
BRF:36
BRH:30
end_of_record
TN:
SF:src\utils\localStorage.js
FN:1,(anonymous_0)
FN:5,(anonymous_1)
FN:9,(anonymous_2)
FNF:3
FNH:3
FNDA:2,(anonymous_0)
FNDA:1,(anonymous_1)
FNDA:1,(anonymous_2)
DA:1,1
DA:2,2
DA:5,1
DA:6,1
DA:9,1
DA:10,1
LF:6
LH:6
BRDA:2,0,0,2
BRDA:2,0,1,1
BRF:2
BRH:2
end_of_record
